[2025-06-09 12:05:14] [marian] Marian v1.12.31 a6ab8af8 2024-06-27 15:21:08 +0000
[2025-06-09 12:05:14] [marian] Running on r01g05.bullx as process 23 with command line:
[2025-06-09 12:05:14] [marian] /scratch/project_2011987/OpusDistillery/3rd_party/marian-dev/build//marian --model /scratch/project_2011987/OpusDistillery/rules/../data/models/MA-test/baseline_2021/baseline3_2021_tiny_student/model.npz -c configs/model/student.yml configs/training/student.train.yml --train-sets /scratch/project_2011987/OpusDistillery/rules/../data/data/MA-test/baseline_2021/filtered/corpus.source.gz /scratch/project_2011987/OpusDistillery/rules/../data/data/MA-test/baseline_2021/filtered/corpus.target.gz -T /scratch/project_2011987/OpusDistillery/rules/../data/models/MA-test/baseline_2021/baseline3_2021_tiny_student/tmp --shuffle-in-ram --vocabs /scratch/project_2011987/OpusDistillery/rules/../data/models/MA-test/baseline_2021/vocab/vocab.spm /scratch/project_2011987/OpusDistillery/rules/../data/models/MA-test/baseline_2021/vocab/vocab.spm -w 25000 --devices 0 1 --sharding local --sync-sgd --valid-metrics perplexity chrf ce-mean-words --valid-sets /scratch/project_2011987/OpusDistillery/rules/../data/data/MA-test/baseline_2021/original/devset.student.source.gz /scratch/project_2011987/OpusDistillery/rules/../data/data/MA-test/baseline_2021/original/devset.student.target.gz --valid-translation-output '/scratch/project_2011987/OpusDistillery/rules/../data/models/MA-test/baseline_2021/baseline3_2021_tiny_student/valid_outputs/validation-output-after-{U}-updates-{E}-epochs.txt' --quiet-translation --overwrite --keep-best --log /scratch/project_2011987/OpusDistillery/rules/../data/models/MA-test/baseline_2021/baseline3_2021_tiny_student/train.log --valid-log /scratch/project_2011987/OpusDistillery/rules/../data/models/MA-test/baseline_2021/baseline3_2021_tiny_student/valid.log
[2025-06-09 12:05:14] [config] after: 0e
[2025-06-09 12:05:14] [config] after-batches: 0
[2025-06-09 12:05:14] [config] after-epochs: 0
[2025-06-09 12:05:14] [config] all-caps-every: 0
[2025-06-09 12:05:14] [config] allow-unk: false
[2025-06-09 12:05:14] [config] authors: false
[2025-06-09 12:05:14] [config] beam-size: 1
[2025-06-09 12:05:14] [config] bert-class-symbol: "[CLS]"
[2025-06-09 12:05:14] [config] bert-mask-symbol: "[MASK]"
[2025-06-09 12:05:14] [config] bert-masking-fraction: 0.15
[2025-06-09 12:05:14] [config] bert-sep-symbol: "[SEP]"
[2025-06-09 12:05:14] [config] bert-train-type-embeddings: true
[2025-06-09 12:05:14] [config] bert-type-vocab-size: 2
[2025-06-09 12:05:14] [config] build-info: ""
[2025-06-09 12:05:14] [config] check-gradient-nan: false
[2025-06-09 12:05:14] [config] check-nan: false
[2025-06-09 12:05:14] [config] cite: false
[2025-06-09 12:05:14] [config] clip-norm: 0
[2025-06-09 12:05:14] [config] comet-augment-bad: 0
[2025-06-09 12:05:14] [config] comet-dropout: 0.1
[2025-06-09 12:05:14] [config] comet-final-sigmoid: false
[2025-06-09 12:05:14] [config] comet-mix: false
[2025-06-09 12:05:14] [config] comet-mix-norm: false
[2025-06-09 12:05:14] [config] comet-mix-transformation: softmax
[2025-06-09 12:05:14] [config] comet-mixup: 0
[2025-06-09 12:05:14] [config] comet-mixup-reg: false
[2025-06-09 12:05:14] [config] comet-pool: avg
[2025-06-09 12:05:14] [config] comet-pooler-ffn:
[2025-06-09 12:05:14] [config]   - 2048
[2025-06-09 12:05:14] [config]   - 1024
[2025-06-09 12:05:14] [config] comet-prepend-zero: false
[2025-06-09 12:05:14] [config] comet-stop-grad: false
[2025-06-09 12:05:14] [config] comet-use-separator: false
[2025-06-09 12:05:14] [config] cost-scaling:
[2025-06-09 12:05:14] [config]   []
[2025-06-09 12:05:14] [config] cost-type: ce-mean-words
[2025-06-09 12:05:14] [config] cpu-threads: 0
[2025-06-09 12:05:14] [config] custom-fallbacks:
[2025-06-09 12:05:14] [config]   []
[2025-06-09 12:05:14] [config] data-threads: 8
[2025-06-09 12:05:14] [config] data-weighting: ""
[2025-06-09 12:05:14] [config] data-weighting-type: sentence
[2025-06-09 12:05:14] [config] dec-cell: ssru
[2025-06-09 12:05:14] [config] dec-cell-base-depth: 2
[2025-06-09 12:05:14] [config] dec-cell-high-depth: 1
[2025-06-09 12:05:14] [config] dec-depth: 2
[2025-06-09 12:05:14] [config] devices:
[2025-06-09 12:05:14] [config]   - 0
[2025-06-09 12:05:14] [config]   - 1
[2025-06-09 12:05:14] [config] dim-emb: 256
[2025-06-09 12:05:14] [config] dim-rnn: 1024
[2025-06-09 12:05:14] [config] dim-vocabs:
[2025-06-09 12:05:14] [config]   - 0
[2025-06-09 12:05:14] [config]   - 0
[2025-06-09 12:05:14] [config] disp-first: 10
[2025-06-09 12:05:14] [config] disp-freq: 1000
[2025-06-09 12:05:14] [config] disp-label-counts: true
[2025-06-09 12:05:14] [config] dropout-rnn: 0.1
[2025-06-09 12:05:14] [config] dropout-src: 0
[2025-06-09 12:05:14] [config] dropout-trg: 0
[2025-06-09 12:05:14] [config] dump-config: ""
[2025-06-09 12:05:14] [config] dynamic-gradient-scaling:
[2025-06-09 12:05:14] [config]   []
[2025-06-09 12:05:14] [config] early-stopping: 5
[2025-06-09 12:05:14] [config] early-stopping-epsilon:
[2025-06-09 12:05:14] [config]   - 0
[2025-06-09 12:05:14] [config] early-stopping-on: first
[2025-06-09 12:05:14] [config] embedding-fix-src: false
[2025-06-09 12:05:14] [config] embedding-fix-trg: false
[2025-06-09 12:05:14] [config] embedding-normalization: false
[2025-06-09 12:05:14] [config] embedding-vectors:
[2025-06-09 12:05:14] [config]   []
[2025-06-09 12:05:14] [config] enc-cell: gru
[2025-06-09 12:05:14] [config] enc-cell-depth: 1
[2025-06-09 12:05:14] [config] enc-depth: 6
[2025-06-09 12:05:14] [config] enc-type: bidirectional
[2025-06-09 12:05:14] [config] english-title-case-every: 0
[2025-06-09 12:05:14] [config] exponential-smoothing: True
[2025-06-09 12:05:14] [config] exponential-smoothing-replace-freq: 0
[2025-06-09 12:05:14] [config] factor-weight: 1
[2025-06-09 12:05:14] [config] factors-combine: sum
[2025-06-09 12:05:14] [config] factors-dim-emb: 0
[2025-06-09 12:05:14] [config] gradient-checkpointing: false
[2025-06-09 12:05:14] [config] gradient-norm-average-window: 100
[2025-06-09 12:05:14] [config] guided-alignment: none
[2025-06-09 12:05:14] [config] guided-alignment-cost: ce
[2025-06-09 12:05:14] [config] guided-alignment-weight: 0.1
[2025-06-09 12:05:14] [config] ignore-model-config: false
[2025-06-09 12:05:14] [config] input-join-fields: false
[2025-06-09 12:05:14] [config] input-reorder:
[2025-06-09 12:05:14] [config]   []
[2025-06-09 12:05:14] [config] input-types:
[2025-06-09 12:05:14] [config]   []
[2025-06-09 12:05:14] [config] interpolate-env-vars: false
[2025-06-09 12:05:14] [config] keep-best: true
[2025-06-09 12:05:14] [config] label-smoothing: 0
[2025-06-09 12:05:14] [config] layer-normalization: false
[2025-06-09 12:05:14] [config] learn-rate: 0.0003
[2025-06-09 12:05:14] [config] lemma-dependency: ""
[2025-06-09 12:05:14] [config] lemma-dim-emb: 0
[2025-06-09 12:05:14] [config] log: /scratch/project_2011987/OpusDistillery/rules/../data/models/MA-test/baseline_2021/baseline3_2021_tiny_student/train.log
[2025-06-09 12:05:14] [config] log-level: info
[2025-06-09 12:05:14] [config] log-time-zone: ""
[2025-06-09 12:05:14] [config] logical-epoch:
[2025-06-09 12:05:14] [config]   - 1e
[2025-06-09 12:05:14] [config]   - 0
[2025-06-09 12:05:14] [config] lr-decay: 0
[2025-06-09 12:05:14] [config] lr-decay-freq: 50000
[2025-06-09 12:05:14] [config] lr-decay-inv-sqrt:
[2025-06-09 12:05:14] [config]   - 32000
[2025-06-09 12:05:14] [config] lr-decay-repeat-warmup: false
[2025-06-09 12:05:14] [config] lr-decay-reset-optimizer: false
[2025-06-09 12:05:14] [config] lr-decay-start:
[2025-06-09 12:05:14] [config]   - 10
[2025-06-09 12:05:14] [config]   - 1
[2025-06-09 12:05:14] [config] lr-decay-strategy: epoch+stalled
[2025-06-09 12:05:14] [config] lr-report: True
[2025-06-09 12:05:14] [config] lr-warmup: 16000
[2025-06-09 12:05:14] [config] lr-warmup-at-reload: false
[2025-06-09 12:05:14] [config] lr-warmup-cycle: false
[2025-06-09 12:05:14] [config] lr-warmup-start-rate: 0
[2025-06-09 12:05:14] [config] max-length: 200
[2025-06-09 12:05:14] [config] max-length-crop: false
[2025-06-09 12:05:14] [config] max-length-factor: 3
[2025-06-09 12:05:14] [config] maxi-batch: 1000
[2025-06-09 12:05:14] [config] maxi-batch-sort: trg
[2025-06-09 12:05:14] [config] mini-batch: 1000
[2025-06-09 12:05:14] [config] mini-batch-fit: True
[2025-06-09 12:05:14] [config] mini-batch-fit-step: 10
[2025-06-09 12:05:14] [config] mini-batch-round-up: true
[2025-06-09 12:05:14] [config] mini-batch-track-lr: false
[2025-06-09 12:05:14] [config] mini-batch-warmup: 0
[2025-06-09 12:05:14] [config] mini-batch-words: 0
[2025-06-09 12:05:14] [config] mini-batch-words-ref: 0
[2025-06-09 12:05:14] [config] model: /scratch/project_2011987/OpusDistillery/rules/../data/models/MA-test/baseline_2021/baseline3_2021_tiny_student/model.npz
[2025-06-09 12:05:14] [config] multi-loss-type: sum
[2025-06-09 12:05:14] [config] n-best: false
[2025-06-09 12:05:14] [config] no-nccl: false
[2025-06-09 12:05:14] [config] no-optimizer-reload: false
[2025-06-09 12:05:14] [config] no-reload: false
[2025-06-09 12:05:14] [config] no-restore-corpus: false
[2025-06-09 12:05:14] [config] no-spm-encode: false
[2025-06-09 12:05:14] [config] normalize: 1
[2025-06-09 12:05:14] [config] normalize-gradient: false
[2025-06-09 12:05:14] [config] normalize-gradient-by-ratio: false
[2025-06-09 12:05:14] [config] optimizer: adam
[2025-06-09 12:05:14] [config] optimizer-delay: 2
[2025-06-09 12:05:14] [config] optimizer-params:
[2025-06-09 12:05:14] [config]   - 0.9
[2025-06-09 12:05:14] [config]   - 0.98
[2025-06-09 12:05:14] [config]   - 1e-09
[2025-06-09 12:05:14] [config] output-omit-bias: false
[2025-06-09 12:05:14] [config] overwrite: true
[2025-06-09 12:05:14] [config] overwrite-checkpoint: true
[2025-06-09 12:05:14] [config] precision:
[2025-06-09 12:05:14] [config]   - float32
[2025-06-09 12:05:14] [config]   - float32
[2025-06-09 12:05:14] [config] pretrained-model: ""
[2025-06-09 12:05:14] [config] quantize-biases: false
[2025-06-09 12:05:14] [config] quantize-bits: 0
[2025-06-09 12:05:14] [config] quantize-log-based: false
[2025-06-09 12:05:14] [config] quantize-optimization-steps: 0
[2025-06-09 12:05:14] [config] quiet: false
[2025-06-09 12:05:14] [config] quiet-translation: true
[2025-06-09 12:05:14] [config] quiet-validation: false
[2025-06-09 12:05:14] [config] relative-paths: false
[2025-06-09 12:05:14] [config] right-left: false
[2025-06-09 12:05:14] [config] save-freq: 5000
[2025-06-09 12:05:14] [config] seed: 0
[2025-06-09 12:05:14] [config] sentencepiece-alphas:
[2025-06-09 12:05:14] [config]   []
[2025-06-09 12:05:14] [config] sentencepiece-max-lines: 2000000
[2025-06-09 12:05:14] [config] sentencepiece-options: ""
[2025-06-09 12:05:14] [config] separator-symbol: "[eos]"
[2025-06-09 12:05:14] [config] sharding: local
[2025-06-09 12:05:14] [config] shuffle: data
[2025-06-09 12:05:14] [config] shuffle-in-ram: true
[2025-06-09 12:05:14] [config] sigterm: save-and-exit
[2025-06-09 12:05:14] [config] skip: false
[2025-06-09 12:05:14] [config] sqlite: ""
[2025-06-09 12:05:14] [config] sqlite-drop: false
[2025-06-09 12:05:14] [config] sync-freq: 200u
[2025-06-09 12:05:14] [config] sync-sgd: true
[2025-06-09 12:05:14] [config] tempdir: /scratch/project_2011987/OpusDistillery/rules/../data/models/MA-test/baseline_2021/baseline3_2021_tiny_student/tmp
[2025-06-09 12:05:14] [config] throw-on-divergence:
[2025-06-09 12:05:14] [config]   []
[2025-06-09 12:05:14] [config] tied-embeddings: false
[2025-06-09 12:05:14] [config] tied-embeddings-all: true
[2025-06-09 12:05:14] [config] tied-embeddings-src: false
[2025-06-09 12:05:14] [config] train-embedder-rank:
[2025-06-09 12:05:14] [config]   []
[2025-06-09 12:05:14] [config] train-sets:
[2025-06-09 12:05:14] [config]   - /scratch/project_2011987/OpusDistillery/rules/../data/data/MA-test/baseline_2021/filtered/corpus.source.gz
[2025-06-09 12:05:14] [config]   - /scratch/project_2011987/OpusDistillery/rules/../data/data/MA-test/baseline_2021/filtered/corpus.target.gz
[2025-06-09 12:05:14] [config] transformer-aan-activation: swish
[2025-06-09 12:05:14] [config] transformer-aan-depth: 2
[2025-06-09 12:05:14] [config] transformer-aan-nogate: false
[2025-06-09 12:05:14] [config] transformer-alibi-shift: false
[2025-06-09 12:05:14] [config] transformer-alibi-trainable: false
[2025-06-09 12:05:14] [config] transformer-attention-mask: default
[2025-06-09 12:05:14] [config] transformer-decoder-autoreg: rnn
[2025-06-09 12:05:14] [config] transformer-decoder-dim-ffn: 0
[2025-06-09 12:05:14] [config] transformer-decoder-ffn-depth: 0
[2025-06-09 12:05:14] [config] transformer-depth-scaling: false
[2025-06-09 12:05:14] [config] transformer-dim-aan: 2048
[2025-06-09 12:05:14] [config] transformer-dim-ffn: 1536
[2025-06-09 12:05:14] [config] transformer-disable-position-embeddings: false
[2025-06-09 12:05:14] [config] transformer-dropout: 0
[2025-06-09 12:05:14] [config] transformer-dropout-attention: 0
[2025-06-09 12:05:14] [config] transformer-dropout-ffn: 0
[2025-06-09 12:05:14] [config] transformer-ffn-activation: relu
[2025-06-09 12:05:14] [config] transformer-ffn-depth: 2
[2025-06-09 12:05:14] [config] transformer-guided-alignment-layer: last
[2025-06-09 12:05:14] [config] transformer-heads: 8
[2025-06-09 12:05:14] [config] transformer-no-affine: false
[2025-06-09 12:05:14] [config] transformer-no-bias: false
[2025-06-09 12:05:14] [config] transformer-no-projection: false
[2025-06-09 12:05:14] [config] transformer-pool: false
[2025-06-09 12:05:14] [config] transformer-postprocess: dan
[2025-06-09 12:05:14] [config] transformer-postprocess-emb: d
[2025-06-09 12:05:14] [config] transformer-postprocess-top: ""
[2025-06-09 12:05:14] [config] transformer-preprocess: ""
[2025-06-09 12:05:14] [config] transformer-rnn-projection: false
[2025-06-09 12:05:14] [config] transformer-tied-layers:
[2025-06-09 12:05:14] [config]   []
[2025-06-09 12:05:14] [config] transformer-train-position-embeddings: false
[2025-06-09 12:05:14] [config] tsv: false
[2025-06-09 12:05:14] [config] tsv-fields: 0
[2025-06-09 12:05:14] [config] type: transformer
[2025-06-09 12:05:14] [config] ulr: false
[2025-06-09 12:05:14] [config] ulr-dim-emb: 0
[2025-06-09 12:05:14] [config] ulr-dropout: 0
[2025-06-09 12:05:14] [config] ulr-keys-vectors: ""
[2025-06-09 12:05:14] [config] ulr-query-vectors: ""
[2025-06-09 12:05:14] [config] ulr-softmax-temperature: 1
[2025-06-09 12:05:14] [config] ulr-trainable-transformation: false
[2025-06-09 12:05:14] [config] unlikelihood-loss: false
[2025-06-09 12:05:14] [config] valid-freq: 5000
[2025-06-09 12:05:14] [config] valid-log: /scratch/project_2011987/OpusDistillery/rules/../data/models/MA-test/baseline_2021/baseline3_2021_tiny_student/valid.log
[2025-06-09 12:05:14] [config] valid-max-length: 1000
[2025-06-09 12:05:14] [config] valid-metrics:
[2025-06-09 12:05:14] [config]   - perplexity
[2025-06-09 12:05:14] [config]   - chrf
[2025-06-09 12:05:14] [config]   - ce-mean-words
[2025-06-09 12:05:14] [config] valid-mini-batch: 64
[2025-06-09 12:05:14] [config] valid-reset-all: false
[2025-06-09 12:05:14] [config] valid-reset-stalled: false
[2025-06-09 12:05:14] [config] valid-script-args:
[2025-06-09 12:05:14] [config]   []
[2025-06-09 12:05:14] [config] valid-script-path: ""
[2025-06-09 12:05:14] [config] valid-sets:
[2025-06-09 12:05:14] [config]   - /scratch/project_2011987/OpusDistillery/rules/../data/data/MA-test/baseline_2021/original/devset.student.source.gz
[2025-06-09 12:05:14] [config]   - /scratch/project_2011987/OpusDistillery/rules/../data/data/MA-test/baseline_2021/original/devset.student.target.gz
[2025-06-09 12:05:14] [config] valid-translation-output: /scratch/project_2011987/OpusDistillery/rules/../data/models/MA-test/baseline_2021/baseline3_2021_tiny_student/valid_outputs/validation-output-after-{U}-updates-{E}-epochs.txt
[2025-06-09 12:05:14] [config] vocabs:
[2025-06-09 12:05:14] [config]   - /scratch/project_2011987/OpusDistillery/rules/../data/models/MA-test/baseline_2021/vocab/vocab.spm
[2025-06-09 12:05:14] [config]   - /scratch/project_2011987/OpusDistillery/rules/../data/models/MA-test/baseline_2021/vocab/vocab.spm
[2025-06-09 12:05:14] [config] word-penalty: 0
[2025-06-09 12:05:14] [config] word-scores: false
[2025-06-09 12:05:14] [config] workspace: 25000
[2025-06-09 12:05:14] [config] Model is being created with Marian v1.12.31 a6ab8af8 2024-06-27 15:21:08 +0000
[2025-06-09 12:05:14] Using synchronous SGD
[2025-06-09 12:05:14] [comm] Compiled without MPI support. Running as a single process on r01g05.bullx
[2025-06-09 12:05:14] Synced seed 1749459914
[2025-06-09 12:05:14] [data] Loading SentencePiece vocabulary from file /scratch/project_2011987/OpusDistillery/rules/../data/models/MA-test/baseline_2021/vocab/vocab.spm
[2025-06-09 12:05:15] [data] Setting vocabulary size for input 0 to 32,000
[2025-06-09 12:05:15] [data] Loading SentencePiece vocabulary from file /scratch/project_2011987/OpusDistillery/rules/../data/models/MA-test/baseline_2021/vocab/vocab.spm
[2025-06-09 12:05:15] [data] Setting vocabulary size for input 1 to 32,000
[2025-06-09 12:05:15] [batching] Collecting statistics for batch fitting with step size 10
[2025-06-09 12:05:16] [memory] Extending reserved space to 25088 MB (device gpu0)
[2025-06-09 12:05:19] [memory] Extending reserved space to 25088 MB (device gpu1)
[2025-06-09 12:05:19] [comm] Using NCCL 2.8.3 for GPU communication
[2025-06-09 12:05:19] [comm] Using global sharding
[2025-06-09 12:05:20] [comm] NCCLCommunicators constructed successfully
[2025-06-09 12:05:20] [training] Using 2 GPUs
[2025-06-09 12:05:20] [logits] Applying loss function for 1 factor(s)
[2025-06-09 12:05:20] [memory] Reserving 64 MB, device gpu0
[2025-06-09 12:05:23] [gpu] 16-bit TensorCores enabled for float32 matrix operations
[2025-06-09 12:05:23] [memory] Reserving 64 MB, device gpu0
[2025-06-09 12:06:12] [batching] Done. Typical MB size is 197,998 target words
[2025-06-09 12:06:12] [memory] Extending reserved space to 25088 MB (device gpu0)
[2025-06-09 12:06:13] [memory] Extending reserved space to 25088 MB (device gpu1)
[2025-06-09 12:06:13] [comm] Using NCCL 2.8.3 for GPU communication
[2025-06-09 12:06:13] [comm] Using global sharding
[2025-06-09 12:06:13] [comm] NCCLCommunicators constructed successfully
[2025-06-09 12:06:13] [training] Using 2 GPUs
[2025-06-09 12:06:13] Training started
[2025-06-09 12:06:13] [data] Shuffling data
[2025-06-09 12:06:42] [data] Done reading 21,623,061 sentences
[2025-06-09 12:06:43] [data] Done shuffling 21,623,061 sentences (cached in RAM)
[2025-06-09 12:06:54] [training] Batches are processed as 1 process(es) x 2 devices/process
[2025-06-09 12:06:54] [memory] Reserving 64 MB, device gpu0
[2025-06-09 12:06:54] [memory] Reserving 64 MB, device gpu1
[2025-06-09 12:06:54] [memory] Reserving 64 MB, device gpu0
[2025-06-09 12:06:54] [memory] Reserving 64 MB, device gpu1
[2025-06-09 12:06:55] Parameter type float32, optimization type float32, casting types false
[2025-06-09 12:06:55] Allocating memory for general optimizer shards
[2025-06-09 12:06:55] [memory] Reserving 32 MB, device gpu0
[2025-06-09 12:06:55] Allocating memory for Adam-specific shards
[2025-06-09 12:06:55] [memory] Reserving 64 MB, device gpu0
[2025-06-09 12:06:55] [memory] Reserving 32 MB, device gpu1
[2025-06-09 12:06:55] [memory] Reserving 64 MB, device gpu1
[2025-06-09 12:06:55] Ep. 1 : Up. 1 : Sen. 2,232 : Cost 10.93489647 : Time 42.82s : 1876.72 words/s : gNorm 4.9589 : L.r. 1.8750e-08
[2025-06-09 12:06:56] Ep. 1 : Up. 2 : Sen. 3,407 : Cost 10.92239857 : Time 0.83s : 108634.19 words/s : gNorm 5.1366 : L.r. 3.7500e-08
[2025-06-09 12:06:57] Ep. 1 : Up. 3 : Sen. 5,510 : Cost 10.92860222 : Time 0.94s : 125454.62 words/s : gNorm 5.1280 : L.r. 5.6250e-08
[2025-06-09 12:06:58] Ep. 1 : Up. 4 : Sen. 10,625 : Cost 10.87224674 : Time 0.73s : 126739.76 words/s : gNorm 4.8941 : L.r. 7.5000e-08
[2025-06-09 12:06:58] Ep. 1 : Up. 5 : Sen. 14,897 : Cost 10.93329048 : Time 0.69s : 229726.53 words/s : gNorm 4.9352 : L.r. 9.3750e-08
[2025-06-09 12:06:59] Ep. 1 : Up. 6 : Sen. 17,857 : Cost 10.92839909 : Time 0.50s : 100782.40 words/s : gNorm 4.9272 : L.r. 1.1250e-07
[2025-06-09 12:06:59] Ep. 1 : Up. 7 : Sen. 20,409 : Cost 10.90889835 : Time 0.67s : 131521.14 words/s : gNorm 4.8522 : L.r. 1.3125e-07
[2025-06-09 12:07:00] Ep. 1 : Up. 8 : Sen. 31,617 : Cost 10.86395168 : Time 0.70s : 177149.64 words/s : gNorm 5.0078 : L.r. 1.5000e-07
[2025-06-09 12:07:01] Ep. 1 : Up. 9 : Sen. 35,889 : Cost 10.92754173 : Time 0.74s : 103832.77 words/s : gNorm 4.9697 : L.r. 1.6875e-07
[2025-06-09 12:07:01] Ep. 1 : Up. 10 : Sen. 37,029 : Cost 10.92621517 : Time 0.68s : 135587.89 words/s : gNorm 5.0387 : L.r. 1.8750e-07
[2025-06-09 12:14:47] Ep. 1 : Up. 1000 : Sen. 4,807,584 : Cost 8.88016796 : Time 465.66s : 247795.02 words/s : gNorm 1.2517 : L.r. 1.8750e-05
[2025-06-09 12:22:43] Ep. 1 : Up. 2000 : Sen. 9,644,678 : Cost 6.85716820 : Time 475.98s : 246378.01 words/s : gNorm 1.7227 : L.r. 3.7500e-05
[2025-06-09 12:30:34] Ep. 1 : Up. 3000 : Sen. 14,443,331 : Cost 6.07222986 : Time 470.89s : 245787.85 words/s : gNorm 1.6391 : L.r. 5.6250e-05
[2025-06-09 12:38:31] Ep. 1 : Up. 4000 : Sen. 19,328,281 : Cost 5.45366764 : Time 477.26s : 245317.81 words/s : gNorm 1.5932 : L.r. 7.5000e-05
[2025-06-09 12:42:11] Seen 21,619,077 samples
[2025-06-09 12:42:11] Starting data epoch 2 in logical epoch 2
[2025-06-09 12:42:11] [data] Shuffling data
[2025-06-09 12:42:12] [data] Done shuffling 21,623,061 sentences (cached in RAM)
[2025-06-09 12:46:29] Ep. 2 : Up. 5000 : Sen. 2,495,952 : Cost 4.85484934 : Time 478.05s : 240383.72 words/s : gNorm 2.7403 : L.r. 9.3750e-05
[2025-06-09 12:46:29] Saving model weights and runtime parameters to /scratch/project_2011987/OpusDistillery/rules/../data/models/MA-test/baseline_2021/baseline3_2021_tiny_student/model.npz
[2025-06-09 12:46:30] Saving Adam parameters
[2025-06-09 12:46:30] [training] Saving training checkpoint to /scratch/project_2011987/OpusDistillery/rules/../data/models/MA-test/baseline_2021/baseline3_2021_tiny_student/model.npz and /scratch/project_2011987/OpusDistillery/rules/../data/models/MA-test/baseline_2021/baseline3_2021_tiny_student/model.npz.optimizer.npz
[2025-06-09 12:46:48] Saving model weights and runtime parameters to /scratch/project_2011987/OpusDistillery/rules/../data/models/MA-test/baseline_2021/baseline3_2021_tiny_student/model.npz.best-perplexity.npz
[2025-06-09 12:46:48] [valid] Ep. 2 : Up. 5000 : perplexity : 17.1062 : new best
[2025-06-09 12:46:48] [valid] First sentence's tokens as scored:
[2025-06-09 12:46:48] [valid] Decoding validation set with SentencePieceVocab for scoring
[2025-06-09 12:46:48] [valid]   Hyp: A s s o o n a s t h e f i r s t h e w a s t h e f i r s t , h e w a s t h a t h e w a s h e r .
[2025-06-09 12:46:48] [valid]   Ref: A s s o o n a s T o m o p e n e d t h e b a g , h e k n e w i t w a s n ' t h i s .
[2025-06-09 12:46:52] [valid] References contain unknown word, metric scores may be inaccurate
[2025-06-09 12:50:03] Saving model weights and runtime parameters to /scratch/project_2011987/OpusDistillery/rules/../data/models/MA-test/baseline_2021/baseline3_2021_tiny_student/model.npz.best-chrf.npz
[2025-06-09 12:50:04] [valid] Ep. 2 : Up. 5000 : chrf : 28.7516 : new best
[2025-06-09 12:50:21] Saving model weights and runtime parameters to /scratch/project_2011987/OpusDistillery/rules/../data/models/MA-test/baseline_2021/baseline3_2021_tiny_student/model.npz.best-ce-mean-words.npz
[2025-06-09 12:50:21] [valid] Ep. 2 : Up. 5000 : ce-mean-words : 2.83944 : new best
[2025-06-09 12:58:22] Ep. 2 : Up. 6000 : Sen. 7,331,362 : Cost 4.21779013 : Time 712.94s : 165199.23 words/s : gNorm 2.9522 : L.r. 1.1250e-04
[2025-06-09 13:06:15] Ep. 2 : Up. 7000 : Sen. 12,172,709 : Cost 3.68124938 : Time 473.16s : 245357.09 words/s : gNorm 2.8170 : L.r. 1.3125e-04
[2025-06-09 13:14:12] Ep. 2 : Up. 8000 : Sen. 17,017,600 : Cost 3.19369721 : Time 476.18s : 245571.63 words/s : gNorm 2.3303 : L.r. 1.5000e-04
[2025-06-09 13:21:39] Seen 21,619,077 samples
[2025-06-09 13:21:39] Starting data epoch 3 in logical epoch 3
[2025-06-09 13:21:39] [data] Shuffling data
[2025-06-09 13:21:40] [data] Done shuffling 21,623,061 sentences (cached in RAM)
[2025-06-09 13:22:11] Ep. 3 : Up. 9000 : Sen. 173,379 : Cost 2.81328630 : Time 479.58s : 239638.08 words/s : gNorm 2.0794 : L.r. 1.6875e-04
[2025-06-09 13:30:05] Ep. 3 : Up. 10000 : Sen. 5,018,004 : Cost 2.57240891 : Time 474.23s : 246637.18 words/s : gNorm 1.8691 : L.r. 1.8750e-04
[2025-06-09 13:30:05] Saving model weights and runtime parameters to /scratch/project_2011987/OpusDistillery/rules/../data/models/MA-test/baseline_2021/baseline3_2021_tiny_student/model.npz
[2025-06-09 13:30:08] Saving Adam parameters
[2025-06-09 13:30:09] [training] Saving training checkpoint to /scratch/project_2011987/OpusDistillery/rules/../data/models/MA-test/baseline_2021/baseline3_2021_tiny_student/model.npz and /scratch/project_2011987/OpusDistillery/rules/../data/models/MA-test/baseline_2021/baseline3_2021_tiny_student/model.npz.optimizer.npz
[2025-06-09 13:30:28] Saving model weights and runtime parameters to /scratch/project_2011987/OpusDistillery/rules/../data/models/MA-test/baseline_2021/baseline3_2021_tiny_student/model.npz.best-perplexity.npz
[2025-06-09 13:30:29] [valid] Ep. 3 : Up. 10000 : perplexity : 3.75121 : new best
[2025-06-09 13:33:39] Saving model weights and runtime parameters to /scratch/project_2011987/OpusDistillery/rules/../data/models/MA-test/baseline_2021/baseline3_2021_tiny_student/model.npz.best-chrf.npz
[2025-06-09 13:33:39] [valid] Ep. 3 : Up. 10000 : chrf : 64.4692 : new best
[2025-06-09 13:33:57] Saving model weights and runtime parameters to /scratch/project_2011987/OpusDistillery/rules/../data/models/MA-test/baseline_2021/baseline3_2021_tiny_student/model.npz.best-ce-mean-words.npz
[2025-06-09 13:33:57] [valid] Ep. 3 : Up. 10000 : ce-mean-words : 1.32208 : new best
[2025-06-09 13:41:48] Ep. 3 : Up. 11000 : Sen. 9,871,352 : Cost 2.40659189 : Time 702.90s : 166221.17 words/s : gNorm 1.6828 : L.r. 2.0625e-04
[2025-06-09 13:49:47] Ep. 3 : Up. 12000 : Sen. 14,732,183 : Cost 2.28268671 : Time 478.15s : 245573.25 words/s : gNorm 1.4417 : L.r. 2.2500e-04
[2025-06-09 13:57:39] Ep. 3 : Up. 13000 : Sen. 19,603,691 : Cost 2.18427134 : Time 472.69s : 246566.27 words/s : gNorm 1.2939 : L.r. 2.4375e-04
[2025-06-09 14:00:58] Seen 21,619,077 samples
[2025-06-09 14:00:58] Starting data epoch 4 in logical epoch 4
[2025-06-09 14:00:58] [data] Shuffling data
[2025-06-09 14:00:59] [data] Done shuffling 21,623,061 sentences (cached in RAM)
[2025-06-09 14:05:36] Ep. 4 : Up. 14000 : Sen. 2,624,832 : Cost 2.10207891 : Time 476.68s : 240983.67 words/s : gNorm 1.3779 : L.r. 2.6250e-04
[2025-06-09 14:13:34] Ep. 4 : Up. 15000 : Sen. 7,536,310 : Cost 2.02423191 : Time 478.06s : 245106.06 words/s : gNorm 1.1624 : L.r. 2.8125e-04
[2025-06-09 14:13:34] Saving model weights and runtime parameters to /scratch/project_2011987/OpusDistillery/rules/../data/models/MA-test/baseline_2021/baseline3_2021_tiny_student/model.npz
[2025-06-09 14:13:34] Saving Adam parameters
[2025-06-09 14:13:35] [training] Saving training checkpoint to /scratch/project_2011987/OpusDistillery/rules/../data/models/MA-test/baseline_2021/baseline3_2021_tiny_student/model.npz and /scratch/project_2011987/OpusDistillery/rules/../data/models/MA-test/baseline_2021/baseline3_2021_tiny_student/model.npz.optimizer.npz
[2025-06-09 14:13:53] Saving model weights and runtime parameters to /scratch/project_2011987/OpusDistillery/rules/../data/models/MA-test/baseline_2021/baseline3_2021_tiny_student/model.npz.best-perplexity.npz
[2025-06-09 14:13:53] [valid] Ep. 4 : Up. 15000 : perplexity : 2.96197 : new best
[2025-06-09 14:17:03] Saving model weights and runtime parameters to /scratch/project_2011987/OpusDistillery/rules/../data/models/MA-test/baseline_2021/baseline3_2021_tiny_student/model.npz.best-chrf.npz
[2025-06-09 14:17:03] [valid] Ep. 4 : Up. 15000 : chrf : 67.3217 : new best
[2025-06-09 14:17:21] Saving model weights and runtime parameters to /scratch/project_2011987/OpusDistillery/rules/../data/models/MA-test/baseline_2021/baseline3_2021_tiny_student/model.npz.best-ce-mean-words.npz
[2025-06-09 14:17:21] [valid] Ep. 4 : Up. 15000 : ce-mean-words : 1.08586 : new best
[2025-06-09 14:25:21] Ep. 4 : Up. 16000 : Sen. 12,456,567 : Cost 1.96338844 : Time 706.55s : 166686.06 words/s : gNorm 1.0133 : L.r. 3.0000e-04
[2025-06-09 14:33:16] Ep. 4 : Up. 17000 : Sen. 17,263,329 : Cost 1.91093981 : Time 475.42s : 246218.33 words/s : gNorm 0.9085 : L.r. 3.0000e-04
[2025-06-09 14:40:16] Seen 21,619,077 samples
[2025-06-09 14:40:16] Starting data epoch 5 in logical epoch 5
[2025-06-09 14:40:16] [data] Shuffling data
[2025-06-09 14:40:17] [data] Done shuffling 21,623,061 sentences (cached in RAM)
[2025-06-09 14:41:13] Ep. 5 : Up. 18000 : Sen. 433,965 : Cost 1.85780406 : Time 477.36s : 241048.64 words/s : gNorm 0.9632 : L.r. 3.0000e-04
[2025-06-09 14:49:11] Ep. 5 : Up. 19000 : Sen. 5,297,111 : Cost 1.80627453 : Time 477.36s : 246137.03 words/s : gNorm 0.7999 : L.r. 3.0000e-04
[2025-06-09 14:57:08] Ep. 5 : Up. 20000 : Sen. 10,139,728 : Cost 1.77672279 : Time 477.71s : 244538.94 words/s : gNorm 0.7537 : L.r. 3.0000e-04
[2025-06-09 14:57:08] Saving model weights and runtime parameters to /scratch/project_2011987/OpusDistillery/rules/../data/models/MA-test/baseline_2021/baseline3_2021_tiny_student/model.npz
[2025-06-09 14:57:09] Saving Adam parameters
[2025-06-09 14:57:09] [training] Saving training checkpoint to /scratch/project_2011987/OpusDistillery/rules/../data/models/MA-test/baseline_2021/baseline3_2021_tiny_student/model.npz and /scratch/project_2011987/OpusDistillery/rules/../data/models/MA-test/baseline_2021/baseline3_2021_tiny_student/model.npz.optimizer.npz
[2025-06-09 14:57:27] Saving model weights and runtime parameters to /scratch/project_2011987/OpusDistillery/rules/../data/models/MA-test/baseline_2021/baseline3_2021_tiny_student/model.npz.best-perplexity.npz
[2025-06-09 14:57:27] [valid] Ep. 5 : Up. 20000 : perplexity : 2.63786 : new best
[2025-06-09 15:00:37] Saving model weights and runtime parameters to /scratch/project_2011987/OpusDistillery/rules/../data/models/MA-test/baseline_2021/baseline3_2021_tiny_student/model.npz.best-chrf.npz
[2025-06-09 15:00:37] [valid] Ep. 5 : Up. 20000 : chrf : 69.9261 : new best
[2025-06-09 15:00:55] Saving model weights and runtime parameters to /scratch/project_2011987/OpusDistillery/rules/../data/models/MA-test/baseline_2021/baseline3_2021_tiny_student/model.npz.best-ce-mean-words.npz
[2025-06-09 15:00:55] [valid] Ep. 5 : Up. 20000 : ce-mean-words : 0.969969 : new best
[2025-06-09 15:08:48] Ep. 5 : Up. 21000 : Sen. 15,001,933 : Cost 1.74447906 : Time 699.93s : 167413.88 words/s : gNorm 0.7783 : L.r. 3.0000e-04
[2025-06-09 15:16:46] Ep. 5 : Up. 22000 : Sen. 19,885,708 : Cost 1.71782482 : Time 478.16s : 244813.74 words/s : gNorm 0.6716 : L.r. 3.0000e-04
[2025-06-09 15:19:38] Seen 21,619,077 samples
[2025-06-09 15:19:38] Starting data epoch 6 in logical epoch 6
[2025-06-09 15:19:38] [data] Shuffling data
[2025-06-09 15:19:39] [data] Done shuffling 21,623,061 sentences (cached in RAM)
[2025-06-09 15:24:44] Ep. 6 : Up. 23000 : Sen. 3,001,059 : Cost 1.68872964 : Time 477.23s : 240870.66 words/s : gNorm 0.7111 : L.r. 3.0000e-04
[2025-06-09 15:32:40] Ep. 6 : Up. 24000 : Sen. 7,830,751 : Cost 1.66412914 : Time 476.02s : 246393.12 words/s : gNorm 0.6551 : L.r. 3.0000e-04
[2025-06-09 15:40:35] Ep. 6 : Up. 25000 : Sen. 12,711,879 : Cost 1.65066779 : Time 475.30s : 245959.54 words/s : gNorm 0.6040 : L.r. 3.0000e-04
[2025-06-09 15:40:35] Saving model weights and runtime parameters to /scratch/project_2011987/OpusDistillery/rules/../data/models/MA-test/baseline_2021/baseline3_2021_tiny_student/model.npz
[2025-06-09 15:40:35] Saving Adam parameters
[2025-06-09 15:40:36] [training] Saving training checkpoint to /scratch/project_2011987/OpusDistillery/rules/../data/models/MA-test/baseline_2021/baseline3_2021_tiny_student/model.npz and /scratch/project_2011987/OpusDistillery/rules/../data/models/MA-test/baseline_2021/baseline3_2021_tiny_student/model.npz.optimizer.npz
[2025-06-09 15:40:54] Saving model weights and runtime parameters to /scratch/project_2011987/OpusDistillery/rules/../data/models/MA-test/baseline_2021/baseline3_2021_tiny_student/model.npz.best-perplexity.npz
[2025-06-09 15:40:54] [valid] Ep. 6 : Up. 25000 : perplexity : 2.41877 : new best
[2025-06-09 15:44:06] Saving model weights and runtime parameters to /scratch/project_2011987/OpusDistillery/rules/../data/models/MA-test/baseline_2021/baseline3_2021_tiny_student/model.npz.best-chrf.npz
[2025-06-09 15:44:07] [valid] Ep. 6 : Up. 25000 : chrf : 71.5182 : new best
[2025-06-09 15:44:24] Saving model weights and runtime parameters to /scratch/project_2011987/OpusDistillery/rules/../data/models/MA-test/baseline_2021/baseline3_2021_tiny_student/model.npz.best-ce-mean-words.npz
[2025-06-09 15:44:25] [valid] Ep. 6 : Up. 25000 : ce-mean-words : 0.883259 : new best
[2025-06-09 15:52:20] Ep. 6 : Up. 26000 : Sen. 17,548,378 : Cost 1.63504100 : Time 705.50s : 165798.31 words/s : gNorm 0.6358 : L.r. 3.0000e-04
[2025-06-09 15:58:55] Seen 21,619,077 samples
[2025-06-09 15:58:55] Starting data epoch 7 in logical epoch 7
[2025-06-09 15:58:55] [data] Shuffling data
[2025-06-09 15:58:56] [data] Done shuffling 21,623,061 sentences (cached in RAM)
[2025-06-09 16:00:18] Ep. 7 : Up. 27000 : Sen. 735,478 : Cost 1.61630118 : Time 477.94s : 241416.47 words/s : gNorm 0.6733 : L.r. 3.0000e-04
[2025-06-09 16:08:12] Ep. 7 : Up. 28000 : Sen. 5,516,404 : Cost 1.59397566 : Time 473.49s : 246087.35 words/s : gNorm 0.6345 : L.r. 3.0000e-04
[2025-06-09 16:16:15] Ep. 7 : Up. 29000 : Sen. 10,420,836 : Cost 1.58610904 : Time 482.74s : 243470.12 words/s : gNorm 0.6283 : L.r. 3.0000e-04
[2025-06-09 16:24:10] Ep. 7 : Up. 30000 : Sen. 15,291,841 : Cost 1.57513988 : Time 475.07s : 245823.52 words/s : gNorm 0.5929 : L.r. 3.0000e-04
[2025-06-09 16:24:10] Saving model weights and runtime parameters to /scratch/project_2011987/OpusDistillery/rules/../data/models/MA-test/baseline_2021/baseline3_2021_tiny_student/model.npz
[2025-06-09 16:24:10] Saving Adam parameters
[2025-06-09 16:24:10] [training] Saving training checkpoint to /scratch/project_2011987/OpusDistillery/rules/../data/models/MA-test/baseline_2021/baseline3_2021_tiny_student/model.npz and /scratch/project_2011987/OpusDistillery/rules/../data/models/MA-test/baseline_2021/baseline3_2021_tiny_student/model.npz.optimizer.npz
[2025-06-09 16:24:29] Saving model weights and runtime parameters to /scratch/project_2011987/OpusDistillery/rules/../data/models/MA-test/baseline_2021/baseline3_2021_tiny_student/model.npz.best-perplexity.npz
[2025-06-09 16:24:30] [valid] Ep. 7 : Up. 30000 : perplexity : 2.26724 : new best
[2025-06-09 16:27:41] Saving model weights and runtime parameters to /scratch/project_2011987/OpusDistillery/rules/../data/models/MA-test/baseline_2021/baseline3_2021_tiny_student/model.npz.best-chrf.npz
[2025-06-09 16:27:41] [valid] Ep. 7 : Up. 30000 : chrf : 72.0251 : new best
[2025-06-09 16:27:58] Saving model weights and runtime parameters to /scratch/project_2011987/OpusDistillery/rules/../data/models/MA-test/baseline_2021/baseline3_2021_tiny_student/model.npz.best-ce-mean-words.npz
[2025-06-09 16:27:59] [valid] Ep. 7 : Up. 30000 : ce-mean-words : 0.818563 : new best
[2025-06-09 16:35:55] Ep. 7 : Up. 31000 : Sen. 20,124,871 : Cost 1.56051242 : Time 705.03s : 166224.85 words/s : gNorm 0.6145 : L.r. 3.0000e-04
[2025-06-09 16:38:18] Seen 21,619,077 samples
[2025-06-09 16:38:18] Starting data epoch 8 in logical epoch 8
[2025-06-09 16:38:18] [data] Shuffling data
[2025-06-09 16:38:19] [data] Done shuffling 21,623,061 sentences (cached in RAM)
[2025-06-09 16:43:55] Ep. 8 : Up. 32000 : Sen. 3,288,589 : Cost 1.54869759 : Time 480.59s : 240305.27 words/s : gNorm 0.6074 : L.r. 3.0000e-04
[2025-06-09 16:51:54] Ep. 8 : Up. 33000 : Sen. 8,144,975 : Cost 1.53612447 : Time 478.29s : 245590.18 words/s : gNorm 0.5968 : L.r. 2.9542e-04
[2025-06-09 16:59:42] Ep. 8 : Up. 34000 : Sen. 12,977,178 : Cost 1.52952170 : Time 468.76s : 247789.13 words/s : gNorm 0.6011 : L.r. 2.9104e-04
[2025-06-09 17:07:39] Ep. 8 : Up. 35000 : Sen. 17,811,160 : Cost 1.52380085 : Time 476.74s : 244203.27 words/s : gNorm 0.5751 : L.r. 2.8685e-04
[2025-06-09 17:07:39] Saving model weights and runtime parameters to /scratch/project_2011987/OpusDistillery/rules/../data/models/MA-test/baseline_2021/baseline3_2021_tiny_student/model.npz
[2025-06-09 17:07:40] Saving Adam parameters
[2025-06-09 17:07:40] [training] Saving training checkpoint to /scratch/project_2011987/OpusDistillery/rules/../data/models/MA-test/baseline_2021/baseline3_2021_tiny_student/model.npz and /scratch/project_2011987/OpusDistillery/rules/../data/models/MA-test/baseline_2021/baseline3_2021_tiny_student/model.npz.optimizer.npz
[2025-06-09 17:08:02] Saving model weights and runtime parameters to /scratch/project_2011987/OpusDistillery/rules/../data/models/MA-test/baseline_2021/baseline3_2021_tiny_student/model.npz.best-perplexity.npz
[2025-06-09 17:08:02] [valid] Ep. 8 : Up. 35000 : perplexity : 2.19205 : new best
[2025-06-09 17:11:14] Saving model weights and runtime parameters to /scratch/project_2011987/OpusDistillery/rules/../data/models/MA-test/baseline_2021/baseline3_2021_tiny_student/model.npz.best-chrf.npz
[2025-06-09 17:11:14] [valid] Ep. 8 : Up. 35000 : chrf : 72.9611 : new best
[2025-06-09 17:11:32] Saving model weights and runtime parameters to /scratch/project_2011987/OpusDistillery/rules/../data/models/MA-test/baseline_2021/baseline3_2021_tiny_student/model.npz.best-ce-mean-words.npz
[2025-06-09 17:11:32] [valid] Ep. 8 : Up. 35000 : ce-mean-words : 0.784838 : new best
[2025-06-09 17:17:43] Seen 21,619,077 samples
[2025-06-09 17:17:43] Starting data epoch 9 in logical epoch 9
[2025-06-09 17:17:43] [data] Shuffling data
[2025-06-09 17:17:44] [data] Done shuffling 21,623,061 sentences (cached in RAM)
[2025-06-09 17:19:29] Ep. 9 : Up. 36000 : Sen. 957,832 : Cost 1.51185775 : Time 709.71s : 162320.01 words/s : gNorm 0.5378 : L.r. 2.8284e-04
[2025-06-09 17:27:27] Ep. 9 : Up. 37000 : Sen. 5,803,524 : Cost 1.49715459 : Time 477.71s : 245980.23 words/s : gNorm 0.5381 : L.r. 2.7899e-04
[2025-06-09 17:35:23] Ep. 9 : Up. 38000 : Sen. 10,648,131 : Cost 1.49512684 : Time 476.60s : 244604.81 words/s : gNorm 0.4827 : L.r. 2.7530e-04
[2025-06-09 17:43:23] Ep. 9 : Up. 39000 : Sen. 15,517,267 : Cost 1.48906624 : Time 480.19s : 243108.04 words/s : gNorm 0.4948 : L.r. 2.7175e-04
[2025-06-09 17:51:18] Ep. 9 : Up. 40000 : Sen. 20,322,012 : Cost 1.48543060 : Time 474.47s : 246104.54 words/s : gNorm 0.5214 : L.r. 2.6833e-04
[2025-06-09 17:51:18] Saving model weights and runtime parameters to /scratch/project_2011987/OpusDistillery/rules/../data/models/MA-test/baseline_2021/baseline3_2021_tiny_student/model.npz
[2025-06-09 17:51:18] Saving Adam parameters
[2025-06-09 17:51:18] [training] Saving training checkpoint to /scratch/project_2011987/OpusDistillery/rules/../data/models/MA-test/baseline_2021/baseline3_2021_tiny_student/model.npz and /scratch/project_2011987/OpusDistillery/rules/../data/models/MA-test/baseline_2021/baseline3_2021_tiny_student/model.npz.optimizer.npz
[2025-06-09 17:51:37] Saving model weights and runtime parameters to /scratch/project_2011987/OpusDistillery/rules/../data/models/MA-test/baseline_2021/baseline3_2021_tiny_student/model.npz.best-perplexity.npz
[2025-06-09 17:51:37] [valid] Ep. 9 : Up. 40000 : perplexity : 2.13894 : new best
[2025-06-09 17:54:47] Saving model weights and runtime parameters to /scratch/project_2011987/OpusDistillery/rules/../data/models/MA-test/baseline_2021/baseline3_2021_tiny_student/model.npz.best-chrf.npz
[2025-06-09 17:54:47] [valid] Ep. 9 : Up. 40000 : chrf : 73.3481 : new best
[2025-06-09 17:55:05] Saving model weights and runtime parameters to /scratch/project_2011987/OpusDistillery/rules/../data/models/MA-test/baseline_2021/baseline3_2021_tiny_student/model.npz.best-ce-mean-words.npz
[2025-06-09 17:55:05] [valid] Ep. 9 : Up. 40000 : ce-mean-words : 0.760311 : new best
[2025-06-09 17:57:07] Seen 21,619,077 samples
[2025-06-09 17:57:07] Starting data epoch 10 in logical epoch 10
[2025-06-09 17:57:07] [data] Shuffling data
[2025-06-09 17:57:08] [data] Done shuffling 21,623,061 sentences (cached in RAM)
[2025-06-09 18:03:00] Ep. 10 : Up. 41000 : Sen. 3,470,485 : Cost 1.47474587 : Time 701.76s : 163008.02 words/s : gNorm 0.5111 : L.r. 2.6504e-04
[2025-06-09 18:10:57] Ep. 10 : Up. 42000 : Sen. 8,295,208 : Cost 1.46293974 : Time 477.00s : 244689.91 words/s : gNorm 0.5277 : L.r. 2.6186e-04
[2025-06-09 18:18:53] Ep. 10 : Up. 43000 : Sen. 13,172,571 : Cost 1.46678412 : Time 476.18s : 246163.35 words/s : gNorm 0.5306 : L.r. 2.5880e-04
[2025-06-09 18:26:44] Ep. 10 : Up. 44000 : Sen. 18,000,966 : Cost 1.45843208 : Time 471.60s : 247904.01 words/s : gNorm 0.5030 : L.r. 2.5584e-04
[2025-06-09 18:32:37] Seen 21,619,077 samples
[2025-06-09 18:32:37] Starting data epoch 11 in logical epoch 11
[2025-06-09 18:32:37] [data] Shuffling data
[2025-06-09 18:32:38] [data] Done shuffling 21,623,061 sentences (cached in RAM)
[2025-06-09 18:34:44] Ep. 11 : Up. 45000 : Sen. 1,177,203 : Cost 1.45550287 : Time 480.07s : 239572.04 words/s : gNorm 0.5173 : L.r. 2.5298e-04
[2025-06-09 18:34:44] Saving model weights and runtime parameters to /scratch/project_2011987/OpusDistillery/rules/../data/models/MA-test/baseline_2021/baseline3_2021_tiny_student/model.npz
[2025-06-09 18:34:45] Saving Adam parameters
[2025-06-09 18:34:45] [training] Saving training checkpoint to /scratch/project_2011987/OpusDistillery/rules/../data/models/MA-test/baseline_2021/baseline3_2021_tiny_student/model.npz and /scratch/project_2011987/OpusDistillery/rules/../data/models/MA-test/baseline_2021/baseline3_2021_tiny_student/model.npz.optimizer.npz
[2025-06-09 18:35:04] [valid] Ep. 11 : Up. 45000 : perplexity : 2.1528 : stalled 1 times (last best: 2.13894)
[2025-06-09 18:38:16] [valid] Ep. 11 : Up. 45000 : chrf : 73.1676 : stalled 1 times (last best: 73.3481)
[2025-06-09 18:38:34] [valid] Ep. 11 : Up. 45000 : ce-mean-words : 0.766769 : stalled 1 times (last best: 0.760311)
[2025-06-09 18:46:26] Ep. 11 : Up. 46000 : Sen. 5,998,020 : Cost 1.44106996 : Time 701.16s : 166585.51 words/s : gNorm 0.5375 : L.r. 2.5022e-04
[2025-06-09 18:54:22] Ep. 11 : Up. 47000 : Sen. 10,825,474 : Cost 1.44156492 : Time 476.32s : 245129.94 words/s : gNorm 0.5140 : L.r. 2.4754e-04
[2025-06-09 19:02:17] Ep. 11 : Up. 48000 : Sen. 15,643,490 : Cost 1.44020617 : Time 475.05s : 245921.22 words/s : gNorm 0.4746 : L.r. 2.4495e-04
[2025-06-09 19:10:14] Ep. 11 : Up. 49000 : Sen. 20,545,784 : Cost 1.43690431 : Time 477.46s : 245794.51 words/s : gNorm 0.4835 : L.r. 2.4244e-04
[2025-06-09 19:11:57] Seen 21,619,077 samples
[2025-06-09 19:11:57] Starting data epoch 12 in logical epoch 12
[2025-06-09 19:11:57] [data] Shuffling data
[2025-06-09 19:11:58] [data] Done shuffling 21,623,061 sentences (cached in RAM)
[2025-06-09 19:18:14] Ep. 12 : Up. 50000 : Sen. 3,675,483 : Cost 1.42595887 : Time 479.52s : 240774.30 words/s : gNorm 0.5335 : L.r. 2.4000e-04
[2025-06-09 19:18:14] Saving model weights and runtime parameters to /scratch/project_2011987/OpusDistillery/rules/../data/models/MA-test/baseline_2021/baseline3_2021_tiny_student/model.npz
[2025-06-09 19:18:14] Saving Adam parameters
[2025-06-09 19:18:15] [training] Saving training checkpoint to /scratch/project_2011987/OpusDistillery/rules/../data/models/MA-test/baseline_2021/baseline3_2021_tiny_student/model.npz and /scratch/project_2011987/OpusDistillery/rules/../data/models/MA-test/baseline_2021/baseline3_2021_tiny_student/model.npz.optimizer.npz
[2025-06-09 19:18:33] [valid] Ep. 12 : Up. 50000 : perplexity : 2.15305 : stalled 2 times (last best: 2.13894)
[2025-06-09 19:21:44] [valid] Ep. 12 : Up. 50000 : chrf : 73.3434 : stalled 2 times (last best: 73.3481)
[2025-06-09 19:22:02] [valid] Ep. 12 : Up. 50000 : ce-mean-words : 0.766885 : stalled 2 times (last best: 0.760311)
[2025-06-09 19:30:00] Ep. 12 : Up. 51000 : Sen. 8,572,596 : Cost 1.42764556 : Time 706.31s : 165791.90 words/s : gNorm 0.4992 : L.r. 2.3764e-04
[2025-06-09 19:37:58] Ep. 12 : Up. 52000 : Sen. 13,422,329 : Cost 1.42131424 : Time 477.45s : 245663.68 words/s : gNorm 0.4720 : L.r. 2.3534e-04
[2025-06-09 19:45:52] Ep. 12 : Up. 53000 : Sen. 18,231,567 : Cost 1.42012095 : Time 474.04s : 245775.33 words/s : gNorm 0.4759 : L.r. 2.3311e-04
[2025-06-09 19:51:18] Seen 21,619,077 samples
[2025-06-09 19:51:18] Starting data epoch 13 in logical epoch 13
[2025-06-09 19:51:18] [data] Shuffling data
[2025-06-09 19:51:19] [data] Done shuffling 21,623,061 sentences (cached in RAM)
[2025-06-09 19:53:49] Ep. 13 : Up. 54000 : Sen. 1,412,256 : Cost 1.41567862 : Time 476.99s : 241104.75 words/s : gNorm 0.4810 : L.r. 2.3094e-04
[2025-06-09 20:01:46] Ep. 13 : Up. 55000 : Sen. 6,259,472 : Cost 1.40646100 : Time 477.05s : 245704.79 words/s : gNorm 0.4607 : L.r. 2.2883e-04
[2025-06-09 20:01:46] Saving model weights and runtime parameters to /scratch/project_2011987/OpusDistillery/rules/../data/models/MA-test/baseline_2021/baseline3_2021_tiny_student/model.npz
[2025-06-09 20:01:46] Saving Adam parameters
[2025-06-09 20:01:46] [training] Saving training checkpoint to /scratch/project_2011987/OpusDistillery/rules/../data/models/MA-test/baseline_2021/baseline3_2021_tiny_student/model.npz and /scratch/project_2011987/OpusDistillery/rules/../data/models/MA-test/baseline_2021/baseline3_2021_tiny_student/model.npz.optimizer.npz
[2025-06-09 20:02:05] Saving model weights and runtime parameters to /scratch/project_2011987/OpusDistillery/rules/../data/models/MA-test/baseline_2021/baseline3_2021_tiny_student/model.npz.best-perplexity.npz
[2025-06-09 20:02:05] [valid] Ep. 13 : Up. 55000 : perplexity : 2.06713 : new best
[2025-06-09 20:05:16] Saving model weights and runtime parameters to /scratch/project_2011987/OpusDistillery/rules/../data/models/MA-test/baseline_2021/baseline3_2021_tiny_student/model.npz.best-chrf.npz
[2025-06-09 20:05:17] [valid] Ep. 13 : Up. 55000 : chrf : 73.779 : new best
[2025-06-09 20:05:35] Saving model weights and runtime parameters to /scratch/project_2011987/OpusDistillery/rules/../data/models/MA-test/baseline_2021/baseline3_2021_tiny_student/model.npz.best-ce-mean-words.npz
[2025-06-09 20:05:35] [valid] Ep. 13 : Up. 55000 : ce-mean-words : 0.726161 : new best
[2025-06-09 20:13:29] Ep. 13 : Up. 56000 : Sen. 11,105,838 : Cost 1.41364825 : Time 703.18s : 165716.51 words/s : gNorm 0.5065 : L.r. 2.2678e-04
[2025-06-09 20:21:19] Ep. 13 : Up. 57000 : Sen. 15,952,958 : Cost 1.40727746 : Time 469.55s : 248328.48 words/s : gNorm 0.4867 : L.r. 2.2478e-04
[2025-06-09 20:29:15] Ep. 13 : Up. 58000 : Sen. 20,769,180 : Cost 1.40262592 : Time 476.63s : 246730.61 words/s : gNorm 0.4499 : L.r. 2.2283e-04
[2025-06-09 20:30:36] Seen 21,619,077 samples
[2025-06-09 20:30:36] Starting data epoch 14 in logical epoch 14
[2025-06-09 20:30:36] [data] Shuffling data
[2025-06-09 20:30:37] [data] Done shuffling 21,623,061 sentences (cached in RAM)
[2025-06-09 20:37:15] Ep. 14 : Up. 59000 : Sen. 3,947,343 : Cost 1.39684927 : Time 479.47s : 239533.89 words/s : gNorm 0.4715 : L.r. 2.2094e-04
[2025-06-09 20:45:13] Ep. 14 : Up. 60000 : Sen. 8,785,356 : Cost 1.39386308 : Time 478.67s : 245881.52 words/s : gNorm 0.4569 : L.r. 2.1909e-04
[2025-06-09 20:45:13] Saving model weights and runtime parameters to /scratch/project_2011987/OpusDistillery/rules/../data/models/MA-test/baseline_2021/baseline3_2021_tiny_student/model.npz
[2025-06-09 20:45:14] Saving Adam parameters
[2025-06-09 20:45:14] [training] Saving training checkpoint to /scratch/project_2011987/OpusDistillery/rules/../data/models/MA-test/baseline_2021/baseline3_2021_tiny_student/model.npz and /scratch/project_2011987/OpusDistillery/rules/../data/models/MA-test/baseline_2021/baseline3_2021_tiny_student/model.npz.optimizer.npz
[2025-06-09 20:45:32] Saving model weights and runtime parameters to /scratch/project_2011987/OpusDistillery/rules/../data/models/MA-test/baseline_2021/baseline3_2021_tiny_student/model.npz.best-perplexity.npz
[2025-06-09 20:45:33] [valid] Ep. 14 : Up. 60000 : perplexity : 2.05263 : new best
[2025-06-09 20:48:43] Saving model weights and runtime parameters to /scratch/project_2011987/OpusDistillery/rules/../data/models/MA-test/baseline_2021/baseline3_2021_tiny_student/model.npz.best-chrf.npz
[2025-06-09 20:48:45] [valid] Ep. 14 : Up. 60000 : chrf : 73.9174 : new best
[2025-06-09 20:49:03] Saving model weights and runtime parameters to /scratch/project_2011987/OpusDistillery/rules/../data/models/MA-test/baseline_2021/baseline3_2021_tiny_student/model.npz.best-ce-mean-words.npz
[2025-06-09 20:49:04] [valid] Ep. 14 : Up. 60000 : ce-mean-words : 0.719122 : new best
[2025-06-09 20:56:59] Ep. 14 : Up. 61000 : Sen. 13,643,620 : Cost 1.39617670 : Time 705.68s : 164935.78 words/s : gNorm 0.4697 : L.r. 2.1729e-04
[2025-06-09 21:04:56] Ep. 14 : Up. 62000 : Sen. 18,513,390 : Cost 1.39672399 : Time 477.46s : 245546.80 words/s : gNorm 0.5114 : L.r. 2.1553e-04
[2025-06-09 21:09:58] Seen 21,619,077 samples
[2025-06-09 21:09:58] Starting data epoch 15 in logical epoch 15
[2025-06-09 21:09:58] [data] Shuffling data
[2025-06-09 21:09:59] [data] Done shuffling 21,623,061 sentences (cached in RAM)
[2025-06-09 21:12:53] Ep. 15 : Up. 63000 : Sen. 1,624,384 : Cost 1.38621211 : Time 476.56s : 241656.12 words/s : gNorm 0.4719 : L.r. 2.1381e-04
[2025-06-09 21:20:47] Ep. 15 : Up. 64000 : Sen. 6,477,748 : Cost 1.38372767 : Time 473.85s : 246860.33 words/s : gNorm 0.5218 : L.r. 2.1213e-04
[2025-06-09 21:28:43] Ep. 15 : Up. 65000 : Sen. 11,336,226 : Cost 1.38447809 : Time 476.17s : 246088.17 words/s : gNorm 0.4614 : L.r. 2.1049e-04
[2025-06-09 21:28:43] Saving model weights and runtime parameters to /scratch/project_2011987/OpusDistillery/rules/../data/models/MA-test/baseline_2021/baseline3_2021_tiny_student/model.npz
[2025-06-09 21:28:43] Saving Adam parameters
[2025-06-09 21:28:44] [training] Saving training checkpoint to /scratch/project_2011987/OpusDistillery/rules/../data/models/MA-test/baseline_2021/baseline3_2021_tiny_student/model.npz and /scratch/project_2011987/OpusDistillery/rules/../data/models/MA-test/baseline_2021/baseline3_2021_tiny_student/model.npz.optimizer.npz
[2025-06-09 21:29:02] [valid] Ep. 15 : Up. 65000 : perplexity : 2.06394 : stalled 1 times (last best: 2.05263)
[2025-06-09 21:32:13] [valid] Ep. 15 : Up. 65000 : chrf : 73.8373 : stalled 1 times (last best: 73.9174)
[2025-06-09 21:32:31] [valid] Ep. 15 : Up. 65000 : ce-mean-words : 0.724618 : stalled 1 times (last best: 0.719122)
[2025-06-09 21:40:25] Ep. 15 : Up. 66000 : Sen. 16,185,645 : Cost 1.38730562 : Time 701.65s : 165689.58 words/s : gNorm 0.4717 : L.r. 2.0889e-04
[2025-06-09 21:48:15] Ep. 15 : Up. 67000 : Sen. 21,039,140 : Cost 1.38365078 : Time 469.84s : 249040.32 words/s : gNorm 0.4522 : L.r. 2.0733e-04
[2025-06-09 21:49:12] Seen 21,619,077 samples
[2025-06-09 21:49:12] Starting data epoch 16 in logical epoch 16
[2025-06-09 21:49:12] [data] Shuffling data
[2025-06-09 21:49:14] [data] Done shuffling 21,623,061 sentences (cached in RAM)
[2025-06-09 21:56:18] Ep. 16 : Up. 68000 : Sen. 4,153,552 : Cost 1.37579954 : Time 483.08s : 237328.07 words/s : gNorm 0.4536 : L.r. 2.0580e-04
[2025-06-09 22:04:07] Ep. 16 : Up. 69000 : Sen. 8,999,649 : Cost 1.37574720 : Time 469.46s : 248555.13 words/s : gNorm 0.4445 : L.r. 2.0430e-04
[2025-06-09 22:12:03] Ep. 16 : Up. 70000 : Sen. 13,840,039 : Cost 1.37545836 : Time 475.62s : 245489.67 words/s : gNorm 0.4302 : L.r. 2.0284e-04
[2025-06-09 22:12:03] Saving model weights and runtime parameters to /scratch/project_2011987/OpusDistillery/rules/../data/models/MA-test/baseline_2021/baseline3_2021_tiny_student/model.npz
[2025-06-09 22:12:03] Saving Adam parameters
[2025-06-09 22:12:03] [training] Saving training checkpoint to /scratch/project_2011987/OpusDistillery/rules/../data/models/MA-test/baseline_2021/baseline3_2021_tiny_student/model.npz and /scratch/project_2011987/OpusDistillery/rules/../data/models/MA-test/baseline_2021/baseline3_2021_tiny_student/model.npz.optimizer.npz
[2025-06-09 22:12:21] Saving model weights and runtime parameters to /scratch/project_2011987/OpusDistillery/rules/../data/models/MA-test/baseline_2021/baseline3_2021_tiny_student/model.npz.best-perplexity.npz
[2025-06-09 22:12:22] [valid] Ep. 16 : Up. 70000 : perplexity : 1.99412 : new best
[2025-06-09 22:15:33] Saving model weights and runtime parameters to /scratch/project_2011987/OpusDistillery/rules/../data/models/MA-test/baseline_2021/baseline3_2021_tiny_student/model.npz.best-chrf.npz
[2025-06-09 22:15:33] [valid] Ep. 16 : Up. 70000 : chrf : 74.4407 : new best
[2025-06-09 22:15:51] Saving model weights and runtime parameters to /scratch/project_2011987/OpusDistillery/rules/../data/models/MA-test/baseline_2021/baseline3_2021_tiny_student/model.npz.best-ce-mean-words.npz
[2025-06-09 22:15:51] [valid] Ep. 16 : Up. 70000 : ce-mean-words : 0.690205 : new best
[2025-06-09 22:23:47] Ep. 16 : Up. 71000 : Sen. 18,708,884 : Cost 1.37498593 : Time 704.68s : 166350.20 words/s : gNorm 0.4562 : L.r. 2.0140e-04
[2025-06-09 22:28:32] Seen 21,619,077 samples
[2025-06-09 22:28:32] Starting data epoch 17 in logical epoch 17
[2025-06-09 22:28:32] [data] Shuffling data
[2025-06-09 22:28:33] [data] Done shuffling 21,623,061 sentences (cached in RAM)
[2025-06-09 22:31:46] Ep. 17 : Up. 72000 : Sen. 1,850,733 : Cost 1.36853862 : Time 479.11s : 240205.68 words/s : gNorm 0.4645 : L.r. 2.0000e-04
[2025-06-09 22:39:43] Ep. 17 : Up. 73000 : Sen. 6,707,625 : Cost 1.36584854 : Time 476.62s : 246332.07 words/s : gNorm 0.4523 : L.r. 1.9863e-04
[2025-06-09 22:47:36] Ep. 17 : Up. 74000 : Sen. 11,514,133 : Cost 1.36847973 : Time 473.32s : 245762.59 words/s : gNorm 0.4519 : L.r. 1.9728e-04
[2025-06-09 22:55:32] Ep. 17 : Up. 75000 : Sen. 16,463,571 : Cost 1.36598909 : Time 475.84s : 246625.74 words/s : gNorm 0.5033 : L.r. 1.9596e-04
[2025-06-09 22:55:32] Saving model weights and runtime parameters to /scratch/project_2011987/OpusDistillery/rules/../data/models/MA-test/baseline_2021/baseline3_2021_tiny_student/model.npz
[2025-06-09 22:55:33] Saving Adam parameters
[2025-06-09 22:55:33] [training] Saving training checkpoint to /scratch/project_2011987/OpusDistillery/rules/../data/models/MA-test/baseline_2021/baseline3_2021_tiny_student/model.npz and /scratch/project_2011987/OpusDistillery/rules/../data/models/MA-test/baseline_2021/baseline3_2021_tiny_student/model.npz.optimizer.npz
[2025-06-09 22:55:52] [valid] Ep. 17 : Up. 75000 : perplexity : 2.03583 : stalled 1 times (last best: 1.99412)
[2025-06-09 22:59:04] [valid] Ep. 17 : Up. 75000 : chrf : 74.1829 : stalled 1 times (last best: 74.4407)
[2025-06-09 22:59:22] [valid] Ep. 17 : Up. 75000 : ce-mean-words : 0.710902 : stalled 1 times (last best: 0.690205)
[2025-06-09 23:07:08] Ep. 17 : Up. 76000 : Sen. 21,195,614 : Cost 1.36842465 : Time 695.44s : 167116.57 words/s : gNorm 0.4374 : L.r. 1.9467e-04
[2025-06-09 23:07:47] Seen 21,619,077 samples
[2025-06-09 23:07:47] Starting data epoch 18 in logical epoch 18
[2025-06-09 23:07:47] [data] Shuffling data
[2025-06-09 23:07:48] [data] Done shuffling 21,623,061 sentences (cached in RAM)
[2025-06-09 23:15:13] Ep. 18 : Up. 77000 : Sen. 4,443,344 : Cost 1.35835564 : Time 485.30s : 239399.66 words/s : gNorm 0.4460 : L.r. 1.9340e-04
[2025-06-09 23:23:04] Ep. 18 : Up. 78000 : Sen. 9,248,149 : Cost 1.36179948 : Time 471.39s : 246637.15 words/s : gNorm 0.4714 : L.r. 1.9215e-04
[2025-06-09 23:30:59] Ep. 18 : Up. 79000 : Sen. 14,072,838 : Cost 1.35714400 : Time 475.02s : 246373.60 words/s : gNorm 0.4652 : L.r. 1.9093e-04
[2025-06-09 23:38:51] Ep. 18 : Up. 80000 : Sen. 18,939,539 : Cost 1.36329901 : Time 471.13s : 248110.15 words/s : gNorm 0.4330 : L.r. 1.8974e-04
[2025-06-09 23:38:51] Saving model weights and runtime parameters to /scratch/project_2011987/OpusDistillery/rules/../data/models/MA-test/baseline_2021/baseline3_2021_tiny_student/model.npz
[2025-06-09 23:38:51] Saving Adam parameters
[2025-06-09 23:38:51] [training] Saving training checkpoint to /scratch/project_2011987/OpusDistillery/rules/../data/models/MA-test/baseline_2021/baseline3_2021_tiny_student/model.npz and /scratch/project_2011987/OpusDistillery/rules/../data/models/MA-test/baseline_2021/baseline3_2021_tiny_student/model.npz.optimizer.npz
[2025-06-09 23:39:09] [valid] Ep. 18 : Up. 80000 : perplexity : 2.01206 : stalled 2 times (last best: 1.99412)
[2025-06-09 23:42:20] [valid] Ep. 18 : Up. 80000 : chrf : 74.3233 : stalled 2 times (last best: 74.4407)
[2025-06-09 23:42:37] [valid] Ep. 18 : Up. 80000 : ce-mean-words : 0.699161 : stalled 2 times (last best: 0.690205)
[2025-06-09 23:46:59] Seen 21,619,077 samples
[2025-06-09 23:46:59] Starting data epoch 19 in logical epoch 19
[2025-06-09 23:46:59] [data] Shuffling data
[2025-06-09 23:47:00] [data] Done shuffling 21,623,061 sentences (cached in RAM)
[2025-06-09 23:50:39] Ep. 19 : Up. 81000 : Sen. 2,099,101 : Cost 1.35531104 : Time 708.19s : 162221.50 words/s : gNorm 0.4779 : L.r. 1.8856e-04
[2025-06-09 23:58:31] Ep. 19 : Up. 82000 : Sen. 6,933,783 : Cost 1.35257971 : Time 472.62s : 247665.94 words/s : gNorm 0.4607 : L.r. 1.8741e-04
[2025-06-10 00:06:34] Ep. 19 : Up. 83000 : Sen. 11,802,750 : Cost 1.34958386 : Time 482.93s : 243653.23 words/s : gNorm 0.4411 : L.r. 1.8628e-04
[2025-06-10 00:14:28] Ep. 19 : Up. 84000 : Sen. 16,631,032 : Cost 1.35446632 : Time 473.31s : 246166.80 words/s : gNorm 0.4860 : L.r. 1.8516e-04
[2025-06-10 00:22:13] Ep. 19 : Up. 85000 : Sen. 21,401,944 : Cost 1.35519397 : Time 465.84s : 247349.37 words/s : gNorm 0.4297 : L.r. 1.8407e-04
[2025-06-10 00:22:13] Saving model weights and runtime parameters to /scratch/project_2011987/OpusDistillery/rules/../data/models/MA-test/baseline_2021/baseline3_2021_tiny_student/model.npz
[2025-06-10 00:22:14] Saving Adam parameters
[2025-06-10 00:22:14] [training] Saving training checkpoint to /scratch/project_2011987/OpusDistillery/rules/../data/models/MA-test/baseline_2021/baseline3_2021_tiny_student/model.npz and /scratch/project_2011987/OpusDistillery/rules/../data/models/MA-test/baseline_2021/baseline3_2021_tiny_student/model.npz.optimizer.npz
[2025-06-10 00:22:33] [valid] Ep. 19 : Up. 85000 : perplexity : 2.01565 : stalled 3 times (last best: 1.99412)
[2025-06-10 00:25:43] [valid] Ep. 19 : Up. 85000 : chrf : 73.9901 : stalled 3 times (last best: 74.4407)
[2025-06-10 00:26:00] [valid] Ep. 19 : Up. 85000 : ce-mean-words : 0.70094 : stalled 3 times (last best: 0.690205)
[2025-06-10 00:26:21] Seen 21,619,077 samples
[2025-06-10 00:26:21] Starting data epoch 20 in logical epoch 20
[2025-06-10 00:26:21] [data] Shuffling data
[2025-06-10 00:26:22] [data] Done shuffling 21,623,061 sentences (cached in RAM)
[2025-06-10 00:34:08] Ep. 20 : Up. 86000 : Sen. 4,629,229 : Cost 1.34700298 : Time 714.36s : 163839.88 words/s : gNorm 0.4565 : L.r. 1.8300e-04
[2025-06-10 00:42:04] Ep. 20 : Up. 87000 : Sen. 9,486,296 : Cost 1.34486020 : Time 476.59s : 245797.21 words/s : gNorm 0.4685 : L.r. 1.8194e-04
[2025-06-10 00:50:04] Ep. 20 : Up. 88000 : Sen. 14,387,789 : Cost 1.34794867 : Time 479.50s : 246307.70 words/s : gNorm 0.4132 : L.r. 1.8091e-04
[2025-06-10 00:57:58] Ep. 20 : Up. 89000 : Sen. 19,217,808 : Cost 1.34560692 : Time 474.38s : 246167.44 words/s : gNorm 0.4439 : L.r. 1.7989e-04
[2025-06-10 01:01:47] Seen 21,619,077 samples
[2025-06-10 01:01:47] Starting data epoch 21 in logical epoch 21
[2025-06-10 01:01:47] [data] Shuffling data
[2025-06-10 01:01:48] [data] Done shuffling 21,623,061 sentences (cached in RAM)
[2025-06-10 01:05:56] Ep. 21 : Up. 90000 : Sen. 2,315,002 : Cost 1.34178865 : Time 477.63s : 240171.12 words/s : gNorm 0.4394 : L.r. 1.7889e-04
[2025-06-10 01:05:56] Saving model weights and runtime parameters to /scratch/project_2011987/OpusDistillery/rules/../data/models/MA-test/baseline_2021/baseline3_2021_tiny_student/model.npz
[2025-06-10 01:05:56] Saving Adam parameters
[2025-06-10 01:05:56] [training] Saving training checkpoint to /scratch/project_2011987/OpusDistillery/rules/../data/models/MA-test/baseline_2021/baseline3_2021_tiny_student/model.npz and /scratch/project_2011987/OpusDistillery/rules/../data/models/MA-test/baseline_2021/baseline3_2021_tiny_student/model.npz.optimizer.npz
[2025-06-10 01:06:15] Saving model weights and runtime parameters to /scratch/project_2011987/OpusDistillery/rules/../data/models/MA-test/baseline_2021/baseline3_2021_tiny_student/model.npz.best-perplexity.npz
[2025-06-10 01:06:15] [valid] Ep. 21 : Up. 90000 : perplexity : 1.98549 : new best
[2025-06-10 01:09:28] Saving model weights and runtime parameters to /scratch/project_2011987/OpusDistillery/rules/../data/models/MA-test/baseline_2021/baseline3_2021_tiny_student/model.npz.best-chrf.npz
[2025-06-10 01:09:28] [valid] Ep. 21 : Up. 90000 : chrf : 74.4962 : new best
[2025-06-10 01:09:46] Saving model weights and runtime parameters to /scratch/project_2011987/OpusDistillery/rules/../data/models/MA-test/baseline_2021/baseline3_2021_tiny_student/model.npz.best-ce-mean-words.npz
[2025-06-10 01:09:46] [valid] Ep. 21 : Up. 90000 : ce-mean-words : 0.685864 : new best
[2025-06-10 01:17:42] Ep. 21 : Up. 91000 : Sen. 7,233,175 : Cost 1.34464014 : Time 706.24s : 166063.16 words/s : gNorm 0.4605 : L.r. 1.7790e-04
[2025-06-10 01:25:38] Ep. 21 : Up. 92000 : Sen. 12,097,555 : Cost 1.33971405 : Time 475.44s : 246537.60 words/s : gNorm 0.4468 : L.r. 1.7693e-04
[2025-06-10 01:33:28] Ep. 21 : Up. 93000 : Sen. 16,924,860 : Cost 1.34360647 : Time 470.85s : 247775.25 words/s : gNorm 0.4294 : L.r. 1.7598e-04
[2025-06-10 01:41:06] Seen 21,619,077 samples
[2025-06-10 01:41:06] Starting data epoch 22 in logical epoch 22
[2025-06-10 01:41:06] [data] Shuffling data
[2025-06-10 01:41:07] [data] Done shuffling 21,623,061 sentences (cached in RAM)
[2025-06-10 01:41:31] Ep. 22 : Up. 94000 : Sen. 89,228 : Cost 1.34141123 : Time 482.70s : 239251.82 words/s : gNorm 0.4808 : L.r. 1.7504e-04
[2025-06-10 01:49:22] Ep. 22 : Up. 95000 : Sen. 4,956,007 : Cost 1.33301067 : Time 471.31s : 248109.44 words/s : gNorm 0.4579 : L.r. 1.7411e-04
[2025-06-10 01:49:22] Saving model weights and runtime parameters to /scratch/project_2011987/OpusDistillery/rules/../data/models/MA-test/baseline_2021/baseline3_2021_tiny_student/model.npz
[2025-06-10 01:49:23] Saving Adam parameters
[2025-06-10 01:49:23] [training] Saving training checkpoint to /scratch/project_2011987/OpusDistillery/rules/../data/models/MA-test/baseline_2021/baseline3_2021_tiny_student/model.npz and /scratch/project_2011987/OpusDistillery/rules/../data/models/MA-test/baseline_2021/baseline3_2021_tiny_student/model.npz.optimizer.npz
[2025-06-10 01:49:41] Saving model weights and runtime parameters to /scratch/project_2011987/OpusDistillery/rules/../data/models/MA-test/baseline_2021/baseline3_2021_tiny_student/model.npz.best-perplexity.npz
[2025-06-10 01:49:41] [valid] Ep. 22 : Up. 95000 : perplexity : 1.97164 : new best
[2025-06-10 01:52:52] Saving model weights and runtime parameters to /scratch/project_2011987/OpusDistillery/rules/../data/models/MA-test/baseline_2021/baseline3_2021_tiny_student/model.npz.best-chrf.npz
[2025-06-10 01:52:52] [valid] Ep. 22 : Up. 95000 : chrf : 74.7057 : new best
[2025-06-10 01:53:10] Saving model weights and runtime parameters to /scratch/project_2011987/OpusDistillery/rules/../data/models/MA-test/baseline_2021/baseline3_2021_tiny_student/model.npz.best-ce-mean-words.npz
[2025-06-10 01:53:10] [valid] Ep. 22 : Up. 95000 : ce-mean-words : 0.678866 : new best
[2025-06-10 02:01:02] Ep. 22 : Up. 96000 : Sen. 9,751,228 : Cost 1.33948767 : Time 699.29s : 166146.78 words/s : gNorm 0.4495 : L.r. 1.7321e-04
[2025-06-10 02:09:00] Ep. 22 : Up. 97000 : Sen. 14,603,581 : Cost 1.33513165 : Time 478.71s : 246053.70 words/s : gNorm 0.4539 : L.r. 1.7231e-04
[2025-06-10 02:16:57] Ep. 22 : Up. 98000 : Sen. 19,503,179 : Cost 1.34261894 : Time 476.08s : 244384.16 words/s : gNorm 0.4928 : L.r. 1.7143e-04
[2025-06-10 02:20:24] Seen 21,619,077 samples
[2025-06-10 02:20:24] Starting data epoch 23 in logical epoch 23
[2025-06-10 02:20:24] [data] Shuffling data
[2025-06-10 02:20:25] [data] Done shuffling 21,623,061 sentences (cached in RAM)
[2025-06-10 02:24:56] Ep. 23 : Up. 99000 : Sen. 2,659,934 : Cost 1.32996631 : Time 479.83s : 241491.69 words/s : gNorm 0.4374 : L.r. 1.7056e-04
[2025-06-10 02:32:50] Ep. 23 : Up. 100000 : Sen. 7,408,949 : Cost 1.33047092 : Time 473.37s : 245443.19 words/s : gNorm 0.4339 : L.r. 1.6971e-04
[2025-06-10 02:32:50] Saving model weights and runtime parameters to /scratch/project_2011987/OpusDistillery/rules/../data/models/MA-test/baseline_2021/baseline3_2021_tiny_student/model.npz
[2025-06-10 02:32:50] Saving Adam parameters
[2025-06-10 02:32:50] [training] Saving training checkpoint to /scratch/project_2011987/OpusDistillery/rules/../data/models/MA-test/baseline_2021/baseline3_2021_tiny_student/model.npz and /scratch/project_2011987/OpusDistillery/rules/../data/models/MA-test/baseline_2021/baseline3_2021_tiny_student/model.npz.optimizer.npz
[2025-06-10 02:33:09] [valid] Ep. 23 : Up. 100000 : perplexity : 2.03279 : stalled 1 times (last best: 1.97164)
[2025-06-10 02:36:20] [valid] Ep. 23 : Up. 100000 : chrf : 74.5217 : stalled 1 times (last best: 74.7057)
[2025-06-10 02:36:38] [valid] Ep. 23 : Up. 100000 : ce-mean-words : 0.709407 : stalled 1 times (last best: 0.678866)
[2025-06-10 02:44:36] Ep. 23 : Up. 101000 : Sen. 12,387,581 : Cost 1.33474386 : Time 706.16s : 166695.48 words/s : gNorm 0.4335 : L.r. 1.6886e-04
[2025-06-10 02:52:32] Ep. 23 : Up. 102000 : Sen. 17,186,144 : Cost 1.33114839 : Time 475.69s : 246074.27 words/s : gNorm 0.4803 : L.r. 1.6803e-04
[2025-06-10 02:59:39] Seen 21,619,077 samples
[2025-06-10 02:59:39] Starting data epoch 24 in logical epoch 24
[2025-06-10 02:59:39] [data] Shuffling data
[2025-06-10 02:59:40] [data] Done shuffling 21,623,061 sentences (cached in RAM)
[2025-06-10 03:00:27] Ep. 24 : Up. 103000 : Sen. 338,362 : Cost 1.33403349 : Time 475.14s : 241562.32 words/s : gNorm 0.4602 : L.r. 1.6722e-04
[2025-06-10 03:08:22] Ep. 24 : Up. 104000 : Sen. 5,176,455 : Cost 1.32525086 : Time 475.18s : 246039.56 words/s : gNorm 0.4517 : L.r. 1.6641e-04
[2025-06-10 03:16:14] Ep. 24 : Up. 105000 : Sen. 10,007,553 : Cost 1.32805264 : Time 472.00s : 247380.93 words/s : gNorm 0.4626 : L.r. 1.6562e-04
[2025-06-10 03:16:14] Saving model weights and runtime parameters to /scratch/project_2011987/OpusDistillery/rules/../data/models/MA-test/baseline_2021/baseline3_2021_tiny_student/model.npz
[2025-06-10 03:16:15] Saving Adam parameters
[2025-06-10 03:16:15] [training] Saving training checkpoint to /scratch/project_2011987/OpusDistillery/rules/../data/models/MA-test/baseline_2021/baseline3_2021_tiny_student/model.npz and /scratch/project_2011987/OpusDistillery/rules/../data/models/MA-test/baseline_2021/baseline3_2021_tiny_student/model.npz.optimizer.npz
[2025-06-10 03:16:38] [valid] Ep. 24 : Up. 105000 : perplexity : 2.02445 : stalled 2 times (last best: 1.97164)
[2025-06-10 03:19:48] [valid] Ep. 24 : Up. 105000 : chrf : 74.2419 : stalled 2 times (last best: 74.7057)
[2025-06-10 03:20:06] [valid] Ep. 24 : Up. 105000 : ce-mean-words : 0.705297 : stalled 2 times (last best: 0.678866)
[2025-06-10 03:27:57] Ep. 24 : Up. 106000 : Sen. 14,880,296 : Cost 1.33124709 : Time 703.43s : 166138.48 words/s : gNorm 0.4270 : L.r. 1.6483e-04
[2025-06-10 03:35:53] Ep. 24 : Up. 107000 : Sen. 19,710,558 : Cost 1.32967377 : Time 475.38s : 245870.12 words/s : gNorm 0.4261 : L.r. 1.6406e-04
[2025-06-10 03:38:57] Seen 21,619,077 samples
[2025-06-10 03:38:57] Starting data epoch 25 in logical epoch 25
[2025-06-10 03:38:57] [data] Shuffling data
[2025-06-10 03:38:58] [data] Done shuffling 21,623,061 sentences (cached in RAM)
[2025-06-10 03:43:49] Ep. 25 : Up. 108000 : Sen. 2,842,625 : Cost 1.31994033 : Time 476.70s : 242205.54 words/s : gNorm 0.4031 : L.r. 1.6330e-04
[2025-06-10 03:51:48] Ep. 25 : Up. 109000 : Sen. 7,785,600 : Cost 1.32647848 : Time 478.31s : 246285.61 words/s : gNorm 0.4509 : L.r. 1.6255e-04
[2025-06-10 03:59:46] Ep. 25 : Up. 110000 : Sen. 12,612,730 : Cost 1.32458043 : Time 478.16s : 243586.14 words/s : gNorm 0.4512 : L.r. 1.6181e-04
[2025-06-10 03:59:46] Saving model weights and runtime parameters to /scratch/project_2011987/OpusDistillery/rules/../data/models/MA-test/baseline_2021/baseline3_2021_tiny_student/model.npz
[2025-06-10 03:59:47] Saving Adam parameters
[2025-06-10 03:59:47] [training] Saving training checkpoint to /scratch/project_2011987/OpusDistillery/rules/../data/models/MA-test/baseline_2021/baseline3_2021_tiny_student/model.npz and /scratch/project_2011987/OpusDistillery/rules/../data/models/MA-test/baseline_2021/baseline3_2021_tiny_student/model.npz.optimizer.npz
[2025-06-10 04:00:06] [valid] Ep. 25 : Up. 110000 : perplexity : 1.98763 : stalled 3 times (last best: 1.97164)
[2025-06-10 04:03:17] Saving model weights and runtime parameters to /scratch/project_2011987/OpusDistillery/rules/../data/models/MA-test/baseline_2021/baseline3_2021_tiny_student/model.npz.best-chrf.npz
[2025-06-10 04:03:18] [valid] Ep. 25 : Up. 110000 : chrf : 74.7271 : new best
[2025-06-10 04:03:35] [valid] Ep. 25 : Up. 110000 : ce-mean-words : 0.686941 : stalled 3 times (last best: 0.678866)
[2025-06-10 04:11:29] Ep. 25 : Up. 111000 : Sen. 17,451,623 : Cost 1.32623613 : Time 703.15s : 166187.79 words/s : gNorm 0.4528 : L.r. 1.6108e-04
[2025-06-10 04:18:16] Seen 21,619,077 samples
[2025-06-10 04:18:16] Starting data epoch 26 in logical epoch 26
[2025-06-10 04:18:16] [data] Shuffling data
[2025-06-10 04:18:17] [data] Done shuffling 21,623,061 sentences (cached in RAM)
[2025-06-10 04:19:26] Ep. 26 : Up. 112000 : Sen. 613,460 : Cost 1.32426536 : Time 477.20s : 241671.77 words/s : gNorm 0.4669 : L.r. 1.6036e-04
[2025-06-10 04:27:26] Ep. 26 : Up. 113000 : Sen. 5,448,443 : Cost 1.31459248 : Time 479.39s : 244951.06 words/s : gNorm 0.4294 : L.r. 1.5965e-04
[2025-06-10 04:35:22] Ep. 26 : Up. 114000 : Sen. 10,284,520 : Cost 1.32106662 : Time 476.51s : 245725.95 words/s : gNorm 0.4107 : L.r. 1.5894e-04
[2025-06-10 04:43:16] Ep. 26 : Up. 115000 : Sen. 15,125,170 : Cost 1.32339823 : Time 473.83s : 246682.16 words/s : gNorm 0.4391 : L.r. 1.5825e-04
[2025-06-10 04:43:16] Saving model weights and runtime parameters to /scratch/project_2011987/OpusDistillery/rules/../data/models/MA-test/baseline_2021/baseline3_2021_tiny_student/model.npz
[2025-06-10 04:43:16] Saving Adam parameters
[2025-06-10 04:43:17] [training] Saving training checkpoint to /scratch/project_2011987/OpusDistillery/rules/../data/models/MA-test/baseline_2021/baseline3_2021_tiny_student/model.npz and /scratch/project_2011987/OpusDistillery/rules/../data/models/MA-test/baseline_2021/baseline3_2021_tiny_student/model.npz.optimizer.npz
[2025-06-10 04:43:35] Saving model weights and runtime parameters to /scratch/project_2011987/OpusDistillery/rules/../data/models/MA-test/baseline_2021/baseline3_2021_tiny_student/model.npz.best-perplexity.npz
[2025-06-10 04:43:36] [valid] Ep. 26 : Up. 115000 : perplexity : 1.96913 : new best
[2025-06-10 04:46:48] Saving model weights and runtime parameters to /scratch/project_2011987/OpusDistillery/rules/../data/models/MA-test/baseline_2021/baseline3_2021_tiny_student/model.npz.best-chrf.npz
[2025-06-10 04:46:48] [valid] Ep. 26 : Up. 115000 : chrf : 74.7798 : new best
[2025-06-10 04:47:06] Saving model weights and runtime parameters to /scratch/project_2011987/OpusDistillery/rules/../data/models/MA-test/baseline_2021/baseline3_2021_tiny_student/model.npz.best-ce-mean-words.npz
[2025-06-10 04:47:06] [valid] Ep. 26 : Up. 115000 : ce-mean-words : 0.677592 : new best
[2025-06-10 04:54:58] Ep. 26 : Up. 116000 : Sen. 19,996,320 : Cost 1.32252932 : Time 701.84s : 166500.13 words/s : gNorm 0.4556 : L.r. 1.5757e-04
[2025-06-10 04:57:35] Seen 21,619,077 samples
[2025-06-10 04:57:35] Starting data epoch 27 in logical epoch 27
[2025-06-10 04:57:35] [data] Shuffling data
[2025-06-10 04:57:36] [data] Done shuffling 21,623,061 sentences (cached in RAM)
[2025-06-10 05:02:59] Ep. 27 : Up. 117000 : Sen. 3,150,462 : Cost 1.31689787 : Time 481.39s : 238783.56 words/s : gNorm 0.4424 : L.r. 1.5689e-04
[2025-06-10 05:10:49] Ep. 27 : Up. 118000 : Sen. 7,980,317 : Cost 1.31483257 : Time 470.07s : 248198.27 words/s : gNorm 0.4506 : L.r. 1.5623e-04
[2025-06-10 05:18:45] Ep. 27 : Up. 119000 : Sen. 12,828,029 : Cost 1.31863701 : Time 476.18s : 245147.08 words/s : gNorm 0.4423 : L.r. 1.5557e-04
[2025-06-10 05:26:44] Ep. 27 : Up. 120000 : Sen. 17,670,239 : Cost 1.31958938 : Time 478.26s : 245106.86 words/s : gNorm 0.4482 : L.r. 1.5492e-04
[2025-06-10 05:26:44] Saving model weights and runtime parameters to /scratch/project_2011987/OpusDistillery/rules/../data/models/MA-test/baseline_2021/baseline3_2021_tiny_student/model.npz
[2025-06-10 05:26:44] Saving Adam parameters
[2025-06-10 05:26:44] [training] Saving training checkpoint to /scratch/project_2011987/OpusDistillery/rules/../data/models/MA-test/baseline_2021/baseline3_2021_tiny_student/model.npz and /scratch/project_2011987/OpusDistillery/rules/../data/models/MA-test/baseline_2021/baseline3_2021_tiny_student/model.npz.optimizer.npz
[2025-06-10 05:27:02] [valid] Ep. 27 : Up. 120000 : perplexity : 1.97101 : stalled 1 times (last best: 1.96913)
[2025-06-10 05:30:13] [valid] Ep. 27 : Up. 120000 : chrf : 74.545 : stalled 1 times (last best: 74.7798)
[2025-06-10 05:30:31] [valid] Ep. 27 : Up. 120000 : ce-mean-words : 0.678547 : stalled 1 times (last best: 0.677592)
[2025-06-10 05:36:55] Seen 21,619,077 samples
[2025-06-10 05:36:55] Starting data epoch 28 in logical epoch 28
[2025-06-10 05:36:55] [data] Shuffling data
[2025-06-10 05:36:56] [data] Done shuffling 21,623,061 sentences (cached in RAM)
[2025-06-10 05:38:31] Ep. 28 : Up. 121000 : Sen. 802,128 : Cost 1.31546712 : Time 707.04s : 163548.07 words/s : gNorm 0.4652 : L.r. 1.5428e-04
[2025-06-10 05:46:26] Ep. 28 : Up. 122000 : Sen. 5,710,736 : Cost 1.31194639 : Time 475.19s : 246133.20 words/s : gNorm 0.5022 : L.r. 1.5364e-04
[2025-06-10 05:54:21] Ep. 28 : Up. 123000 : Sen. 10,534,790 : Cost 1.31422746 : Time 474.61s : 245929.57 words/s : gNorm 0.4542 : L.r. 1.5302e-04
[2025-06-10 06:02:14] Ep. 28 : Up. 124000 : Sen. 15,365,636 : Cost 1.31744361 : Time 473.42s : 246078.12 words/s : gNorm 0.4427 : L.r. 1.5240e-04
[2025-06-10 06:10:10] Ep. 28 : Up. 125000 : Sen. 20,252,229 : Cost 1.31565893 : Time 475.56s : 247071.06 words/s : gNorm 0.4402 : L.r. 1.5179e-04
[2025-06-10 06:10:10] Saving model weights and runtime parameters to /scratch/project_2011987/OpusDistillery/rules/../data/models/MA-test/baseline_2021/baseline3_2021_tiny_student/model.npz
[2025-06-10 06:10:10] Saving Adam parameters
[2025-06-10 06:10:10] [training] Saving training checkpoint to /scratch/project_2011987/OpusDistillery/rules/../data/models/MA-test/baseline_2021/baseline3_2021_tiny_student/model.npz and /scratch/project_2011987/OpusDistillery/rules/../data/models/MA-test/baseline_2021/baseline3_2021_tiny_student/model.npz.optimizer.npz
[2025-06-10 06:10:28] [valid] Ep. 28 : Up. 125000 : perplexity : 1.97711 : stalled 2 times (last best: 1.96913)
[2025-06-10 06:13:39] [valid] Ep. 28 : Up. 125000 : chrf : 74.7788 : stalled 2 times (last best: 74.7798)
[2025-06-10 06:13:56] [valid] Ep. 28 : Up. 125000 : ce-mean-words : 0.681637 : stalled 2 times (last best: 0.677592)
[2025-06-10 06:16:08] Seen 21,619,077 samples
[2025-06-10 06:16:08] Starting data epoch 29 in logical epoch 29
[2025-06-10 06:16:08] [data] Shuffling data
[2025-06-10 06:16:09] [data] Done shuffling 21,623,061 sentences (cached in RAM)
[2025-06-10 06:21:54] Ep. 29 : Up. 126000 : Sen. 3,322,082 : Cost 1.30663383 : Time 704.16s : 163244.97 words/s : gNorm 0.4154 : L.r. 1.5119e-04
[2025-06-10 06:29:50] Ep. 29 : Up. 127000 : Sen. 8,264,739 : Cost 1.31133211 : Time 475.90s : 246498.67 words/s : gNorm 0.4278 : L.r. 1.5059e-04
[2025-06-10 06:37:47] Ep. 29 : Up. 128000 : Sen. 13,095,345 : Cost 1.31270695 : Time 476.98s : 245276.45 words/s : gNorm 0.4451 : L.r. 1.5000e-04
[2025-06-10 06:45:38] Ep. 29 : Up. 129000 : Sen. 17,912,195 : Cost 1.31108224 : Time 471.48s : 246990.40 words/s : gNorm 0.4465 : L.r. 1.4942e-04
[2025-06-10 06:51:40] Seen 21,619,077 samples
[2025-06-10 06:51:40] Starting data epoch 30 in logical epoch 30
[2025-06-10 06:51:40] [data] Shuffling data
[2025-06-10 06:51:41] [data] Done shuffling 21,623,061 sentences (cached in RAM)
[2025-06-10 06:53:39] Ep. 30 : Up. 130000 : Sen. 1,068,481 : Cost 1.31204033 : Time 481.02s : 239455.42 words/s : gNorm 0.4194 : L.r. 1.4884e-04
[2025-06-10 06:53:39] Saving model weights and runtime parameters to /scratch/project_2011987/OpusDistillery/rules/../data/models/MA-test/baseline_2021/baseline3_2021_tiny_student/model.npz
[2025-06-10 06:53:39] Saving Adam parameters
[2025-06-10 06:53:40] [training] Saving training checkpoint to /scratch/project_2011987/OpusDistillery/rules/../data/models/MA-test/baseline_2021/baseline3_2021_tiny_student/model.npz and /scratch/project_2011987/OpusDistillery/rules/../data/models/MA-test/baseline_2021/baseline3_2021_tiny_student/model.npz.optimizer.npz
[2025-06-10 06:53:58] [valid] Ep. 30 : Up. 130000 : perplexity : 2.00403 : stalled 3 times (last best: 1.96913)
[2025-06-10 06:57:08] [valid] Ep. 30 : Up. 130000 : chrf : 74.3644 : stalled 3 times (last best: 74.7798)
[2025-06-10 06:57:26] [valid] Ep. 30 : Up. 130000 : ce-mean-words : 0.695159 : stalled 3 times (last best: 0.677592)
[2025-06-10 07:05:19] Ep. 30 : Up. 131000 : Sen. 5,945,474 : Cost 1.30717206 : Time 699.49s : 167243.17 words/s : gNorm 0.4134 : L.r. 1.4827e-04
[2025-06-10 07:13:15] Ep. 30 : Up. 132000 : Sen. 10,776,769 : Cost 1.30835259 : Time 476.35s : 245442.27 words/s : gNorm 0.4840 : L.r. 1.4771e-04
[2025-06-10 07:21:11] Ep. 30 : Up. 133000 : Sen. 15,538,313 : Cost 1.31029189 : Time 475.82s : 245175.31 words/s : gNorm 0.4476 : L.r. 1.4715e-04
[2025-06-10 07:29:03] Ep. 30 : Up. 134000 : Sen. 20,439,852 : Cost 1.31217098 : Time 472.71s : 246654.46 words/s : gNorm 0.4691 : L.r. 1.4660e-04
[2025-06-10 07:30:56] Seen 21,619,077 samples
[2025-06-10 07:30:56] Starting data epoch 31 in logical epoch 31
[2025-06-10 07:30:56] [data] Shuffling data
[2025-06-10 07:30:57] [data] Done shuffling 21,623,061 sentences (cached in RAM)
[2025-06-10 07:37:05] Ep. 31 : Up. 135000 : Sen. 3,599,319 : Cost 1.30270708 : Time 481.07s : 239218.15 words/s : gNorm 0.4699 : L.r. 1.4606e-04
[2025-06-10 07:37:05] Saving model weights and runtime parameters to /scratch/project_2011987/OpusDistillery/rules/../data/models/MA-test/baseline_2021/baseline3_2021_tiny_student/model.npz
[2025-06-10 07:37:05] Saving Adam parameters
[2025-06-10 07:37:05] [training] Saving training checkpoint to /scratch/project_2011987/OpusDistillery/rules/../data/models/MA-test/baseline_2021/baseline3_2021_tiny_student/model.npz and /scratch/project_2011987/OpusDistillery/rules/../data/models/MA-test/baseline_2021/baseline3_2021_tiny_student/model.npz.optimizer.npz
[2025-06-10 07:37:23] Saving model weights and runtime parameters to /scratch/project_2011987/OpusDistillery/rules/../data/models/MA-test/baseline_2021/baseline3_2021_tiny_student/model.npz.best-perplexity.npz
[2025-06-10 07:37:23] [valid] Ep. 31 : Up. 135000 : perplexity : 1.96858 : new best
[2025-06-10 07:40:35] [valid] Ep. 31 : Up. 135000 : chrf : 74.401 : stalled 4 times (last best: 74.7798)
[2025-06-10 07:40:52] Saving model weights and runtime parameters to /scratch/project_2011987/OpusDistillery/rules/../data/models/MA-test/baseline_2021/baseline3_2021_tiny_student/model.npz.best-ce-mean-words.npz
[2025-06-10 07:40:52] [valid] Ep. 31 : Up. 135000 : ce-mean-words : 0.677314 : new best
[2025-06-10 07:48:48] Ep. 31 : Up. 136000 : Sen. 8,367,734 : Cost 1.30378270 : Time 703.76s : 165798.13 words/s : gNorm 0.4433 : L.r. 1.4552e-04
[2025-06-10 07:56:43] Ep. 31 : Up. 137000 : Sen. 13,255,527 : Cost 1.30651104 : Time 475.17s : 245670.59 words/s : gNorm 0.4443 : L.r. 1.4499e-04
[2025-06-10 08:04:37] Ep. 31 : Up. 138000 : Sen. 18,104,190 : Cost 1.30994189 : Time 473.80s : 246232.65 words/s : gNorm 0.4308 : L.r. 1.4446e-04
[2025-06-10 08:10:16] Seen 21,619,077 samples
[2025-06-10 08:10:16] Starting data epoch 32 in logical epoch 32
[2025-06-10 08:10:16] [data] Shuffling data
[2025-06-10 08:10:17] [data] Done shuffling 21,623,061 sentences (cached in RAM)
[2025-06-10 08:12:36] Ep. 32 : Up. 139000 : Sen. 1,261,697 : Cost 1.30251122 : Time 478.47s : 241059.51 words/s : gNorm 0.4194 : L.r. 1.4394e-04
[2025-06-10 08:20:32] Ep. 32 : Up. 140000 : Sen. 6,140,499 : Cost 1.30443609 : Time 476.61s : 246454.48 words/s : gNorm 0.4660 : L.r. 1.4343e-04
[2025-06-10 08:20:32] Saving model weights and runtime parameters to /scratch/project_2011987/OpusDistillery/rules/../data/models/MA-test/baseline_2021/baseline3_2021_tiny_student/model.npz
[2025-06-10 08:20:33] Saving Adam parameters
[2025-06-10 08:20:33] [training] Saving training checkpoint to /scratch/project_2011987/OpusDistillery/rules/../data/models/MA-test/baseline_2021/baseline3_2021_tiny_student/model.npz and /scratch/project_2011987/OpusDistillery/rules/../data/models/MA-test/baseline_2021/baseline3_2021_tiny_student/model.npz.optimizer.npz
[2025-06-10 08:20:52] [valid] Ep. 32 : Up. 140000 : perplexity : 1.97698 : stalled 1 times (last best: 1.96858)
[2025-06-10 08:24:02] [valid] Ep. 32 : Up. 140000 : chrf : 74.6575 : stalled 5 times (last best: 74.7798)
[2025-06-10 08:24:20] [valid] Ep. 32 : Up. 140000 : ce-mean-words : 0.681568 : stalled 1 times (last best: 0.677314)
[2025-06-10 08:32:08] Ep. 32 : Up. 141000 : Sen. 10,933,840 : Cost 1.30219364 : Time 695.87s : 167223.62 words/s : gNorm 0.4356 : L.r. 1.4292e-04
[2025-06-10 08:40:08] Ep. 32 : Up. 142000 : Sen. 15,835,752 : Cost 1.30442190 : Time 479.76s : 245389.18 words/s : gNorm 0.4498 : L.r. 1.4241e-04
[2025-06-10 08:48:04] Ep. 32 : Up. 143000 : Sen. 20,664,433 : Cost 1.30677617 : Time 475.53s : 245480.35 words/s : gNorm 0.4411 : L.r. 1.4191e-04
[2025-06-10 08:49:34] Seen 21,619,077 samples
[2025-06-10 08:49:34] Starting data epoch 33 in logical epoch 33
[2025-06-10 08:49:34] [data] Shuffling data
[2025-06-10 08:49:35] [data] Done shuffling 21,623,061 sentences (cached in RAM)
[2025-06-10 08:56:04] Ep. 33 : Up. 144000 : Sen. 3,859,711 : Cost 1.29937899 : Time 480.79s : 241377.64 words/s : gNorm 0.4306 : L.r. 1.4142e-04
[2025-06-10 09:04:00] Ep. 33 : Up. 145000 : Sen. 8,741,398 : Cost 1.30052054 : Time 475.41s : 245794.21 words/s : gNorm 0.4679 : L.r. 1.4093e-04
[2025-06-10 09:04:00] Saving model weights and runtime parameters to /scratch/project_2011987/OpusDistillery/rules/../data/models/MA-test/baseline_2021/baseline3_2021_tiny_student/model.npz
[2025-06-10 09:04:00] Saving Adam parameters
[2025-06-10 09:04:00] [training] Saving training checkpoint to /scratch/project_2011987/OpusDistillery/rules/../data/models/MA-test/baseline_2021/baseline3_2021_tiny_student/model.npz and /scratch/project_2011987/OpusDistillery/rules/../data/models/MA-test/baseline_2021/baseline3_2021_tiny_student/model.npz.optimizer.npz
[2025-06-10 09:04:19] Saving model weights and runtime parameters to /scratch/project_2011987/OpusDistillery/rules/../data/models/MA-test/baseline_2021/baseline3_2021_tiny_student/model.npz.best-perplexity.npz
[2025-06-10 09:04:19] [valid] Ep. 33 : Up. 145000 : perplexity : 1.92887 : new best
[2025-06-10 09:07:29] [valid] Ep. 33 : Up. 145000 : chrf : 74.6926 : stalled 6 times (last best: 74.7798)
[2025-06-10 09:07:47] Saving model weights and runtime parameters to /scratch/project_2011987/OpusDistillery/rules/../data/models/MA-test/baseline_2021/baseline3_2021_tiny_student/model.npz.best-ce-mean-words.npz
[2025-06-10 09:07:47] [valid] Ep. 33 : Up. 145000 : ce-mean-words : 0.656937 : new best
[2025-06-10 09:15:43] Ep. 33 : Up. 146000 : Sen. 13,550,339 : Cost 1.29996085 : Time 703.34s : 167047.91 words/s : gNorm 0.3884 : L.r. 1.4045e-04
[2025-06-10 09:23:37] Ep. 33 : Up. 147000 : Sen. 18,387,358 : Cost 1.30537581 : Time 473.54s : 245482.92 words/s : gNorm 0.4484 : L.r. 1.3997e-04
[2025-06-10 09:28:48] Seen 21,619,077 samples
[2025-06-10 09:28:48] Starting data epoch 34 in logical epoch 34
[2025-06-10 09:28:48] [data] Shuffling data
[2025-06-10 09:28:49] [data] Done shuffling 21,623,061 sentences (cached in RAM)
[2025-06-10 09:31:31] Ep. 34 : Up. 148000 : Sen. 1,574,759 : Cost 1.29934108 : Time 474.86s : 241481.51 words/s : gNorm 0.4224 : L.r. 1.3950e-04
[2025-06-10 09:39:25] Ep. 34 : Up. 149000 : Sen. 6,357,347 : Cost 1.29677260 : Time 473.16s : 246388.44 words/s : gNorm 0.4404 : L.r. 1.3903e-04
[2025-06-10 09:47:21] Ep. 34 : Up. 150000 : Sen. 11,214,366 : Cost 1.29737234 : Time 476.80s : 245888.04 words/s : gNorm 0.4725 : L.r. 1.3856e-04
[2025-06-10 09:47:21] Saving model weights and runtime parameters to /scratch/project_2011987/OpusDistillery/rules/../data/models/MA-test/baseline_2021/baseline3_2021_tiny_student/model.npz
[2025-06-10 09:47:22] Saving Adam parameters
[2025-06-10 09:47:22] [training] Saving training checkpoint to /scratch/project_2011987/OpusDistillery/rules/../data/models/MA-test/baseline_2021/baseline3_2021_tiny_student/model.npz and /scratch/project_2011987/OpusDistillery/rules/../data/models/MA-test/baseline_2021/baseline3_2021_tiny_student/model.npz.optimizer.npz
[2025-06-10 09:47:40] [valid] Ep. 34 : Up. 150000 : perplexity : 1.94803 : stalled 1 times (last best: 1.92887)
[2025-06-10 09:50:50] [valid] Ep. 34 : Up. 150000 : chrf : 74.6151 : stalled 7 times (last best: 74.7798)
[2025-06-10 09:51:07] [valid] Ep. 34 : Up. 150000 : ce-mean-words : 0.666817 : stalled 1 times (last best: 0.656937)
[2025-06-10 09:59:03] Ep. 34 : Up. 151000 : Sen. 16,092,696 : Cost 1.30152535 : Time 701.83s : 166924.70 words/s : gNorm 0.4522 : L.r. 1.3810e-04
[2025-06-10 10:06:52] Ep. 34 : Up. 152000 : Sen. 20,907,219 : Cost 1.29985511 : Time 469.10s : 248725.69 words/s : gNorm 0.4810 : L.r. 1.3765e-04
[2025-06-10 10:08:01] Seen 21,619,077 samples
[2025-06-10 10:08:01] Starting data epoch 35 in logical epoch 35
[2025-06-10 10:08:01] [data] Shuffling data
[2025-06-10 10:08:02] [data] Done shuffling 21,623,061 sentences (cached in RAM)
[2025-06-10 10:14:48] Ep. 35 : Up. 153000 : Sen. 4,029,762 : Cost 1.29510891 : Time 475.28s : 240019.32 words/s : gNorm 0.4746 : L.r. 1.3720e-04
[2025-06-10 10:22:43] Ep. 35 : Up. 154000 : Sen. 8,880,690 : Cost 1.29591548 : Time 475.37s : 246700.60 words/s : gNorm 0.4244 : L.r. 1.3675e-04
[2025-06-10 10:30:39] Ep. 35 : Up. 155000 : Sen. 13,736,484 : Cost 1.29692578 : Time 475.49s : 246366.27 words/s : gNorm 0.4514 : L.r. 1.3631e-04
[2025-06-10 10:30:39] Saving model weights and runtime parameters to /scratch/project_2011987/OpusDistillery/rules/../data/models/MA-test/baseline_2021/baseline3_2021_tiny_student/model.npz
[2025-06-10 10:30:39] Saving Adam parameters
[2025-06-10 10:30:39] [training] Saving training checkpoint to /scratch/project_2011987/OpusDistillery/rules/../data/models/MA-test/baseline_2021/baseline3_2021_tiny_student/model.npz and /scratch/project_2011987/OpusDistillery/rules/../data/models/MA-test/baseline_2021/baseline3_2021_tiny_student/model.npz.optimizer.npz
[2025-06-10 10:30:58] [valid] Ep. 35 : Up. 155000 : perplexity : 1.95917 : stalled 2 times (last best: 1.92887)
[2025-06-10 10:34:08] [valid] Ep. 35 : Up. 155000 : chrf : 74.6297 : stalled 8 times (last best: 74.7798)
[2025-06-10 10:34:26] [valid] Ep. 35 : Up. 155000 : ce-mean-words : 0.67252 : stalled 2 times (last best: 0.656937)
[2025-06-10 10:42:20] Ep. 35 : Up. 156000 : Sen. 18,587,784 : Cost 1.29948032 : Time 701.08s : 166507.24 words/s : gNorm 0.4531 : L.r. 1.3587e-04
[2025-06-10 10:47:14] Seen 21,619,077 samples
[2025-06-10 10:47:14] Starting data epoch 36 in logical epoch 36
[2025-06-10 10:47:14] [data] Shuffling data
[2025-06-10 10:47:15] [data] Done shuffling 21,623,061 sentences (cached in RAM)
[2025-06-10 10:50:19] Ep. 36 : Up. 157000 : Sen. 1,744,330 : Cost 1.29533398 : Time 478.76s : 240900.71 words/s : gNorm 0.4357 : L.r. 1.3544e-04
[2025-06-10 10:58:18] Ep. 36 : Up. 158000 : Sen. 6,580,552 : Cost 1.29027867 : Time 479.45s : 244406.62 words/s : gNorm 0.4436 : L.r. 1.3501e-04
[2025-06-10 11:06:14] Ep. 36 : Up. 159000 : Sen. 11,451,665 : Cost 1.29669750 : Time 475.90s : 245503.67 words/s : gNorm 0.4386 : L.r. 1.3459e-04
[2025-06-10 11:14:10] Ep. 36 : Up. 160000 : Sen. 16,279,787 : Cost 1.29755819 : Time 476.40s : 244875.50 words/s : gNorm 0.4579 : L.r. 1.3416e-04
[2025-06-10 11:14:10] Saving model weights and runtime parameters to /scratch/project_2011987/OpusDistillery/rules/../data/models/MA-test/baseline_2021/baseline3_2021_tiny_student/model.npz
[2025-06-10 11:14:11] Saving Adam parameters
[2025-06-10 11:14:11] [training] Saving training checkpoint to /scratch/project_2011987/OpusDistillery/rules/../data/models/MA-test/baseline_2021/baseline3_2021_tiny_student/model.npz and /scratch/project_2011987/OpusDistillery/rules/../data/models/MA-test/baseline_2021/baseline3_2021_tiny_student/model.npz.optimizer.npz
[2025-06-10 11:14:29] [valid] Ep. 36 : Up. 160000 : perplexity : 1.98577 : stalled 3 times (last best: 1.92887)
[2025-06-10 11:17:40] [valid] Ep. 36 : Up. 160000 : chrf : 74.6888 : stalled 9 times (last best: 74.7798)
[2025-06-10 11:17:58] [valid] Ep. 36 : Up. 160000 : ce-mean-words : 0.686009 : stalled 3 times (last best: 0.656937)
[2025-06-10 11:25:48] Ep. 36 : Up. 161000 : Sen. 21,125,331 : Cost 1.29824615 : Time 697.79s : 167819.42 words/s : gNorm 0.4190 : L.r. 1.3375e-04
[2025-06-10 11:26:36] Seen 21,619,077 samples
[2025-06-10 11:26:36] Starting data epoch 37 in logical epoch 37
[2025-06-10 11:26:36] [data] Shuffling data
[2025-06-10 11:26:37] [data] Done shuffling 21,623,061 sentences (cached in RAM)
[2025-06-10 11:33:52] Ep. 37 : Up. 162000 : Sen. 4,322,613 : Cost 1.28932142 : Time 483.89s : 239395.66 words/s : gNorm 0.4556 : L.r. 1.3333e-04
[2025-06-10 11:41:48] Ep. 37 : Up. 163000 : Sen. 9,191,419 : Cost 1.29366410 : Time 476.01s : 246041.77 words/s : gNorm 0.4379 : L.r. 1.3292e-04
[2025-06-10 11:49:41] Ep. 37 : Up. 164000 : Sen. 14,014,215 : Cost 1.29327643 : Time 472.99s : 247230.95 words/s : gNorm 0.4596 : L.r. 1.3252e-04
[2025-06-10 11:57:37] Ep. 37 : Up. 165000 : Sen. 18,888,831 : Cost 1.29656112 : Time 475.85s : 245640.19 words/s : gNorm 0.4491 : L.r. 1.3212e-04
[2025-06-10 11:57:37] Saving model weights and runtime parameters to /scratch/project_2011987/OpusDistillery/rules/../data/models/MA-test/baseline_2021/baseline3_2021_tiny_student/model.npz
[2025-06-10 11:57:37] Saving Adam parameters
[2025-06-10 11:57:37] [training] Saving training checkpoint to /scratch/project_2011987/OpusDistillery/rules/../data/models/MA-test/baseline_2021/baseline3_2021_tiny_student/model.npz and /scratch/project_2011987/OpusDistillery/rules/../data/models/MA-test/baseline_2021/baseline3_2021_tiny_student/model.npz.optimizer.npz
[2025-06-10 11:57:55] [valid] Ep. 37 : Up. 165000 : perplexity : 1.97298 : stalled 4 times (last best: 1.92887)
[2025-06-10 12:01:06] Saving model weights and runtime parameters to /scratch/project_2011987/OpusDistillery/rules/../data/models/MA-test/baseline_2021/baseline3_2021_tiny_student/model.npz.best-chrf.npz
[2025-06-10 12:01:06] [valid] Ep. 37 : Up. 165000 : chrf : 75.0331 : new best
[2025-06-10 12:01:24] [valid] Ep. 37 : Up. 165000 : ce-mean-words : 0.679547 : stalled 4 times (last best: 0.656937)
[2025-06-10 12:05:52] Seen 21,619,077 samples
[2025-06-10 12:05:52] Starting data epoch 38 in logical epoch 38
[2025-06-10 12:05:52] [data] Shuffling data
[2025-06-10 12:05:53] [data] Done shuffling 21,623,061 sentences (cached in RAM)
[2025-06-10 12:09:18] Ep. 38 : Up. 166000 : Sen. 1,963,114 : Cost 1.29105258 : Time 701.43s : 163164.97 words/s : gNorm 0.4514 : L.r. 1.3172e-04
[2025-06-10 12:17:13] Ep. 38 : Up. 167000 : Sen. 6,834,010 : Cost 1.28989327 : Time 475.07s : 245610.13 words/s : gNorm 0.4937 : L.r. 1.3132e-04
[2025-06-10 12:25:15] Ep. 38 : Up. 168000 : Sen. 11,718,302 : Cost 1.29011548 : Time 482.15s : 244852.70 words/s : gNorm 0.4607 : L.r. 1.3093e-04
[2025-06-10 12:33:07] Ep. 38 : Up. 169000 : Sen. 16,551,967 : Cost 1.29561090 : Time 471.69s : 245791.88 words/s : gNorm 0.4577 : L.r. 1.3054e-04
[2025-06-10 12:40:57] Ep. 38 : Up. 170000 : Sen. 21,338,690 : Cost 1.29172432 : Time 469.48s : 247477.83 words/s : gNorm 0.4135 : L.r. 1.3016e-04
[2025-06-10 12:40:57] Saving model weights and runtime parameters to /scratch/project_2011987/OpusDistillery/rules/../data/models/MA-test/baseline_2021/baseline3_2021_tiny_student/model.npz
[2025-06-10 12:40:57] Saving Adam parameters
[2025-06-10 12:40:57] [training] Saving training checkpoint to /scratch/project_2011987/OpusDistillery/rules/../data/models/MA-test/baseline_2021/baseline3_2021_tiny_student/model.npz and /scratch/project_2011987/OpusDistillery/rules/../data/models/MA-test/baseline_2021/baseline3_2021_tiny_student/model.npz.optimizer.npz
[2025-06-10 12:41:16] [valid] Ep. 38 : Up. 170000 : perplexity : 1.96339 : stalled 5 times (last best: 1.92887)
[2025-06-10 12:44:28] Saving model weights and runtime parameters to /scratch/project_2011987/OpusDistillery/rules/../data/models/MA-test/baseline_2021/baseline3_2021_tiny_student/model.npz.best-chrf.npz
[2025-06-10 12:44:28] [valid] Ep. 38 : Up. 170000 : chrf : 75.1406 : new best
[2025-06-10 12:44:46] [valid] Ep. 38 : Up. 170000 : ce-mean-words : 0.674674 : stalled 5 times (last best: 0.656937)
[2025-06-10 12:44:46] Training finished
[2025-06-10 12:44:46] Saving model weights and runtime parameters to /scratch/project_2011987/OpusDistillery/rules/../data/models/MA-test/baseline_2021/baseline3_2021_tiny_student/model.npz
[2025-06-10 12:44:46] Saving Adam parameters
[2025-06-10 12:44:47] [training] Saving training checkpoint to /scratch/project_2011987/OpusDistillery/rules/../data/models/MA-test/baseline_2021/baseline3_2021_tiny_student/model.npz and /scratch/project_2011987/OpusDistillery/rules/../data/models/MA-test/baseline_2021/baseline3_2021_tiny_student/model.npz.optimizer.npz
