[2025-05-01 12:18:49] [marian] Marian v1.12.31 a6ab8af8 2024-06-27 15:21:08 +0000
[2025-05-01 12:18:49] [marian] Running on r02g07.bullx as process 23 with command line:
[2025-05-01 12:18:49] [marian] /scratch/project_2011987/OpusDistillery/3rd_party/marian-dev/build//marian --model /scratch/project_2011987/OpusDistillery/rules/../data/models/MA-test/baseline_2023/baseline4_2023_student/model.npz -c configs/model/student.yml configs/training/student.train.yml --train-sets /scratch/project_2011987/OpusDistillery/rules/../data/data/MA-test/baseline_2023/filtered/corpus.source.gz /scratch/project_2011987/OpusDistillery/rules/../data/data/MA-test/baseline_2023/filtered/corpus.target.gz -T /scratch/project_2011987/OpusDistillery/rules/../data/models/MA-test/baseline_2023/baseline4_2023_student/tmp --shuffle-in-ram --vocabs /scratch/project_2011987/OpusDistillery/rules/../data/models/MA-test/baseline_2023/vocab/vocab.spm /scratch/project_2011987/OpusDistillery/rules/../data/models/MA-test/baseline_2023/vocab/vocab.spm -w 25000 --devices 0 1 2 3 --sharding local --sync-sgd --valid-metrics perplexity chrf ce-mean-words --valid-sets /scratch/project_2011987/OpusDistillery/rules/../data/data/MA-test/baseline_2023/original/devset.student.source.gz /scratch/project_2011987/OpusDistillery/rules/../data/data/MA-test/baseline_2023/original/devset.student.target.gz --valid-translation-output '/scratch/project_2011987/OpusDistillery/rules/../data/models/MA-test/baseline_2023/baseline4_2023_student/valid_outputs/validation-output-after-{U}-updates-{E}-epochs.txt' --quiet-translation --overwrite --keep-best --log /scratch/project_2011987/OpusDistillery/rules/../data/models/MA-test/baseline_2023/baseline4_2023_student/train.log --valid-log /scratch/project_2011987/OpusDistillery/rules/../data/models/MA-test/baseline_2023/baseline4_2023_student/valid.log
[2025-05-01 12:18:49] [config] after: 0e
[2025-05-01 12:18:49] [config] after-batches: 0
[2025-05-01 12:18:49] [config] after-epochs: 0
[2025-05-01 12:18:49] [config] all-caps-every: 0
[2025-05-01 12:18:49] [config] allow-unk: false
[2025-05-01 12:18:49] [config] authors: false
[2025-05-01 12:18:49] [config] beam-size: 1
[2025-05-01 12:18:49] [config] bert-class-symbol: "[CLS]"
[2025-05-01 12:18:49] [config] bert-mask-symbol: "[MASK]"
[2025-05-01 12:18:49] [config] bert-masking-fraction: 0.15
[2025-05-01 12:18:49] [config] bert-sep-symbol: "[SEP]"
[2025-05-01 12:18:49] [config] bert-train-type-embeddings: true
[2025-05-01 12:18:49] [config] bert-type-vocab-size: 2
[2025-05-01 12:18:49] [config] build-info: ""
[2025-05-01 12:18:49] [config] check-gradient-nan: false
[2025-05-01 12:18:49] [config] check-nan: false
[2025-05-01 12:18:49] [config] cite: false
[2025-05-01 12:18:49] [config] clip-norm: 0
[2025-05-01 12:18:49] [config] comet-augment-bad: 0
[2025-05-01 12:18:49] [config] comet-dropout: 0.1
[2025-05-01 12:18:49] [config] comet-final-sigmoid: false
[2025-05-01 12:18:49] [config] comet-mix: false
[2025-05-01 12:18:49] [config] comet-mix-norm: false
[2025-05-01 12:18:49] [config] comet-mix-transformation: softmax
[2025-05-01 12:18:49] [config] comet-mixup: 0
[2025-05-01 12:18:49] [config] comet-mixup-reg: false
[2025-05-01 12:18:49] [config] comet-pool: avg
[2025-05-01 12:18:49] [config] comet-pooler-ffn:
[2025-05-01 12:18:49] [config]   - 2048
[2025-05-01 12:18:49] [config]   - 1024
[2025-05-01 12:18:49] [config] comet-prepend-zero: false
[2025-05-01 12:18:49] [config] comet-stop-grad: false
[2025-05-01 12:18:49] [config] comet-use-separator: false
[2025-05-01 12:18:49] [config] cost-scaling:
[2025-05-01 12:18:49] [config]   []
[2025-05-01 12:18:49] [config] cost-type: ce-mean-words
[2025-05-01 12:18:49] [config] cpu-threads: 0
[2025-05-01 12:18:49] [config] custom-fallbacks:
[2025-05-01 12:18:49] [config]   []
[2025-05-01 12:18:49] [config] data-threads: 8
[2025-05-01 12:18:49] [config] data-weighting: ""
[2025-05-01 12:18:49] [config] data-weighting-type: sentence
[2025-05-01 12:18:49] [config] dec-cell: gru
[2025-05-01 12:18:49] [config] dec-cell-base-depth: 2
[2025-05-01 12:18:49] [config] dec-cell-high-depth: 1
[2025-05-01 12:18:49] [config] dec-depth: 6
[2025-05-01 12:18:49] [config] devices:
[2025-05-01 12:18:49] [config]   - 0
[2025-05-01 12:18:49] [config]   - 1
[2025-05-01 12:18:49] [config]   - 2
[2025-05-01 12:18:49] [config]   - 3
[2025-05-01 12:18:49] [config] dim-emb: 512
[2025-05-01 12:18:49] [config] dim-rnn: 1024
[2025-05-01 12:18:49] [config] dim-vocabs:
[2025-05-01 12:18:49] [config]   - 0
[2025-05-01 12:18:49] [config]   - 0
[2025-05-01 12:18:49] [config] disp-first: 10
[2025-05-01 12:18:49] [config] disp-freq: 1000
[2025-05-01 12:18:49] [config] disp-label-counts: true
[2025-05-01 12:18:49] [config] dropout-rnn: 0.1
[2025-05-01 12:18:49] [config] dropout-src: 0
[2025-05-01 12:18:49] [config] dropout-trg: 0
[2025-05-01 12:18:49] [config] dump-config: ""
[2025-05-01 12:18:49] [config] dynamic-gradient-scaling:
[2025-05-01 12:18:49] [config]   []
[2025-05-01 12:18:49] [config] early-stopping: 10
[2025-05-01 12:18:49] [config] early-stopping-epsilon:
[2025-05-01 12:18:49] [config]   - 0
[2025-05-01 12:18:49] [config] early-stopping-on: first
[2025-05-01 12:18:49] [config] embedding-fix-src: false
[2025-05-01 12:18:49] [config] embedding-fix-trg: false
[2025-05-01 12:18:49] [config] embedding-normalization: false
[2025-05-01 12:18:49] [config] embedding-vectors:
[2025-05-01 12:18:49] [config]   []
[2025-05-01 12:18:49] [config] enc-cell: gru
[2025-05-01 12:18:49] [config] enc-cell-depth: 1
[2025-05-01 12:18:49] [config] enc-depth: 6
[2025-05-01 12:18:49] [config] enc-type: bidirectional
[2025-05-01 12:18:49] [config] english-title-case-every: 0
[2025-05-01 12:18:49] [config] exponential-smoothing: True
[2025-05-01 12:18:49] [config] exponential-smoothing-replace-freq: 0
[2025-05-01 12:18:49] [config] factor-weight: 1
[2025-05-01 12:18:49] [config] factors-combine: sum
[2025-05-01 12:18:49] [config] factors-dim-emb: 0
[2025-05-01 12:18:49] [config] gradient-checkpointing: false
[2025-05-01 12:18:49] [config] gradient-norm-average-window: 100
[2025-05-01 12:18:49] [config] guided-alignment: none
[2025-05-01 12:18:49] [config] guided-alignment-cost: ce
[2025-05-01 12:18:49] [config] guided-alignment-weight: 0.1
[2025-05-01 12:18:49] [config] ignore-model-config: false
[2025-05-01 12:18:49] [config] input-join-fields: false
[2025-05-01 12:18:49] [config] input-reorder:
[2025-05-01 12:18:49] [config]   []
[2025-05-01 12:18:49] [config] input-types:
[2025-05-01 12:18:49] [config]   []
[2025-05-01 12:18:49] [config] interpolate-env-vars: false
[2025-05-01 12:18:49] [config] keep-best: true
[2025-05-01 12:18:49] [config] label-smoothing: 0
[2025-05-01 12:18:49] [config] layer-normalization: false
[2025-05-01 12:18:49] [config] learn-rate: 0.0003
[2025-05-01 12:18:49] [config] lemma-dependency: ""
[2025-05-01 12:18:49] [config] lemma-dim-emb: 0
[2025-05-01 12:18:49] [config] log: /scratch/project_2011987/OpusDistillery/rules/../data/models/MA-test/baseline_2023/baseline4_2023_student/train.log
[2025-05-01 12:18:49] [config] log-level: info
[2025-05-01 12:18:49] [config] log-time-zone: ""
[2025-05-01 12:18:49] [config] logical-epoch:
[2025-05-01 12:18:49] [config]   - 1e
[2025-05-01 12:18:49] [config]   - 0
[2025-05-01 12:18:49] [config] lr-decay: 0
[2025-05-01 12:18:49] [config] lr-decay-freq: 50000
[2025-05-01 12:18:49] [config] lr-decay-inv-sqrt:
[2025-05-01 12:18:49] [config]   - 32000
[2025-05-01 12:18:49] [config] lr-decay-repeat-warmup: false
[2025-05-01 12:18:49] [config] lr-decay-reset-optimizer: false
[2025-05-01 12:18:49] [config] lr-decay-start:
[2025-05-01 12:18:49] [config]   - 10
[2025-05-01 12:18:49] [config]   - 1
[2025-05-01 12:18:49] [config] lr-decay-strategy: epoch+stalled
[2025-05-01 12:18:49] [config] lr-report: True
[2025-05-01 12:18:49] [config] lr-warmup: 16000
[2025-05-01 12:18:49] [config] lr-warmup-at-reload: false
[2025-05-01 12:18:49] [config] lr-warmup-cycle: false
[2025-05-01 12:18:49] [config] lr-warmup-start-rate: 0
[2025-05-01 12:18:49] [config] max-length: 200
[2025-05-01 12:18:49] [config] max-length-crop: false
[2025-05-01 12:18:49] [config] max-length-factor: 3
[2025-05-01 12:18:49] [config] maxi-batch: 1000
[2025-05-01 12:18:49] [config] maxi-batch-sort: trg
[2025-05-01 12:18:49] [config] mini-batch: 1000
[2025-05-01 12:18:49] [config] mini-batch-fit: True
[2025-05-01 12:18:49] [config] mini-batch-fit-step: 10
[2025-05-01 12:18:49] [config] mini-batch-round-up: true
[2025-05-01 12:18:49] [config] mini-batch-track-lr: false
[2025-05-01 12:18:49] [config] mini-batch-warmup: 0
[2025-05-01 12:18:49] [config] mini-batch-words: 0
[2025-05-01 12:18:49] [config] mini-batch-words-ref: 0
[2025-05-01 12:18:49] [config] model: /scratch/project_2011987/OpusDistillery/rules/../data/models/MA-test/baseline_2023/baseline4_2023_student/model.npz
[2025-05-01 12:18:49] [config] multi-loss-type: sum
[2025-05-01 12:18:49] [config] n-best: false
[2025-05-01 12:18:49] [config] no-nccl: false
[2025-05-01 12:18:49] [config] no-optimizer-reload: false
[2025-05-01 12:18:49] [config] no-reload: false
[2025-05-01 12:18:49] [config] no-restore-corpus: false
[2025-05-01 12:18:49] [config] no-spm-encode: false
[2025-05-01 12:18:49] [config] normalize: 1
[2025-05-01 12:18:49] [config] normalize-gradient: false
[2025-05-01 12:18:49] [config] normalize-gradient-by-ratio: false
[2025-05-01 12:18:49] [config] optimizer: adam
[2025-05-01 12:18:49] [config] optimizer-delay: 2
[2025-05-01 12:18:49] [config] optimizer-params:
[2025-05-01 12:18:49] [config]   - 0.9
[2025-05-01 12:18:49] [config]   - 0.98
[2025-05-01 12:18:49] [config]   - 1e-09
[2025-05-01 12:18:49] [config] output-omit-bias: false
[2025-05-01 12:18:49] [config] overwrite: true
[2025-05-01 12:18:49] [config] overwrite-checkpoint: true
[2025-05-01 12:18:49] [config] precision:
[2025-05-01 12:18:49] [config]   - float32
[2025-05-01 12:18:49] [config]   - float32
[2025-05-01 12:18:49] [config] pretrained-model: ""
[2025-05-01 12:18:49] [config] quantize-biases: false
[2025-05-01 12:18:49] [config] quantize-bits: 0
[2025-05-01 12:18:49] [config] quantize-log-based: false
[2025-05-01 12:18:49] [config] quantize-optimization-steps: 0
[2025-05-01 12:18:49] [config] quiet: false
[2025-05-01 12:18:49] [config] quiet-translation: true
[2025-05-01 12:18:49] [config] quiet-validation: false
[2025-05-01 12:18:49] [config] relative-paths: false
[2025-05-01 12:18:49] [config] right-left: false
[2025-05-01 12:18:49] [config] save-freq: 5000
[2025-05-01 12:18:49] [config] seed: 0
[2025-05-01 12:18:49] [config] sentencepiece-alphas:
[2025-05-01 12:18:49] [config]   []
[2025-05-01 12:18:49] [config] sentencepiece-max-lines: 2000000
[2025-05-01 12:18:49] [config] sentencepiece-options: ""
[2025-05-01 12:18:49] [config] separator-symbol: "[eos]"
[2025-05-01 12:18:49] [config] sharding: local
[2025-05-01 12:18:49] [config] shuffle: data
[2025-05-01 12:18:49] [config] shuffle-in-ram: true
[2025-05-01 12:18:49] [config] sigterm: save-and-exit
[2025-05-01 12:18:49] [config] skip: false
[2025-05-01 12:18:49] [config] sqlite: ""
[2025-05-01 12:18:49] [config] sqlite-drop: false
[2025-05-01 12:18:49] [config] sync-freq: 200u
[2025-05-01 12:18:49] [config] sync-sgd: true
[2025-05-01 12:18:49] [config] tempdir: /scratch/project_2011987/OpusDistillery/rules/../data/models/MA-test/baseline_2023/baseline4_2023_student/tmp
[2025-05-01 12:18:49] [config] throw-on-divergence:
[2025-05-01 12:18:49] [config]   []
[2025-05-01 12:18:49] [config] tied-embeddings: false
[2025-05-01 12:18:49] [config] tied-embeddings-all: true
[2025-05-01 12:18:49] [config] tied-embeddings-src: false
[2025-05-01 12:18:49] [config] train-embedder-rank:
[2025-05-01 12:18:49] [config]   []
[2025-05-01 12:18:49] [config] train-sets:
[2025-05-01 12:18:49] [config]   - /scratch/project_2011987/OpusDistillery/rules/../data/data/MA-test/baseline_2023/filtered/corpus.source.gz
[2025-05-01 12:18:49] [config]   - /scratch/project_2011987/OpusDistillery/rules/../data/data/MA-test/baseline_2023/filtered/corpus.target.gz
[2025-05-01 12:18:49] [config] transformer-aan-activation: swish
[2025-05-01 12:18:49] [config] transformer-aan-depth: 2
[2025-05-01 12:18:49] [config] transformer-aan-nogate: false
[2025-05-01 12:18:49] [config] transformer-alibi-shift: false
[2025-05-01 12:18:49] [config] transformer-alibi-trainable: false
[2025-05-01 12:18:49] [config] transformer-attention-mask: default
[2025-05-01 12:18:49] [config] transformer-decoder-autoreg: rnn
[2025-05-01 12:18:49] [config] transformer-decoder-dim-ffn: 0
[2025-05-01 12:18:49] [config] transformer-decoder-ffn-depth: 0
[2025-05-01 12:18:49] [config] transformer-depth-scaling: false
[2025-05-01 12:18:49] [config] transformer-dim-aan: 2048
[2025-05-01 12:18:49] [config] transformer-dim-ffn: 2048
[2025-05-01 12:18:49] [config] transformer-disable-position-embeddings: false
[2025-05-01 12:18:49] [config] transformer-dropout: 0
[2025-05-01 12:18:49] [config] transformer-dropout-attention: 0
[2025-05-01 12:18:49] [config] transformer-dropout-ffn: 0
[2025-05-01 12:18:49] [config] transformer-ffn-activation: relu
[2025-05-01 12:18:49] [config] transformer-ffn-depth: 2
[2025-05-01 12:18:49] [config] transformer-guided-alignment-layer: last
[2025-05-01 12:18:49] [config] transformer-heads: 8
[2025-05-01 12:18:49] [config] transformer-no-affine: false
[2025-05-01 12:18:49] [config] transformer-no-bias: false
[2025-05-01 12:18:49] [config] transformer-no-projection: false
[2025-05-01 12:18:49] [config] transformer-pool: false
[2025-05-01 12:18:49] [config] transformer-postprocess: dan
[2025-05-01 12:18:49] [config] transformer-postprocess-emb: d
[2025-05-01 12:18:49] [config] transformer-postprocess-top: ""
[2025-05-01 12:18:49] [config] transformer-preprocess: ""
[2025-05-01 12:18:49] [config] transformer-rnn-projection: false
[2025-05-01 12:18:49] [config] transformer-tied-layers:
[2025-05-01 12:18:49] [config]   []
[2025-05-01 12:18:49] [config] transformer-train-position-embeddings: false
[2025-05-01 12:18:49] [config] tsv: false
[2025-05-01 12:18:49] [config] tsv-fields: 0
[2025-05-01 12:18:49] [config] type: transformer
[2025-05-01 12:18:49] [config] ulr: false
[2025-05-01 12:18:49] [config] ulr-dim-emb: 0
[2025-05-01 12:18:49] [config] ulr-dropout: 0
[2025-05-01 12:18:49] [config] ulr-keys-vectors: ""
[2025-05-01 12:18:49] [config] ulr-query-vectors: ""
[2025-05-01 12:18:49] [config] ulr-softmax-temperature: 1
[2025-05-01 12:18:49] [config] ulr-trainable-transformation: false
[2025-05-01 12:18:49] [config] unlikelihood-loss: false
[2025-05-01 12:18:49] [config] valid-freq: 5000
[2025-05-01 12:18:49] [config] valid-log: /scratch/project_2011987/OpusDistillery/rules/../data/models/MA-test/baseline_2023/baseline4_2023_student/valid.log
[2025-05-01 12:18:49] [config] valid-max-length: 1000
[2025-05-01 12:18:49] [config] valid-metrics:
[2025-05-01 12:18:49] [config]   - perplexity
[2025-05-01 12:18:49] [config]   - chrf
[2025-05-01 12:18:49] [config]   - ce-mean-words
[2025-05-01 12:18:49] [config] valid-mini-batch: 64
[2025-05-01 12:18:49] [config] valid-reset-all: false
[2025-05-01 12:18:49] [config] valid-reset-stalled: false
[2025-05-01 12:18:49] [config] valid-script-args:
[2025-05-01 12:18:49] [config]   []
[2025-05-01 12:18:49] [config] valid-script-path: ""
[2025-05-01 12:18:49] [config] valid-sets:
[2025-05-01 12:18:49] [config]   - /scratch/project_2011987/OpusDistillery/rules/../data/data/MA-test/baseline_2023/original/devset.student.source.gz
[2025-05-01 12:18:49] [config]   - /scratch/project_2011987/OpusDistillery/rules/../data/data/MA-test/baseline_2023/original/devset.student.target.gz
[2025-05-01 12:18:49] [config] valid-translation-output: /scratch/project_2011987/OpusDistillery/rules/../data/models/MA-test/baseline_2023/baseline4_2023_student/valid_outputs/validation-output-after-{U}-updates-{E}-epochs.txt
[2025-05-01 12:18:49] [config] vocabs:
[2025-05-01 12:18:49] [config]   - /scratch/project_2011987/OpusDistillery/rules/../data/models/MA-test/baseline_2023/vocab/vocab.spm
[2025-05-01 12:18:49] [config]   - /scratch/project_2011987/OpusDistillery/rules/../data/models/MA-test/baseline_2023/vocab/vocab.spm
[2025-05-01 12:18:49] [config] word-penalty: 0
[2025-05-01 12:18:49] [config] word-scores: false
[2025-05-01 12:18:49] [config] workspace: 25000
[2025-05-01 12:18:49] [config] Model is being created with Marian v1.12.31 a6ab8af8 2024-06-27 15:21:08 +0000
[2025-05-01 12:18:50] Using synchronous SGD
[2025-05-01 12:18:50] [comm] Compiled without MPI support. Running as a single process on r02g07.bullx
[2025-05-01 12:18:50] Synced seed 1746091129
[2025-05-01 12:18:50] [data] Loading SentencePiece vocabulary from file /scratch/project_2011987/OpusDistillery/rules/../data/models/MA-test/baseline_2023/vocab/vocab.spm
[2025-05-01 12:18:50] [data] Setting vocabulary size for input 0 to 32,000
[2025-05-01 12:18:50] [data] Loading SentencePiece vocabulary from file /scratch/project_2011987/OpusDistillery/rules/../data/models/MA-test/baseline_2023/vocab/vocab.spm
[2025-05-01 12:18:50] [data] Setting vocabulary size for input 1 to 32,000
[2025-05-01 12:18:50] [batching] Collecting statistics for batch fitting with step size 10
[2025-05-01 12:18:53] [memory] Extending reserved space to 25088 MB (device gpu0)
[2025-05-01 12:18:55] [memory] Extending reserved space to 25088 MB (device gpu1)
[2025-05-01 12:18:56] [memory] Extending reserved space to 25088 MB (device gpu2)
[2025-05-01 12:18:56] [memory] Extending reserved space to 25088 MB (device gpu3)
[2025-05-01 12:18:56] [comm] Using NCCL 2.8.3 for GPU communication
[2025-05-01 12:18:56] [comm] Using global sharding
[2025-05-01 12:18:56] [comm] NCCLCommunicators constructed successfully
[2025-05-01 12:18:56] [training] Using 4 GPUs
[2025-05-01 12:18:57] [logits] Applying loss function for 1 factor(s)
[2025-05-01 12:18:57] [memory] Reserving 242 MB, device gpu0
[2025-05-01 12:19:00] [gpu] 16-bit TensorCores enabled for float32 matrix operations
[2025-05-01 12:19:01] [memory] Reserving 242 MB, device gpu0
[2025-05-01 12:20:14] [batching] Done. Typical MB size is 206,808 target words
[2025-05-01 12:20:15] [memory] Extending reserved space to 25088 MB (device gpu0)
[2025-05-01 12:20:15] [memory] Extending reserved space to 25088 MB (device gpu1)
[2025-05-01 12:20:15] [memory] Extending reserved space to 25088 MB (device gpu2)
[2025-05-01 12:20:15] [memory] Extending reserved space to 25088 MB (device gpu3)
[2025-05-01 12:20:15] [comm] Using NCCL 2.8.3 for GPU communication
[2025-05-01 12:20:15] [comm] Using global sharding
[2025-05-01 12:20:15] [comm] NCCLCommunicators constructed successfully
[2025-05-01 12:20:15] [training] Using 4 GPUs
[2025-05-01 12:20:15] Training started
[2025-05-01 12:20:15] [data] Shuffling data
[2025-05-01 12:20:53] [data] Done reading 35,657,440 sentences
[2025-05-01 12:20:55] [data] Done shuffling 35,657,440 sentences (cached in RAM)
[2025-05-01 12:21:02] [training] Batches are processed as 1 process(es) x 4 devices/process
[2025-05-01 12:21:02] [memory] Reserving 242 MB, device gpu1
[2025-05-01 12:21:02] [memory] Reserving 242 MB, device gpu0
[2025-05-01 12:21:02] [memory] Reserving 242 MB, device gpu2
[2025-05-01 12:21:02] [memory] Reserving 242 MB, device gpu3
[2025-05-01 12:21:03] [memory] Reserving 242 MB, device gpu0
[2025-05-01 12:21:03] [memory] Reserving 242 MB, device gpu1
[2025-05-01 12:21:03] [memory] Reserving 242 MB, device gpu2
[2025-05-01 12:21:03] [memory] Reserving 242 MB, device gpu3
[2025-05-01 12:21:04] Parameter type float32, optimization type float32, casting types false
[2025-05-01 12:21:04] Allocating memory for general optimizer shards
[2025-05-01 12:21:04] [memory] Reserving 60 MB, device gpu0
[2025-05-01 12:21:04] [memory] Reserving 60 MB, device gpu1
[2025-05-01 12:21:04] [memory] Reserving 60 MB, device gpu2
[2025-05-01 12:21:04] [memory] Reserving 60 MB, device gpu3
[2025-05-01 12:21:04] Allocating memory for Adam-specific shards
[2025-05-01 12:21:04] [memory] Reserving 121 MB, device gpu1
[2025-05-01 12:21:04] [memory] Reserving 121 MB, device gpu2
[2025-05-01 12:21:04] [memory] Reserving 121 MB, device gpu0
[2025-05-01 12:21:04] [memory] Reserving 121 MB, device gpu3
[2025-05-01 12:21:04] Ep. 1 : Up. 1 : Sen. 11,408 : Cost 10.62170124 : Time 49.48s : 2535.92 words/s : gNorm 9.1483 : L.r. 1.8750e-08
[2025-05-01 12:21:05] Ep. 1 : Up. 2 : Sen. 15,808 : Cost 10.67940140 : Time 0.98s : 157622.35 words/s : gNorm 8.3500 : L.r. 3.7500e-08
[2025-05-01 12:21:06] Ep. 1 : Up. 3 : Sen. 21,376 : Cost 10.65166187 : Time 0.92s : 169531.71 words/s : gNorm 7.9749 : L.r. 5.6250e-08
[2025-05-01 12:21:06] Ep. 1 : Up. 4 : Sen. 23,064 : Cost 10.68928623 : Time 0.69s : 78516.63 words/s : gNorm 7.9681 : L.r. 7.5000e-08
[2025-05-01 12:21:07] Ep. 1 : Up. 5 : Sen. 28,632 : Cost 10.64635181 : Time 0.72s : 132345.12 words/s : gNorm 7.7948 : L.r. 9.3750e-08
[2025-05-01 12:21:08] Ep. 1 : Up. 6 : Sen. 36,144 : Cost 10.66128922 : Time 0.94s : 183366.34 words/s : gNorm 7.7399 : L.r. 1.1250e-07
[2025-05-01 12:21:09] Ep. 1 : Up. 7 : Sen. 41,712 : Cost 10.66875267 : Time 0.99s : 185357.42 words/s : gNorm 7.7468 : L.r. 1.3125e-07
[2025-05-01 12:21:10] Ep. 1 : Up. 8 : Sen. 45,900 : Cost 10.67002487 : Time 0.93s : 180527.29 words/s : gNorm 7.7797 : L.r. 1.5000e-07
[2025-05-01 12:21:11] Ep. 1 : Up. 9 : Sen. 46,936 : Cost 10.69607544 : Time 0.81s : 110575.15 words/s : gNorm 7.9456 : L.r. 1.6875e-07
[2025-05-01 12:21:11] Ep. 1 : Up. 10 : Sen. 48,624 : Cost 10.69070148 : Time 0.64s : 121186.48 words/s : gNorm 8.0271 : L.r. 1.8750e-07
[2025-05-01 12:32:56] Ep. 1 : Up. 1000 : Sen. 5,666,630 : Cost 7.90537882 : Time 704.50s : 158797.89 words/s : gNorm 3.5025 : L.r. 1.8750e-05
[2025-05-01 12:44:57] Ep. 1 : Up. 2000 : Sen. 11,457,241 : Cost 5.91864252 : Time 721.17s : 159703.81 words/s : gNorm 3.1822 : L.r. 3.7500e-05
[2025-05-01 12:56:55] Ep. 1 : Up. 3000 : Sen. 17,274,645 : Cost 5.01691341 : Time 717.75s : 159697.15 words/s : gNorm 3.3479 : L.r. 5.6250e-05
[2025-05-01 13:08:53] Ep. 1 : Up. 4000 : Sen. 22,993,542 : Cost 4.18572092 : Time 717.65s : 159203.25 words/s : gNorm 3.1807 : L.r. 7.5000e-05
[2025-05-01 13:20:54] Ep. 1 : Up. 5000 : Sen. 28,779,506 : Cost 3.34768796 : Time 721.79s : 159773.71 words/s : gNorm 2.5831 : L.r. 9.3750e-05
[2025-05-01 13:20:54] Saving model weights and runtime parameters to /scratch/project_2011987/OpusDistillery/rules/../data/models/MA-test/baseline_2023/baseline4_2023_student/model.npz
[2025-05-01 13:20:56] Saving Adam parameters
[2025-05-01 13:20:57] [training] Saving training checkpoint to /scratch/project_2011987/OpusDistillery/rules/../data/models/MA-test/baseline_2023/baseline4_2023_student/model.npz and /scratch/project_2011987/OpusDistillery/rules/../data/models/MA-test/baseline_2023/baseline4_2023_student/model.npz.optimizer.npz
[2025-05-01 13:21:17] Saving model weights and runtime parameters to /scratch/project_2011987/OpusDistillery/rules/../data/models/MA-test/baseline_2023/baseline4_2023_student/model.npz.best-perplexity.npz
[2025-05-01 13:21:19] [valid] Ep. 1 : Up. 5000 : perplexity : 5.12433 : new best
[2025-05-01 13:21:20] [valid] First sentence's tokens as scored:
[2025-05-01 13:21:20] [valid] Decoding validation set with SentencePieceVocab for scoring
[2025-05-01 13:21:20] [valid]   Hyp: A s s o o n a s T o m o p e n e d t h e b a g , h e k n e w t h a t i t w a s n ' t h i s .
[2025-05-01 13:21:20] [valid]   Ref: A s s o o n a s T o m o p e n e d t h e b a g , h e k n e w i t w a s n ' t h i s .
[2025-05-01 13:21:23] [valid] References contain unknown word, metric scores may be inaccurate
[2025-05-01 13:24:47] Saving model weights and runtime parameters to /scratch/project_2011987/OpusDistillery/rules/../data/models/MA-test/baseline_2023/baseline4_2023_student/model.npz.best-chrf.npz
[2025-05-01 13:24:49] [valid] Ep. 1 : Up. 5000 : chrf : 58.7413 : new best
[2025-05-01 13:25:06] Saving model weights and runtime parameters to /scratch/project_2011987/OpusDistillery/rules/../data/models/MA-test/baseline_2023/baseline4_2023_student/model.npz.best-ce-mean-words.npz
[2025-05-01 13:25:07] [valid] Ep. 1 : Up. 5000 : ce-mean-words : 1.634 : new best
[2025-05-01 13:37:06] Ep. 1 : Up. 6000 : Sen. 34,587,179 : Cost 2.67895198 : Time 971.24s : 117946.83 words/s : gNorm 2.0874 : L.r. 1.1250e-04
[2025-05-01 13:39:29] Seen 35,652,942 samples
[2025-05-01 13:39:29] Starting data epoch 2 in logical epoch 2
[2025-05-01 13:39:29] [data] Shuffling data
[2025-05-01 13:39:30] [data] Done shuffling 35,657,440 sentences (cached in RAM)
[2025-05-01 13:49:03] Ep. 2 : Up. 7000 : Sen. 4,534,857 : Cost 2.30780315 : Time 717.85s : 156638.09 words/s : gNorm 1.4886 : L.r. 1.3125e-04
[2025-05-01 14:01:03] Ep. 2 : Up. 8000 : Sen. 10,319,973 : Cost 2.08755946 : Time 719.27s : 159594.24 words/s : gNorm 1.3891 : L.r. 1.5000e-04
[2025-05-01 14:12:56] Ep. 2 : Up. 9000 : Sen. 16,023,209 : Cost 1.91096294 : Time 713.13s : 159476.80 words/s : gNorm 1.1017 : L.r. 1.6875e-04
[2025-05-01 14:24:53] Ep. 2 : Up. 10000 : Sen. 21,788,861 : Cost 1.79681098 : Time 717.52s : 159664.26 words/s : gNorm 0.9929 : L.r. 1.8750e-04
[2025-05-01 14:24:53] Saving model weights and runtime parameters to /scratch/project_2011987/OpusDistillery/rules/../data/models/MA-test/baseline_2023/baseline4_2023_student/model.npz
[2025-05-01 14:24:54] Saving Adam parameters
[2025-05-01 14:24:55] [training] Saving training checkpoint to /scratch/project_2011987/OpusDistillery/rules/../data/models/MA-test/baseline_2023/baseline4_2023_student/model.npz and /scratch/project_2011987/OpusDistillery/rules/../data/models/MA-test/baseline_2023/baseline4_2023_student/model.npz.optimizer.npz
[2025-05-01 14:25:15] Saving model weights and runtime parameters to /scratch/project_2011987/OpusDistillery/rules/../data/models/MA-test/baseline_2023/baseline4_2023_student/model.npz.best-perplexity.npz
[2025-05-01 14:25:16] [valid] Ep. 2 : Up. 10000 : perplexity : 2.70555 : new best
[2025-05-01 14:28:37] Saving model weights and runtime parameters to /scratch/project_2011987/OpusDistillery/rules/../data/models/MA-test/baseline_2023/baseline4_2023_student/model.npz.best-chrf.npz
[2025-05-01 14:28:38] [valid] Ep. 2 : Up. 10000 : chrf : 68.3884 : new best
[2025-05-01 14:28:55] Saving model weights and runtime parameters to /scratch/project_2011987/OpusDistillery/rules/../data/models/MA-test/baseline_2023/baseline4_2023_student/model.npz.best-ce-mean-words.npz
[2025-05-01 14:28:56] [valid] Ep. 2 : Up. 10000 : ce-mean-words : 0.995305 : new best
[2025-05-01 14:40:56] Ep. 2 : Up. 11000 : Sen. 27,589,258 : Cost 1.70035982 : Time 962.62s : 119758.55 words/s : gNorm 0.7602 : L.r. 2.0625e-04
[2025-05-01 14:52:47] Ep. 2 : Up. 12000 : Sen. 33,225,977 : Cost 1.64468265 : Time 711.20s : 158712.82 words/s : gNorm 0.8151 : L.r. 2.2500e-04
[2025-05-01 14:57:46] Seen 35,652,942 samples
[2025-05-01 14:57:46] Starting data epoch 3 in logical epoch 3
[2025-05-01 14:57:46] [data] Shuffling data
[2025-05-01 14:57:48] [data] Done shuffling 35,657,440 sentences (cached in RAM)
[2025-05-01 15:04:49] Ep. 3 : Up. 13000 : Sen. 3,315,104 : Cost 1.56157351 : Time 722.22s : 157676.14 words/s : gNorm 0.6077 : L.r. 2.4375e-04
[2025-05-01 15:16:45] Ep. 3 : Up. 14000 : Sen. 9,095,845 : Cost 1.51567161 : Time 715.79s : 159740.57 words/s : gNorm 0.5654 : L.r. 2.6250e-04
[2025-05-01 15:28:39] Ep. 3 : Up. 15000 : Sen. 14,812,560 : Cost 1.48759663 : Time 714.01s : 159965.06 words/s : gNorm 0.5921 : L.r. 2.8125e-04
[2025-05-01 15:28:39] Saving model weights and runtime parameters to /scratch/project_2011987/OpusDistillery/rules/../data/models/MA-test/baseline_2023/baseline4_2023_student/model.npz
[2025-05-01 15:28:40] Saving Adam parameters
[2025-05-01 15:28:41] [training] Saving training checkpoint to /scratch/project_2011987/OpusDistillery/rules/../data/models/MA-test/baseline_2023/baseline4_2023_student/model.npz and /scratch/project_2011987/OpusDistillery/rules/../data/models/MA-test/baseline_2023/baseline4_2023_student/model.npz.optimizer.npz
[2025-05-01 15:29:02] Saving model weights and runtime parameters to /scratch/project_2011987/OpusDistillery/rules/../data/models/MA-test/baseline_2023/baseline4_2023_student/model.npz.best-perplexity.npz
[2025-05-01 15:29:03] [valid] Ep. 3 : Up. 15000 : perplexity : 2.2188 : new best
[2025-05-01 15:32:21] Saving model weights and runtime parameters to /scratch/project_2011987/OpusDistillery/rules/../data/models/MA-test/baseline_2023/baseline4_2023_student/model.npz.best-chrf.npz
[2025-05-01 15:32:22] [valid] Ep. 3 : Up. 15000 : chrf : 71.3636 : new best
[2025-05-01 15:32:40] Saving model weights and runtime parameters to /scratch/project_2011987/OpusDistillery/rules/../data/models/MA-test/baseline_2023/baseline4_2023_student/model.npz.best-ce-mean-words.npz
[2025-05-01 15:32:40] [valid] Ep. 3 : Up. 15000 : ce-mean-words : 0.796967 : new best
[2025-05-01 15:44:43] Ep. 3 : Up. 16000 : Sen. 20,620,784 : Cost 1.44827378 : Time 963.66s : 119679.98 words/s : gNorm 0.5026 : L.r. 3.0000e-04
[2025-05-01 15:56:39] Ep. 3 : Up. 17000 : Sen. 26,334,276 : Cost 1.41049159 : Time 716.12s : 159761.57 words/s : gNorm 0.4536 : L.r. 3.0000e-04
[2025-05-01 16:08:36] Ep. 3 : Up. 18000 : Sen. 32,130,689 : Cost 1.38216376 : Time 717.19s : 160049.11 words/s : gNorm 0.6413 : L.r. 3.0000e-04
[2025-05-01 16:15:54] Seen 35,652,942 samples
[2025-05-01 16:15:54] Starting data epoch 4 in logical epoch 4
[2025-05-01 16:15:54] [data] Shuffling data
[2025-05-01 16:15:56] [data] Done shuffling 35,657,440 sentences (cached in RAM)
[2025-05-01 16:20:34] Ep. 4 : Up. 19000 : Sen. 2,173,043 : Cost 1.34938812 : Time 718.00s : 157421.49 words/s : gNorm 0.4396 : L.r. 3.0000e-04
[2025-05-01 16:32:30] Ep. 4 : Up. 20000 : Sen. 7,943,597 : Cost 1.31480861 : Time 715.36s : 160577.48 words/s : gNorm 0.4231 : L.r. 3.0000e-04
[2025-05-01 16:32:30] Saving model weights and runtime parameters to /scratch/project_2011987/OpusDistillery/rules/../data/models/MA-test/baseline_2023/baseline4_2023_student/model.npz
[2025-05-01 16:32:31] Saving Adam parameters
[2025-05-01 16:32:32] [training] Saving training checkpoint to /scratch/project_2011987/OpusDistillery/rules/../data/models/MA-test/baseline_2023/baseline4_2023_student/model.npz and /scratch/project_2011987/OpusDistillery/rules/../data/models/MA-test/baseline_2023/baseline4_2023_student/model.npz.optimizer.npz
[2025-05-01 16:32:52] Saving model weights and runtime parameters to /scratch/project_2011987/OpusDistillery/rules/../data/models/MA-test/baseline_2023/baseline4_2023_student/model.npz.best-perplexity.npz
[2025-05-01 16:32:52] [valid] Ep. 4 : Up. 20000 : perplexity : 2.00868 : new best
[2025-05-01 16:36:12] Saving model weights and runtime parameters to /scratch/project_2011987/OpusDistillery/rules/../data/models/MA-test/baseline_2023/baseline4_2023_student/model.npz.best-chrf.npz
[2025-05-01 16:36:12] [valid] Ep. 4 : Up. 20000 : chrf : 72.4526 : new best
[2025-05-01 16:36:30] Saving model weights and runtime parameters to /scratch/project_2011987/OpusDistillery/rules/../data/models/MA-test/baseline_2023/baseline4_2023_student/model.npz.best-ce-mean-words.npz
[2025-05-01 16:36:31] [valid] Ep. 4 : Up. 20000 : ce-mean-words : 0.697477 : new best
[2025-05-01 16:48:30] Ep. 4 : Up. 21000 : Sen. 13,701,857 : Cost 1.30229497 : Time 960.52s : 119426.30 words/s : gNorm 0.5842 : L.r. 3.0000e-04
[2025-05-01 17:00:28] Ep. 4 : Up. 22000 : Sen. 19,516,121 : Cost 1.28539574 : Time 717.71s : 160471.56 words/s : gNorm 0.3782 : L.r. 3.0000e-04
[2025-05-01 17:12:22] Ep. 4 : Up. 23000 : Sen. 25,251,924 : Cost 1.27642059 : Time 714.23s : 159868.24 words/s : gNorm 0.4483 : L.r. 3.0000e-04
[2025-05-01 17:24:17] Ep. 4 : Up. 24000 : Sen. 31,007,453 : Cost 1.25908768 : Time 715.27s : 160320.65 words/s : gNorm 0.3603 : L.r. 3.0000e-04
[2025-05-01 17:33:58] Seen 35,652,942 samples
[2025-05-01 17:33:58] Starting data epoch 5 in logical epoch 5
[2025-05-01 17:33:58] [data] Shuffling data
[2025-05-01 17:34:01] [data] Done shuffling 35,657,440 sentences (cached in RAM)
[2025-05-01 17:36:16] Ep. 5 : Up. 25000 : Sen. 1,025,955 : Cost 1.24245596 : Time 718.87s : 157182.63 words/s : gNorm 0.3646 : L.r. 3.0000e-04
[2025-05-01 17:36:16] Saving model weights and runtime parameters to /scratch/project_2011987/OpusDistillery/rules/../data/models/MA-test/baseline_2023/baseline4_2023_student/model.npz
[2025-05-01 17:36:17] Saving Adam parameters
[2025-05-01 17:36:18] [training] Saving training checkpoint to /scratch/project_2011987/OpusDistillery/rules/../data/models/MA-test/baseline_2023/baseline4_2023_student/model.npz and /scratch/project_2011987/OpusDistillery/rules/../data/models/MA-test/baseline_2023/baseline4_2023_student/model.npz.optimizer.npz
[2025-05-01 17:36:38] Saving model weights and runtime parameters to /scratch/project_2011987/OpusDistillery/rules/../data/models/MA-test/baseline_2023/baseline4_2023_student/model.npz.best-perplexity.npz
[2025-05-01 17:36:38] [valid] Ep. 5 : Up. 25000 : perplexity : 1.94065 : new best
[2025-05-01 17:40:00] Saving model weights and runtime parameters to /scratch/project_2011987/OpusDistillery/rules/../data/models/MA-test/baseline_2023/baseline4_2023_student/model.npz.best-chrf.npz
[2025-05-01 17:40:01] [valid] Ep. 5 : Up. 25000 : chrf : 73.6298 : new best
[2025-05-01 17:40:18] Saving model weights and runtime parameters to /scratch/project_2011987/OpusDistillery/rules/../data/models/MA-test/baseline_2023/baseline4_2023_student/model.npz.best-ce-mean-words.npz
[2025-05-01 17:40:19] [valid] Ep. 5 : Up. 25000 : ce-mean-words : 0.663022 : new best
[2025-05-01 17:52:08] Ep. 5 : Up. 26000 : Sen. 6,751,379 : Cost 1.22411513 : Time 951.82s : 119248.42 words/s : gNorm 0.3887 : L.r. 3.0000e-04
[2025-05-01 18:04:03] Ep. 5 : Up. 27000 : Sen. 12,472,927 : Cost 1.21588385 : Time 715.09s : 160250.05 words/s : gNorm 0.3752 : L.r. 3.0000e-04
[2025-05-01 18:16:02] Ep. 5 : Up. 28000 : Sen. 18,273,657 : Cost 1.20801961 : Time 718.99s : 159886.37 words/s : gNorm 0.3305 : L.r. 3.0000e-04
[2025-05-01 18:27:56] Ep. 5 : Up. 29000 : Sen. 24,009,551 : Cost 1.20542657 : Time 714.30s : 159846.83 words/s : gNorm 0.3761 : L.r. 3.0000e-04
[2025-05-01 18:39:55] Ep. 5 : Up. 30000 : Sen. 29,780,842 : Cost 1.19811416 : Time 718.90s : 159821.77 words/s : gNorm 0.3899 : L.r. 3.0000e-04
[2025-05-01 18:39:55] Saving model weights and runtime parameters to /scratch/project_2011987/OpusDistillery/rules/../data/models/MA-test/baseline_2023/baseline4_2023_student/model.npz
[2025-05-01 18:39:56] Saving Adam parameters
[2025-05-01 18:39:57] [training] Saving training checkpoint to /scratch/project_2011987/OpusDistillery/rules/../data/models/MA-test/baseline_2023/baseline4_2023_student/model.npz and /scratch/project_2011987/OpusDistillery/rules/../data/models/MA-test/baseline_2023/baseline4_2023_student/model.npz.optimizer.npz
[2025-05-01 18:40:18] Saving model weights and runtime parameters to /scratch/project_2011987/OpusDistillery/rules/../data/models/MA-test/baseline_2023/baseline4_2023_student/model.npz.best-perplexity.npz
[2025-05-01 18:40:19] [valid] Ep. 5 : Up. 30000 : perplexity : 1.89897 : new best
[2025-05-01 18:43:36] [valid] Ep. 5 : Up. 30000 : chrf : 73.4896 : stalled 1 times (last best: 73.6298)
[2025-05-01 18:43:54] Saving model weights and runtime parameters to /scratch/project_2011987/OpusDistillery/rules/../data/models/MA-test/baseline_2023/baseline4_2023_student/model.npz.best-ce-mean-words.npz
[2025-05-01 18:43:55] [valid] Ep. 5 : Up. 30000 : ce-mean-words : 0.641309 : new best
[2025-05-01 18:55:51] Ep. 5 : Up. 31000 : Sen. 35,565,686 : Cost 1.18826926 : Time 955.47s : 120015.04 words/s : gNorm 0.3311 : L.r. 3.0000e-04
[2025-05-01 18:56:05] Seen 35,652,942 samples
[2025-05-01 18:56:05] Starting data epoch 6 in logical epoch 6
[2025-05-01 18:56:05] [data] Shuffling data
[2025-05-01 18:56:07] [data] Done shuffling 35,657,440 sentences (cached in RAM)
[2025-05-01 19:07:54] Ep. 6 : Up. 32000 : Sen. 5,613,281 : Cost 1.16633010 : Time 723.49s : 157768.66 words/s : gNorm 0.3173 : L.r. 3.0000e-04
[2025-05-01 19:19:49] Ep. 6 : Up. 33000 : Sen. 11,431,791 : Cost 1.16729033 : Time 714.80s : 160089.25 words/s : gNorm 0.3517 : L.r. 2.9542e-04
[2025-05-01 19:31:41] Ep. 6 : Up. 34000 : Sen. 17,075,608 : Cost 1.16235471 : Time 711.54s : 159721.31 words/s : gNorm 0.3548 : L.r. 2.9104e-04
[2025-05-01 19:43:36] Ep. 6 : Up. 35000 : Sen. 22,897,288 : Cost 1.15646124 : Time 715.56s : 160408.47 words/s : gNorm 0.3294 : L.r. 2.8685e-04
[2025-05-01 19:43:36] Saving model weights and runtime parameters to /scratch/project_2011987/OpusDistillery/rules/../data/models/MA-test/baseline_2023/baseline4_2023_student/model.npz
[2025-05-01 19:43:38] Saving Adam parameters
[2025-05-01 19:43:38] [training] Saving training checkpoint to /scratch/project_2011987/OpusDistillery/rules/../data/models/MA-test/baseline_2023/baseline4_2023_student/model.npz and /scratch/project_2011987/OpusDistillery/rules/../data/models/MA-test/baseline_2023/baseline4_2023_student/model.npz.optimizer.npz
[2025-05-01 19:43:58] Saving model weights and runtime parameters to /scratch/project_2011987/OpusDistillery/rules/../data/models/MA-test/baseline_2023/baseline4_2023_student/model.npz.best-perplexity.npz
[2025-05-01 19:43:59] [valid] Ep. 6 : Up. 35000 : perplexity : 1.85216 : new best
[2025-05-01 19:47:16] Saving model weights and runtime parameters to /scratch/project_2011987/OpusDistillery/rules/../data/models/MA-test/baseline_2023/baseline4_2023_student/model.npz.best-chrf.npz
[2025-05-01 19:47:17] [valid] Ep. 6 : Up. 35000 : chrf : 73.9123 : new best
[2025-05-01 19:47:34] Saving model weights and runtime parameters to /scratch/project_2011987/OpusDistillery/rules/../data/models/MA-test/baseline_2023/baseline4_2023_student/model.npz.best-ce-mean-words.npz
[2025-05-01 19:47:37] [valid] Ep. 6 : Up. 35000 : ce-mean-words : 0.616353 : new best
[2025-05-01 19:59:31] Ep. 6 : Up. 36000 : Sen. 28,645,598 : Cost 1.15212810 : Time 954.43s : 120212.69 words/s : gNorm 0.3553 : L.r. 2.8284e-04
[2025-05-01 20:11:23] Ep. 6 : Up. 37000 : Sen. 34,329,163 : Cost 1.14758408 : Time 712.42s : 159944.73 words/s : gNorm 0.3057 : L.r. 2.7899e-04
[2025-05-01 20:14:04] Seen 35,652,942 samples
[2025-05-01 20:14:04] Starting data epoch 7 in logical epoch 7
[2025-05-01 20:14:04] [data] Shuffling data
[2025-05-01 20:14:06] [data] Done shuffling 35,657,440 sentences (cached in RAM)
[2025-05-01 20:23:22] Ep. 7 : Up. 38000 : Sen. 4,392,467 : Cost 1.12801397 : Time 718.57s : 157547.48 words/s : gNorm 0.3188 : L.r. 2.7530e-04
[2025-05-01 20:35:16] Ep. 7 : Up. 39000 : Sen. 10,172,816 : Cost 1.12664342 : Time 714.68s : 160161.58 words/s : gNorm 0.3229 : L.r. 2.7175e-04
[2025-05-01 20:47:10] Ep. 7 : Up. 40000 : Sen. 15,938,211 : Cost 1.12391210 : Time 713.72s : 160407.75 words/s : gNorm 0.3408 : L.r. 2.6833e-04
[2025-05-01 20:47:10] Saving model weights and runtime parameters to /scratch/project_2011987/OpusDistillery/rules/../data/models/MA-test/baseline_2023/baseline4_2023_student/model.npz
[2025-05-01 20:47:11] Saving Adam parameters
[2025-05-01 20:47:12] [training] Saving training checkpoint to /scratch/project_2011987/OpusDistillery/rules/../data/models/MA-test/baseline_2023/baseline4_2023_student/model.npz and /scratch/project_2011987/OpusDistillery/rules/../data/models/MA-test/baseline_2023/baseline4_2023_student/model.npz.optimizer.npz
[2025-05-01 20:47:32] Saving model weights and runtime parameters to /scratch/project_2011987/OpusDistillery/rules/../data/models/MA-test/baseline_2023/baseline4_2023_student/model.npz.best-perplexity.npz
[2025-05-01 20:47:33] [valid] Ep. 7 : Up. 40000 : perplexity : 1.83268 : new best
[2025-05-01 20:50:52] Saving model weights and runtime parameters to /scratch/project_2011987/OpusDistillery/rules/../data/models/MA-test/baseline_2023/baseline4_2023_student/model.npz.best-chrf.npz
[2025-05-01 20:50:53] [valid] Ep. 7 : Up. 40000 : chrf : 74.4723 : new best
[2025-05-01 20:51:10] Saving model weights and runtime parameters to /scratch/project_2011987/OpusDistillery/rules/../data/models/MA-test/baseline_2023/baseline4_2023_student/model.npz.best-ce-mean-words.npz
[2025-05-01 20:51:11] [valid] Ep. 7 : Up. 40000 : ce-mean-words : 0.605779 : new best
[2025-05-01 21:03:05] Ep. 7 : Up. 41000 : Sen. 21,655,512 : Cost 1.12457776 : Time 954.85s : 119642.12 words/s : gNorm 0.3463 : L.r. 2.6504e-04
[2025-05-01 21:15:04] Ep. 7 : Up. 42000 : Sen. 27,481,471 : Cost 1.11727619 : Time 718.99s : 160311.90 words/s : gNorm 0.3325 : L.r. 2.6186e-04
[2025-05-01 21:26:57] Ep. 7 : Up. 43000 : Sen. 33,159,181 : Cost 1.11914504 : Time 712.90s : 159883.85 words/s : gNorm 0.3090 : L.r. 2.5880e-04
[2025-05-01 21:32:04] Seen 35,652,942 samples
[2025-05-01 21:32:04] Starting data epoch 8 in logical epoch 8
[2025-05-01 21:32:04] [data] Shuffling data
[2025-05-01 21:32:06] [data] Done shuffling 35,657,440 sentences (cached in RAM)
[2025-05-01 21:38:58] Ep. 8 : Up. 44000 : Sen. 3,249,076 : Cost 1.10311198 : Time 721.63s : 157622.58 words/s : gNorm 0.3387 : L.r. 2.5584e-04
[2025-05-01 21:50:50] Ep. 8 : Up. 45000 : Sen. 8,997,935 : Cost 1.09619462 : Time 711.80s : 160359.56 words/s : gNorm 0.3320 : L.r. 2.5298e-04
[2025-05-01 21:50:50] Saving model weights and runtime parameters to /scratch/project_2011987/OpusDistillery/rules/../data/models/MA-test/baseline_2023/baseline4_2023_student/model.npz
[2025-05-01 21:50:52] Saving Adam parameters
[2025-05-01 21:50:52] [training] Saving training checkpoint to /scratch/project_2011987/OpusDistillery/rules/../data/models/MA-test/baseline_2023/baseline4_2023_student/model.npz and /scratch/project_2011987/OpusDistillery/rules/../data/models/MA-test/baseline_2023/baseline4_2023_student/model.npz.optimizer.npz
[2025-05-01 21:51:12] Saving model weights and runtime parameters to /scratch/project_2011987/OpusDistillery/rules/../data/models/MA-test/baseline_2023/baseline4_2023_student/model.npz.best-perplexity.npz
[2025-05-01 21:51:13] [valid] Ep. 8 : Up. 45000 : perplexity : 1.81602 : new best
[2025-05-01 21:54:32] Saving model weights and runtime parameters to /scratch/project_2011987/OpusDistillery/rules/../data/models/MA-test/baseline_2023/baseline4_2023_student/model.npz.best-chrf.npz
[2025-05-01 21:54:33] [valid] Ep. 8 : Up. 45000 : chrf : 74.951 : new best
[2025-05-01 21:54:50] Saving model weights and runtime parameters to /scratch/project_2011987/OpusDistillery/rules/../data/models/MA-test/baseline_2023/baseline4_2023_student/model.npz.best-ce-mean-words.npz
[2025-05-01 21:54:51] [valid] Ep. 8 : Up. 45000 : ce-mean-words : 0.59665 : new best
[2025-05-01 22:06:49] Ep. 8 : Up. 46000 : Sen. 14,724,265 : Cost 1.09856188 : Time 958.62s : 119117.81 words/s : gNorm 0.3696 : L.r. 2.5022e-04
[2025-05-01 22:18:36] Ep. 8 : Up. 47000 : Sen. 20,482,884 : Cost 1.09912121 : Time 707.27s : 160550.35 words/s : gNorm 0.3478 : L.r. 2.4754e-04
[2025-05-01 22:30:37] Ep. 8 : Up. 48000 : Sen. 26,309,970 : Cost 1.09194207 : Time 720.60s : 161132.71 words/s : gNorm 0.3202 : L.r. 2.4495e-04
[2025-05-01 22:42:30] Ep. 8 : Up. 49000 : Sen. 32,026,014 : Cost 1.09550107 : Time 713.55s : 160135.62 words/s : gNorm 0.2939 : L.r. 2.4244e-04
[2025-05-01 22:50:04] Seen 35,652,942 samples
[2025-05-01 22:50:04] Starting data epoch 9 in logical epoch 9
[2025-05-01 22:50:04] [data] Shuffling data
[2025-05-01 22:50:07] [data] Done shuffling 35,657,440 sentences (cached in RAM)
[2025-05-01 22:54:29] Ep. 9 : Up. 50000 : Sen. 2,043,188 : Cost 1.08560646 : Time 718.63s : 157167.64 words/s : gNorm 0.3239 : L.r. 2.4000e-04
[2025-05-01 22:54:29] Saving model weights and runtime parameters to /scratch/project_2011987/OpusDistillery/rules/../data/models/MA-test/baseline_2023/baseline4_2023_student/model.npz
[2025-05-01 22:54:30] Saving Adam parameters
[2025-05-01 22:54:31] [training] Saving training checkpoint to /scratch/project_2011987/OpusDistillery/rules/../data/models/MA-test/baseline_2023/baseline4_2023_student/model.npz and /scratch/project_2011987/OpusDistillery/rules/../data/models/MA-test/baseline_2023/baseline4_2023_student/model.npz.optimizer.npz
[2025-05-01 22:54:51] Saving model weights and runtime parameters to /scratch/project_2011987/OpusDistillery/rules/../data/models/MA-test/baseline_2023/baseline4_2023_student/model.npz.best-perplexity.npz
[2025-05-01 22:54:52] [valid] Ep. 9 : Up. 50000 : perplexity : 1.79689 : new best
[2025-05-01 22:58:12] [valid] Ep. 9 : Up. 50000 : chrf : 74.9138 : stalled 1 times (last best: 74.951)
[2025-05-01 22:58:30] Saving model weights and runtime parameters to /scratch/project_2011987/OpusDistillery/rules/../data/models/MA-test/baseline_2023/baseline4_2023_student/model.npz.best-ce-mean-words.npz
[2025-05-01 22:58:30] [valid] Ep. 9 : Up. 50000 : ce-mean-words : 0.586058 : new best
[2025-05-01 23:10:29] Ep. 9 : Up. 51000 : Sen. 7,852,261 : Cost 1.07564485 : Time 960.27s : 119689.87 words/s : gNorm 0.3303 : L.r. 2.3764e-04
[2025-05-01 23:22:24] Ep. 9 : Up. 52000 : Sen. 13,582,001 : Cost 1.07419038 : Time 714.75s : 160562.26 words/s : gNorm 0.3308 : L.r. 2.3534e-04
[2025-05-01 23:34:18] Ep. 9 : Up. 53000 : Sen. 19,334,706 : Cost 1.07633030 : Time 713.72s : 160390.36 words/s : gNorm 0.2858 : L.r. 2.3311e-04
[2025-05-01 23:46:07] Ep. 9 : Up. 54000 : Sen. 25,053,284 : Cost 1.07794344 : Time 709.19s : 160352.79 words/s : gNorm 0.3976 : L.r. 2.3094e-04
[2025-05-01 23:58:02] Ep. 9 : Up. 55000 : Sen. 30,872,245 : Cost 1.07416236 : Time 715.33s : 160533.23 words/s : gNorm 0.3508 : L.r. 2.2883e-04
[2025-05-01 23:58:02] Saving model weights and runtime parameters to /scratch/project_2011987/OpusDistillery/rules/../data/models/MA-test/baseline_2023/baseline4_2023_student/model.npz
[2025-05-01 23:58:03] Saving Adam parameters
[2025-05-01 23:58:04] [training] Saving training checkpoint to /scratch/project_2011987/OpusDistillery/rules/../data/models/MA-test/baseline_2023/baseline4_2023_student/model.npz and /scratch/project_2011987/OpusDistillery/rules/../data/models/MA-test/baseline_2023/baseline4_2023_student/model.npz.optimizer.npz
[2025-05-01 23:58:24] Saving model weights and runtime parameters to /scratch/project_2011987/OpusDistillery/rules/../data/models/MA-test/baseline_2023/baseline4_2023_student/model.npz.best-perplexity.npz
[2025-05-01 23:58:25] [valid] Ep. 9 : Up. 55000 : perplexity : 1.77327 : new best
[2025-05-02 00:01:44] [valid] Ep. 9 : Up. 55000 : chrf : 74.6884 : stalled 2 times (last best: 74.951)
[2025-05-02 00:02:02] Saving model weights and runtime parameters to /scratch/project_2011987/OpusDistillery/rules/../data/models/MA-test/baseline_2023/baseline4_2023_student/model.npz.best-ce-mean-words.npz
[2025-05-02 00:02:02] [valid] Ep. 9 : Up. 55000 : ce-mean-words : 0.572824 : new best
[2025-05-02 00:12:04] Seen 35,652,942 samples
[2025-05-02 00:12:04] Starting data epoch 10 in logical epoch 10
[2025-05-02 00:12:04] [data] Shuffling data
[2025-05-02 00:12:06] [data] Done shuffling 35,657,440 sentences (cached in RAM)
[2025-05-02 00:14:06] Ep. 10 : Up. 56000 : Sen. 903,072 : Cost 1.07212842 : Time 963.74s : 118172.64 words/s : gNorm 0.3753 : L.r. 2.2678e-04
[2025-05-02 00:26:00] Ep. 10 : Up. 57000 : Sen. 6,669,119 : Cost 1.05586910 : Time 714.35s : 160157.88 words/s : gNorm 0.3059 : L.r. 2.2478e-04
[2025-05-02 00:37:53] Ep. 10 : Up. 58000 : Sen. 12,450,834 : Cost 1.06033719 : Time 713.01s : 160750.45 words/s : gNorm 0.3078 : L.r. 2.2283e-04
[2025-05-02 00:49:46] Ep. 10 : Up. 59000 : Sen. 18,192,018 : Cost 1.05680060 : Time 712.07s : 160007.05 words/s : gNorm 0.3057 : L.r. 2.2094e-04
[2025-05-02 01:01:39] Ep. 10 : Up. 60000 : Sen. 23,936,237 : Cost 1.06219816 : Time 713.95s : 160636.32 words/s : gNorm 0.3307 : L.r. 2.1909e-04
[2025-05-02 01:01:39] Saving model weights and runtime parameters to /scratch/project_2011987/OpusDistillery/rules/../data/models/MA-test/baseline_2023/baseline4_2023_student/model.npz
[2025-05-02 01:01:41] Saving Adam parameters
[2025-05-02 01:01:42] [training] Saving training checkpoint to /scratch/project_2011987/OpusDistillery/rules/../data/models/MA-test/baseline_2023/baseline4_2023_student/model.npz and /scratch/project_2011987/OpusDistillery/rules/../data/models/MA-test/baseline_2023/baseline4_2023_student/model.npz.optimizer.npz
[2025-05-02 01:02:04] [valid] Ep. 10 : Up. 60000 : perplexity : 1.80146 : stalled 1 times (last best: 1.77327)
[2025-05-02 01:05:22] Saving model weights and runtime parameters to /scratch/project_2011987/OpusDistillery/rules/../data/models/MA-test/baseline_2023/baseline4_2023_student/model.npz.best-chrf.npz
[2025-05-02 01:05:23] [valid] Ep. 10 : Up. 60000 : chrf : 74.9514 : new best
[2025-05-02 01:05:40] [valid] Ep. 10 : Up. 60000 : ce-mean-words : 0.588598 : stalled 1 times (last best: 0.572824)
[2025-05-02 01:17:33] Ep. 10 : Up. 61000 : Sen. 29,684,646 : Cost 1.05854595 : Time 953.96s : 119981.54 words/s : gNorm 0.3434 : L.r. 2.1729e-04
[2025-05-02 01:29:22] Ep. 10 : Up. 62000 : Sen. 35,331,707 : Cost 1.06168568 : Time 708.81s : 159590.62 words/s : gNorm 0.3024 : L.r. 2.1553e-04
[2025-05-02 01:29:59] Seen 35,652,942 samples
[2025-05-02 01:29:59] Starting data epoch 11 in logical epoch 11
[2025-05-02 01:29:59] [data] Shuffling data
[2025-05-02 01:30:02] [data] Done shuffling 35,657,440 sentences (cached in RAM)
[2025-05-02 01:41:25] Ep. 11 : Up. 63000 : Sen. 5,388,835 : Cost 1.03851688 : Time 722.69s : 158069.37 words/s : gNorm 0.3000 : L.r. 2.1381e-04
[2025-05-02 01:53:16] Ep. 11 : Up. 64000 : Sen. 11,170,697 : Cost 1.04655933 : Time 710.96s : 160234.76 words/s : gNorm 0.3439 : L.r. 2.1213e-04
[2025-05-02 02:05:13] Ep. 11 : Up. 65000 : Sen. 16,980,713 : Cost 1.04612923 : Time 717.28s : 160866.07 words/s : gNorm 0.3480 : L.r. 2.1049e-04
[2025-05-02 02:05:13] Saving model weights and runtime parameters to /scratch/project_2011987/OpusDistillery/rules/../data/models/MA-test/baseline_2023/baseline4_2023_student/model.npz
[2025-05-02 02:05:14] Saving Adam parameters
[2025-05-02 02:05:15] [training] Saving training checkpoint to /scratch/project_2011987/OpusDistillery/rules/../data/models/MA-test/baseline_2023/baseline4_2023_student/model.npz and /scratch/project_2011987/OpusDistillery/rules/../data/models/MA-test/baseline_2023/baseline4_2023_student/model.npz.optimizer.npz
[2025-05-02 02:05:35] [valid] Ep. 11 : Up. 65000 : perplexity : 1.7759 : stalled 2 times (last best: 1.77327)
[2025-05-02 02:08:52] [valid] Ep. 11 : Up. 65000 : chrf : 74.9464 : stalled 1 times (last best: 74.9514)
[2025-05-02 02:09:10] [valid] Ep. 11 : Up. 65000 : ce-mean-words : 0.574306 : stalled 2 times (last best: 0.572824)
[2025-05-02 02:21:04] Ep. 11 : Up. 66000 : Sen. 22,740,055 : Cost 1.04469264 : Time 950.90s : 120763.95 words/s : gNorm 0.3021 : L.r. 2.0889e-04
[2025-05-02 02:33:01] Ep. 11 : Up. 67000 : Sen. 28,553,801 : Cost 1.04998589 : Time 717.34s : 159873.37 words/s : gNorm 0.3271 : L.r. 2.0733e-04
[2025-05-02 02:44:56] Ep. 11 : Up. 68000 : Sen. 34,265,286 : Cost 1.04549718 : Time 714.58s : 160337.07 words/s : gNorm 0.3371 : L.r. 2.0580e-04
[2025-05-02 02:47:50] Seen 35,652,942 samples
[2025-05-02 02:47:50] Starting data epoch 12 in logical epoch 12
[2025-05-02 02:47:50] [data] Shuffling data
[2025-05-02 02:47:52] [data] Done shuffling 35,657,440 sentences (cached in RAM)
[2025-05-02 02:56:55] Ep. 12 : Up. 69000 : Sen. 4,306,796 : Cost 1.03139532 : Time 718.59s : 157625.57 words/s : gNorm 0.3466 : L.r. 2.0430e-04
[2025-05-02 03:08:49] Ep. 12 : Up. 70000 : Sen. 10,066,842 : Cost 1.03155041 : Time 714.73s : 160557.27 words/s : gNorm 0.3351 : L.r. 2.0284e-04
[2025-05-02 03:08:49] Saving model weights and runtime parameters to /scratch/project_2011987/OpusDistillery/rules/../data/models/MA-test/baseline_2023/baseline4_2023_student/model.npz
[2025-05-02 03:08:50] Saving Adam parameters
[2025-05-02 03:08:51] [training] Saving training checkpoint to /scratch/project_2011987/OpusDistillery/rules/../data/models/MA-test/baseline_2023/baseline4_2023_student/model.npz and /scratch/project_2011987/OpusDistillery/rules/../data/models/MA-test/baseline_2023/baseline4_2023_student/model.npz.optimizer.npz
[2025-05-02 03:09:11] Saving model weights and runtime parameters to /scratch/project_2011987/OpusDistillery/rules/../data/models/MA-test/baseline_2023/baseline4_2023_student/model.npz.best-perplexity.npz
[2025-05-02 03:09:12] [valid] Ep. 12 : Up. 70000 : perplexity : 1.77183 : new best
[2025-05-02 03:12:29] Saving model weights and runtime parameters to /scratch/project_2011987/OpusDistillery/rules/../data/models/MA-test/baseline_2023/baseline4_2023_student/model.npz.best-chrf.npz
[2025-05-02 03:12:30] [valid] Ep. 12 : Up. 70000 : chrf : 74.98 : new best
[2025-05-02 03:12:47] Saving model weights and runtime parameters to /scratch/project_2011987/OpusDistillery/rules/../data/models/MA-test/baseline_2023/baseline4_2023_student/model.npz.best-ce-mean-words.npz
[2025-05-02 03:12:48] [valid] Ep. 12 : Up. 70000 : ce-mean-words : 0.572011 : new best
[2025-05-02 03:24:45] Ep. 12 : Up. 71000 : Sen. 15,881,001 : Cost 1.03492320 : Time 955.63s : 120329.92 words/s : gNorm 0.3195 : L.r. 2.0140e-04
[2025-05-02 03:36:38] Ep. 12 : Up. 72000 : Sen. 21,605,142 : Cost 1.03725517 : Time 713.19s : 160174.10 words/s : gNorm 0.3232 : L.r. 2.0000e-04
[2025-05-02 03:48:30] Ep. 12 : Up. 73000 : Sen. 27,356,991 : Cost 1.03494918 : Time 712.01s : 160255.62 words/s : gNorm 0.3854 : L.r. 1.9863e-04
[2025-05-02 04:00:23] Ep. 12 : Up. 74000 : Sen. 33,105,189 : Cost 1.03620338 : Time 712.73s : 160807.90 words/s : gNorm 0.3723 : L.r. 1.9728e-04
[2025-05-02 04:05:42] Seen 35,652,942 samples
[2025-05-02 04:05:42] Starting data epoch 13 in logical epoch 13
[2025-05-02 04:05:42] [data] Shuffling data
[2025-05-02 04:05:44] [data] Done shuffling 35,657,440 sentences (cached in RAM)
[2025-05-02 04:12:24] Ep. 13 : Up. 75000 : Sen. 3,199,280 : Cost 1.02395201 : Time 720.94s : 157786.09 words/s : gNorm 0.3156 : L.r. 1.9596e-04
[2025-05-02 04:12:24] Saving model weights and runtime parameters to /scratch/project_2011987/OpusDistillery/rules/../data/models/MA-test/baseline_2023/baseline4_2023_student/model.npz
[2025-05-02 04:12:25] Saving Adam parameters
[2025-05-02 04:12:26] [training] Saving training checkpoint to /scratch/project_2011987/OpusDistillery/rules/../data/models/MA-test/baseline_2023/baseline4_2023_student/model.npz and /scratch/project_2011987/OpusDistillery/rules/../data/models/MA-test/baseline_2023/baseline4_2023_student/model.npz.optimizer.npz
[2025-05-02 04:12:45] Saving model weights and runtime parameters to /scratch/project_2011987/OpusDistillery/rules/../data/models/MA-test/baseline_2023/baseline4_2023_student/model.npz.best-perplexity.npz
[2025-05-02 04:12:46] [valid] Ep. 13 : Up. 75000 : perplexity : 1.76582 : new best
[2025-05-02 04:16:03] Saving model weights and runtime parameters to /scratch/project_2011987/OpusDistillery/rules/../data/models/MA-test/baseline_2023/baseline4_2023_student/model.npz.best-chrf.npz
[2025-05-02 04:16:04] [valid] Ep. 13 : Up. 75000 : chrf : 75.0664 : new best
[2025-05-02 04:16:21] Saving model weights and runtime parameters to /scratch/project_2011987/OpusDistillery/rules/../data/models/MA-test/baseline_2023/baseline4_2023_student/model.npz.best-ce-mean-words.npz
[2025-05-02 04:16:22] [valid] Ep. 13 : Up. 75000 : ce-mean-words : 0.568616 : new best
[2025-05-02 04:28:14] Ep. 13 : Up. 76000 : Sen. 8,932,537 : Cost 1.02174878 : Time 950.20s : 120202.25 words/s : gNorm 0.3581 : L.r. 1.9467e-04
[2025-05-02 04:40:10] Ep. 13 : Up. 77000 : Sen. 14,676,998 : Cost 1.02475333 : Time 716.30s : 159955.10 words/s : gNorm 0.3395 : L.r. 1.9340e-04
[2025-05-02 04:52:03] Ep. 13 : Up. 78000 : Sen. 20,416,015 : Cost 1.02466393 : Time 712.94s : 160542.99 words/s : gNorm 0.3094 : L.r. 1.9215e-04
[2025-05-02 05:03:52] Ep. 13 : Up. 79000 : Sen. 26,152,698 : Cost 1.02650785 : Time 709.10s : 160603.19 words/s : gNorm 0.3719 : L.r. 1.9093e-04
[2025-05-02 05:15:48] Ep. 13 : Up. 80000 : Sen. 31,936,827 : Cost 1.02666903 : Time 715.62s : 160753.19 words/s : gNorm 0.3264 : L.r. 1.8974e-04
[2025-05-02 05:15:48] Saving model weights and runtime parameters to /scratch/project_2011987/OpusDistillery/rules/../data/models/MA-test/baseline_2023/baseline4_2023_student/model.npz
[2025-05-02 05:15:49] Saving Adam parameters
[2025-05-02 05:15:50] [training] Saving training checkpoint to /scratch/project_2011987/OpusDistillery/rules/../data/models/MA-test/baseline_2023/baseline4_2023_student/model.npz and /scratch/project_2011987/OpusDistillery/rules/../data/models/MA-test/baseline_2023/baseline4_2023_student/model.npz.optimizer.npz
[2025-05-02 05:16:09] [valid] Ep. 13 : Up. 80000 : perplexity : 1.77132 : stalled 1 times (last best: 1.76582)
[2025-05-02 05:19:26] [valid] Ep. 13 : Up. 80000 : chrf : 74.8265 : stalled 1 times (last best: 75.0664)
[2025-05-02 05:19:44] [valid] Ep. 13 : Up. 80000 : ce-mean-words : 0.571727 : stalled 1 times (last best: 0.568616)
[2025-05-02 05:27:27] Seen 35,652,942 samples
[2025-05-02 05:27:27] Starting data epoch 14 in logical epoch 14
[2025-05-02 05:27:27] [data] Shuffling data
[2025-05-02 05:27:29] [data] Done shuffling 35,657,440 sentences (cached in RAM)
[2025-05-02 05:31:44] Ep. 14 : Up. 81000 : Sen. 1,988,335 : Cost 1.01985919 : Time 956.36s : 118844.08 words/s : gNorm 0.3261 : L.r. 1.8856e-04
[2025-05-02 05:43:41] Ep. 14 : Up. 82000 : Sen. 7,796,533 : Cost 1.01049566 : Time 716.44s : 160341.36 words/s : gNorm 0.2959 : L.r. 1.8741e-04
[2025-05-02 05:55:32] Ep. 14 : Up. 83000 : Sen. 13,507,905 : Cost 1.01449049 : Time 711.28s : 160756.86 words/s : gNorm 0.3251 : L.r. 1.8628e-04
[2025-05-02 06:07:25] Ep. 14 : Up. 84000 : Sen. 19,227,088 : Cost 1.01564729 : Time 712.80s : 159825.63 words/s : gNorm 0.2890 : L.r. 1.8516e-04
[2025-05-02 06:19:18] Ep. 14 : Up. 85000 : Sen. 24,996,841 : Cost 1.01958978 : Time 712.68s : 160645.91 words/s : gNorm 0.3232 : L.r. 1.8407e-04
[2025-05-02 06:19:18] Saving model weights and runtime parameters to /scratch/project_2011987/OpusDistillery/rules/../data/models/MA-test/baseline_2023/baseline4_2023_student/model.npz
[2025-05-02 06:19:18] Saving Adam parameters
[2025-05-02 06:19:19] [training] Saving training checkpoint to /scratch/project_2011987/OpusDistillery/rules/../data/models/MA-test/baseline_2023/baseline4_2023_student/model.npz and /scratch/project_2011987/OpusDistillery/rules/../data/models/MA-test/baseline_2023/baseline4_2023_student/model.npz.optimizer.npz
[2025-05-02 06:19:40] Saving model weights and runtime parameters to /scratch/project_2011987/OpusDistillery/rules/../data/models/MA-test/baseline_2023/baseline4_2023_student/model.npz.best-perplexity.npz
[2025-05-02 06:19:40] [valid] Ep. 14 : Up. 85000 : perplexity : 1.75501 : new best
[2025-05-02 06:22:58] Saving model weights and runtime parameters to /scratch/project_2011987/OpusDistillery/rules/../data/models/MA-test/baseline_2023/baseline4_2023_student/model.npz.best-chrf.npz
[2025-05-02 06:22:59] [valid] Ep. 14 : Up. 85000 : chrf : 75.1825 : new best
[2025-05-02 06:23:16] Saving model weights and runtime parameters to /scratch/project_2011987/OpusDistillery/rules/../data/models/MA-test/baseline_2023/baseline4_2023_student/model.npz.best-ce-mean-words.npz
[2025-05-02 06:23:17] [valid] Ep. 14 : Up. 85000 : ce-mean-words : 0.562474 : new best
[2025-05-02 06:35:12] Ep. 14 : Up. 86000 : Sen. 30,746,291 : Cost 1.01930153 : Time 954.45s : 120183.33 words/s : gNorm 0.3148 : L.r. 1.8300e-04
[2025-05-02 06:45:20] Seen 35,652,942 samples
[2025-05-02 06:45:20] Starting data epoch 15 in logical epoch 15
[2025-05-02 06:45:20] [data] Shuffling data
[2025-05-02 06:45:22] [data] Done shuffling 35,657,440 sentences (cached in RAM)
[2025-05-02 06:47:12] Ep. 15 : Up. 87000 : Sen. 779,193 : Cost 1.01633382 : Time 719.64s : 157628.15 words/s : gNorm 0.3442 : L.r. 1.8194e-04
[2025-05-02 06:59:03] Ep. 15 : Up. 88000 : Sen. 6,580,816 : Cost 1.00466192 : Time 711.39s : 160376.13 words/s : gNorm 0.3303 : L.r. 1.8091e-04
[2025-05-02 07:10:57] Ep. 15 : Up. 89000 : Sen. 12,309,167 : Cost 1.00457048 : Time 713.57s : 160509.26 words/s : gNorm 0.3344 : L.r. 1.7989e-04
[2025-05-02 07:22:49] Ep. 15 : Up. 90000 : Sen. 18,049,083 : Cost 1.00799453 : Time 712.76s : 160328.35 words/s : gNorm 0.3035 : L.r. 1.7889e-04
[2025-05-02 07:22:49] Saving model weights and runtime parameters to /scratch/project_2011987/OpusDistillery/rules/../data/models/MA-test/baseline_2023/baseline4_2023_student/model.npz
[2025-05-02 07:22:50] Saving Adam parameters
[2025-05-02 07:22:51] [training] Saving training checkpoint to /scratch/project_2011987/OpusDistillery/rules/../data/models/MA-test/baseline_2023/baseline4_2023_student/model.npz and /scratch/project_2011987/OpusDistillery/rules/../data/models/MA-test/baseline_2023/baseline4_2023_student/model.npz.optimizer.npz
[2025-05-02 07:23:11] Saving model weights and runtime parameters to /scratch/project_2011987/OpusDistillery/rules/../data/models/MA-test/baseline_2023/baseline4_2023_student/model.npz.best-perplexity.npz
[2025-05-02 07:23:12] [valid] Ep. 15 : Up. 90000 : perplexity : 1.74862 : new best
[2025-05-02 07:26:31] Saving model weights and runtime parameters to /scratch/project_2011987/OpusDistillery/rules/../data/models/MA-test/baseline_2023/baseline4_2023_student/model.npz.best-chrf.npz
[2025-05-02 07:26:32] [valid] Ep. 15 : Up. 90000 : chrf : 75.3093 : new best
[2025-05-02 07:26:50] Saving model weights and runtime parameters to /scratch/project_2011987/OpusDistillery/rules/../data/models/MA-test/baseline_2023/baseline4_2023_student/model.npz.best-ce-mean-words.npz
[2025-05-02 07:26:50] [valid] Ep. 15 : Up. 90000 : ce-mean-words : 0.558825 : new best
[2025-05-02 07:38:41] Ep. 15 : Up. 91000 : Sen. 23,793,825 : Cost 1.01129234 : Time 951.54s : 119799.29 words/s : gNorm 0.3202 : L.r. 1.7790e-04
[2025-05-02 07:50:42] Ep. 15 : Up. 92000 : Sen. 29,593,651 : Cost 1.00913811 : Time 721.37s : 159881.92 words/s : gNorm 0.3507 : L.r. 1.7693e-04
[2025-05-02 08:02:36] Ep. 15 : Up. 93000 : Sen. 35,315,728 : Cost 1.01195800 : Time 713.30s : 160334.54 words/s : gNorm 0.3098 : L.r. 1.7598e-04
[2025-05-02 08:03:16] Seen 35,652,942 samples
[2025-05-02 08:03:16] Starting data epoch 16 in logical epoch 16
[2025-05-02 08:03:16] [data] Shuffling data
[2025-05-02 08:03:18] [data] Done shuffling 35,657,440 sentences (cached in RAM)
[2025-05-02 08:14:36] Ep. 16 : Up. 94000 : Sen. 5,354,634 : Cost 0.99516851 : Time 719.96s : 157863.95 words/s : gNorm 0.3497 : L.r. 1.7504e-04
[2025-05-02 08:26:33] Ep. 16 : Up. 95000 : Sen. 11,208,804 : Cost 0.99797618 : Time 717.27s : 160603.00 words/s : gNorm 0.3363 : L.r. 1.7411e-04
[2025-05-02 08:26:33] Saving model weights and runtime parameters to /scratch/project_2011987/OpusDistillery/rules/../data/models/MA-test/baseline_2023/baseline4_2023_student/model.npz
[2025-05-02 08:26:34] Saving Adam parameters
[2025-05-02 08:26:35] [training] Saving training checkpoint to /scratch/project_2011987/OpusDistillery/rules/../data/models/MA-test/baseline_2023/baseline4_2023_student/model.npz and /scratch/project_2011987/OpusDistillery/rules/../data/models/MA-test/baseline_2023/baseline4_2023_student/model.npz.optimizer.npz
[2025-05-02 08:26:54] [valid] Ep. 16 : Up. 95000 : perplexity : 1.75666 : stalled 1 times (last best: 1.74862)
[2025-05-02 08:30:22] Saving model weights and runtime parameters to /scratch/project_2011987/OpusDistillery/rules/../data/models/MA-test/baseline_2023/baseline4_2023_student/model.npz.best-chrf.npz
[2025-05-02 08:30:22] [valid] Ep. 16 : Up. 95000 : chrf : 75.3369 : new best
[2025-05-02 08:30:40] [valid] Ep. 16 : Up. 95000 : ce-mean-words : 0.563413 : stalled 1 times (last best: 0.558825)
[2025-05-02 08:42:31] Ep. 16 : Up. 96000 : Sen. 16,899,413 : Cost 1.00244546 : Time 957.99s : 119086.06 words/s : gNorm 0.2972 : L.r. 1.7321e-04
[2025-05-02 08:54:23] Ep. 16 : Up. 97000 : Sen. 22,695,810 : Cost 1.00073528 : Time 712.68s : 161009.83 words/s : gNorm 0.3260 : L.r. 1.7231e-04
[2025-05-02 09:06:20] Ep. 16 : Up. 98000 : Sen. 28,474,273 : Cost 1.00529397 : Time 716.39s : 160249.15 words/s : gNorm 0.3282 : L.r. 1.7143e-04
[2025-05-02 09:18:13] Ep. 16 : Up. 99000 : Sen. 34,240,548 : Cost 1.00596583 : Time 712.76s : 160412.50 words/s : gNorm 0.3525 : L.r. 1.7056e-04
[2025-05-02 09:21:14] Seen 35,652,942 samples
[2025-05-02 09:21:14] Starting data epoch 17 in logical epoch 17
[2025-05-02 09:21:14] [data] Shuffling data
[2025-05-02 09:21:16] [data] Done shuffling 35,657,440 sentences (cached in RAM)
[2025-05-02 09:30:09] Ep. 17 : Up. 100000 : Sen. 4,257,524 : Cost 0.99175072 : Time 716.15s : 157755.82 words/s : gNorm 0.3488 : L.r. 1.6971e-04
[2025-05-02 09:30:09] Saving model weights and runtime parameters to /scratch/project_2011987/OpusDistillery/rules/../data/models/MA-test/baseline_2023/baseline4_2023_student/model.npz
[2025-05-02 09:30:10] Saving Adam parameters
[2025-05-02 09:30:11] [training] Saving training checkpoint to /scratch/project_2011987/OpusDistillery/rules/../data/models/MA-test/baseline_2023/baseline4_2023_student/model.npz and /scratch/project_2011987/OpusDistillery/rules/../data/models/MA-test/baseline_2023/baseline4_2023_student/model.npz.optimizer.npz
[2025-05-02 09:30:31] [valid] Ep. 17 : Up. 100000 : perplexity : 1.77241 : stalled 2 times (last best: 1.74862)
[2025-05-02 09:33:48] [valid] Ep. 17 : Up. 100000 : chrf : 74.9751 : stalled 1 times (last best: 75.3369)
[2025-05-02 09:34:05] [valid] Ep. 17 : Up. 100000 : ce-mean-words : 0.572342 : stalled 2 times (last best: 0.558825)
[2025-05-02 09:46:00] Ep. 17 : Up. 101000 : Sen. 9,998,725 : Cost 0.99051970 : Time 951.57s : 120489.69 words/s : gNorm 0.3571 : L.r. 1.6886e-04
[2025-05-02 09:57:56] Ep. 17 : Up. 102000 : Sen. 15,754,490 : Cost 0.99399674 : Time 715.32s : 160392.77 words/s : gNorm 0.3425 : L.r. 1.6803e-04
[2025-05-02 10:09:52] Ep. 17 : Up. 103000 : Sen. 21,504,263 : Cost 0.99741900 : Time 715.84s : 160362.81 words/s : gNorm 0.3333 : L.r. 1.6722e-04
[2025-05-02 10:21:43] Ep. 17 : Up. 104000 : Sen. 27,228,386 : Cost 0.99745339 : Time 711.72s : 160146.76 words/s : gNorm 0.3375 : L.r. 1.6641e-04
[2025-05-02 10:33:39] Ep. 17 : Up. 105000 : Sen. 33,027,125 : Cost 0.99996561 : Time 715.39s : 160558.68 words/s : gNorm 0.3565 : L.r. 1.6562e-04
[2025-05-02 10:33:39] Saving model weights and runtime parameters to /scratch/project_2011987/OpusDistillery/rules/../data/models/MA-test/baseline_2023/baseline4_2023_student/model.npz
[2025-05-02 10:33:40] Saving Adam parameters
[2025-05-02 10:33:41] [training] Saving training checkpoint to /scratch/project_2011987/OpusDistillery/rules/../data/models/MA-test/baseline_2023/baseline4_2023_student/model.npz and /scratch/project_2011987/OpusDistillery/rules/../data/models/MA-test/baseline_2023/baseline4_2023_student/model.npz.optimizer.npz
[2025-05-02 10:34:00] [valid] Ep. 17 : Up. 105000 : perplexity : 1.75247 : stalled 3 times (last best: 1.74862)
[2025-05-02 10:37:18] [valid] Ep. 17 : Up. 105000 : chrf : 74.9558 : stalled 2 times (last best: 75.3369)
[2025-05-02 10:37:35] [valid] Ep. 17 : Up. 105000 : ce-mean-words : 0.561029 : stalled 3 times (last best: 0.558825)
[2025-05-02 10:43:02] Seen 35,652,942 samples
[2025-05-02 10:43:02] Starting data epoch 18 in logical epoch 18
[2025-05-02 10:43:02] [data] Shuffling data
[2025-05-02 10:43:04] [data] Done shuffling 35,657,440 sentences (cached in RAM)
[2025-05-02 10:49:33] Ep. 18 : Up. 106000 : Sen. 3,072,163 : Cost 0.98809099 : Time 954.43s : 118557.63 words/s : gNorm 0.3124 : L.r. 1.6483e-04
[2025-05-02 11:01:23] Ep. 18 : Up. 107000 : Sen. 8,774,398 : Cost 0.98471099 : Time 710.25s : 160106.19 words/s : gNorm 0.3356 : L.r. 1.6406e-04
[2025-05-02 11:13:15] Ep. 18 : Up. 108000 : Sen. 14,556,137 : Cost 0.99173695 : Time 711.84s : 160398.46 words/s : gNorm 0.3600 : L.r. 1.6330e-04
[2025-05-02 11:25:19] Ep. 18 : Up. 109000 : Sen. 20,398,173 : Cost 0.98895830 : Time 723.81s : 160583.05 words/s : gNorm 0.3195 : L.r. 1.6255e-04
[2025-05-02 11:37:10] Ep. 18 : Up. 110000 : Sen. 26,069,167 : Cost 0.99294555 : Time 711.17s : 159882.54 words/s : gNorm 0.3079 : L.r. 1.6181e-04
[2025-05-02 11:37:10] Saving model weights and runtime parameters to /scratch/project_2011987/OpusDistillery/rules/../data/models/MA-test/baseline_2023/baseline4_2023_student/model.npz
[2025-05-02 11:37:11] Saving Adam parameters
[2025-05-02 11:37:12] [training] Saving training checkpoint to /scratch/project_2011987/OpusDistillery/rules/../data/models/MA-test/baseline_2023/baseline4_2023_student/model.npz and /scratch/project_2011987/OpusDistillery/rules/../data/models/MA-test/baseline_2023/baseline4_2023_student/model.npz.optimizer.npz
[2025-05-02 11:37:33] [valid] Ep. 18 : Up. 110000 : perplexity : 1.77736 : stalled 4 times (last best: 1.74862)
[2025-05-02 11:40:51] Saving model weights and runtime parameters to /scratch/project_2011987/OpusDistillery/rules/../data/models/MA-test/baseline_2023/baseline4_2023_student/model.npz.best-chrf.npz
[2025-05-02 11:40:52] [valid] Ep. 18 : Up. 110000 : chrf : 75.3991 : new best
[2025-05-02 11:41:09] [valid] Ep. 18 : Up. 110000 : ce-mean-words : 0.575128 : stalled 4 times (last best: 0.558825)
[2025-05-02 11:53:08] Ep. 18 : Up. 111000 : Sen. 31,890,396 : Cost 0.99180365 : Time 957.60s : 120611.90 words/s : gNorm 0.3234 : L.r. 1.6108e-04
[2025-05-02 12:00:57] Seen 35,652,942 samples
[2025-05-02 12:00:57] Starting data epoch 19 in logical epoch 19
[2025-05-02 12:00:57] [data] Shuffling data
[2025-05-02 12:00:59] [data] Done shuffling 35,657,440 sentences (cached in RAM)
[2025-05-02 12:05:09] Ep. 19 : Up. 112000 : Sen. 1,969,833 : Cost 0.98770511 : Time 720.99s : 157469.41 words/s : gNorm 0.3044 : L.r. 1.6036e-04
[2025-05-02 12:17:08] Ep. 19 : Up. 113000 : Sen. 7,732,848 : Cost 0.97855949 : Time 719.24s : 159874.98 words/s : gNorm 0.3408 : L.r. 1.5965e-04
[2025-05-02 12:28:58] Ep. 19 : Up. 114000 : Sen. 13,423,109 : Cost 0.98342443 : Time 709.94s : 160401.01 words/s : gNorm 0.3752 : L.r. 1.5894e-04
[2025-05-02 12:40:50] Ep. 19 : Up. 115000 : Sen. 19,195,164 : Cost 0.98708910 : Time 712.42s : 160479.44 words/s : gNorm 0.3295 : L.r. 1.5825e-04
[2025-05-02 12:40:50] Saving model weights and runtime parameters to /scratch/project_2011987/OpusDistillery/rules/../data/models/MA-test/baseline_2023/baseline4_2023_student/model.npz
[2025-05-02 12:40:52] Saving Adam parameters
[2025-05-02 12:40:53] [training] Saving training checkpoint to /scratch/project_2011987/OpusDistillery/rules/../data/models/MA-test/baseline_2023/baseline4_2023_student/model.npz and /scratch/project_2011987/OpusDistillery/rules/../data/models/MA-test/baseline_2023/baseline4_2023_student/model.npz.optimizer.npz
[2025-05-02 12:41:12] [valid] Ep. 19 : Up. 115000 : perplexity : 1.7821 : stalled 5 times (last best: 1.74862)
[2025-05-02 12:44:34] [valid] Ep. 19 : Up. 115000 : chrf : 75.2788 : stalled 1 times (last best: 75.3991)
[2025-05-02 12:44:51] [valid] Ep. 19 : Up. 115000 : ce-mean-words : 0.577793 : stalled 5 times (last best: 0.558825)
[2025-05-02 12:56:51] Ep. 19 : Up. 116000 : Sen. 24,971,139 : Cost 0.98560745 : Time 960.19s : 119588.55 words/s : gNorm 0.3320 : L.r. 1.5757e-04
[2025-05-02 13:08:41] Ep. 19 : Up. 117000 : Sen. 30,721,531 : Cost 0.98843187 : Time 710.42s : 160716.88 words/s : gNorm 0.3455 : L.r. 1.5689e-04
[2025-05-02 13:18:57] Seen 35,652,942 samples
[2025-05-02 13:18:57] Starting data epoch 20 in logical epoch 20
[2025-05-02 13:18:57] [data] Shuffling data
[2025-05-02 13:19:00] [data] Done shuffling 35,657,440 sentences (cached in RAM)
[2025-05-02 13:20:42] Ep. 20 : Up. 118000 : Sen. 782,458 : Cost 0.98718387 : Time 721.46s : 157532.35 words/s : gNorm 0.3254 : L.r. 1.5623e-04
[2025-05-02 13:32:33] Ep. 20 : Up. 119000 : Sen. 6,427,903 : Cost 0.97262216 : Time 710.62s : 159448.13 words/s : gNorm 0.3345 : L.r. 1.5557e-04
[2025-05-02 13:44:26] Ep. 20 : Up. 120000 : Sen. 12,212,399 : Cost 0.98013282 : Time 712.67s : 160523.29 words/s : gNorm 0.3521 : L.r. 1.5492e-04
[2025-05-02 13:44:26] Saving model weights and runtime parameters to /scratch/project_2011987/OpusDistillery/rules/../data/models/MA-test/baseline_2023/baseline4_2023_student/model.npz
[2025-05-02 13:44:28] Saving Adam parameters
[2025-05-02 13:44:28] [training] Saving training checkpoint to /scratch/project_2011987/OpusDistillery/rules/../data/models/MA-test/baseline_2023/baseline4_2023_student/model.npz and /scratch/project_2011987/OpusDistillery/rules/../data/models/MA-test/baseline_2023/baseline4_2023_student/model.npz.optimizer.npz
[2025-05-02 13:44:51] [valid] Ep. 20 : Up. 120000 : perplexity : 1.75089 : stalled 6 times (last best: 1.74862)
[2025-05-02 13:48:10] [valid] Ep. 20 : Up. 120000 : chrf : 74.7339 : stalled 2 times (last best: 75.3991)
[2025-05-02 13:48:27] [valid] Ep. 20 : Up. 120000 : ce-mean-words : 0.560122 : stalled 6 times (last best: 0.558825)
[2025-05-02 14:00:20] Ep. 20 : Up. 121000 : Sen. 17,997,789 : Cost 0.97918087 : Time 954.04s : 120288.97 words/s : gNorm 0.4126 : L.r. 1.5428e-04
[2025-05-02 14:12:14] Ep. 20 : Up. 122000 : Sen. 23,766,160 : Cost 0.98238456 : Time 713.97s : 160284.42 words/s : gNorm 0.3608 : L.r. 1.5364e-04
[2025-05-02 14:24:13] Ep. 20 : Up. 123000 : Sen. 29,507,220 : Cost 0.98272336 : Time 719.11s : 159533.49 words/s : gNorm 0.3490 : L.r. 1.5302e-04
[2025-05-02 14:36:05] Ep. 20 : Up. 124000 : Sen. 35,277,081 : Cost 0.98576313 : Time 711.68s : 160526.54 words/s : gNorm 0.3383 : L.r. 1.5240e-04
[2025-05-02 14:36:56] Seen 35,652,942 samples
[2025-05-02 14:36:56] Starting data epoch 21 in logical epoch 21
[2025-05-02 14:36:56] [data] Shuffling data
[2025-05-02 14:36:59] [data] Done shuffling 35,657,440 sentences (cached in RAM)
[2025-05-02 14:48:06] Ep. 21 : Up. 125000 : Sen. 5,320,564 : Cost 0.96940953 : Time 721.22s : 157623.46 words/s : gNorm 0.3211 : L.r. 1.5179e-04
[2025-05-02 14:48:06] Saving model weights and runtime parameters to /scratch/project_2011987/OpusDistillery/rules/../data/models/MA-test/baseline_2023/baseline4_2023_student/model.npz
[2025-05-02 14:48:07] Saving Adam parameters
[2025-05-02 14:48:08] [training] Saving training checkpoint to /scratch/project_2011987/OpusDistillery/rules/../data/models/MA-test/baseline_2023/baseline4_2023_student/model.npz and /scratch/project_2011987/OpusDistillery/rules/../data/models/MA-test/baseline_2023/baseline4_2023_student/model.npz.optimizer.npz
[2025-05-02 14:48:28] [valid] Ep. 21 : Up. 125000 : perplexity : 1.76218 : stalled 7 times (last best: 1.74862)
[2025-05-02 14:51:49] [valid] Ep. 21 : Up. 125000 : chrf : 75.209 : stalled 3 times (last best: 75.3991)
[2025-05-02 14:52:06] [valid] Ep. 21 : Up. 125000 : ce-mean-words : 0.566554 : stalled 7 times (last best: 0.558825)
[2025-05-02 15:04:00] Ep. 21 : Up. 126000 : Sen. 11,056,163 : Cost 0.97361541 : Time 954.51s : 120026.56 words/s : gNorm 0.3410 : L.r. 1.5119e-04
[2025-05-02 15:15:57] Ep. 21 : Up. 127000 : Sen. 16,835,910 : Cost 0.97617710 : Time 716.63s : 160607.29 words/s : gNorm 0.3276 : L.r. 1.5059e-04
[2025-05-02 15:27:51] Ep. 21 : Up. 128000 : Sen. 22,602,329 : Cost 0.97643733 : Time 713.73s : 160322.23 words/s : gNorm 0.3415 : L.r. 1.5000e-04
[2025-05-02 15:39:44] Ep. 21 : Up. 129000 : Sen. 28,363,483 : Cost 0.98042345 : Time 713.82s : 160226.74 words/s : gNorm 0.3794 : L.r. 1.4942e-04
[2025-05-02 15:51:40] Ep. 21 : Up. 130000 : Sen. 34,117,241 : Cost 0.97913879 : Time 715.11s : 160468.64 words/s : gNorm 0.3483 : L.r. 1.4884e-04
[2025-05-02 15:51:40] Saving model weights and runtime parameters to /scratch/project_2011987/OpusDistillery/rules/../data/models/MA-test/baseline_2023/baseline4_2023_student/model.npz
[2025-05-02 15:51:41] Saving Adam parameters
[2025-05-02 15:51:42] [training] Saving training checkpoint to /scratch/project_2011987/OpusDistillery/rules/../data/models/MA-test/baseline_2023/baseline4_2023_student/model.npz and /scratch/project_2011987/OpusDistillery/rules/../data/models/MA-test/baseline_2023/baseline4_2023_student/model.npz.optimizer.npz
[2025-05-02 15:52:01] [valid] Ep. 21 : Up. 130000 : perplexity : 1.7536 : stalled 8 times (last best: 1.74862)
[2025-05-02 15:55:20] [valid] Ep. 21 : Up. 130000 : chrf : 75.2045 : stalled 4 times (last best: 75.3991)
[2025-05-02 15:55:38] [valid] Ep. 21 : Up. 130000 : ce-mean-words : 0.561668 : stalled 8 times (last best: 0.558825)
[2025-05-02 15:58:49] Seen 35,652,942 samples
[2025-05-02 15:58:49] Starting data epoch 22 in logical epoch 22
[2025-05-02 15:58:49] [data] Shuffling data
[2025-05-02 15:58:51] [data] Done shuffling 35,657,440 sentences (cached in RAM)
[2025-05-02 16:07:35] Ep. 22 : Up. 131000 : Sen. 4,157,751 : Cost 0.96784163 : Time 955.35s : 118043.00 words/s : gNorm 0.3556 : L.r. 1.4827e-04
[2025-05-02 16:19:26] Ep. 22 : Up. 132000 : Sen. 9,895,208 : Cost 0.96804243 : Time 711.10s : 160516.91 words/s : gNorm 0.3497 : L.r. 1.4771e-04
[2025-05-02 16:31:20] Ep. 22 : Up. 133000 : Sen. 15,594,599 : Cost 0.97147727 : Time 714.16s : 159918.31 words/s : gNorm 0.3215 : L.r. 1.4715e-04
[2025-05-02 16:43:12] Ep. 22 : Up. 134000 : Sen. 21,331,987 : Cost 0.97494125 : Time 712.04s : 160521.76 words/s : gNorm 0.4329 : L.r. 1.4660e-04
[2025-05-02 16:55:07] Ep. 22 : Up. 135000 : Sen. 27,132,677 : Cost 0.97503269 : Time 715.03s : 160414.28 words/s : gNorm 0.3505 : L.r. 1.4606e-04
[2025-05-02 16:55:07] Saving model weights and runtime parameters to /scratch/project_2011987/OpusDistillery/rules/../data/models/MA-test/baseline_2023/baseline4_2023_student/model.npz
[2025-05-02 16:55:08] Saving Adam parameters
[2025-05-02 16:55:09] [training] Saving training checkpoint to /scratch/project_2011987/OpusDistillery/rules/../data/models/MA-test/baseline_2023/baseline4_2023_student/model.npz and /scratch/project_2011987/OpusDistillery/rules/../data/models/MA-test/baseline_2023/baseline4_2023_student/model.npz.optimizer.npz
[2025-05-02 16:55:28] Saving model weights and runtime parameters to /scratch/project_2011987/OpusDistillery/rules/../data/models/MA-test/baseline_2023/baseline4_2023_student/model.npz.best-perplexity.npz
[2025-05-02 16:55:29] [valid] Ep. 22 : Up. 135000 : perplexity : 1.73723 : new best
[2025-05-02 16:58:48] [valid] Ep. 22 : Up. 135000 : chrf : 75.2344 : stalled 5 times (last best: 75.3991)
[2025-05-02 16:59:05] Saving model weights and runtime parameters to /scratch/project_2011987/OpusDistillery/rules/../data/models/MA-test/baseline_2023/baseline4_2023_student/model.npz.best-ce-mean-words.npz
[2025-05-02 16:59:06] [valid] Ep. 22 : Up. 135000 : ce-mean-words : 0.552294 : new best
[2025-05-02 17:11:01] Ep. 22 : Up. 136000 : Sen. 32,946,167 : Cost 0.97583753 : Time 953.30s : 120624.42 words/s : gNorm 0.3499 : L.r. 1.4552e-04
[2025-05-02 17:16:42] Seen 35,652,942 samples
[2025-05-02 17:16:42] Starting data epoch 23 in logical epoch 23
[2025-05-02 17:16:42] [data] Shuffling data
[2025-05-02 17:16:44] [data] Done shuffling 35,657,440 sentences (cached in RAM)
[2025-05-02 17:22:58] Ep. 23 : Up. 137000 : Sen. 2,981,961 : Cost 0.96809071 : Time 717.17s : 157880.73 words/s : gNorm 0.3442 : L.r. 1.4499e-04
[2025-05-02 17:34:55] Ep. 23 : Up. 138000 : Sen. 8,751,070 : Cost 0.96541142 : Time 717.11s : 160333.29 words/s : gNorm 0.3541 : L.r. 1.4446e-04
[2025-05-02 17:46:52] Ep. 23 : Up. 139000 : Sen. 14,517,532 : Cost 0.96484721 : Time 717.27s : 160259.71 words/s : gNorm 0.5444 : L.r. 1.4394e-04
[2025-05-02 17:58:44] Ep. 23 : Up. 140000 : Sen. 20,260,930 : Cost 0.97286034 : Time 711.98s : 159894.58 words/s : gNorm 0.3611 : L.r. 1.4343e-04
[2025-05-02 17:58:44] Saving model weights and runtime parameters to /scratch/project_2011987/OpusDistillery/rules/../data/models/MA-test/baseline_2023/baseline4_2023_student/model.npz
[2025-05-02 17:58:45] Saving Adam parameters
[2025-05-02 17:58:46] [training] Saving training checkpoint to /scratch/project_2011987/OpusDistillery/rules/../data/models/MA-test/baseline_2023/baseline4_2023_student/model.npz and /scratch/project_2011987/OpusDistillery/rules/../data/models/MA-test/baseline_2023/baseline4_2023_student/model.npz.optimizer.npz
[2025-05-02 17:59:06] Saving model weights and runtime parameters to /scratch/project_2011987/OpusDistillery/rules/../data/models/MA-test/baseline_2023/baseline4_2023_student/model.npz.best-perplexity.npz
[2025-05-02 17:59:07] [valid] Ep. 23 : Up. 140000 : perplexity : 1.73719 : new best
[2025-05-02 18:02:26] [valid] Ep. 23 : Up. 140000 : chrf : 75.2321 : stalled 6 times (last best: 75.3991)
[2025-05-02 18:02:43] Saving model weights and runtime parameters to /scratch/project_2011987/OpusDistillery/rules/../data/models/MA-test/baseline_2023/baseline4_2023_student/model.npz.best-ce-mean-words.npz
[2025-05-02 18:02:44] [valid] Ep. 23 : Up. 140000 : ce-mean-words : 0.552266 : new best
[2025-05-02 18:14:40] Ep. 23 : Up. 141000 : Sen. 26,031,114 : Cost 0.96934813 : Time 955.45s : 120531.01 words/s : gNorm 0.3825 : L.r. 1.4292e-04
[2025-05-02 18:26:32] Ep. 23 : Up. 142000 : Sen. 31,778,934 : Cost 0.97363859 : Time 712.16s : 160655.03 words/s : gNorm 0.3348 : L.r. 1.4241e-04
[2025-05-02 18:34:36] Seen 35,652,942 samples
[2025-05-02 18:34:36] Starting data epoch 24 in logical epoch 24
[2025-05-02 18:34:36] [data] Shuffling data
[2025-05-02 18:34:38] [data] Done shuffling 35,657,440 sentences (cached in RAM)
[2025-05-02 18:38:27] Ep. 24 : Up. 143000 : Sen. 1,820,503 : Cost 0.96596164 : Time 714.95s : 157128.25 words/s : gNorm 0.3662 : L.r. 1.4191e-04
[2025-05-02 18:50:24] Ep. 24 : Up. 144000 : Sen. 7,553,043 : Cost 0.95890170 : Time 717.34s : 159389.17 words/s : gNorm 0.3607 : L.r. 1.4142e-04
[2025-05-02 19:02:16] Ep. 24 : Up. 145000 : Sen. 13,333,785 : Cost 0.96283036 : Time 711.73s : 161100.27 words/s : gNorm 0.3456 : L.r. 1.4093e-04
[2025-05-02 19:02:16] Saving model weights and runtime parameters to /scratch/project_2011987/OpusDistillery/rules/../data/models/MA-test/baseline_2023/baseline4_2023_student/model.npz
[2025-05-02 19:02:17] Saving Adam parameters
[2025-05-02 19:02:18] [training] Saving training checkpoint to /scratch/project_2011987/OpusDistillery/rules/../data/models/MA-test/baseline_2023/baseline4_2023_student/model.npz and /scratch/project_2011987/OpusDistillery/rules/../data/models/MA-test/baseline_2023/baseline4_2023_student/model.npz.optimizer.npz
[2025-05-02 19:02:37] [valid] Ep. 24 : Up. 145000 : perplexity : 1.74428 : stalled 1 times (last best: 1.73719)
[2025-05-02 19:05:57] [valid] Ep. 24 : Up. 145000 : chrf : 75.2536 : stalled 7 times (last best: 75.3991)
[2025-05-02 19:06:14] [valid] Ep. 24 : Up. 145000 : ce-mean-words : 0.556343 : stalled 1 times (last best: 0.552266)
[2025-05-02 19:18:09] Ep. 24 : Up. 146000 : Sen. 19,049,373 : Cost 0.96677786 : Time 953.54s : 120170.22 words/s : gNorm 0.3193 : L.r. 1.4045e-04
[2025-05-02 19:30:01] Ep. 24 : Up. 147000 : Sen. 24,794,795 : Cost 0.96661341 : Time 711.70s : 160537.30 words/s : gNorm 0.3792 : L.r. 1.3997e-04
[2025-05-02 19:41:53] Ep. 24 : Up. 148000 : Sen. 30,531,319 : Cost 0.97033864 : Time 712.21s : 160313.95 words/s : gNorm 0.3892 : L.r. 1.3950e-04
[2025-05-02 19:52:31] Seen 35,652,942 samples
[2025-05-02 19:52:31] Starting data epoch 25 in logical epoch 25
[2025-05-02 19:52:31] [data] Shuffling data
[2025-05-02 19:52:34] [data] Done shuffling 35,657,440 sentences (cached in RAM)
[2025-05-02 19:53:53] Ep. 25 : Up. 149000 : Sen. 574,074 : Cost 0.96746278 : Time 719.40s : 157096.97 words/s : gNorm 0.3703 : L.r. 1.3903e-04
[2025-05-02 20:05:45] Ep. 25 : Up. 150000 : Sen. 6,334,537 : Cost 0.95515031 : Time 711.93s : 160777.51 words/s : gNorm 0.3534 : L.r. 1.3856e-04
[2025-05-02 20:05:45] Saving model weights and runtime parameters to /scratch/project_2011987/OpusDistillery/rules/../data/models/MA-test/baseline_2023/baseline4_2023_student/model.npz
[2025-05-02 20:05:46] Saving Adam parameters
[2025-05-02 20:05:47] [training] Saving training checkpoint to /scratch/project_2011987/OpusDistillery/rules/../data/models/MA-test/baseline_2023/baseline4_2023_student/model.npz and /scratch/project_2011987/OpusDistillery/rules/../data/models/MA-test/baseline_2023/baseline4_2023_student/model.npz.optimizer.npz
[2025-05-02 20:06:06] [valid] Ep. 25 : Up. 150000 : perplexity : 1.73816 : stalled 2 times (last best: 1.73719)
[2025-05-02 20:09:25] [valid] Ep. 25 : Up. 150000 : chrf : 74.985 : stalled 8 times (last best: 75.3991)
[2025-05-02 20:09:42] [valid] Ep. 25 : Up. 150000 : ce-mean-words : 0.552829 : stalled 2 times (last best: 0.552266)
[2025-05-02 20:21:36] Ep. 25 : Up. 151000 : Sen. 12,063,352 : Cost 0.95953590 : Time 951.21s : 120196.37 words/s : gNorm 0.3451 : L.r. 1.3810e-04
[2025-05-02 20:33:32] Ep. 25 : Up. 152000 : Sen. 17,809,603 : Cost 0.96102709 : Time 716.02s : 160174.77 words/s : gNorm 0.3539 : L.r. 1.3765e-04
[2025-05-02 20:45:24] Ep. 25 : Up. 153000 : Sen. 23,590,958 : Cost 0.96290505 : Time 711.84s : 160551.77 words/s : gNorm 0.3549 : L.r. 1.3720e-04
[2025-05-02 20:57:19] Ep. 25 : Up. 154000 : Sen. 29,394,028 : Cost 0.96629471 : Time 714.90s : 160244.69 words/s : gNorm 0.3360 : L.r. 1.3675e-04
[2025-05-02 21:09:09] Ep. 25 : Up. 155000 : Sen. 35,048,306 : Cost 0.96947300 : Time 710.89s : 159992.98 words/s : gNorm 0.3884 : L.r. 1.3631e-04
[2025-05-02 21:09:09] Saving model weights and runtime parameters to /scratch/project_2011987/OpusDistillery/rules/../data/models/MA-test/baseline_2023/baseline4_2023_student/model.npz
[2025-05-02 21:09:10] Saving Adam parameters
[2025-05-02 21:09:11] [training] Saving training checkpoint to /scratch/project_2011987/OpusDistillery/rules/../data/models/MA-test/baseline_2023/baseline4_2023_student/model.npz and /scratch/project_2011987/OpusDistillery/rules/../data/models/MA-test/baseline_2023/baseline4_2023_student/model.npz.optimizer.npz
[2025-05-02 21:09:31] [valid] Ep. 25 : Up. 155000 : perplexity : 1.74523 : stalled 3 times (last best: 1.73719)
[2025-05-02 21:12:49] [valid] Ep. 25 : Up. 155000 : chrf : 75.3144 : stalled 9 times (last best: 75.3991)
[2025-05-02 21:13:06] [valid] Ep. 25 : Up. 155000 : ce-mean-words : 0.556884 : stalled 3 times (last best: 0.552266)
[2025-05-02 21:14:23] Seen 35,652,942 samples
[2025-05-02 21:14:23] Starting data epoch 26 in logical epoch 26
[2025-05-02 21:14:23] [data] Shuffling data
[2025-05-02 21:14:25] [data] Done shuffling 35,657,440 sentences (cached in RAM)
[2025-05-02 21:25:03] Ep. 26 : Up. 156000 : Sen. 5,071,585 : Cost 0.95191777 : Time 953.33s : 118441.60 words/s : gNorm 0.3818 : L.r. 1.3587e-04
[2025-05-02 21:37:01] Ep. 26 : Up. 157000 : Sen. 10,835,803 : Cost 0.95608866 : Time 718.45s : 160281.84 words/s : gNorm 0.3552 : L.r. 1.3544e-04
[2025-05-02 21:48:56] Ep. 26 : Up. 158000 : Sen. 16,586,082 : Cost 0.95901674 : Time 714.79s : 160663.12 words/s : gNorm 0.3550 : L.r. 1.3501e-04
[2025-05-02 22:00:49] Ep. 26 : Up. 159000 : Sen. 22,390,970 : Cost 0.96066988 : Time 713.08s : 160375.92 words/s : gNorm 0.3549 : L.r. 1.3459e-04
[2025-05-02 22:12:44] Ep. 26 : Up. 160000 : Sen. 28,140,820 : Cost 0.96185094 : Time 714.91s : 159950.93 words/s : gNorm 0.3518 : L.r. 1.3416e-04
[2025-05-02 22:12:44] Saving model weights and runtime parameters to /scratch/project_2011987/OpusDistillery/rules/../data/models/MA-test/baseline_2023/baseline4_2023_student/model.npz
[2025-05-02 22:12:45] Saving Adam parameters
[2025-05-02 22:12:47] [training] Saving training checkpoint to /scratch/project_2011987/OpusDistillery/rules/../data/models/MA-test/baseline_2023/baseline4_2023_student/model.npz and /scratch/project_2011987/OpusDistillery/rules/../data/models/MA-test/baseline_2023/baseline4_2023_student/model.npz.optimizer.npz
[2025-05-02 22:13:09] [valid] Ep. 26 : Up. 160000 : perplexity : 1.76027 : stalled 4 times (last best: 1.73719)
[2025-05-02 22:16:29] [valid] Ep. 26 : Up. 160000 : chrf : 75.1666 : stalled 10 times (last best: 75.3991)
[2025-05-02 22:16:46] [valid] Ep. 26 : Up. 160000 : ce-mean-words : 0.565465 : stalled 4 times (last best: 0.552266)
[2025-05-02 22:28:38] Ep. 26 : Up. 161000 : Sen. 33,821,678 : Cost 0.96333444 : Time 953.93s : 119497.68 words/s : gNorm 0.3417 : L.r. 1.3375e-04
[2025-05-02 22:32:22] Seen 35,652,942 samples
[2025-05-02 22:32:22] Starting data epoch 27 in logical epoch 27
[2025-05-02 22:32:22] [data] Shuffling data
[2025-05-02 22:32:25] [data] Done shuffling 35,657,440 sentences (cached in RAM)
[2025-05-02 22:40:34] Ep. 27 : Up. 162000 : Sen. 3,896,754 : Cost 0.95394450 : Time 715.83s : 157626.03 words/s : gNorm 0.3965 : L.r. 1.3333e-04
[2025-05-02 22:52:30] Ep. 27 : Up. 163000 : Sen. 9,667,337 : Cost 0.94973594 : Time 716.16s : 160903.64 words/s : gNorm 0.3341 : L.r. 1.3292e-04
[2025-05-02 23:04:19] Ep. 27 : Up. 164000 : Sen. 15,413,175 : Cost 0.95898801 : Time 709.57s : 159915.90 words/s : gNorm 0.3751 : L.r. 1.3252e-04
[2025-05-02 23:16:17] Ep. 27 : Up. 165000 : Sen. 21,213,301 : Cost 0.95562601 : Time 717.66s : 160384.81 words/s : gNorm 0.3535 : L.r. 1.3212e-04
[2025-05-02 23:16:17] Saving model weights and runtime parameters to /scratch/project_2011987/OpusDistillery/rules/../data/models/MA-test/baseline_2023/baseline4_2023_student/model.npz
[2025-05-02 23:16:18] Saving Adam parameters
[2025-05-02 23:16:19] [training] Saving training checkpoint to /scratch/project_2011987/OpusDistillery/rules/../data/models/MA-test/baseline_2023/baseline4_2023_student/model.npz and /scratch/project_2011987/OpusDistillery/rules/../data/models/MA-test/baseline_2023/baseline4_2023_student/model.npz.optimizer.npz
[2025-05-02 23:16:38] [valid] Ep. 27 : Up. 165000 : perplexity : 1.74318 : stalled 5 times (last best: 1.73719)
[2025-05-02 23:19:55] [valid] Ep. 27 : Up. 165000 : chrf : 74.9019 : stalled 11 times (last best: 75.3991)
[2025-05-02 23:20:13] [valid] Ep. 27 : Up. 165000 : ce-mean-words : 0.555712 : stalled 5 times (last best: 0.552266)
[2025-05-02 23:32:05] Ep. 27 : Up. 166000 : Sen. 26,911,776 : Cost 0.95982146 : Time 947.50s : 120523.59 words/s : gNorm 0.3816 : L.r. 1.3172e-04
[2025-05-02 23:43:57] Ep. 27 : Up. 167000 : Sen. 32,675,638 : Cost 0.96167731 : Time 712.57s : 160333.79 words/s : gNorm 0.3719 : L.r. 1.3132e-04
[2025-05-02 23:50:12] Seen 35,652,942 samples
[2025-05-02 23:50:12] Starting data epoch 28 in logical epoch 28
[2025-05-02 23:50:12] [data] Shuffling data
[2025-05-02 23:50:14] [data] Done shuffling 35,657,440 sentences (cached in RAM)
[2025-05-02 23:55:58] Ep. 28 : Up. 168000 : Sen. 2,757,181 : Cost 0.95396286 : Time 720.46s : 158114.10 words/s : gNorm 0.3537 : L.r. 1.3093e-04
[2025-05-03 00:07:53] Ep. 28 : Up. 169000 : Sen. 8,460,370 : Cost 0.94742787 : Time 715.40s : 159950.31 words/s : gNorm 0.3657 : L.r. 1.3054e-04
[2025-05-03 00:19:46] Ep. 28 : Up. 170000 : Sen. 14,200,262 : Cost 0.95297718 : Time 713.03s : 160236.12 words/s : gNorm 0.3616 : L.r. 1.3016e-04
[2025-05-03 00:19:46] Saving model weights and runtime parameters to /scratch/project_2011987/OpusDistillery/rules/../data/models/MA-test/baseline_2023/baseline4_2023_student/model.npz
[2025-05-03 00:19:47] Saving Adam parameters
[2025-05-03 00:19:48] [training] Saving training checkpoint to /scratch/project_2011987/OpusDistillery/rules/../data/models/MA-test/baseline_2023/baseline4_2023_student/model.npz and /scratch/project_2011987/OpusDistillery/rules/../data/models/MA-test/baseline_2023/baseline4_2023_student/model.npz.optimizer.npz
[2025-05-03 00:20:07] [valid] Ep. 28 : Up. 170000 : perplexity : 1.77371 : stalled 6 times (last best: 1.73719)
[2025-05-03 00:23:24] [valid] Ep. 28 : Up. 170000 : chrf : 75.271 : stalled 12 times (last best: 75.3991)
[2025-05-03 00:23:41] [valid] Ep. 28 : Up. 170000 : ce-mean-words : 0.573072 : stalled 6 times (last best: 0.552266)
[2025-05-03 00:35:35] Ep. 28 : Up. 171000 : Sen. 19,959,642 : Cost 0.95475239 : Time 948.87s : 120203.45 words/s : gNorm 0.4136 : L.r. 1.2978e-04
[2025-05-03 00:47:30] Ep. 28 : Up. 172000 : Sen. 25,730,722 : Cost 0.95585400 : Time 715.49s : 160890.49 words/s : gNorm 0.3628 : L.r. 1.2940e-04
[2025-05-03 00:59:24] Ep. 28 : Up. 173000 : Sen. 31,475,284 : Cost 0.95663893 : Time 713.10s : 160090.25 words/s : gNorm 0.3988 : L.r. 1.2902e-04
[2025-05-03 01:08:04] Seen 35,652,942 samples
[2025-05-03 01:08:04] Starting data epoch 29 in logical epoch 29
[2025-05-03 01:08:04] [data] Shuffling data
[2025-05-03 01:08:07] [data] Done shuffling 35,657,440 sentences (cached in RAM)
[2025-05-03 01:11:22] Ep. 29 : Up. 174000 : Sen. 1,546,783 : Cost 0.95375711 : Time 718.52s : 157920.96 words/s : gNorm 0.3464 : L.r. 1.2865e-04
[2025-05-03 01:23:26] Ep. 29 : Up. 175000 : Sen. 7,365,475 : Cost 0.94533432 : Time 723.85s : 160271.41 words/s : gNorm 0.3542 : L.r. 1.2829e-04
[2025-05-03 01:23:26] Saving model weights and runtime parameters to /scratch/project_2011987/OpusDistillery/rules/../data/models/MA-test/baseline_2023/baseline4_2023_student/model.npz
[2025-05-03 01:23:27] Saving Adam parameters
[2025-05-03 01:23:28] [training] Saving training checkpoint to /scratch/project_2011987/OpusDistillery/rules/../data/models/MA-test/baseline_2023/baseline4_2023_student/model.npz and /scratch/project_2011987/OpusDistillery/rules/../data/models/MA-test/baseline_2023/baseline4_2023_student/model.npz.optimizer.npz
[2025-05-03 01:23:47] [valid] Ep. 29 : Up. 175000 : perplexity : 1.74749 : stalled 7 times (last best: 1.73719)
[2025-05-03 01:27:06] Saving model weights and runtime parameters to /scratch/project_2011987/OpusDistillery/rules/../data/models/MA-test/baseline_2023/baseline4_2023_student/model.npz.best-chrf.npz
[2025-05-03 01:27:07] [valid] Ep. 29 : Up. 175000 : chrf : 75.406 : new best
[2025-05-03 01:27:24] [valid] Ep. 29 : Up. 175000 : ce-mean-words : 0.558181 : stalled 7 times (last best: 0.552266)
[2025-05-03 01:39:15] Ep. 29 : Up. 176000 : Sen. 13,059,363 : Cost 0.95088017 : Time 949.07s : 119733.16 words/s : gNorm 0.5301 : L.r. 1.2792e-04
[2025-05-03 01:51:13] Ep. 29 : Up. 177000 : Sen. 18,871,056 : Cost 0.95086175 : Time 717.68s : 160470.74 words/s : gNorm 0.3719 : L.r. 1.2756e-04
[2025-05-03 02:03:03] Ep. 29 : Up. 178000 : Sen. 24,554,865 : Cost 0.95459527 : Time 710.82s : 159679.47 words/s : gNorm 0.4106 : L.r. 1.2720e-04
[2025-05-03 02:14:54] Ep. 29 : Up. 179000 : Sen. 30,323,465 : Cost 0.95340836 : Time 711.00s : 160919.17 words/s : gNorm 0.3699 : L.r. 1.2684e-04
[2025-05-03 02:25:59] Seen 35,652,942 samples
[2025-05-03 02:25:59] Starting data epoch 30 in logical epoch 30
[2025-05-03 02:25:59] [data] Shuffling data
[2025-05-03 02:26:01] [data] Done shuffling 35,657,440 sentences (cached in RAM)
[2025-05-03 02:26:53] Ep. 30 : Up. 180000 : Sen. 354,646 : Cost 0.95492208 : Time 718.06s : 157254.53 words/s : gNorm 0.3634 : L.r. 1.2649e-04
[2025-05-03 02:26:53] Saving model weights and runtime parameters to /scratch/project_2011987/OpusDistillery/rules/../data/models/MA-test/baseline_2023/baseline4_2023_student/model.npz
[2025-05-03 02:26:54] Saving Adam parameters
[2025-05-03 02:26:54] [training] Saving training checkpoint to /scratch/project_2011987/OpusDistillery/rules/../data/models/MA-test/baseline_2023/baseline4_2023_student/model.npz and /scratch/project_2011987/OpusDistillery/rules/../data/models/MA-test/baseline_2023/baseline4_2023_student/model.npz.optimizer.npz
[2025-05-03 02:27:15] [valid] Ep. 30 : Up. 180000 : perplexity : 1.75904 : stalled 8 times (last best: 1.73719)
[2025-05-03 02:30:32] [valid] Ep. 30 : Up. 180000 : chrf : 75.393 : stalled 1 times (last best: 75.406)
[2025-05-03 02:30:50] [valid] Ep. 30 : Up. 180000 : ce-mean-words : 0.564767 : stalled 8 times (last best: 0.552266)
[2025-05-03 02:42:42] Ep. 30 : Up. 181000 : Sen. 6,083,758 : Cost 0.94220304 : Time 949.38s : 120186.14 words/s : gNorm 0.3819 : L.r. 1.2614e-04
[2025-05-03 02:54:33] Ep. 30 : Up. 182000 : Sen. 11,834,310 : Cost 0.94440585 : Time 711.24s : 160727.01 words/s : gNorm 0.3853 : L.r. 1.2579e-04
[2025-05-03 03:06:32] Ep. 30 : Up. 183000 : Sen. 17,549,469 : Cost 0.94804054 : Time 719.03s : 160182.42 words/s : gNorm 0.3618 : L.r. 1.2545e-04
[2025-05-03 03:18:28] Ep. 30 : Up. 184000 : Sen. 23,397,473 : Cost 0.95036238 : Time 716.24s : 160284.36 words/s : gNorm 0.3677 : L.r. 1.2511e-04
[2025-05-03 03:30:26] Ep. 30 : Up. 185000 : Sen. 29,155,569 : Cost 0.95300096 : Time 718.05s : 160204.25 words/s : gNorm 0.3581 : L.r. 1.2477e-04
[2025-05-03 03:30:26] Saving model weights and runtime parameters to /scratch/project_2011987/OpusDistillery/rules/../data/models/MA-test/baseline_2023/baseline4_2023_student/model.npz
[2025-05-03 03:30:28] Saving Adam parameters
[2025-05-03 03:30:29] [training] Saving training checkpoint to /scratch/project_2011987/OpusDistillery/rules/../data/models/MA-test/baseline_2023/baseline4_2023_student/model.npz and /scratch/project_2011987/OpusDistillery/rules/../data/models/MA-test/baseline_2023/baseline4_2023_student/model.npz.optimizer.npz
[2025-05-03 03:30:48] [valid] Ep. 30 : Up. 185000 : perplexity : 1.74751 : stalled 9 times (last best: 1.73719)
[2025-05-03 03:34:06] [valid] Ep. 30 : Up. 185000 : chrf : 75.065 : stalled 2 times (last best: 75.406)
[2025-05-03 03:34:23] [valid] Ep. 30 : Up. 185000 : ce-mean-words : 0.558191 : stalled 9 times (last best: 0.552266)
[2025-05-03 03:46:16] Ep. 30 : Up. 186000 : Sen. 34,918,311 : Cost 0.95595241 : Time 950.01s : 120235.10 words/s : gNorm 0.3703 : L.r. 1.2443e-04
[2025-05-03 03:47:51] Seen 35,652,942 samples
[2025-05-03 03:47:51] Starting data epoch 31 in logical epoch 31
[2025-05-03 03:47:51] [data] Shuffling data
[2025-05-03 03:47:54] [data] Done shuffling 35,657,440 sentences (cached in RAM)
[2025-05-03 03:58:17] Ep. 31 : Up. 187000 : Sen. 4,948,573 : Cost 0.93968534 : Time 720.14s : 157321.91 words/s : gNorm 0.3622 : L.r. 1.2410e-04
[2025-05-03 04:10:09] Ep. 31 : Up. 188000 : Sen. 10,736,098 : Cost 0.94322574 : Time 712.49s : 160429.40 words/s : gNorm 0.3647 : L.r. 1.2377e-04
[2025-05-03 04:22:04] Ep. 31 : Up. 189000 : Sen. 16,492,374 : Cost 0.94447142 : Time 715.10s : 160177.89 words/s : gNorm 0.3729 : L.r. 1.2344e-04
[2025-05-03 04:33:56] Ep. 31 : Up. 190000 : Sen. 22,200,533 : Cost 0.95054311 : Time 712.00s : 160290.01 words/s : gNorm 0.3697 : L.r. 1.2312e-04
[2025-05-03 04:33:56] Saving model weights and runtime parameters to /scratch/project_2011987/OpusDistillery/rules/../data/models/MA-test/baseline_2023/baseline4_2023_student/model.npz
[2025-05-03 04:33:57] Saving Adam parameters
[2025-05-03 04:33:58] [training] Saving training checkpoint to /scratch/project_2011987/OpusDistillery/rules/../data/models/MA-test/baseline_2023/baseline4_2023_student/model.npz and /scratch/project_2011987/OpusDistillery/rules/../data/models/MA-test/baseline_2023/baseline4_2023_student/model.npz.optimizer.npz
[2025-05-03 04:34:18] [valid] Ep. 31 : Up. 190000 : perplexity : 1.74835 : stalled 10 times (last best: 1.73719)
[2025-05-03 04:37:37] Saving model weights and runtime parameters to /scratch/project_2011987/OpusDistillery/rules/../data/models/MA-test/baseline_2023/baseline4_2023_student/model.npz.best-chrf.npz
[2025-05-03 04:37:38] [valid] Ep. 31 : Up. 190000 : chrf : 75.4263 : new best
[2025-05-03 04:37:55] [valid] Ep. 31 : Up. 190000 : ce-mean-words : 0.558672 : stalled 10 times (last best: 0.552266)
[2025-05-03 04:37:55] Training finished
[2025-05-03 04:37:55] Saving model weights and runtime parameters to /scratch/project_2011987/OpusDistillery/rules/../data/models/MA-test/baseline_2023/baseline4_2023_student/model.npz
[2025-05-03 04:37:56] Saving Adam parameters
[2025-05-03 04:37:57] [training] Saving training checkpoint to /scratch/project_2011987/OpusDistillery/rules/../data/models/MA-test/baseline_2023/baseline4_2023_student/model.npz and /scratch/project_2011987/OpusDistillery/rules/../data/models/MA-test/baseline_2023/baseline4_2023_student/model.npz.optimizer.npz
