[2025-06-11 13:39:43] [marian] Marian v1.12.31 a6ab8af8 2024-06-27 15:21:08 +0000
[2025-06-11 13:39:43] [marian] Running on r03g08.bullx as process 23 with command line:
[2025-06-11 13:39:43] [marian] /scratch/project_2011987/OpusDistillery/3rd_party/marian-dev/build//marian --model /scratch/project_2011987/OpusDistillery/rules/../data/models/MA-test/cat+oci+spa-eng/model4_tiny_student/model.npz -c configs/model/student.yml configs/training/student.train.yml --train-sets /scratch/project_2011987/OpusDistillery/rules/../data/data/MA-test/cat+oci+spa-eng/filtered/corpus.source.gz /scratch/project_2011987/OpusDistillery/rules/../data/data/MA-test/cat+oci+spa-eng/filtered/corpus.target.gz -T /scratch/project_2011987/OpusDistillery/rules/../data/models/MA-test/cat+oci+spa-eng/model4_tiny_student/tmp --shuffle-in-ram --vocabs /scratch/project_2011987/OpusDistillery/rules/../data/models/MA-test/cat+oci+spa-eng/vocab/vocab.spm /scratch/project_2011987/OpusDistillery/rules/../data/models/MA-test/cat+oci+spa-eng/vocab/vocab.spm -w 25000 --devices 0 1 --sharding local --sync-sgd --valid-metrics perplexity chrf ce-mean-words --valid-sets /scratch/project_2011987/OpusDistillery/rules/../data/data/MA-test/cat+oci+spa-eng/original/devset.student.source.gz /scratch/project_2011987/OpusDistillery/rules/../data/data/MA-test/cat+oci+spa-eng/original/devset.student.target.gz --valid-translation-output '/scratch/project_2011987/OpusDistillery/rules/../data/models/MA-test/cat+oci+spa-eng/model4_tiny_student/valid_outputs/validation-output-after-{U}-updates-{E}-epochs.txt' --quiet-translation --overwrite --keep-best --log /scratch/project_2011987/OpusDistillery/rules/../data/models/MA-test/cat+oci+spa-eng/model4_tiny_student/train.log --valid-log /scratch/project_2011987/OpusDistillery/rules/../data/models/MA-test/cat+oci+spa-eng/model4_tiny_student/valid.log
[2025-06-11 13:39:43] [config] after: 0e
[2025-06-11 13:39:43] [config] after-batches: 0
[2025-06-11 13:39:43] [config] after-epochs: 0
[2025-06-11 13:39:43] [config] all-caps-every: 0
[2025-06-11 13:39:43] [config] allow-unk: false
[2025-06-11 13:39:43] [config] authors: false
[2025-06-11 13:39:43] [config] beam-size: 1
[2025-06-11 13:39:43] [config] bert-class-symbol: "[CLS]"
[2025-06-11 13:39:43] [config] bert-mask-symbol: "[MASK]"
[2025-06-11 13:39:43] [config] bert-masking-fraction: 0.15
[2025-06-11 13:39:43] [config] bert-sep-symbol: "[SEP]"
[2025-06-11 13:39:43] [config] bert-train-type-embeddings: true
[2025-06-11 13:39:43] [config] bert-type-vocab-size: 2
[2025-06-11 13:39:43] [config] build-info: ""
[2025-06-11 13:39:43] [config] check-gradient-nan: false
[2025-06-11 13:39:43] [config] check-nan: false
[2025-06-11 13:39:43] [config] cite: false
[2025-06-11 13:39:43] [config] clip-norm: 0
[2025-06-11 13:39:43] [config] comet-augment-bad: 0
[2025-06-11 13:39:43] [config] comet-dropout: 0.1
[2025-06-11 13:39:43] [config] comet-final-sigmoid: false
[2025-06-11 13:39:43] [config] comet-mix: false
[2025-06-11 13:39:43] [config] comet-mix-norm: false
[2025-06-11 13:39:43] [config] comet-mix-transformation: softmax
[2025-06-11 13:39:43] [config] comet-mixup: 0
[2025-06-11 13:39:43] [config] comet-mixup-reg: false
[2025-06-11 13:39:43] [config] comet-pool: avg
[2025-06-11 13:39:43] [config] comet-pooler-ffn:
[2025-06-11 13:39:43] [config]   - 2048
[2025-06-11 13:39:43] [config]   - 1024
[2025-06-11 13:39:43] [config] comet-prepend-zero: false
[2025-06-11 13:39:43] [config] comet-stop-grad: false
[2025-06-11 13:39:43] [config] comet-use-separator: false
[2025-06-11 13:39:43] [config] cost-scaling:
[2025-06-11 13:39:43] [config]   []
[2025-06-11 13:39:43] [config] cost-type: ce-mean-words
[2025-06-11 13:39:43] [config] cpu-threads: 0
[2025-06-11 13:39:43] [config] custom-fallbacks:
[2025-06-11 13:39:43] [config]   []
[2025-06-11 13:39:43] [config] data-threads: 8
[2025-06-11 13:39:43] [config] data-weighting: ""
[2025-06-11 13:39:43] [config] data-weighting-type: sentence
[2025-06-11 13:39:43] [config] dec-cell: ssru
[2025-06-11 13:39:43] [config] dec-cell-base-depth: 2
[2025-06-11 13:39:43] [config] dec-cell-high-depth: 1
[2025-06-11 13:39:43] [config] dec-depth: 2
[2025-06-11 13:39:43] [config] devices:
[2025-06-11 13:39:43] [config]   - 0
[2025-06-11 13:39:43] [config]   - 1
[2025-06-11 13:39:43] [config] dim-emb: 256
[2025-06-11 13:39:43] [config] dim-rnn: 1024
[2025-06-11 13:39:43] [config] dim-vocabs:
[2025-06-11 13:39:43] [config]   - 0
[2025-06-11 13:39:43] [config]   - 0
[2025-06-11 13:39:43] [config] disp-first: 10
[2025-06-11 13:39:43] [config] disp-freq: 1000
[2025-06-11 13:39:43] [config] disp-label-counts: true
[2025-06-11 13:39:43] [config] dropout-rnn: 0.1
[2025-06-11 13:39:43] [config] dropout-src: 0
[2025-06-11 13:39:43] [config] dropout-trg: 0
[2025-06-11 13:39:43] [config] dump-config: ""
[2025-06-11 13:39:43] [config] dynamic-gradient-scaling:
[2025-06-11 13:39:43] [config]   []
[2025-06-11 13:39:43] [config] early-stopping: 5
[2025-06-11 13:39:43] [config] early-stopping-epsilon:
[2025-06-11 13:39:43] [config]   - 0
[2025-06-11 13:39:43] [config] early-stopping-on: first
[2025-06-11 13:39:43] [config] embedding-fix-src: false
[2025-06-11 13:39:43] [config] embedding-fix-trg: false
[2025-06-11 13:39:43] [config] embedding-normalization: false
[2025-06-11 13:39:43] [config] embedding-vectors:
[2025-06-11 13:39:43] [config]   []
[2025-06-11 13:39:43] [config] enc-cell: gru
[2025-06-11 13:39:43] [config] enc-cell-depth: 1
[2025-06-11 13:39:43] [config] enc-depth: 6
[2025-06-11 13:39:43] [config] enc-type: bidirectional
[2025-06-11 13:39:43] [config] english-title-case-every: 0
[2025-06-11 13:39:43] [config] exponential-smoothing: True
[2025-06-11 13:39:43] [config] exponential-smoothing-replace-freq: 0
[2025-06-11 13:39:43] [config] factor-weight: 1
[2025-06-11 13:39:43] [config] factors-combine: sum
[2025-06-11 13:39:43] [config] factors-dim-emb: 0
[2025-06-11 13:39:43] [config] gradient-checkpointing: false
[2025-06-11 13:39:43] [config] gradient-norm-average-window: 100
[2025-06-11 13:39:43] [config] guided-alignment: none
[2025-06-11 13:39:43] [config] guided-alignment-cost: ce
[2025-06-11 13:39:43] [config] guided-alignment-weight: 0.1
[2025-06-11 13:39:43] [config] ignore-model-config: false
[2025-06-11 13:39:43] [config] input-join-fields: false
[2025-06-11 13:39:43] [config] input-reorder:
[2025-06-11 13:39:43] [config]   []
[2025-06-11 13:39:43] [config] input-types:
[2025-06-11 13:39:43] [config]   []
[2025-06-11 13:39:43] [config] interpolate-env-vars: false
[2025-06-11 13:39:43] [config] keep-best: true
[2025-06-11 13:39:43] [config] label-smoothing: 0
[2025-06-11 13:39:43] [config] layer-normalization: false
[2025-06-11 13:39:43] [config] learn-rate: 0.0003
[2025-06-11 13:39:43] [config] lemma-dependency: ""
[2025-06-11 13:39:43] [config] lemma-dim-emb: 0
[2025-06-11 13:39:43] [config] log: /scratch/project_2011987/OpusDistillery/rules/../data/models/MA-test/cat+oci+spa-eng/model4_tiny_student/train.log
[2025-06-11 13:39:43] [config] log-level: info
[2025-06-11 13:39:43] [config] log-time-zone: ""
[2025-06-11 13:39:43] [config] logical-epoch:
[2025-06-11 13:39:43] [config]   - 1e
[2025-06-11 13:39:43] [config]   - 0
[2025-06-11 13:39:43] [config] lr-decay: 0
[2025-06-11 13:39:43] [config] lr-decay-freq: 50000
[2025-06-11 13:39:43] [config] lr-decay-inv-sqrt:
[2025-06-11 13:39:43] [config]   - 32000
[2025-06-11 13:39:43] [config] lr-decay-repeat-warmup: false
[2025-06-11 13:39:43] [config] lr-decay-reset-optimizer: false
[2025-06-11 13:39:43] [config] lr-decay-start:
[2025-06-11 13:39:43] [config]   - 10
[2025-06-11 13:39:43] [config]   - 1
[2025-06-11 13:39:43] [config] lr-decay-strategy: epoch+stalled
[2025-06-11 13:39:43] [config] lr-report: True
[2025-06-11 13:39:43] [config] lr-warmup: 16000
[2025-06-11 13:39:43] [config] lr-warmup-at-reload: false
[2025-06-11 13:39:43] [config] lr-warmup-cycle: false
[2025-06-11 13:39:43] [config] lr-warmup-start-rate: 0
[2025-06-11 13:39:43] [config] max-length: 200
[2025-06-11 13:39:43] [config] max-length-crop: false
[2025-06-11 13:39:43] [config] max-length-factor: 3
[2025-06-11 13:39:43] [config] maxi-batch: 1000
[2025-06-11 13:39:43] [config] maxi-batch-sort: trg
[2025-06-11 13:39:43] [config] mini-batch: 1000
[2025-06-11 13:39:43] [config] mini-batch-fit: True
[2025-06-11 13:39:43] [config] mini-batch-fit-step: 10
[2025-06-11 13:39:43] [config] mini-batch-round-up: true
[2025-06-11 13:39:43] [config] mini-batch-track-lr: false
[2025-06-11 13:39:43] [config] mini-batch-warmup: 0
[2025-06-11 13:39:43] [config] mini-batch-words: 0
[2025-06-11 13:39:43] [config] mini-batch-words-ref: 0
[2025-06-11 13:39:43] [config] model: /scratch/project_2011987/OpusDistillery/rules/../data/models/MA-test/cat+oci+spa-eng/model4_tiny_student/model.npz
[2025-06-11 13:39:43] [config] multi-loss-type: sum
[2025-06-11 13:39:43] [config] n-best: false
[2025-06-11 13:39:43] [config] no-nccl: false
[2025-06-11 13:39:43] [config] no-optimizer-reload: false
[2025-06-11 13:39:43] [config] no-reload: false
[2025-06-11 13:39:43] [config] no-restore-corpus: false
[2025-06-11 13:39:43] [config] no-spm-encode: false
[2025-06-11 13:39:43] [config] normalize: 1
[2025-06-11 13:39:43] [config] normalize-gradient: false
[2025-06-11 13:39:43] [config] normalize-gradient-by-ratio: false
[2025-06-11 13:39:43] [config] optimizer: adam
[2025-06-11 13:39:43] [config] optimizer-delay: 2
[2025-06-11 13:39:43] [config] optimizer-params:
[2025-06-11 13:39:43] [config]   - 0.9
[2025-06-11 13:39:43] [config]   - 0.98
[2025-06-11 13:39:43] [config]   - 1e-09
[2025-06-11 13:39:43] [config] output-omit-bias: false
[2025-06-11 13:39:43] [config] overwrite: true
[2025-06-11 13:39:43] [config] overwrite-checkpoint: true
[2025-06-11 13:39:43] [config] precision:
[2025-06-11 13:39:43] [config]   - float32
[2025-06-11 13:39:43] [config]   - float32
[2025-06-11 13:39:43] [config] pretrained-model: ""
[2025-06-11 13:39:43] [config] quantize-biases: false
[2025-06-11 13:39:43] [config] quantize-bits: 0
[2025-06-11 13:39:43] [config] quantize-log-based: false
[2025-06-11 13:39:43] [config] quantize-optimization-steps: 0
[2025-06-11 13:39:43] [config] quiet: false
[2025-06-11 13:39:43] [config] quiet-translation: true
[2025-06-11 13:39:43] [config] quiet-validation: false
[2025-06-11 13:39:43] [config] relative-paths: false
[2025-06-11 13:39:43] [config] right-left: false
[2025-06-11 13:39:43] [config] save-freq: 5000
[2025-06-11 13:39:43] [config] seed: 0
[2025-06-11 13:39:43] [config] sentencepiece-alphas:
[2025-06-11 13:39:43] [config]   []
[2025-06-11 13:39:43] [config] sentencepiece-max-lines: 2000000
[2025-06-11 13:39:43] [config] sentencepiece-options: ""
[2025-06-11 13:39:43] [config] separator-symbol: "[eos]"
[2025-06-11 13:39:43] [config] sharding: local
[2025-06-11 13:39:43] [config] shuffle: data
[2025-06-11 13:39:43] [config] shuffle-in-ram: true
[2025-06-11 13:39:43] [config] sigterm: save-and-exit
[2025-06-11 13:39:43] [config] skip: false
[2025-06-11 13:39:43] [config] sqlite: ""
[2025-06-11 13:39:43] [config] sqlite-drop: false
[2025-06-11 13:39:43] [config] sync-freq: 200u
[2025-06-11 13:39:43] [config] sync-sgd: true
[2025-06-11 13:39:43] [config] tempdir: /scratch/project_2011987/OpusDistillery/rules/../data/models/MA-test/cat+oci+spa-eng/model4_tiny_student/tmp
[2025-06-11 13:39:43] [config] throw-on-divergence:
[2025-06-11 13:39:43] [config]   []
[2025-06-11 13:39:43] [config] tied-embeddings: false
[2025-06-11 13:39:43] [config] tied-embeddings-all: true
[2025-06-11 13:39:43] [config] tied-embeddings-src: false
[2025-06-11 13:39:43] [config] train-embedder-rank:
[2025-06-11 13:39:43] [config]   []
[2025-06-11 13:39:43] [config] train-sets:
[2025-06-11 13:39:43] [config]   - /scratch/project_2011987/OpusDistillery/rules/../data/data/MA-test/cat+oci+spa-eng/filtered/corpus.source.gz
[2025-06-11 13:39:43] [config]   - /scratch/project_2011987/OpusDistillery/rules/../data/data/MA-test/cat+oci+spa-eng/filtered/corpus.target.gz
[2025-06-11 13:39:43] [config] transformer-aan-activation: swish
[2025-06-11 13:39:43] [config] transformer-aan-depth: 2
[2025-06-11 13:39:43] [config] transformer-aan-nogate: false
[2025-06-11 13:39:43] [config] transformer-alibi-shift: false
[2025-06-11 13:39:43] [config] transformer-alibi-trainable: false
[2025-06-11 13:39:43] [config] transformer-attention-mask: default
[2025-06-11 13:39:43] [config] transformer-decoder-autoreg: rnn
[2025-06-11 13:39:43] [config] transformer-decoder-dim-ffn: 0
[2025-06-11 13:39:43] [config] transformer-decoder-ffn-depth: 0
[2025-06-11 13:39:43] [config] transformer-depth-scaling: false
[2025-06-11 13:39:43] [config] transformer-dim-aan: 2048
[2025-06-11 13:39:43] [config] transformer-dim-ffn: 1536
[2025-06-11 13:39:43] [config] transformer-disable-position-embeddings: false
[2025-06-11 13:39:43] [config] transformer-dropout: 0
[2025-06-11 13:39:43] [config] transformer-dropout-attention: 0
[2025-06-11 13:39:43] [config] transformer-dropout-ffn: 0
[2025-06-11 13:39:43] [config] transformer-ffn-activation: relu
[2025-06-11 13:39:43] [config] transformer-ffn-depth: 2
[2025-06-11 13:39:43] [config] transformer-guided-alignment-layer: last
[2025-06-11 13:39:43] [config] transformer-heads: 8
[2025-06-11 13:39:43] [config] transformer-no-affine: false
[2025-06-11 13:39:43] [config] transformer-no-bias: false
[2025-06-11 13:39:43] [config] transformer-no-projection: false
[2025-06-11 13:39:43] [config] transformer-pool: false
[2025-06-11 13:39:43] [config] transformer-postprocess: dan
[2025-06-11 13:39:43] [config] transformer-postprocess-emb: d
[2025-06-11 13:39:43] [config] transformer-postprocess-top: ""
[2025-06-11 13:39:43] [config] transformer-preprocess: ""
[2025-06-11 13:39:43] [config] transformer-rnn-projection: false
[2025-06-11 13:39:43] [config] transformer-tied-layers:
[2025-06-11 13:39:43] [config]   []
[2025-06-11 13:39:43] [config] transformer-train-position-embeddings: false
[2025-06-11 13:39:43] [config] tsv: false
[2025-06-11 13:39:43] [config] tsv-fields: 0
[2025-06-11 13:39:43] [config] type: transformer
[2025-06-11 13:39:43] [config] ulr: false
[2025-06-11 13:39:43] [config] ulr-dim-emb: 0
[2025-06-11 13:39:43] [config] ulr-dropout: 0
[2025-06-11 13:39:43] [config] ulr-keys-vectors: ""
[2025-06-11 13:39:43] [config] ulr-query-vectors: ""
[2025-06-11 13:39:43] [config] ulr-softmax-temperature: 1
[2025-06-11 13:39:43] [config] ulr-trainable-transformation: false
[2025-06-11 13:39:43] [config] unlikelihood-loss: false
[2025-06-11 13:39:43] [config] valid-freq: 5000
[2025-06-11 13:39:43] [config] valid-log: /scratch/project_2011987/OpusDistillery/rules/../data/models/MA-test/cat+oci+spa-eng/model4_tiny_student/valid.log
[2025-06-11 13:39:43] [config] valid-max-length: 1000
[2025-06-11 13:39:43] [config] valid-metrics:
[2025-06-11 13:39:43] [config]   - perplexity
[2025-06-11 13:39:43] [config]   - chrf
[2025-06-11 13:39:43] [config]   - ce-mean-words
[2025-06-11 13:39:43] [config] valid-mini-batch: 64
[2025-06-11 13:39:43] [config] valid-reset-all: false
[2025-06-11 13:39:43] [config] valid-reset-stalled: false
[2025-06-11 13:39:43] [config] valid-script-args:
[2025-06-11 13:39:43] [config]   []
[2025-06-11 13:39:43] [config] valid-script-path: ""
[2025-06-11 13:39:43] [config] valid-sets:
[2025-06-11 13:39:43] [config]   - /scratch/project_2011987/OpusDistillery/rules/../data/data/MA-test/cat+oci+spa-eng/original/devset.student.source.gz
[2025-06-11 13:39:43] [config]   - /scratch/project_2011987/OpusDistillery/rules/../data/data/MA-test/cat+oci+spa-eng/original/devset.student.target.gz
[2025-06-11 13:39:43] [config] valid-translation-output: /scratch/project_2011987/OpusDistillery/rules/../data/models/MA-test/cat+oci+spa-eng/model4_tiny_student/valid_outputs/validation-output-after-{U}-updates-{E}-epochs.txt
[2025-06-11 13:39:43] [config] vocabs:
[2025-06-11 13:39:43] [config]   - /scratch/project_2011987/OpusDistillery/rules/../data/models/MA-test/cat+oci+spa-eng/vocab/vocab.spm
[2025-06-11 13:39:43] [config]   - /scratch/project_2011987/OpusDistillery/rules/../data/models/MA-test/cat+oci+spa-eng/vocab/vocab.spm
[2025-06-11 13:39:43] [config] word-penalty: 0
[2025-06-11 13:39:43] [config] word-scores: false
[2025-06-11 13:39:43] [config] workspace: 25000
[2025-06-11 13:39:43] [config] Model is being created with Marian v1.12.31 a6ab8af8 2024-06-27 15:21:08 +0000
[2025-06-11 13:39:43] Using synchronous SGD
[2025-06-11 13:39:43] [comm] Compiled without MPI support. Running as a single process on r03g08.bullx
[2025-06-11 13:39:43] Synced seed 1749638383
[2025-06-11 13:39:44] [data] Loading SentencePiece vocabulary from file /scratch/project_2011987/OpusDistillery/rules/../data/models/MA-test/cat+oci+spa-eng/vocab/vocab.spm
[2025-06-11 13:39:44] [data] Setting vocabulary size for input 0 to 32,000
[2025-06-11 13:39:44] [data] Loading SentencePiece vocabulary from file /scratch/project_2011987/OpusDistillery/rules/../data/models/MA-test/cat+oci+spa-eng/vocab/vocab.spm
[2025-06-11 13:39:44] [data] Setting vocabulary size for input 1 to 32,000
[2025-06-11 13:39:44] [batching] Collecting statistics for batch fitting with step size 10
[2025-06-11 13:39:47] [memory] Extending reserved space to 25088 MB (device gpu0)
[2025-06-11 13:39:52] [memory] Extending reserved space to 25088 MB (device gpu1)
[2025-06-11 13:39:52] [comm] Using NCCL 2.8.3 for GPU communication
[2025-06-11 13:39:52] [comm] Using global sharding
[2025-06-11 13:39:52] [comm] NCCLCommunicators constructed successfully
[2025-06-11 13:39:52] [training] Using 2 GPUs
[2025-06-11 13:39:54] [logits] Applying loss function for 1 factor(s)
[2025-06-11 13:39:54] [memory] Reserving 64 MB, device gpu0
[2025-06-11 13:39:58] [gpu] 16-bit TensorCores enabled for float32 matrix operations
[2025-06-11 13:39:58] [memory] Reserving 64 MB, device gpu0
[2025-06-11 13:40:55] [batching] Done. Typical MB size is 197,998 target words
[2025-06-11 13:40:57] [memory] Extending reserved space to 25088 MB (device gpu0)
[2025-06-11 13:40:57] [memory] Extending reserved space to 25088 MB (device gpu1)
[2025-06-11 13:40:57] [comm] Using NCCL 2.8.3 for GPU communication
[2025-06-11 13:40:57] [comm] Using global sharding
[2025-06-11 13:40:57] [comm] NCCLCommunicators constructed successfully
[2025-06-11 13:40:57] [training] Using 2 GPUs
[2025-06-11 13:40:57] Training started
[2025-06-11 13:40:57] [data] Shuffling data
[2025-06-11 13:41:24] [data] Done reading 19,897,021 sentences
[2025-06-11 13:41:26] [data] Done shuffling 19,897,021 sentences (cached in RAM)
[2025-06-11 13:41:38] [training] Batches are processed as 1 process(es) x 2 devices/process
[2025-06-11 13:41:39] [memory] Reserving 64 MB, device gpu0
[2025-06-11 13:41:39] [memory] Reserving 64 MB, device gpu1
[2025-06-11 13:41:39] [memory] Reserving 64 MB, device gpu0
[2025-06-11 13:41:42] [memory] Reserving 64 MB, device gpu1
[2025-06-11 13:41:43] Parameter type float32, optimization type float32, casting types false
[2025-06-11 13:41:43] Allocating memory for general optimizer shards
[2025-06-11 13:41:43] [memory] Reserving 32 MB, device gpu0
[2025-06-11 13:41:43] [memory] Reserving 32 MB, device gpu1
[2025-06-11 13:41:43] Allocating memory for Adam-specific shards
[2025-06-11 13:41:43] [memory] Reserving 64 MB, device gpu0
[2025-06-11 13:41:43] [memory] Reserving 64 MB, device gpu1
[2025-06-11 13:41:44] Ep. 1 : Up. 1 : Sen. 7,352 : Cost 10.79952717 : Time 48.18s : 2746.55 words/s : gNorm 5.4603 : L.r. 1.8750e-08
[2025-06-11 13:41:44] Ep. 1 : Up. 2 : Sen. 10,381 : Cost 10.84487534 : Time 0.72s : 180107.26 words/s : gNorm 5.7928 : L.r. 3.7500e-08
[2025-06-11 13:41:45] Ep. 1 : Up. 3 : Sen. 15,200 : Cost 10.82995224 : Time 0.58s : 199783.84 words/s : gNorm 5.7815 : L.r. 5.6250e-08
[2025-06-11 13:41:46] Ep. 1 : Up. 4 : Sen. 20,628 : Cost 10.82596397 : Time 1.00s : 152168.59 words/s : gNorm 5.7601 : L.r. 7.5000e-08
[2025-06-11 13:41:47] Ep. 1 : Up. 5 : Sen. 24,132 : Cost 10.83873463 : Time 0.74s : 228739.47 words/s : gNorm 5.7541 : L.r. 9.3750e-08
[2025-06-11 13:41:47] Ep. 1 : Up. 6 : Sen. 26,112 : Cost 10.85160160 : Time 0.61s : 150243.70 words/s : gNorm 5.6742 : L.r. 1.1250e-07
[2025-06-11 13:41:48] Ep. 1 : Up. 7 : Sen. 27,344 : Cost 10.82585430 : Time 0.52s : 207556.59 words/s : gNorm 5.7756 : L.r. 1.3125e-07
[2025-06-11 13:41:48] Ep. 1 : Up. 8 : Sen. 28,948 : Cost 10.84543037 : Time 0.39s : 215917.81 words/s : gNorm 5.7283 : L.r. 1.5000e-07
[2025-06-11 13:41:49] Ep. 1 : Up. 9 : Sen. 30,928 : Cost 10.85057831 : Time 0.44s : 234782.45 words/s : gNorm 5.6960 : L.r. 1.6875e-07
[2025-06-11 13:41:49] Ep. 1 : Up. 10 : Sen. 33,160 : Cost 10.83422279 : Time 0.48s : 252036.59 words/s : gNorm 5.6892 : L.r. 1.8750e-07
[2025-06-11 13:50:07] Ep. 1 : Up. 1000 : Sen. 5,058,229 : Cost 8.79510403 : Time 497.72s : 245126.03 words/s : gNorm 1.3268 : L.r. 1.8750e-05
[2025-06-11 13:58:19] Ep. 1 : Up. 2000 : Sen. 10,084,275 : Cost 6.73125887 : Time 491.75s : 249375.86 words/s : gNorm 2.0341 : L.r. 3.7500e-05
[2025-06-11 14:06:45] Ep. 1 : Up. 3000 : Sen. 15,180,000 : Cost 5.85341167 : Time 505.87s : 244391.27 words/s : gNorm 2.1788 : L.r. 5.6250e-05
[2025-06-11 14:14:27] Seen 19,896,896 samples
[2025-06-11 14:14:27] Starting data epoch 2 in logical epoch 2
[2025-06-11 14:14:27] [data] Shuffling data
[2025-06-11 14:14:28] [data] Done shuffling 19,897,021 sentences (cached in RAM)
[2025-06-11 14:15:15] Ep. 2 : Up. 4000 : Sen. 295,959 : Cost 5.06060314 : Time 510.26s : 240246.00 words/s : gNorm 3.0986 : L.r. 7.5000e-05
[2025-06-11 14:23:32] Ep. 2 : Up. 5000 : Sen. 5,384,262 : Cost 4.10738850 : Time 496.88s : 249249.07 words/s : gNorm 4.9184 : L.r. 9.3750e-05
[2025-06-11 14:23:32] Saving model weights and runtime parameters to /scratch/project_2011987/OpusDistillery/rules/../data/models/MA-test/cat+oci+spa-eng/model4_tiny_student/model.npz
[2025-06-11 14:23:34] Saving Adam parameters
[2025-06-11 14:23:34] [training] Saving training checkpoint to /scratch/project_2011987/OpusDistillery/rules/../data/models/MA-test/cat+oci+spa-eng/model4_tiny_student/model.npz and /scratch/project_2011987/OpusDistillery/rules/../data/models/MA-test/cat+oci+spa-eng/model4_tiny_student/model.npz.optimizer.npz
[2025-06-11 14:23:55] Saving model weights and runtime parameters to /scratch/project_2011987/OpusDistillery/rules/../data/models/MA-test/cat+oci+spa-eng/model4_tiny_student/model.npz.best-perplexity.npz
[2025-06-11 14:23:55] [valid] Ep. 2 : Up. 5000 : perplexity : 13.976 : new best
[2025-06-11 14:23:58] [valid] First sentence's tokens as scored:
[2025-06-11 14:23:58] [valid] Decoding validation set with SentencePieceVocab for scoring
[2025-06-11 14:23:58] [valid]   Hyp: A r e y o u ' t g l a d y o u h a v e t o g o t o A u s t r a l i a ?
[2025-06-11 14:23:58] [valid]   Ref: A r e n ' t y o u g l a d t h a t y o u d i d n ' t h a v e t o g o t o A u s t r a l i a ?
[2025-06-11 14:24:01] [valid] References contain unknown word, metric scores may be inaccurate
[2025-06-11 14:27:17] Saving model weights and runtime parameters to /scratch/project_2011987/OpusDistillery/rules/../data/models/MA-test/cat+oci+spa-eng/model4_tiny_student/model.npz.best-chrf.npz
[2025-06-11 14:27:20] [valid] Ep. 2 : Up. 5000 : chrf : 35.2504 : new best
[2025-06-11 14:27:39] Saving model weights and runtime parameters to /scratch/project_2011987/OpusDistillery/rules/../data/models/MA-test/cat+oci+spa-eng/model4_tiny_student/model.npz.best-ce-mean-words.npz
[2025-06-11 14:27:40] [valid] Ep. 2 : Up. 5000 : ce-mean-words : 2.63734 : new best
[2025-06-11 14:36:10] Ep. 2 : Up. 6000 : Sen. 10,443,537 : Cost 3.30609846 : Time 758.15s : 162292.09 words/s : gNorm 4.4400 : L.r. 1.1250e-04
[2025-06-11 14:44:49] Ep. 2 : Up. 7000 : Sen. 15,493,013 : Cost 2.73875237 : Time 517.93s : 236858.05 words/s : gNorm 3.8975 : L.r. 1.3125e-04
[2025-06-11 14:51:58] Seen 19,896,896 samples
[2025-06-11 14:51:58] Starting data epoch 3 in logical epoch 3
[2025-06-11 14:51:58] [data] Shuffling data
[2025-06-11 14:51:59] [data] Done shuffling 19,897,021 sentences (cached in RAM)
[2025-06-11 14:53:14] Ep. 3 : Up. 8000 : Sen. 610,395 : Cost 2.23059726 : Time 504.97s : 243089.85 words/s : gNorm 3.1820 : L.r. 1.5000e-04
[2025-06-11 15:01:53] Ep. 3 : Up. 9000 : Sen. 5,697,880 : Cost 1.85011005 : Time 518.98s : 238356.78 words/s : gNorm 2.3341 : L.r. 1.6875e-04
[2025-06-11 15:10:55] Ep. 3 : Up. 10000 : Sen. 10,714,038 : Cost 1.58961201 : Time 541.70s : 227000.54 words/s : gNorm 2.3616 : L.r. 1.8750e-04
[2025-06-11 15:10:56] Saving model weights and runtime parameters to /scratch/project_2011987/OpusDistillery/rules/../data/models/MA-test/cat+oci+spa-eng/model4_tiny_student/model.npz
[2025-06-11 15:10:57] Saving Adam parameters
[2025-06-11 15:10:57] [training] Saving training checkpoint to /scratch/project_2011987/OpusDistillery/rules/../data/models/MA-test/cat+oci+spa-eng/model4_tiny_student/model.npz and /scratch/project_2011987/OpusDistillery/rules/../data/models/MA-test/cat+oci+spa-eng/model4_tiny_student/model.npz.optimizer.npz
[2025-06-11 15:11:18] Saving model weights and runtime parameters to /scratch/project_2011987/OpusDistillery/rules/../data/models/MA-test/cat+oci+spa-eng/model4_tiny_student/model.npz.best-perplexity.npz
[2025-06-11 15:11:18] [valid] Ep. 3 : Up. 10000 : perplexity : 4.02888 : new best
[2025-06-11 15:14:40] Saving model weights and runtime parameters to /scratch/project_2011987/OpusDistillery/rules/../data/models/MA-test/cat+oci+spa-eng/model4_tiny_student/model.npz.best-chrf.npz
[2025-06-11 15:14:41] [valid] Ep. 3 : Up. 10000 : chrf : 65.6606 : new best
[2025-06-11 15:15:01] Saving model weights and runtime parameters to /scratch/project_2011987/OpusDistillery/rules/../data/models/MA-test/cat+oci+spa-eng/model4_tiny_student/model.npz.best-ce-mean-words.npz
[2025-06-11 15:15:01] [valid] Ep. 3 : Up. 10000 : ce-mean-words : 1.39349 : new best
[2025-06-11 15:23:15] Ep. 3 : Up. 11000 : Sen. 15,816,793 : Cost 1.38844085 : Time 739.87s : 166309.21 words/s : gNorm 2.1171 : L.r. 2.0625e-04
[2025-06-11 15:29:53] Seen 19,896,896 samples
[2025-06-11 15:29:53] Starting data epoch 4 in logical epoch 4
[2025-06-11 15:29:53] [data] Shuffling data
[2025-06-11 15:29:54] [data] Done shuffling 19,897,021 sentences (cached in RAM)
[2025-06-11 15:31:41] Ep. 4 : Up. 12000 : Sen. 968,840 : Cost 1.23964989 : Time 505.59s : 244063.45 words/s : gNorm 1.5271 : L.r. 2.2500e-04
[2025-06-11 15:40:15] Ep. 4 : Up. 13000 : Sen. 6,054,744 : Cost 1.12489200 : Time 513.73s : 240462.06 words/s : gNorm 1.4364 : L.r. 2.4375e-04
[2025-06-11 15:48:40] Ep. 4 : Up. 14000 : Sen. 11,100,328 : Cost 1.03083348 : Time 505.18s : 243848.35 words/s : gNorm 1.1373 : L.r. 2.6250e-04
[2025-06-11 15:57:00] Ep. 4 : Up. 15000 : Sen. 16,126,340 : Cost 0.95058221 : Time 499.37s : 245385.58 words/s : gNorm 1.1850 : L.r. 2.8125e-04
[2025-06-11 15:57:00] Saving model weights and runtime parameters to /scratch/project_2011987/OpusDistillery/rules/../data/models/MA-test/cat+oci+spa-eng/model4_tiny_student/model.npz
[2025-06-11 15:57:01] Saving Adam parameters
[2025-06-11 15:57:01] [training] Saving training checkpoint to /scratch/project_2011987/OpusDistillery/rules/../data/models/MA-test/cat+oci+spa-eng/model4_tiny_student/model.npz and /scratch/project_2011987/OpusDistillery/rules/../data/models/MA-test/cat+oci+spa-eng/model4_tiny_student/model.npz.optimizer.npz
[2025-06-11 15:57:23] Saving model weights and runtime parameters to /scratch/project_2011987/OpusDistillery/rules/../data/models/MA-test/cat+oci+spa-eng/model4_tiny_student/model.npz.best-perplexity.npz
[2025-06-11 15:57:23] [valid] Ep. 4 : Up. 15000 : perplexity : 3.06 : new best
[2025-06-11 16:00:43] Saving model weights and runtime parameters to /scratch/project_2011987/OpusDistillery/rules/../data/models/MA-test/cat+oci+spa-eng/model4_tiny_student/model.npz.best-chrf.npz
[2025-06-11 16:00:43] [valid] Ep. 4 : Up. 15000 : chrf : 70.4714 : new best
[2025-06-11 16:01:01] Saving model weights and runtime parameters to /scratch/project_2011987/OpusDistillery/rules/../data/models/MA-test/cat+oci+spa-eng/model4_tiny_student/model.npz.best-ce-mean-words.npz
[2025-06-11 16:01:01] [valid] Ep. 4 : Up. 15000 : ce-mean-words : 1.11841 : new best
[2025-06-11 16:07:01] Seen 19,896,896 samples
[2025-06-11 16:07:01] Starting data epoch 5 in logical epoch 5
[2025-06-11 16:07:01] [data] Shuffling data
[2025-06-11 16:07:02] [data] Done shuffling 19,897,021 sentences (cached in RAM)
[2025-06-11 16:09:23] Ep. 5 : Up. 16000 : Sen. 1,315,733 : Cost 0.89379942 : Time 743.00s : 165609.53 words/s : gNorm 1.0281 : L.r. 3.0000e-04
[2025-06-11 16:17:53] Ep. 5 : Up. 17000 : Sen. 6,345,886 : Cost 0.82845050 : Time 510.17s : 241095.97 words/s : gNorm 0.8501 : L.r. 3.0000e-04
[2025-06-11 16:26:32] Ep. 5 : Up. 18000 : Sen. 11,429,089 : Cost 0.78379393 : Time 518.02s : 237286.72 words/s : gNorm 0.7673 : L.r. 3.0000e-04
[2025-06-11 16:35:16] Ep. 5 : Up. 19000 : Sen. 16,464,713 : Cost 0.74623942 : Time 524.68s : 235710.59 words/s : gNorm 0.8015 : L.r. 3.0000e-04
[2025-06-11 16:40:54] Seen 19,896,896 samples
[2025-06-11 16:40:54] Starting data epoch 6 in logical epoch 6
[2025-06-11 16:40:54] [data] Shuffling data
[2025-06-11 16:40:55] [data] Done shuffling 19,897,021 sentences (cached in RAM)
[2025-06-11 16:43:49] Ep. 6 : Up. 20000 : Sen. 1,638,386 : Cost 0.70301843 : Time 512.20s : 240839.71 words/s : gNorm 0.7855 : L.r. 3.0000e-04
[2025-06-11 16:43:49] Saving model weights and runtime parameters to /scratch/project_2011987/OpusDistillery/rules/../data/models/MA-test/cat+oci+spa-eng/model4_tiny_student/model.npz
[2025-06-11 16:43:50] Saving Adam parameters
[2025-06-11 16:43:50] [training] Saving training checkpoint to /scratch/project_2011987/OpusDistillery/rules/../data/models/MA-test/cat+oci+spa-eng/model4_tiny_student/model.npz and /scratch/project_2011987/OpusDistillery/rules/../data/models/MA-test/cat+oci+spa-eng/model4_tiny_student/model.npz.optimizer.npz
[2025-06-11 16:44:10] Saving model weights and runtime parameters to /scratch/project_2011987/OpusDistillery/rules/../data/models/MA-test/cat+oci+spa-eng/model4_tiny_student/model.npz.best-perplexity.npz
[2025-06-11 16:44:10] [valid] Ep. 6 : Up. 20000 : perplexity : 3.00939 : new best
[2025-06-11 16:47:29] Saving model weights and runtime parameters to /scratch/project_2011987/OpusDistillery/rules/../data/models/MA-test/cat+oci+spa-eng/model4_tiny_student/model.npz.best-chrf.npz
[2025-06-11 16:47:29] [valid] Ep. 6 : Up. 20000 : chrf : 71.4512 : new best
[2025-06-11 16:47:48] Saving model weights and runtime parameters to /scratch/project_2011987/OpusDistillery/rules/../data/models/MA-test/cat+oci+spa-eng/model4_tiny_student/model.npz.best-ce-mean-words.npz
[2025-06-11 16:47:48] [valid] Ep. 6 : Up. 20000 : ce-mean-words : 1.10174 : new best
[2025-06-11 16:56:15] Ep. 6 : Up. 21000 : Sen. 6,718,639 : Cost 0.67583102 : Time 746.12s : 165384.35 words/s : gNorm 0.7578 : L.r. 3.0000e-04
[2025-06-11 17:04:44] Ep. 6 : Up. 22000 : Sen. 11,779,800 : Cost 0.64956480 : Time 507.85s : 243252.36 words/s : gNorm 0.5949 : L.r. 3.0000e-04
[2025-06-11 17:13:02] Ep. 6 : Up. 23000 : Sen. 16,846,402 : Cost 0.63112009 : Time 497.74s : 247058.72 words/s : gNorm 0.6205 : L.r. 3.0000e-04
[2025-06-11 17:17:57] Seen 19,896,896 samples
[2025-06-11 17:17:58] Starting data epoch 7 in logical epoch 7
[2025-06-11 17:17:58] [data] Shuffling data
[2025-06-11 17:17:59] [data] Done shuffling 19,897,021 sentences (cached in RAM)
[2025-06-11 17:21:37] Ep. 7 : Up. 24000 : Sen. 1,970,888 : Cost 0.60502678 : Time 515.55s : 237760.92 words/s : gNorm 0.5724 : L.r. 3.0000e-04
[2025-06-11 17:29:57] Ep. 7 : Up. 25000 : Sen. 7,017,219 : Cost 0.58539444 : Time 499.45s : 246669.13 words/s : gNorm 0.5783 : L.r. 3.0000e-04
[2025-06-11 17:29:57] Saving model weights and runtime parameters to /scratch/project_2011987/OpusDistillery/rules/../data/models/MA-test/cat+oci+spa-eng/model4_tiny_student/model.npz
[2025-06-11 17:29:59] Saving Adam parameters
[2025-06-11 17:29:59] [training] Saving training checkpoint to /scratch/project_2011987/OpusDistillery/rules/../data/models/MA-test/cat+oci+spa-eng/model4_tiny_student/model.npz and /scratch/project_2011987/OpusDistillery/rules/../data/models/MA-test/cat+oci+spa-eng/model4_tiny_student/model.npz.optimizer.npz
[2025-06-11 17:30:22] Saving model weights and runtime parameters to /scratch/project_2011987/OpusDistillery/rules/../data/models/MA-test/cat+oci+spa-eng/model4_tiny_student/model.npz.best-perplexity.npz
[2025-06-11 17:30:22] [valid] Ep. 7 : Up. 25000 : perplexity : 2.49464 : new best
[2025-06-11 17:33:36] Saving model weights and runtime parameters to /scratch/project_2011987/OpusDistillery/rules/../data/models/MA-test/cat+oci+spa-eng/model4_tiny_student/model.npz.best-chrf.npz
[2025-06-11 17:33:37] [valid] Ep. 7 : Up. 25000 : chrf : 72.9718 : new best
[2025-06-11 17:33:56] Saving model weights and runtime parameters to /scratch/project_2011987/OpusDistillery/rules/../data/models/MA-test/cat+oci+spa-eng/model4_tiny_student/model.npz.best-ce-mean-words.npz
[2025-06-11 17:33:56] [valid] Ep. 7 : Up. 25000 : ce-mean-words : 0.914143 : new best
[2025-06-11 17:42:26] Ep. 7 : Up. 26000 : Sen. 12,110,599 : Cost 0.57096928 : Time 748.55s : 165855.80 words/s : gNorm 0.5088 : L.r. 3.0000e-04
[2025-06-11 17:50:48] Ep. 7 : Up. 27000 : Sen. 17,109,086 : Cost 0.56292015 : Time 501.88s : 242717.89 words/s : gNorm 0.5284 : L.r. 3.0000e-04
[2025-06-11 17:55:16] Seen 19,896,896 samples
[2025-06-11 17:55:16] Starting data epoch 8 in logical epoch 8
[2025-06-11 17:55:16] [data] Shuffling data
[2025-06-11 17:55:17] [data] Done shuffling 19,897,021 sentences (cached in RAM)
[2025-06-11 17:59:14] Ep. 8 : Up. 28000 : Sen. 2,244,204 : Cost 0.54450732 : Time 506.52s : 242566.15 words/s : gNorm 0.5166 : L.r. 3.0000e-04
[2025-06-11 18:07:43] Ep. 8 : Up. 29000 : Sen. 7,360,136 : Cost 0.53203964 : Time 508.89s : 242375.75 words/s : gNorm 0.4892 : L.r. 3.0000e-04
[2025-06-11 18:16:22] Ep. 8 : Up. 30000 : Sen. 12,363,053 : Cost 0.52543533 : Time 518.14s : 236983.49 words/s : gNorm 0.4855 : L.r. 3.0000e-04
[2025-06-11 18:16:22] Saving model weights and runtime parameters to /scratch/project_2011987/OpusDistillery/rules/../data/models/MA-test/cat+oci+spa-eng/model4_tiny_student/model.npz
[2025-06-11 18:16:22] Saving Adam parameters
[2025-06-11 18:16:23] [training] Saving training checkpoint to /scratch/project_2011987/OpusDistillery/rules/../data/models/MA-test/cat+oci+spa-eng/model4_tiny_student/model.npz and /scratch/project_2011987/OpusDistillery/rules/../data/models/MA-test/cat+oci+spa-eng/model4_tiny_student/model.npz.optimizer.npz
[2025-06-11 18:16:42] Saving model weights and runtime parameters to /scratch/project_2011987/OpusDistillery/rules/../data/models/MA-test/cat+oci+spa-eng/model4_tiny_student/model.npz.best-perplexity.npz
[2025-06-11 18:16:42] [valid] Ep. 8 : Up. 30000 : perplexity : 2.48699 : new best
[2025-06-11 18:19:58] Saving model weights and runtime parameters to /scratch/project_2011987/OpusDistillery/rules/../data/models/MA-test/cat+oci+spa-eng/model4_tiny_student/model.npz.best-chrf.npz
[2025-06-11 18:19:58] [valid] Ep. 8 : Up. 30000 : chrf : 74.0789 : new best
[2025-06-11 18:20:17] Saving model weights and runtime parameters to /scratch/project_2011987/OpusDistillery/rules/../data/models/MA-test/cat+oci+spa-eng/model4_tiny_student/model.npz.best-ce-mean-words.npz
[2025-06-11 18:20:17] [valid] Ep. 8 : Up. 30000 : ce-mean-words : 0.911075 : new best
[2025-06-11 18:28:33] Ep. 8 : Up. 31000 : Sen. 17,427,387 : Cost 0.51756245 : Time 731.77s : 168529.43 words/s : gNorm 0.5156 : L.r. 3.0000e-04
[2025-06-11 18:32:33] Seen 19,896,896 samples
[2025-06-11 18:32:33] Starting data epoch 9 in logical epoch 9
[2025-06-11 18:32:33] [data] Shuffling data
[2025-06-11 18:32:34] [data] Done shuffling 19,897,021 sentences (cached in RAM)
[2025-06-11 18:37:02] Ep. 9 : Up. 32000 : Sen. 2,553,285 : Cost 0.50464290 : Time 508.81s : 240188.22 words/s : gNorm 0.4870 : L.r. 3.0000e-04
[2025-06-11 18:45:16] Ep. 9 : Up. 33000 : Sen. 7,583,665 : Cost 0.49590307 : Time 493.68s : 248168.89 words/s : gNorm 0.4813 : L.r. 2.9542e-04
[2025-06-11 18:53:40] Ep. 9 : Up. 34000 : Sen. 12,649,423 : Cost 0.48933282 : Time 503.93s : 244191.30 words/s : gNorm 0.4922 : L.r. 2.9104e-04
[2025-06-11 19:02:05] Ep. 9 : Up. 35000 : Sen. 17,656,959 : Cost 0.48319599 : Time 504.70s : 242974.64 words/s : gNorm 0.4399 : L.r. 2.8685e-04
[2025-06-11 19:02:05] Saving model weights and runtime parameters to /scratch/project_2011987/OpusDistillery/rules/../data/models/MA-test/cat+oci+spa-eng/model4_tiny_student/model.npz
[2025-06-11 19:02:06] Saving Adam parameters
[2025-06-11 19:02:06] [training] Saving training checkpoint to /scratch/project_2011987/OpusDistillery/rules/../data/models/MA-test/cat+oci+spa-eng/model4_tiny_student/model.npz and /scratch/project_2011987/OpusDistillery/rules/../data/models/MA-test/cat+oci+spa-eng/model4_tiny_student/model.npz.optimizer.npz
[2025-06-11 19:02:27] Saving model weights and runtime parameters to /scratch/project_2011987/OpusDistillery/rules/../data/models/MA-test/cat+oci+spa-eng/model4_tiny_student/model.npz.best-perplexity.npz
[2025-06-11 19:02:27] [valid] Ep. 9 : Up. 35000 : perplexity : 2.46814 : new best
[2025-06-11 19:05:43] Saving model weights and runtime parameters to /scratch/project_2011987/OpusDistillery/rules/../data/models/MA-test/cat+oci+spa-eng/model4_tiny_student/model.npz.best-chrf.npz
[2025-06-11 19:05:43] [valid] Ep. 9 : Up. 35000 : chrf : 74.4242 : new best
[2025-06-11 19:06:01] Saving model weights and runtime parameters to /scratch/project_2011987/OpusDistillery/rules/../data/models/MA-test/cat+oci+spa-eng/model4_tiny_student/model.npz.best-ce-mean-words.npz
[2025-06-11 19:06:01] [valid] Ep. 9 : Up. 35000 : ce-mean-words : 0.903466 : new best
[2025-06-11 19:09:33] Seen 19,896,896 samples
[2025-06-11 19:09:33] Starting data epoch 10 in logical epoch 10
[2025-06-11 19:09:33] [data] Shuffling data
[2025-06-11 19:09:34] [data] Done shuffling 19,897,021 sentences (cached in RAM)
[2025-06-11 19:14:30] Ep. 10 : Up. 36000 : Sen. 2,827,213 : Cost 0.47290266 : Time 744.44s : 165523.88 words/s : gNorm 0.4461 : L.r. 2.8284e-04
[2025-06-11 19:23:05] Ep. 10 : Up. 37000 : Sen. 7,880,059 : Cost 0.46354243 : Time 515.16s : 240013.88 words/s : gNorm 0.4260 : L.r. 2.7899e-04
[2025-06-11 19:31:16] Ep. 10 : Up. 38000 : Sen. 12,960,100 : Cost 0.46263361 : Time 490.80s : 249646.44 words/s : gNorm 0.4373 : L.r. 2.7530e-04
[2025-06-11 19:39:42] Ep. 10 : Up. 39000 : Sen. 18,007,236 : Cost 0.45829239 : Time 506.26s : 243433.09 words/s : gNorm 0.4223 : L.r. 2.7175e-04
[2025-06-11 19:42:46] Seen 19,896,896 samples
[2025-06-11 19:42:46] Starting data epoch 11 in logical epoch 11
[2025-06-11 19:42:46] [data] Shuffling data
[2025-06-11 19:42:47] [data] Done shuffling 19,897,021 sentences (cached in RAM)
[2025-06-11 19:48:15] Ep. 11 : Up. 40000 : Sen. 3,158,174 : Cost 0.44583204 : Time 512.35s : 240266.88 words/s : gNorm 0.4037 : L.r. 2.6833e-04
[2025-06-11 19:48:15] Saving model weights and runtime parameters to /scratch/project_2011987/OpusDistillery/rules/../data/models/MA-test/cat+oci+spa-eng/model4_tiny_student/model.npz
[2025-06-11 19:48:15] Saving Adam parameters
[2025-06-11 19:48:16] [training] Saving training checkpoint to /scratch/project_2011987/OpusDistillery/rules/../data/models/MA-test/cat+oci+spa-eng/model4_tiny_student/model.npz and /scratch/project_2011987/OpusDistillery/rules/../data/models/MA-test/cat+oci+spa-eng/model4_tiny_student/model.npz.optimizer.npz
[2025-06-11 19:48:36] Saving model weights and runtime parameters to /scratch/project_2011987/OpusDistillery/rules/../data/models/MA-test/cat+oci+spa-eng/model4_tiny_student/model.npz.best-perplexity.npz
[2025-06-11 19:48:36] [valid] Ep. 11 : Up. 40000 : perplexity : 2.41166 : new best
[2025-06-11 19:51:53] Saving model weights and runtime parameters to /scratch/project_2011987/OpusDistillery/rules/../data/models/MA-test/cat+oci+spa-eng/model4_tiny_student/model.npz.best-chrf.npz
[2025-06-11 19:51:54] [valid] Ep. 11 : Up. 40000 : chrf : 74.7073 : new best
[2025-06-11 19:52:12] Saving model weights and runtime parameters to /scratch/project_2011987/OpusDistillery/rules/../data/models/MA-test/cat+oci+spa-eng/model4_tiny_student/model.npz.best-ce-mean-words.npz
[2025-06-11 19:52:12] [valid] Ep. 11 : Up. 40000 : ce-mean-words : 0.880317 : new best
[2025-06-11 20:00:39] Ep. 11 : Up. 41000 : Sen. 8,189,809 : Cost 0.44462174 : Time 743.83s : 164320.89 words/s : gNorm 0.4657 : L.r. 2.6504e-04
[2025-06-11 20:09:05] Ep. 11 : Up. 42000 : Sen. 13,250,549 : Cost 0.43985575 : Time 506.28s : 243160.81 words/s : gNorm 0.4455 : L.r. 2.6186e-04
[2025-06-11 20:17:21] Ep. 11 : Up. 43000 : Sen. 18,297,400 : Cost 0.43724513 : Time 495.80s : 248883.72 words/s : gNorm 0.4063 : L.r. 2.5880e-04
[2025-06-11 20:19:57] Seen 19,896,896 samples
[2025-06-11 20:19:57] Starting data epoch 12 in logical epoch 12
[2025-06-11 20:19:57] [data] Shuffling data
[2025-06-11 20:19:58] [data] Done shuffling 19,897,021 sentences (cached in RAM)
[2025-06-11 20:26:04] Ep. 12 : Up. 44000 : Sen. 3,430,414 : Cost 0.42752063 : Time 522.68s : 234020.88 words/s : gNorm 0.4266 : L.r. 2.5584e-04
[2025-06-11 20:34:32] Ep. 12 : Up. 45000 : Sen. 8,533,379 : Cost 0.42676023 : Time 507.48s : 242345.80 words/s : gNorm 0.4425 : L.r. 2.5298e-04
[2025-06-11 20:34:32] Saving model weights and runtime parameters to /scratch/project_2011987/OpusDistillery/rules/../data/models/MA-test/cat+oci+spa-eng/model4_tiny_student/model.npz
[2025-06-11 20:34:33] Saving Adam parameters
[2025-06-11 20:34:33] [training] Saving training checkpoint to /scratch/project_2011987/OpusDistillery/rules/../data/models/MA-test/cat+oci+spa-eng/model4_tiny_student/model.npz and /scratch/project_2011987/OpusDistillery/rules/../data/models/MA-test/cat+oci+spa-eng/model4_tiny_student/model.npz.optimizer.npz
[2025-06-11 20:34:53] [valid] Ep. 12 : Up. 45000 : perplexity : 2.45921 : stalled 1 times (last best: 2.41166)
[2025-06-11 20:38:10] [valid] Ep. 12 : Up. 45000 : chrf : 74.5545 : stalled 1 times (last best: 74.7073)
[2025-06-11 20:38:29] [valid] Ep. 12 : Up. 45000 : ce-mean-words : 0.899842 : stalled 1 times (last best: 0.880317)
[2025-06-11 20:46:57] Ep. 12 : Up. 46000 : Sen. 13,513,917 : Cost 0.42447162 : Time 744.80s : 164534.65 words/s : gNorm 0.4486 : L.r. 2.5022e-04
[2025-06-11 20:55:37] Ep. 12 : Up. 47000 : Sen. 18,636,349 : Cost 0.41933528 : Time 519.96s : 240640.66 words/s : gNorm 0.3969 : L.r. 2.4754e-04
[2025-06-11 20:57:35] Seen 19,896,896 samples
[2025-06-11 20:57:35] Starting data epoch 13 in logical epoch 13
[2025-06-11 20:57:35] [data] Shuffling data
[2025-06-11 20:57:37] [data] Done shuffling 19,897,021 sentences (cached in RAM)
[2025-06-11 21:03:57] Ep. 13 : Up. 48000 : Sen. 3,775,477 : Cost 0.41147822 : Time 499.99s : 245088.32 words/s : gNorm 0.3836 : L.r. 2.4495e-04
[2025-06-11 21:12:28] Ep. 13 : Up. 49000 : Sen. 8,847,868 : Cost 0.41257501 : Time 510.24s : 241227.05 words/s : gNorm 0.4077 : L.r. 2.4244e-04
[2025-06-11 21:20:47] Ep. 13 : Up. 50000 : Sen. 13,892,728 : Cost 0.40980297 : Time 499.61s : 246698.17 words/s : gNorm 0.3974 : L.r. 2.4000e-04
[2025-06-11 21:20:48] Saving model weights and runtime parameters to /scratch/project_2011987/OpusDistillery/rules/../data/models/MA-test/cat+oci+spa-eng/model4_tiny_student/model.npz
[2025-06-11 21:20:48] Saving Adam parameters
[2025-06-11 21:20:49] [training] Saving training checkpoint to /scratch/project_2011987/OpusDistillery/rules/../data/models/MA-test/cat+oci+spa-eng/model4_tiny_student/model.npz and /scratch/project_2011987/OpusDistillery/rules/../data/models/MA-test/cat+oci+spa-eng/model4_tiny_student/model.npz.optimizer.npz
[2025-06-11 21:21:10] Saving model weights and runtime parameters to /scratch/project_2011987/OpusDistillery/rules/../data/models/MA-test/cat+oci+spa-eng/model4_tiny_student/model.npz.best-perplexity.npz
[2025-06-11 21:21:10] [valid] Ep. 13 : Up. 50000 : perplexity : 2.32789 : new best
[2025-06-11 21:24:25] Saving model weights and runtime parameters to /scratch/project_2011987/OpusDistillery/rules/../data/models/MA-test/cat+oci+spa-eng/model4_tiny_student/model.npz.best-chrf.npz
[2025-06-11 21:24:25] [valid] Ep. 13 : Up. 50000 : chrf : 75.1137 : new best
[2025-06-11 21:24:44] Saving model weights and runtime parameters to /scratch/project_2011987/OpusDistillery/rules/../data/models/MA-test/cat+oci+spa-eng/model4_tiny_student/model.npz.best-ce-mean-words.npz
[2025-06-11 21:24:45] [valid] Ep. 13 : Up. 50000 : ce-mean-words : 0.844964 : new best
[2025-06-11 21:33:04] Ep. 13 : Up. 51000 : Sen. 18,967,313 : Cost 0.40850258 : Time 736.29s : 167169.50 words/s : gNorm 0.3986 : L.r. 2.3764e-04
[2025-06-11 21:34:37] Seen 19,896,896 samples
[2025-06-11 21:34:37] Starting data epoch 14 in logical epoch 14
[2025-06-11 21:34:38] [data] Shuffling data
[2025-06-11 21:34:39] [data] Done shuffling 19,897,021 sentences (cached in RAM)
[2025-06-11 21:41:44] Ep. 14 : Up. 52000 : Sen. 4,098,537 : Cost 0.39809832 : Time 519.63s : 236815.26 words/s : gNorm 0.3814 : L.r. 2.3534e-04
[2025-06-11 21:49:54] Ep. 14 : Up. 53000 : Sen. 9,154,150 : Cost 0.39846092 : Time 490.44s : 250347.55 words/s : gNorm 0.3938 : L.r. 2.3311e-04
[2025-06-11 21:58:22] Ep. 14 : Up. 54000 : Sen. 14,206,796 : Cost 0.39961341 : Time 507.35s : 243469.28 words/s : gNorm 0.3966 : L.r. 2.3094e-04
[2025-06-11 22:06:32] Ep. 14 : Up. 55000 : Sen. 19,307,714 : Cost 0.39850500 : Time 490.61s : 250876.99 words/s : gNorm 0.3892 : L.r. 2.2883e-04
[2025-06-11 22:06:32] Saving model weights and runtime parameters to /scratch/project_2011987/OpusDistillery/rules/../data/models/MA-test/cat+oci+spa-eng/model4_tiny_student/model.npz
[2025-06-11 22:06:33] Saving Adam parameters
[2025-06-11 22:06:33] [training] Saving training checkpoint to /scratch/project_2011987/OpusDistillery/rules/../data/models/MA-test/cat+oci+spa-eng/model4_tiny_student/model.npz and /scratch/project_2011987/OpusDistillery/rules/../data/models/MA-test/cat+oci+spa-eng/model4_tiny_student/model.npz.optimizer.npz
[2025-06-11 22:06:53] Saving model weights and runtime parameters to /scratch/project_2011987/OpusDistillery/rules/../data/models/MA-test/cat+oci+spa-eng/model4_tiny_student/model.npz.best-perplexity.npz
[2025-06-11 22:06:53] [valid] Ep. 14 : Up. 55000 : perplexity : 2.30553 : new best
[2025-06-11 22:10:11] Saving model weights and runtime parameters to /scratch/project_2011987/OpusDistillery/rules/../data/models/MA-test/cat+oci+spa-eng/model4_tiny_student/model.npz.best-chrf.npz
[2025-06-11 22:10:11] [valid] Ep. 14 : Up. 55000 : chrf : 75.3285 : new best
[2025-06-11 22:10:29] Saving model weights and runtime parameters to /scratch/project_2011987/OpusDistillery/rules/../data/models/MA-test/cat+oci+spa-eng/model4_tiny_student/model.npz.best-ce-mean-words.npz
[2025-06-11 22:10:29] [valid] Ep. 14 : Up. 55000 : ce-mean-words : 0.835309 : new best
[2025-06-11 22:11:27] Seen 19,896,896 samples
[2025-06-11 22:11:27] Starting data epoch 15 in logical epoch 15
[2025-06-11 22:11:27] [data] Shuffling data
[2025-06-11 22:11:29] [data] Done shuffling 19,897,021 sentences (cached in RAM)
[2025-06-11 22:19:04] Ep. 15 : Up. 56000 : Sen. 4,372,913 : Cost 0.38918883 : Time 751.08s : 162447.42 words/s : gNorm 0.3954 : L.r. 2.2678e-04
[2025-06-11 22:27:26] Ep. 15 : Up. 57000 : Sen. 9,488,082 : Cost 0.38995573 : Time 502.80s : 245169.54 words/s : gNorm 0.4000 : L.r. 2.2478e-04
[2025-06-11 22:35:44] Ep. 15 : Up. 58000 : Sen. 14,562,249 : Cost 0.38775912 : Time 497.58s : 249341.03 words/s : gNorm 0.3873 : L.r. 2.2283e-04
[2025-06-11 22:44:13] Ep. 15 : Up. 59000 : Sen. 19,641,093 : Cost 0.38856253 : Time 508.31s : 243297.87 words/s : gNorm 0.3993 : L.r. 2.2094e-04
[2025-06-11 22:44:39] Seen 19,896,896 samples
[2025-06-11 22:44:39] Starting data epoch 16 in logical epoch 16
[2025-06-11 22:44:39] [data] Shuffling data
[2025-06-11 22:44:40] [data] Done shuffling 19,897,021 sentences (cached in RAM)
[2025-06-11 22:52:45] Ep. 16 : Up. 60000 : Sen. 4,787,215 : Cost 0.38012949 : Time 512.59s : 238980.50 words/s : gNorm 0.3524 : L.r. 2.1909e-04
[2025-06-11 22:52:45] Saving model weights and runtime parameters to /scratch/project_2011987/OpusDistillery/rules/../data/models/MA-test/cat+oci+spa-eng/model4_tiny_student/model.npz
[2025-06-11 22:52:46] Saving Adam parameters
[2025-06-11 22:52:46] [training] Saving training checkpoint to /scratch/project_2011987/OpusDistillery/rules/../data/models/MA-test/cat+oci+spa-eng/model4_tiny_student/model.npz and /scratch/project_2011987/OpusDistillery/rules/../data/models/MA-test/cat+oci+spa-eng/model4_tiny_student/model.npz.optimizer.npz
[2025-06-11 22:53:06] [valid] Ep. 16 : Up. 60000 : perplexity : 2.33611 : stalled 1 times (last best: 2.30553)
[2025-06-11 22:56:24] Saving model weights and runtime parameters to /scratch/project_2011987/OpusDistillery/rules/../data/models/MA-test/cat+oci+spa-eng/model4_tiny_student/model.npz.best-chrf.npz
[2025-06-11 22:56:25] [valid] Ep. 16 : Up. 60000 : chrf : 75.4035 : new best
[2025-06-11 22:56:43] [valid] Ep. 16 : Up. 60000 : ce-mean-words : 0.848487 : stalled 1 times (last best: 0.835309)
[2025-06-11 23:05:13] Ep. 16 : Up. 61000 : Sen. 9,794,963 : Cost 0.38107181 : Time 748.02s : 164736.33 words/s : gNorm 0.3913 : L.r. 2.1729e-04
[2025-06-11 23:13:30] Ep. 16 : Up. 62000 : Sen. 14,892,099 : Cost 0.38089702 : Time 496.17s : 248072.55 words/s : gNorm 0.3934 : L.r. 2.1553e-04
[2025-06-11 23:21:39] Seen 19,896,896 samples
[2025-06-11 23:21:39] Starting data epoch 17 in logical epoch 17
[2025-06-11 23:21:39] [data] Shuffling data
[2025-06-11 23:21:41] [data] Done shuffling 19,897,021 sentences (cached in RAM)
[2025-06-11 23:22:02] Ep. 17 : Up. 63000 : Sen. 32,320 : Cost 0.38085732 : Time 511.27s : 240342.55 words/s : gNorm 0.3721 : L.r. 2.1381e-04
[2025-06-11 23:30:28] Ep. 17 : Up. 64000 : Sen. 5,095,933 : Cost 0.37132674 : Time 506.53s : 243749.53 words/s : gNorm 0.3892 : L.r. 2.1213e-04
[2025-06-11 23:38:47] Ep. 17 : Up. 65000 : Sen. 10,208,081 : Cost 0.37400532 : Time 498.05s : 247893.70 words/s : gNorm 0.3913 : L.r. 2.1049e-04
[2025-06-11 23:38:47] Saving model weights and runtime parameters to /scratch/project_2011987/OpusDistillery/rules/../data/models/MA-test/cat+oci+spa-eng/model4_tiny_student/model.npz
[2025-06-11 23:38:48] Saving Adam parameters
[2025-06-11 23:38:48] [training] Saving training checkpoint to /scratch/project_2011987/OpusDistillery/rules/../data/models/MA-test/cat+oci+spa-eng/model4_tiny_student/model.npz and /scratch/project_2011987/OpusDistillery/rules/../data/models/MA-test/cat+oci+spa-eng/model4_tiny_student/model.npz.optimizer.npz
[2025-06-11 23:39:07] Saving model weights and runtime parameters to /scratch/project_2011987/OpusDistillery/rules/../data/models/MA-test/cat+oci+spa-eng/model4_tiny_student/model.npz.best-perplexity.npz
[2025-06-11 23:39:07] [valid] Ep. 17 : Up. 65000 : perplexity : 2.22552 : new best
[2025-06-11 23:42:24] [valid] Ep. 17 : Up. 65000 : chrf : 75.234 : stalled 1 times (last best: 75.4035)
[2025-06-11 23:42:42] Saving model weights and runtime parameters to /scratch/project_2011987/OpusDistillery/rules/../data/models/MA-test/cat+oci+spa-eng/model4_tiny_student/model.npz.best-ce-mean-words.npz
[2025-06-11 23:42:43] [valid] Ep. 17 : Up. 65000 : ce-mean-words : 0.79999 : new best
[2025-06-11 23:51:07] Ep. 17 : Up. 66000 : Sen. 15,190,544 : Cost 0.37356356 : Time 740.33s : 165870.05 words/s : gNorm 0.3953 : L.r. 2.0889e-04
[2025-06-11 23:58:49] Seen 19,896,896 samples
[2025-06-11 23:58:49] Starting data epoch 18 in logical epoch 18
[2025-06-11 23:58:49] [data] Shuffling data
[2025-06-11 23:58:50] [data] Done shuffling 19,897,021 sentences (cached in RAM)
[2025-06-11 23:59:39] Ep. 18 : Up. 67000 : Sen. 367,982 : Cost 0.37304989 : Time 511.31s : 241026.45 words/s : gNorm 0.3549 : L.r. 2.0733e-04
[2025-06-12 00:07:56] Ep. 18 : Up. 68000 : Sen. 5,421,868 : Cost 0.36542520 : Time 497.78s : 246269.84 words/s : gNorm 0.3826 : L.r. 2.0580e-04
[2025-06-12 00:16:24] Ep. 18 : Up. 69000 : Sen. 10,439,825 : Cost 0.36747515 : Time 507.41s : 241630.84 words/s : gNorm 0.3925 : L.r. 2.0430e-04
[2025-06-12 00:24:36] Ep. 18 : Up. 70000 : Sen. 15,492,465 : Cost 0.36814070 : Time 492.35s : 250552.44 words/s : gNorm 0.3930 : L.r. 2.0284e-04
[2025-06-12 00:24:36] Saving model weights and runtime parameters to /scratch/project_2011987/OpusDistillery/rules/../data/models/MA-test/cat+oci+spa-eng/model4_tiny_student/model.npz
[2025-06-12 00:24:37] Saving Adam parameters
[2025-06-12 00:24:37] [training] Saving training checkpoint to /scratch/project_2011987/OpusDistillery/rules/../data/models/MA-test/cat+oci+spa-eng/model4_tiny_student/model.npz and /scratch/project_2011987/OpusDistillery/rules/../data/models/MA-test/cat+oci+spa-eng/model4_tiny_student/model.npz.optimizer.npz
[2025-06-12 00:24:58] [valid] Ep. 18 : Up. 70000 : perplexity : 2.30418 : stalled 1 times (last best: 2.22552)
[2025-06-12 00:28:15] Saving model weights and runtime parameters to /scratch/project_2011987/OpusDistillery/rules/../data/models/MA-test/cat+oci+spa-eng/model4_tiny_student/model.npz.best-chrf.npz
[2025-06-12 00:28:15] [valid] Ep. 18 : Up. 70000 : chrf : 75.4333 : new best
[2025-06-12 00:28:33] [valid] Ep. 18 : Up. 70000 : ce-mean-words : 0.834726 : stalled 1 times (last best: 0.79999)
[2025-06-12 00:35:50] Seen 19,896,896 samples
[2025-06-12 00:35:50] Starting data epoch 19 in logical epoch 19
[2025-06-12 00:35:50] [data] Shuffling data
[2025-06-12 00:35:51] [data] Done shuffling 19,897,021 sentences (cached in RAM)
[2025-06-12 00:37:09] Ep. 19 : Up. 71000 : Sen. 661,227 : Cost 0.36718848 : Time 753.07s : 163922.15 words/s : gNorm 0.3763 : L.r. 2.0140e-04
[2025-06-12 00:45:29] Ep. 19 : Up. 72000 : Sen. 5,712,968 : Cost 0.35967192 : Time 499.81s : 245613.60 words/s : gNorm 0.3861 : L.r. 2.0000e-04
[2025-06-12 00:53:48] Ep. 19 : Up. 73000 : Sen. 10,756,448 : Cost 0.36103576 : Time 498.42s : 247847.22 words/s : gNorm 0.3370 : L.r. 1.9863e-04
[2025-06-12 01:02:13] Ep. 19 : Up. 74000 : Sen. 15,815,508 : Cost 0.36316565 : Time 505.10s : 243106.43 words/s : gNorm 0.3756 : L.r. 1.9728e-04
[2025-06-12 01:08:52] Seen 19,896,896 samples
[2025-06-12 01:08:52] Starting data epoch 20 in logical epoch 20
[2025-06-12 01:08:52] [data] Shuffling data
[2025-06-12 01:08:53] [data] Done shuffling 19,897,021 sentences (cached in RAM)
[2025-06-12 01:10:43] Ep. 20 : Up. 75000 : Sen. 982,448 : Cost 0.36049700 : Time 509.57s : 242148.19 words/s : gNorm 0.3692 : L.r. 1.9596e-04
[2025-06-12 01:10:43] Saving model weights and runtime parameters to /scratch/project_2011987/OpusDistillery/rules/../data/models/MA-test/cat+oci+spa-eng/model4_tiny_student/model.npz
[2025-06-12 01:10:44] Saving Adam parameters
[2025-06-12 01:10:44] [training] Saving training checkpoint to /scratch/project_2011987/OpusDistillery/rules/../data/models/MA-test/cat+oci+spa-eng/model4_tiny_student/model.npz and /scratch/project_2011987/OpusDistillery/rules/../data/models/MA-test/cat+oci+spa-eng/model4_tiny_student/model.npz.optimizer.npz
[2025-06-12 01:11:03] [valid] Ep. 20 : Up. 75000 : perplexity : 2.31427 : stalled 2 times (last best: 2.22552)
[2025-06-12 01:14:21] Saving model weights and runtime parameters to /scratch/project_2011987/OpusDistillery/rules/../data/models/MA-test/cat+oci+spa-eng/model4_tiny_student/model.npz.best-chrf.npz
[2025-06-12 01:14:21] [valid] Ep. 20 : Up. 75000 : chrf : 75.7218 : new best
[2025-06-12 01:14:40] [valid] Ep. 20 : Up. 75000 : ce-mean-words : 0.839093 : stalled 2 times (last best: 0.79999)
[2025-06-12 01:23:06] Ep. 20 : Up. 76000 : Sen. 6,043,826 : Cost 0.35525665 : Time 742.64s : 165575.06 words/s : gNorm 0.3655 : L.r. 1.9467e-04
[2025-06-12 01:31:29] Ep. 20 : Up. 77000 : Sen. 11,099,874 : Cost 0.35663369 : Time 502.75s : 245330.66 words/s : gNorm 0.3866 : L.r. 1.9340e-04
[2025-06-12 01:39:49] Ep. 20 : Up. 78000 : Sen. 16,172,377 : Cost 0.35706192 : Time 500.00s : 246125.73 words/s : gNorm 0.3652 : L.r. 1.9215e-04
[2025-06-12 01:46:01] Seen 19,896,896 samples
[2025-06-12 01:46:02] Starting data epoch 21 in logical epoch 21
[2025-06-12 01:46:02] [data] Shuffling data
[2025-06-12 01:46:03] [data] Done shuffling 19,897,021 sentences (cached in RAM)
[2025-06-12 01:48:27] Ep. 21 : Up. 79000 : Sen. 1,281,272 : Cost 0.35482857 : Time 518.45s : 236187.66 words/s : gNorm 0.3488 : L.r. 1.9093e-04
[2025-06-12 01:56:47] Ep. 21 : Up. 80000 : Sen. 6,332,001 : Cost 0.35075596 : Time 499.33s : 246734.35 words/s : gNorm 0.3785 : L.r. 1.8974e-04
[2025-06-12 01:56:47] Saving model weights and runtime parameters to /scratch/project_2011987/OpusDistillery/rules/../data/models/MA-test/cat+oci+spa-eng/model4_tiny_student/model.npz
[2025-06-12 01:56:48] Saving Adam parameters
[2025-06-12 01:56:48] [training] Saving training checkpoint to /scratch/project_2011987/OpusDistillery/rules/../data/models/MA-test/cat+oci+spa-eng/model4_tiny_student/model.npz and /scratch/project_2011987/OpusDistillery/rules/../data/models/MA-test/cat+oci+spa-eng/model4_tiny_student/model.npz.optimizer.npz
[2025-06-12 01:57:09] [valid] Ep. 21 : Up. 80000 : perplexity : 2.27201 : stalled 3 times (last best: 2.22552)
[2025-06-12 02:00:26] [valid] Ep. 21 : Up. 80000 : chrf : 75.4961 : stalled 1 times (last best: 75.7218)
[2025-06-12 02:00:45] [valid] Ep. 21 : Up. 80000 : ce-mean-words : 0.820663 : stalled 3 times (last best: 0.79999)
[2025-06-12 02:09:10] Ep. 21 : Up. 81000 : Sen. 11,404,445 : Cost 0.35220766 : Time 743.10s : 165435.31 words/s : gNorm 0.3799 : L.r. 1.8856e-04
[2025-06-12 02:17:32] Ep. 21 : Up. 82000 : Sen. 16,483,250 : Cost 0.35270104 : Time 501.75s : 246335.00 words/s : gNorm 0.3870 : L.r. 1.8741e-04
[2025-06-12 02:23:01] Seen 19,896,896 samples
[2025-06-12 02:23:01] Starting data epoch 22 in logical epoch 22
[2025-06-12 02:23:01] [data] Shuffling data
[2025-06-12 02:23:02] [data] Done shuffling 19,897,021 sentences (cached in RAM)
[2025-06-12 02:25:56] Ep. 22 : Up. 83000 : Sen. 1,632,132 : Cost 0.35022497 : Time 503.41s : 242638.01 words/s : gNorm 0.3728 : L.r. 1.8628e-04
[2025-06-12 02:34:21] Ep. 22 : Up. 84000 : Sen. 6,685,309 : Cost 0.34554750 : Time 504.86s : 245040.01 words/s : gNorm 0.3456 : L.r. 1.8516e-04
[2025-06-12 02:42:38] Ep. 22 : Up. 85000 : Sen. 11,701,243 : Cost 0.34808931 : Time 497.52s : 246268.27 words/s : gNorm 0.3585 : L.r. 1.8407e-04
[2025-06-12 02:42:39] Saving model weights and runtime parameters to /scratch/project_2011987/OpusDistillery/rules/../data/models/MA-test/cat+oci+spa-eng/model4_tiny_student/model.npz
[2025-06-12 02:42:39] Saving Adam parameters
[2025-06-12 02:42:40] [training] Saving training checkpoint to /scratch/project_2011987/OpusDistillery/rules/../data/models/MA-test/cat+oci+spa-eng/model4_tiny_student/model.npz and /scratch/project_2011987/OpusDistillery/rules/../data/models/MA-test/cat+oci+spa-eng/model4_tiny_student/model.npz.optimizer.npz
[2025-06-12 02:42:59] [valid] Ep. 22 : Up. 85000 : perplexity : 2.2763 : stalled 4 times (last best: 2.22552)
[2025-06-12 02:46:17] [valid] Ep. 22 : Up. 85000 : chrf : 75.6724 : stalled 2 times (last best: 75.7218)
[2025-06-12 02:46:35] [valid] Ep. 22 : Up. 85000 : ce-mean-words : 0.822553 : stalled 4 times (last best: 0.79999)
[2025-06-12 02:55:00] Ep. 22 : Up. 86000 : Sen. 16,788,592 : Cost 0.34935516 : Time 741.10s : 166845.94 words/s : gNorm 0.3637 : L.r. 1.8300e-04
[2025-06-12 02:59:59] Seen 19,896,896 samples
[2025-06-12 02:59:59] Starting data epoch 23 in logical epoch 23
[2025-06-12 02:59:59] [data] Shuffling data
[2025-06-12 03:00:01] [data] Done shuffling 19,897,021 sentences (cached in RAM)
[2025-06-12 03:03:20] Ep. 23 : Up. 87000 : Sen. 1,879,005 : Cost 0.34471199 : Time 500.24s : 245384.10 words/s : gNorm 0.3572 : L.r. 1.8194e-04
[2025-06-12 03:11:37] Ep. 23 : Up. 88000 : Sen. 6,993,375 : Cost 0.34257567 : Time 497.48s : 248404.09 words/s : gNorm 0.3568 : L.r. 1.8091e-04
[2025-06-12 03:20:07] Ep. 23 : Up. 89000 : Sen. 12,025,231 : Cost 0.34511393 : Time 509.69s : 240988.13 words/s : gNorm 0.3661 : L.r. 1.7989e-04
[2025-06-12 03:28:26] Ep. 23 : Up. 90000 : Sen. 17,081,311 : Cost 0.34473285 : Time 498.33s : 246497.08 words/s : gNorm 0.3629 : L.r. 1.7889e-04
[2025-06-12 03:28:26] Saving model weights and runtime parameters to /scratch/project_2011987/OpusDistillery/rules/../data/models/MA-test/cat+oci+spa-eng/model4_tiny_student/model.npz
[2025-06-12 03:28:26] Saving Adam parameters
[2025-06-12 03:28:27] [training] Saving training checkpoint to /scratch/project_2011987/OpusDistillery/rules/../data/models/MA-test/cat+oci+spa-eng/model4_tiny_student/model.npz and /scratch/project_2011987/OpusDistillery/rules/../data/models/MA-test/cat+oci+spa-eng/model4_tiny_student/model.npz.optimizer.npz
[2025-06-12 03:28:47] [valid] Ep. 23 : Up. 90000 : perplexity : 2.24247 : stalled 5 times (last best: 2.22552)
[2025-06-12 03:32:04] [valid] Ep. 23 : Up. 90000 : chrf : 75.5417 : stalled 3 times (last best: 75.7218)
[2025-06-12 03:32:22] [valid] Ep. 23 : Up. 90000 : ce-mean-words : 0.807579 : stalled 5 times (last best: 0.79999)
[2025-06-12 03:32:22] Training finished
[2025-06-12 03:32:22] Saving model weights and runtime parameters to /scratch/project_2011987/OpusDistillery/rules/../data/models/MA-test/cat+oci+spa-eng/model4_tiny_student/model.npz
[2025-06-12 03:32:22] Saving Adam parameters
[2025-06-12 03:32:22] [training] Saving training checkpoint to /scratch/project_2011987/OpusDistillery/rules/../data/models/MA-test/cat+oci+spa-eng/model4_tiny_student/model.npz and /scratch/project_2011987/OpusDistillery/rules/../data/models/MA-test/cat+oci+spa-eng/model4_tiny_student/model.npz.optimizer.npz
