[2025-06-04 10:35:15] [marian] Marian v1.12.31 a6ab8af8 2024-06-27 15:21:08 +0000
[2025-06-04 10:35:15] [marian] Running on r03g02.bullx as process 23 with command line:
[2025-06-04 10:35:15] [marian] /scratch/project_2011987/OpusDistillery/3rd_party/marian-dev/build//marian --model /scratch/project_2011987/OpusDistillery/rules/../data/models/MA-test/cat+oci+spa-eng/model1_tiny_student/model.npz -c configs/model/student.yml configs/training/student.train.yml --train-sets /scratch/project_2011987/OpusDistillery/rules/../data/data/MA-test/cat+oci+spa-eng/filtered/corpus.source.gz /scratch/project_2011987/OpusDistillery/rules/../data/data/MA-test/cat+oci+spa-eng/filtered/corpus.target.gz -T /scratch/project_2011987/OpusDistillery/rules/../data/models/MA-test/cat+oci+spa-eng/model1_tiny_student/tmp --shuffle-in-ram --vocabs /scratch/project_2011987/OpusDistillery/rules/../data/models/MA-test/cat+oci+spa-eng/vocab/vocab.spm /scratch/project_2011987/OpusDistillery/rules/../data/models/MA-test/cat+oci+spa-eng/vocab/vocab.spm -w 25000 --devices 0 1 --sharding local --sync-sgd --valid-metrics perplexity chrf ce-mean-words --valid-sets /scratch/project_2011987/OpusDistillery/rules/../data/data/MA-test/cat+oci+spa-eng/original/devset.student.source.gz /scratch/project_2011987/OpusDistillery/rules/../data/data/MA-test/cat+oci+spa-eng/original/devset.student.target.gz --valid-translation-output '/scratch/project_2011987/OpusDistillery/rules/../data/models/MA-test/cat+oci+spa-eng/model1_tiny_student/valid_outputs/validation-output-after-{U}-updates-{E}-epochs.txt' --quiet-translation --overwrite --keep-best --log /scratch/project_2011987/OpusDistillery/rules/../data/models/MA-test/cat+oci+spa-eng/model1_tiny_student/train.log --valid-log /scratch/project_2011987/OpusDistillery/rules/../data/models/MA-test/cat+oci+spa-eng/model1_tiny_student/valid.log
[2025-06-04 10:35:15] [config] after: 0e
[2025-06-04 10:35:15] [config] after-batches: 0
[2025-06-04 10:35:15] [config] after-epochs: 0
[2025-06-04 10:35:15] [config] all-caps-every: 0
[2025-06-04 10:35:15] [config] allow-unk: false
[2025-06-04 10:35:15] [config] authors: false
[2025-06-04 10:35:15] [config] beam-size: 1
[2025-06-04 10:35:15] [config] bert-class-symbol: "[CLS]"
[2025-06-04 10:35:15] [config] bert-mask-symbol: "[MASK]"
[2025-06-04 10:35:15] [config] bert-masking-fraction: 0.15
[2025-06-04 10:35:15] [config] bert-sep-symbol: "[SEP]"
[2025-06-04 10:35:15] [config] bert-train-type-embeddings: true
[2025-06-04 10:35:15] [config] bert-type-vocab-size: 2
[2025-06-04 10:35:15] [config] build-info: ""
[2025-06-04 10:35:15] [config] check-gradient-nan: false
[2025-06-04 10:35:15] [config] check-nan: false
[2025-06-04 10:35:15] [config] cite: false
[2025-06-04 10:35:15] [config] clip-norm: 0
[2025-06-04 10:35:15] [config] comet-augment-bad: 0
[2025-06-04 10:35:15] [config] comet-dropout: 0.1
[2025-06-04 10:35:15] [config] comet-final-sigmoid: false
[2025-06-04 10:35:15] [config] comet-mix: false
[2025-06-04 10:35:15] [config] comet-mix-norm: false
[2025-06-04 10:35:15] [config] comet-mix-transformation: softmax
[2025-06-04 10:35:15] [config] comet-mixup: 0
[2025-06-04 10:35:15] [config] comet-mixup-reg: false
[2025-06-04 10:35:15] [config] comet-pool: avg
[2025-06-04 10:35:15] [config] comet-pooler-ffn:
[2025-06-04 10:35:15] [config]   - 2048
[2025-06-04 10:35:15] [config]   - 1024
[2025-06-04 10:35:15] [config] comet-prepend-zero: false
[2025-06-04 10:35:15] [config] comet-stop-grad: false
[2025-06-04 10:35:15] [config] comet-use-separator: false
[2025-06-04 10:35:15] [config] cost-scaling:
[2025-06-04 10:35:15] [config]   []
[2025-06-04 10:35:15] [config] cost-type: ce-mean-words
[2025-06-04 10:35:15] [config] cpu-threads: 0
[2025-06-04 10:35:15] [config] custom-fallbacks:
[2025-06-04 10:35:15] [config]   []
[2025-06-04 10:35:15] [config] data-threads: 8
[2025-06-04 10:35:15] [config] data-weighting: ""
[2025-06-04 10:35:15] [config] data-weighting-type: sentence
[2025-06-04 10:35:15] [config] dec-cell: ssru
[2025-06-04 10:35:15] [config] dec-cell-base-depth: 2
[2025-06-04 10:35:15] [config] dec-cell-high-depth: 1
[2025-06-04 10:35:15] [config] dec-depth: 2
[2025-06-04 10:35:15] [config] devices:
[2025-06-04 10:35:15] [config]   - 0
[2025-06-04 10:35:15] [config]   - 1
[2025-06-04 10:35:15] [config] dim-emb: 256
[2025-06-04 10:35:15] [config] dim-rnn: 1024
[2025-06-04 10:35:15] [config] dim-vocabs:
[2025-06-04 10:35:15] [config]   - 0
[2025-06-04 10:35:15] [config]   - 0
[2025-06-04 10:35:15] [config] disp-first: 10
[2025-06-04 10:35:15] [config] disp-freq: 1000
[2025-06-04 10:35:15] [config] disp-label-counts: true
[2025-06-04 10:35:15] [config] dropout-rnn: 0.1
[2025-06-04 10:35:15] [config] dropout-src: 0
[2025-06-04 10:35:15] [config] dropout-trg: 0
[2025-06-04 10:35:15] [config] dump-config: ""
[2025-06-04 10:35:15] [config] dynamic-gradient-scaling:
[2025-06-04 10:35:15] [config]   []
[2025-06-04 10:35:15] [config] early-stopping: 5
[2025-06-04 10:35:15] [config] early-stopping-epsilon:
[2025-06-04 10:35:15] [config]   - 0
[2025-06-04 10:35:15] [config] early-stopping-on: first
[2025-06-04 10:35:15] [config] embedding-fix-src: false
[2025-06-04 10:35:15] [config] embedding-fix-trg: false
[2025-06-04 10:35:15] [config] embedding-normalization: false
[2025-06-04 10:35:15] [config] embedding-vectors:
[2025-06-04 10:35:15] [config]   []
[2025-06-04 10:35:15] [config] enc-cell: gru
[2025-06-04 10:35:15] [config] enc-cell-depth: 1
[2025-06-04 10:35:15] [config] enc-depth: 6
[2025-06-04 10:35:15] [config] enc-type: bidirectional
[2025-06-04 10:35:15] [config] english-title-case-every: 0
[2025-06-04 10:35:15] [config] exponential-smoothing: True
[2025-06-04 10:35:15] [config] exponential-smoothing-replace-freq: 0
[2025-06-04 10:35:15] [config] factor-weight: 1
[2025-06-04 10:35:15] [config] factors-combine: sum
[2025-06-04 10:35:15] [config] factors-dim-emb: 0
[2025-06-04 10:35:15] [config] gradient-checkpointing: false
[2025-06-04 10:35:15] [config] gradient-norm-average-window: 100
[2025-06-04 10:35:15] [config] guided-alignment: none
[2025-06-04 10:35:15] [config] guided-alignment-cost: ce
[2025-06-04 10:35:15] [config] guided-alignment-weight: 0.1
[2025-06-04 10:35:15] [config] ignore-model-config: false
[2025-06-04 10:35:15] [config] input-join-fields: false
[2025-06-04 10:35:15] [config] input-reorder:
[2025-06-04 10:35:15] [config]   []
[2025-06-04 10:35:15] [config] input-types:
[2025-06-04 10:35:15] [config]   []
[2025-06-04 10:35:15] [config] interpolate-env-vars: false
[2025-06-04 10:35:15] [config] keep-best: true
[2025-06-04 10:35:15] [config] label-smoothing: 0
[2025-06-04 10:35:15] [config] layer-normalization: false
[2025-06-04 10:35:15] [config] learn-rate: 0.0003
[2025-06-04 10:35:15] [config] lemma-dependency: ""
[2025-06-04 10:35:15] [config] lemma-dim-emb: 0
[2025-06-04 10:35:15] [config] log: /scratch/project_2011987/OpusDistillery/rules/../data/models/MA-test/cat+oci+spa-eng/model1_tiny_student/train.log
[2025-06-04 10:35:15] [config] log-level: info
[2025-06-04 10:35:15] [config] log-time-zone: ""
[2025-06-04 10:35:15] [config] logical-epoch:
[2025-06-04 10:35:15] [config]   - 1e
[2025-06-04 10:35:15] [config]   - 0
[2025-06-04 10:35:15] [config] lr-decay: 0
[2025-06-04 10:35:15] [config] lr-decay-freq: 50000
[2025-06-04 10:35:15] [config] lr-decay-inv-sqrt:
[2025-06-04 10:35:15] [config]   - 32000
[2025-06-04 10:35:15] [config] lr-decay-repeat-warmup: false
[2025-06-04 10:35:15] [config] lr-decay-reset-optimizer: false
[2025-06-04 10:35:15] [config] lr-decay-start:
[2025-06-04 10:35:15] [config]   - 10
[2025-06-04 10:35:15] [config]   - 1
[2025-06-04 10:35:15] [config] lr-decay-strategy: epoch+stalled
[2025-06-04 10:35:15] [config] lr-report: True
[2025-06-04 10:35:15] [config] lr-warmup: 16000
[2025-06-04 10:35:15] [config] lr-warmup-at-reload: false
[2025-06-04 10:35:15] [config] lr-warmup-cycle: false
[2025-06-04 10:35:15] [config] lr-warmup-start-rate: 0
[2025-06-04 10:35:15] [config] max-length: 200
[2025-06-04 10:35:15] [config] max-length-crop: false
[2025-06-04 10:35:15] [config] max-length-factor: 3
[2025-06-04 10:35:15] [config] maxi-batch: 1000
[2025-06-04 10:35:15] [config] maxi-batch-sort: trg
[2025-06-04 10:35:15] [config] mini-batch: 1000
[2025-06-04 10:35:15] [config] mini-batch-fit: True
[2025-06-04 10:35:15] [config] mini-batch-fit-step: 10
[2025-06-04 10:35:15] [config] mini-batch-round-up: true
[2025-06-04 10:35:15] [config] mini-batch-track-lr: false
[2025-06-04 10:35:15] [config] mini-batch-warmup: 0
[2025-06-04 10:35:15] [config] mini-batch-words: 0
[2025-06-04 10:35:15] [config] mini-batch-words-ref: 0
[2025-06-04 10:35:15] [config] model: /scratch/project_2011987/OpusDistillery/rules/../data/models/MA-test/cat+oci+spa-eng/model1_tiny_student/model.npz
[2025-06-04 10:35:15] [config] multi-loss-type: sum
[2025-06-04 10:35:15] [config] n-best: false
[2025-06-04 10:35:15] [config] no-nccl: false
[2025-06-04 10:35:15] [config] no-optimizer-reload: false
[2025-06-04 10:35:15] [config] no-reload: false
[2025-06-04 10:35:15] [config] no-restore-corpus: false
[2025-06-04 10:35:15] [config] no-spm-encode: false
[2025-06-04 10:35:15] [config] normalize: 1
[2025-06-04 10:35:15] [config] normalize-gradient: false
[2025-06-04 10:35:15] [config] normalize-gradient-by-ratio: false
[2025-06-04 10:35:15] [config] optimizer: adam
[2025-06-04 10:35:15] [config] optimizer-delay: 2
[2025-06-04 10:35:15] [config] optimizer-params:
[2025-06-04 10:35:15] [config]   - 0.9
[2025-06-04 10:35:15] [config]   - 0.98
[2025-06-04 10:35:15] [config]   - 1e-09
[2025-06-04 10:35:15] [config] output-omit-bias: false
[2025-06-04 10:35:15] [config] overwrite: true
[2025-06-04 10:35:15] [config] overwrite-checkpoint: true
[2025-06-04 10:35:15] [config] precision:
[2025-06-04 10:35:15] [config]   - float32
[2025-06-04 10:35:15] [config]   - float32
[2025-06-04 10:35:15] [config] pretrained-model: ""
[2025-06-04 10:35:15] [config] quantize-biases: false
[2025-06-04 10:35:15] [config] quantize-bits: 0
[2025-06-04 10:35:15] [config] quantize-log-based: false
[2025-06-04 10:35:15] [config] quantize-optimization-steps: 0
[2025-06-04 10:35:15] [config] quiet: false
[2025-06-04 10:35:15] [config] quiet-translation: true
[2025-06-04 10:35:15] [config] quiet-validation: false
[2025-06-04 10:35:15] [config] relative-paths: false
[2025-06-04 10:35:15] [config] right-left: false
[2025-06-04 10:35:15] [config] save-freq: 5000
[2025-06-04 10:35:15] [config] seed: 0
[2025-06-04 10:35:15] [config] sentencepiece-alphas:
[2025-06-04 10:35:15] [config]   []
[2025-06-04 10:35:15] [config] sentencepiece-max-lines: 2000000
[2025-06-04 10:35:15] [config] sentencepiece-options: ""
[2025-06-04 10:35:15] [config] separator-symbol: "[eos]"
[2025-06-04 10:35:15] [config] sharding: local
[2025-06-04 10:35:15] [config] shuffle: data
[2025-06-04 10:35:15] [config] shuffle-in-ram: true
[2025-06-04 10:35:15] [config] sigterm: save-and-exit
[2025-06-04 10:35:15] [config] skip: false
[2025-06-04 10:35:15] [config] sqlite: ""
[2025-06-04 10:35:15] [config] sqlite-drop: false
[2025-06-04 10:35:15] [config] sync-freq: 200u
[2025-06-04 10:35:15] [config] sync-sgd: true
[2025-06-04 10:35:15] [config] tempdir: /scratch/project_2011987/OpusDistillery/rules/../data/models/MA-test/cat+oci+spa-eng/model1_tiny_student/tmp
[2025-06-04 10:35:15] [config] throw-on-divergence:
[2025-06-04 10:35:15] [config]   []
[2025-06-04 10:35:15] [config] tied-embeddings: false
[2025-06-04 10:35:15] [config] tied-embeddings-all: true
[2025-06-04 10:35:15] [config] tied-embeddings-src: false
[2025-06-04 10:35:15] [config] train-embedder-rank:
[2025-06-04 10:35:15] [config]   []
[2025-06-04 10:35:15] [config] train-sets:
[2025-06-04 10:35:15] [config]   - /scratch/project_2011987/OpusDistillery/rules/../data/data/MA-test/cat+oci+spa-eng/filtered/corpus.source.gz
[2025-06-04 10:35:15] [config]   - /scratch/project_2011987/OpusDistillery/rules/../data/data/MA-test/cat+oci+spa-eng/filtered/corpus.target.gz
[2025-06-04 10:35:15] [config] transformer-aan-activation: swish
[2025-06-04 10:35:15] [config] transformer-aan-depth: 2
[2025-06-04 10:35:15] [config] transformer-aan-nogate: false
[2025-06-04 10:35:15] [config] transformer-alibi-shift: false
[2025-06-04 10:35:15] [config] transformer-alibi-trainable: false
[2025-06-04 10:35:15] [config] transformer-attention-mask: default
[2025-06-04 10:35:15] [config] transformer-decoder-autoreg: rnn
[2025-06-04 10:35:15] [config] transformer-decoder-dim-ffn: 0
[2025-06-04 10:35:15] [config] transformer-decoder-ffn-depth: 0
[2025-06-04 10:35:15] [config] transformer-depth-scaling: false
[2025-06-04 10:35:15] [config] transformer-dim-aan: 2048
[2025-06-04 10:35:15] [config] transformer-dim-ffn: 1536
[2025-06-04 10:35:15] [config] transformer-disable-position-embeddings: false
[2025-06-04 10:35:15] [config] transformer-dropout: 0
[2025-06-04 10:35:15] [config] transformer-dropout-attention: 0
[2025-06-04 10:35:15] [config] transformer-dropout-ffn: 0
[2025-06-04 10:35:15] [config] transformer-ffn-activation: relu
[2025-06-04 10:35:15] [config] transformer-ffn-depth: 2
[2025-06-04 10:35:15] [config] transformer-guided-alignment-layer: last
[2025-06-04 10:35:15] [config] transformer-heads: 8
[2025-06-04 10:35:15] [config] transformer-no-affine: false
[2025-06-04 10:35:15] [config] transformer-no-bias: false
[2025-06-04 10:35:15] [config] transformer-no-projection: false
[2025-06-04 10:35:15] [config] transformer-pool: false
[2025-06-04 10:35:15] [config] transformer-postprocess: dan
[2025-06-04 10:35:15] [config] transformer-postprocess-emb: d
[2025-06-04 10:35:15] [config] transformer-postprocess-top: ""
[2025-06-04 10:35:15] [config] transformer-preprocess: ""
[2025-06-04 10:35:15] [config] transformer-rnn-projection: false
[2025-06-04 10:35:15] [config] transformer-tied-layers:
[2025-06-04 10:35:15] [config]   []
[2025-06-04 10:35:15] [config] transformer-train-position-embeddings: false
[2025-06-04 10:35:15] [config] tsv: false
[2025-06-04 10:35:15] [config] tsv-fields: 0
[2025-06-04 10:35:15] [config] type: transformer
[2025-06-04 10:35:15] [config] ulr: false
[2025-06-04 10:35:15] [config] ulr-dim-emb: 0
[2025-06-04 10:35:15] [config] ulr-dropout: 0
[2025-06-04 10:35:15] [config] ulr-keys-vectors: ""
[2025-06-04 10:35:15] [config] ulr-query-vectors: ""
[2025-06-04 10:35:15] [config] ulr-softmax-temperature: 1
[2025-06-04 10:35:15] [config] ulr-trainable-transformation: false
[2025-06-04 10:35:15] [config] unlikelihood-loss: false
[2025-06-04 10:35:15] [config] valid-freq: 5000
[2025-06-04 10:35:15] [config] valid-log: /scratch/project_2011987/OpusDistillery/rules/../data/models/MA-test/cat+oci+spa-eng/model1_tiny_student/valid.log
[2025-06-04 10:35:15] [config] valid-max-length: 1000
[2025-06-04 10:35:15] [config] valid-metrics:
[2025-06-04 10:35:15] [config]   - perplexity
[2025-06-04 10:35:15] [config]   - chrf
[2025-06-04 10:35:15] [config]   - ce-mean-words
[2025-06-04 10:35:15] [config] valid-mini-batch: 64
[2025-06-04 10:35:15] [config] valid-reset-all: false
[2025-06-04 10:35:15] [config] valid-reset-stalled: false
[2025-06-04 10:35:15] [config] valid-script-args:
[2025-06-04 10:35:15] [config]   []
[2025-06-04 10:35:15] [config] valid-script-path: ""
[2025-06-04 10:35:15] [config] valid-sets:
[2025-06-04 10:35:15] [config]   - /scratch/project_2011987/OpusDistillery/rules/../data/data/MA-test/cat+oci+spa-eng/original/devset.student.source.gz
[2025-06-04 10:35:15] [config]   - /scratch/project_2011987/OpusDistillery/rules/../data/data/MA-test/cat+oci+spa-eng/original/devset.student.target.gz
[2025-06-04 10:35:15] [config] valid-translation-output: /scratch/project_2011987/OpusDistillery/rules/../data/models/MA-test/cat+oci+spa-eng/model1_tiny_student/valid_outputs/validation-output-after-{U}-updates-{E}-epochs.txt
[2025-06-04 10:35:15] [config] vocabs:
[2025-06-04 10:35:15] [config]   - /scratch/project_2011987/OpusDistillery/rules/../data/models/MA-test/cat+oci+spa-eng/vocab/vocab.spm
[2025-06-04 10:35:15] [config]   - /scratch/project_2011987/OpusDistillery/rules/../data/models/MA-test/cat+oci+spa-eng/vocab/vocab.spm
[2025-06-04 10:35:15] [config] word-penalty: 0
[2025-06-04 10:35:15] [config] word-scores: false
[2025-06-04 10:35:15] [config] workspace: 25000
[2025-06-04 10:35:15] [config] Model is being created with Marian v1.12.31 a6ab8af8 2024-06-27 15:21:08 +0000
[2025-06-04 10:35:15] Using synchronous SGD
[2025-06-04 10:35:15] [comm] Compiled without MPI support. Running as a single process on r03g02.bullx
[2025-06-04 10:35:15] Synced seed 1749022515
[2025-06-04 10:35:15] [data] Loading SentencePiece vocabulary from file /scratch/project_2011987/OpusDistillery/rules/../data/models/MA-test/cat+oci+spa-eng/vocab/vocab.spm
[2025-06-04 10:35:16] [data] Setting vocabulary size for input 0 to 32,000
[2025-06-04 10:35:16] [data] Loading SentencePiece vocabulary from file /scratch/project_2011987/OpusDistillery/rules/../data/models/MA-test/cat+oci+spa-eng/vocab/vocab.spm
[2025-06-04 10:35:16] [data] Setting vocabulary size for input 1 to 32,000
[2025-06-04 10:35:16] [batching] Collecting statistics for batch fitting with step size 10
[2025-06-04 10:35:17] [memory] Extending reserved space to 25088 MB (device gpu0)
[2025-06-04 10:35:19] [memory] Extending reserved space to 25088 MB (device gpu1)
[2025-06-04 10:35:19] [comm] Using NCCL 2.8.3 for GPU communication
[2025-06-04 10:35:19] [comm] Using global sharding
[2025-06-04 10:35:20] [comm] NCCLCommunicators constructed successfully
[2025-06-04 10:35:20] [training] Using 2 GPUs
[2025-06-04 10:35:20] [logits] Applying loss function for 1 factor(s)
[2025-06-04 10:35:20] [memory] Reserving 64 MB, device gpu0
[2025-06-04 10:35:28] [gpu] 16-bit TensorCores enabled for float32 matrix operations
[2025-06-04 10:35:28] [memory] Reserving 64 MB, device gpu0
[2025-06-04 10:36:17] [batching] Done. Typical MB size is 197,998 target words
[2025-06-04 10:36:17] [memory] Extending reserved space to 25088 MB (device gpu0)
[2025-06-04 10:36:18] [memory] Extending reserved space to 25088 MB (device gpu1)
[2025-06-04 10:36:18] [comm] Using NCCL 2.8.3 for GPU communication
[2025-06-04 10:36:18] [comm] Using global sharding
[2025-06-04 10:36:18] [comm] NCCLCommunicators constructed successfully
[2025-06-04 10:36:18] [training] Using 2 GPUs
[2025-06-04 10:36:18] Training started
[2025-06-04 10:36:18] [data] Shuffling data
[2025-06-04 10:36:44] [data] Done reading 19,897,021 sentences
[2025-06-04 10:36:45] [data] Done shuffling 19,897,021 sentences (cached in RAM)
[2025-06-04 10:36:56] [training] Batches are processed as 1 process(es) x 2 devices/process
[2025-06-04 10:36:56] [memory] Reserving 64 MB, device gpu0
[2025-06-04 10:36:56] [memory] Reserving 64 MB, device gpu1
[2025-06-04 10:36:56] [memory] Reserving 64 MB, device gpu0
[2025-06-04 10:36:57] [memory] Reserving 64 MB, device gpu1
[2025-06-04 10:36:58] Parameter type float32, optimization type float32, casting types false
[2025-06-04 10:36:58] Allocating memory for general optimizer shards
[2025-06-04 10:36:58] [memory] Reserving 32 MB, device gpu0
[2025-06-04 10:36:58] [memory] Reserving 32 MB, device gpu1
[2025-06-04 10:36:58] Allocating memory for Adam-specific shards
[2025-06-04 10:36:58] [memory] Reserving 64 MB, device gpu0
[2025-06-04 10:36:58] [memory] Reserving 64 MB, device gpu1
[2025-06-04 10:36:58] Ep. 1 : Up. 1 : Sen. 4,272 : Cost 10.92469311 : Time 41.42s : 3816.40 words/s : gNorm 5.0517 : L.r. 1.8750e-08
[2025-06-04 10:36:59] Ep. 1 : Up. 2 : Sen. 7,232 : Cost 10.91318226 : Time 0.90s : 82679.38 words/s : gNorm 4.8648 : L.r. 3.7500e-08
[2025-06-04 10:37:00] Ep. 1 : Up. 3 : Sen. 13,126 : Cost 10.92534447 : Time 1.25s : 131656.97 words/s : gNorm 4.9112 : L.r. 5.6250e-08
[2025-06-04 10:37:01] Ep. 1 : Up. 4 : Sen. 15,598 : Cost 10.91858864 : Time 1.01s : 132515.88 words/s : gNorm 5.0330 : L.r. 7.5000e-08
[2025-06-04 10:37:02] Ep. 1 : Up. 5 : Sen. 18,150 : Cost 10.91311169 : Time 0.74s : 83208.93 words/s : gNorm 4.9551 : L.r. 9.3750e-08
[2025-06-04 10:37:03] Ep. 1 : Up. 6 : Sen. 20,973 : Cost 10.93068027 : Time 0.84s : 141082.50 words/s : gNorm 5.0019 : L.r. 1.1250e-07
[2025-06-04 10:37:04] Ep. 1 : Up. 7 : Sen. 22,205 : Cost 10.91276455 : Time 0.86s : 124660.94 words/s : gNorm 5.0855 : L.r. 1.3125e-07
[2025-06-04 10:37:05] Ep. 1 : Up. 8 : Sen. 26,477 : Cost 10.92409229 : Time 0.90s : 161803.28 words/s : gNorm 5.0304 : L.r. 1.5000e-07
[2025-06-04 10:37:06] Ep. 1 : Up. 9 : Sen. 30,749 : Cost 10.92837524 : Time 0.74s : 207244.20 words/s : gNorm 5.0077 : L.r. 1.6875e-07
[2025-06-04 10:37:06] Ep. 1 : Up. 10 : Sen. 38,101 : Cost 10.92828274 : Time 0.51s : 273150.98 words/s : gNorm 4.9982 : L.r. 1.8750e-07
[2025-06-04 10:45:11] Ep. 1 : Up. 1000 : Sen. 5,064,812 : Cost 8.81726837 : Time 485.08s : 251327.27 words/s : gNorm 1.2946 : L.r. 1.8750e-05
[2025-06-04 10:53:23] Ep. 1 : Up. 2000 : Sen. 10,127,122 : Cost 6.71632671 : Time 491.76s : 250559.57 words/s : gNorm 1.8587 : L.r. 3.7500e-05
[2025-06-04 11:01:35] Ep. 1 : Up. 3000 : Sen. 15,151,283 : Cost 5.86855030 : Time 492.36s : 250299.16 words/s : gNorm 2.1001 : L.r. 5.6250e-05
[2025-06-04 11:09:09] Seen 19,896,896 samples
[2025-06-04 11:09:09] Starting data epoch 2 in logical epoch 2
[2025-06-04 11:09:09] [data] Shuffling data
[2025-06-04 11:09:10] [data] Done shuffling 19,897,021 sentences (cached in RAM)
[2025-06-04 11:09:54] Ep. 2 : Up. 4000 : Sen. 314,096 : Cost 5.08032227 : Time 499.15s : 245176.07 words/s : gNorm 3.1277 : L.r. 7.5000e-05
[2025-06-04 11:18:07] Ep. 2 : Up. 5000 : Sen. 5,353,056 : Cost 4.16245079 : Time 492.91s : 250621.15 words/s : gNorm 4.0106 : L.r. 9.3750e-05
[2025-06-04 11:18:07] Saving model weights and runtime parameters to /scratch/project_2011987/OpusDistillery/rules/../data/models/MA-test/cat+oci+spa-eng/model1_tiny_student/model.npz
[2025-06-04 11:18:08] Saving Adam parameters
[2025-06-04 11:18:08] [training] Saving training checkpoint to /scratch/project_2011987/OpusDistillery/rules/../data/models/MA-test/cat+oci+spa-eng/model1_tiny_student/model.npz and /scratch/project_2011987/OpusDistillery/rules/../data/models/MA-test/cat+oci+spa-eng/model1_tiny_student/model.npz.optimizer.npz
[2025-06-04 11:18:26] Saving model weights and runtime parameters to /scratch/project_2011987/OpusDistillery/rules/../data/models/MA-test/cat+oci+spa-eng/model1_tiny_student/model.npz.best-perplexity.npz
[2025-06-04 11:18:26] [valid] Ep. 2 : Up. 5000 : perplexity : 11.1869 : new best
[2025-06-04 11:18:27] [valid] First sentence's tokens as scored:
[2025-06-04 11:18:27] [valid] Decoding validation set with SentencePieceVocab for scoring
[2025-06-04 11:18:27] [valid]   Hyp: A r e y o u ' t y o u y o u d o n ' t y o u h a v e t o g o t o A u s t r a l i a ?
[2025-06-04 11:18:27] [valid]   Ref: A r e n ' t y o u g l a d t h a t y o u d i d n ' t h a v e t o g o t o A u s t r a l i a ?
[2025-06-04 11:18:30] [valid] References contain unknown word, metric scores may be inaccurate
[2025-06-04 11:21:40] Saving model weights and runtime parameters to /scratch/project_2011987/OpusDistillery/rules/../data/models/MA-test/cat+oci+spa-eng/model1_tiny_student/model.npz.best-chrf.npz
[2025-06-04 11:21:40] [valid] Ep. 2 : Up. 5000 : chrf : 42.8355 : new best
[2025-06-04 11:21:58] Saving model weights and runtime parameters to /scratch/project_2011987/OpusDistillery/rules/../data/models/MA-test/cat+oci+spa-eng/model1_tiny_student/model.npz.best-ce-mean-words.npz
[2025-06-04 11:21:58] [valid] Ep. 2 : Up. 5000 : ce-mean-words : 2.41474 : new best
[2025-06-04 11:30:12] Ep. 2 : Up. 6000 : Sen. 10,481,336 : Cost 3.31961942 : Time 724.83s : 170795.08 words/s : gNorm 4.3965 : L.r. 1.1250e-04
[2025-06-04 11:38:24] Ep. 2 : Up. 7000 : Sen. 15,530,149 : Cost 2.74350309 : Time 492.26s : 251105.76 words/s : gNorm 4.2667 : L.r. 1.3125e-04
[2025-06-04 11:45:26] Seen 19,896,896 samples
[2025-06-04 11:45:26] Starting data epoch 3 in logical epoch 3
[2025-06-04 11:45:26] [data] Shuffling data
[2025-06-04 11:45:27] [data] Done shuffling 19,897,021 sentences (cached in RAM)
[2025-06-04 11:46:46] Ep. 3 : Up. 8000 : Sen. 676,748 : Cost 2.19969201 : Time 501.23s : 245210.33 words/s : gNorm 3.4883 : L.r. 1.5000e-04
[2025-06-04 11:54:55] Ep. 3 : Up. 9000 : Sen. 5,708,741 : Cost 1.82455432 : Time 489.29s : 251459.95 words/s : gNorm 2.8148 : L.r. 1.6875e-04
[2025-06-04 12:03:03] Ep. 3 : Up. 10000 : Sen. 10,802,052 : Cost 1.57510889 : Time 487.77s : 251455.86 words/s : gNorm 2.3951 : L.r. 1.8750e-04
[2025-06-04 12:03:03] Saving model weights and runtime parameters to /scratch/project_2011987/OpusDistillery/rules/../data/models/MA-test/cat+oci+spa-eng/model1_tiny_student/model.npz
[2025-06-04 12:03:03] Saving Adam parameters
[2025-06-04 12:03:04] [training] Saving training checkpoint to /scratch/project_2011987/OpusDistillery/rules/../data/models/MA-test/cat+oci+spa-eng/model1_tiny_student/model.npz and /scratch/project_2011987/OpusDistillery/rules/../data/models/MA-test/cat+oci+spa-eng/model1_tiny_student/model.npz.optimizer.npz
[2025-06-04 12:03:22] Saving model weights and runtime parameters to /scratch/project_2011987/OpusDistillery/rules/../data/models/MA-test/cat+oci+spa-eng/model1_tiny_student/model.npz.best-perplexity.npz
[2025-06-04 12:03:22] [valid] Ep. 3 : Up. 10000 : perplexity : 4.07881 : new best
[2025-06-04 12:06:34] Saving model weights and runtime parameters to /scratch/project_2011987/OpusDistillery/rules/../data/models/MA-test/cat+oci+spa-eng/model1_tiny_student/model.npz.best-chrf.npz
[2025-06-04 12:06:34] [valid] Ep. 3 : Up. 10000 : chrf : 65.9532 : new best
[2025-06-04 12:06:52] Saving model weights and runtime parameters to /scratch/project_2011987/OpusDistillery/rules/../data/models/MA-test/cat+oci+spa-eng/model1_tiny_student/model.npz.best-ce-mean-words.npz
[2025-06-04 12:06:52] [valid] Ep. 3 : Up. 10000 : ce-mean-words : 1.40581 : new best
[2025-06-04 12:15:02] Ep. 3 : Up. 11000 : Sen. 15,816,495 : Cost 1.41118538 : Time 719.02s : 170436.01 words/s : gNorm 1.9997 : L.r. 2.0625e-04
[2025-06-04 12:21:37] Seen 19,896,896 samples
[2025-06-04 12:21:37] Starting data epoch 4 in logical epoch 4
[2025-06-04 12:21:37] [data] Shuffling data
[2025-06-04 12:21:38] [data] Done shuffling 19,897,021 sentences (cached in RAM)
[2025-06-04 12:23:22] Ep. 4 : Up. 12000 : Sen. 946,705 : Cost 1.26796365 : Time 500.24s : 245511.43 words/s : gNorm 2.1503 : L.r. 2.2500e-04
[2025-06-04 12:31:34] Ep. 4 : Up. 13000 : Sen. 6,011,674 : Cost 1.15152097 : Time 492.16s : 250496.66 words/s : gNorm 1.3901 : L.r. 2.4375e-04
[2025-06-04 12:39:47] Ep. 4 : Up. 14000 : Sen. 11,060,600 : Cost 1.05643618 : Time 492.55s : 248813.88 words/s : gNorm 1.4711 : L.r. 2.6250e-04
[2025-06-04 12:47:58] Ep. 4 : Up. 15000 : Sen. 16,094,445 : Cost 0.99208331 : Time 491.69s : 250060.35 words/s : gNorm 1.3556 : L.r. 2.8125e-04
[2025-06-04 12:47:58] Saving model weights and runtime parameters to /scratch/project_2011987/OpusDistillery/rules/../data/models/MA-test/cat+oci+spa-eng/model1_tiny_student/model.npz
[2025-06-04 12:47:59] Saving Adam parameters
[2025-06-04 12:47:59] [training] Saving training checkpoint to /scratch/project_2011987/OpusDistillery/rules/../data/models/MA-test/cat+oci+spa-eng/model1_tiny_student/model.npz and /scratch/project_2011987/OpusDistillery/rules/../data/models/MA-test/cat+oci+spa-eng/model1_tiny_student/model.npz.optimizer.npz
[2025-06-04 12:48:17] Saving model weights and runtime parameters to /scratch/project_2011987/OpusDistillery/rules/../data/models/MA-test/cat+oci+spa-eng/model1_tiny_student/model.npz.best-perplexity.npz
[2025-06-04 12:48:17] [valid] Ep. 4 : Up. 15000 : perplexity : 3.25425 : new best
[2025-06-04 12:51:29] Saving model weights and runtime parameters to /scratch/project_2011987/OpusDistillery/rules/../data/models/MA-test/cat+oci+spa-eng/model1_tiny_student/model.npz.best-chrf.npz
[2025-06-04 12:51:29] [valid] Ep. 4 : Up. 15000 : chrf : 69.4865 : new best
[2025-06-04 12:51:47] Saving model weights and runtime parameters to /scratch/project_2011987/OpusDistillery/rules/../data/models/MA-test/cat+oci+spa-eng/model1_tiny_student/model.npz.best-ce-mean-words.npz
[2025-06-04 12:51:47] [valid] Ep. 4 : Up. 15000 : ce-mean-words : 1.17996 : new best
[2025-06-04 12:57:49] Seen 19,896,896 samples
[2025-06-04 12:57:49] Starting data epoch 5 in logical epoch 5
[2025-06-04 12:57:49] [data] Shuffling data
[2025-06-04 12:57:50] [data] Done shuffling 19,897,021 sentences (cached in RAM)
[2025-06-04 13:00:06] Ep. 5 : Up. 16000 : Sen. 1,253,148 : Cost 0.91781574 : Time 727.11s : 169203.14 words/s : gNorm 1.1633 : L.r. 3.0000e-04
[2025-06-04 13:08:20] Ep. 5 : Up. 17000 : Sen. 6,345,307 : Cost 0.84813315 : Time 494.82s : 250802.67 words/s : gNorm 0.9981 : L.r. 3.0000e-04
[2025-06-04 13:16:31] Ep. 5 : Up. 18000 : Sen. 11,410,614 : Cost 0.80379581 : Time 490.84s : 250628.09 words/s : gNorm 0.7911 : L.r. 3.0000e-04
[2025-06-04 13:24:42] Ep. 5 : Up. 19000 : Sen. 16,438,311 : Cost 0.75905252 : Time 490.74s : 251414.27 words/s : gNorm 0.7089 : L.r. 3.0000e-04
[2025-06-04 13:30:10] Seen 19,896,896 samples
[2025-06-04 13:30:10] Starting data epoch 6 in logical epoch 6
[2025-06-04 13:30:10] [data] Shuffling data
[2025-06-04 13:30:11] [data] Done shuffling 19,897,021 sentences (cached in RAM)
[2025-06-04 13:32:59] Ep. 6 : Up. 20000 : Sen. 1,608,165 : Cost 0.72400415 : Time 497.18s : 246872.83 words/s : gNorm 0.7136 : L.r. 3.0000e-04
[2025-06-04 13:32:59] Saving model weights and runtime parameters to /scratch/project_2011987/OpusDistillery/rules/../data/models/MA-test/cat+oci+spa-eng/model1_tiny_student/model.npz
[2025-06-04 13:32:59] Saving Adam parameters
[2025-06-04 13:33:00] [training] Saving training checkpoint to /scratch/project_2011987/OpusDistillery/rules/../data/models/MA-test/cat+oci+spa-eng/model1_tiny_student/model.npz and /scratch/project_2011987/OpusDistillery/rules/../data/models/MA-test/cat+oci+spa-eng/model1_tiny_student/model.npz.optimizer.npz
[2025-06-04 13:33:20] Saving model weights and runtime parameters to /scratch/project_2011987/OpusDistillery/rules/../data/models/MA-test/cat+oci+spa-eng/model1_tiny_student/model.npz.best-perplexity.npz
[2025-06-04 13:33:20] [valid] Ep. 6 : Up. 20000 : perplexity : 2.83085 : new best
[2025-06-04 13:36:30] Saving model weights and runtime parameters to /scratch/project_2011987/OpusDistillery/rules/../data/models/MA-test/cat+oci+spa-eng/model1_tiny_student/model.npz.best-chrf.npz
[2025-06-04 13:36:30] [valid] Ep. 6 : Up. 20000 : chrf : 71.3035 : new best
[2025-06-04 13:36:48] Saving model weights and runtime parameters to /scratch/project_2011987/OpusDistillery/rules/../data/models/MA-test/cat+oci+spa-eng/model1_tiny_student/model.npz.best-ce-mean-words.npz
[2025-06-04 13:36:48] [valid] Ep. 6 : Up. 20000 : ce-mean-words : 1.04058 : new best
[2025-06-04 13:45:01] Ep. 6 : Up. 21000 : Sen. 6,682,745 : Cost 0.68768185 : Time 722.17s : 170906.21 words/s : gNorm 0.7242 : L.r. 3.0000e-04
[2025-06-04 13:53:13] Ep. 6 : Up. 22000 : Sen. 11,718,897 : Cost 0.66505301 : Time 491.93s : 249985.84 words/s : gNorm 0.7053 : L.r. 3.0000e-04
[2025-06-04 14:01:26] Ep. 6 : Up. 23000 : Sen. 16,802,970 : Cost 0.64126372 : Time 493.24s : 250262.66 words/s : gNorm 0.5880 : L.r. 3.0000e-04
[2025-06-04 14:06:25] Seen 19,896,896 samples
[2025-06-04 14:06:25] Starting data epoch 7 in logical epoch 7
[2025-06-04 14:06:25] [data] Shuffling data
[2025-06-04 14:06:26] [data] Done shuffling 19,897,021 sentences (cached in RAM)
[2025-06-04 14:09:46] Ep. 7 : Up. 24000 : Sen. 1,941,698 : Cost 0.61718071 : Time 499.08s : 245630.44 words/s : gNorm 0.6769 : L.r. 3.0000e-04
[2025-06-04 14:17:54] Ep. 7 : Up. 25000 : Sen. 6,978,898 : Cost 0.59518868 : Time 488.86s : 251579.23 words/s : gNorm 0.5821 : L.r. 3.0000e-04
[2025-06-04 14:17:54] Saving model weights and runtime parameters to /scratch/project_2011987/OpusDistillery/rules/../data/models/MA-test/cat+oci+spa-eng/model1_tiny_student/model.npz
[2025-06-04 14:17:55] Saving Adam parameters
[2025-06-04 14:17:55] [training] Saving training checkpoint to /scratch/project_2011987/OpusDistillery/rules/../data/models/MA-test/cat+oci+spa-eng/model1_tiny_student/model.npz and /scratch/project_2011987/OpusDistillery/rules/../data/models/MA-test/cat+oci+spa-eng/model1_tiny_student/model.npz.optimizer.npz
[2025-06-04 14:18:14] Saving model weights and runtime parameters to /scratch/project_2011987/OpusDistillery/rules/../data/models/MA-test/cat+oci+spa-eng/model1_tiny_student/model.npz.best-perplexity.npz
[2025-06-04 14:18:14] [valid] Ep. 7 : Up. 25000 : perplexity : 2.58089 : new best
[2025-06-04 14:21:24] Saving model weights and runtime parameters to /scratch/project_2011987/OpusDistillery/rules/../data/models/MA-test/cat+oci+spa-eng/model1_tiny_student/model.npz.best-chrf.npz
[2025-06-04 14:21:24] [valid] Ep. 7 : Up. 25000 : chrf : 72.7895 : new best
[2025-06-04 14:21:42] Saving model weights and runtime parameters to /scratch/project_2011987/OpusDistillery/rules/../data/models/MA-test/cat+oci+spa-eng/model1_tiny_student/model.npz.best-ce-mean-words.npz
[2025-06-04 14:21:42] [valid] Ep. 7 : Up. 25000 : ce-mean-words : 0.948133 : new best
[2025-06-04 14:29:58] Ep. 7 : Up. 26000 : Sen. 12,053,446 : Cost 0.58506453 : Time 723.26s : 170547.11 words/s : gNorm 0.5263 : L.r. 3.0000e-04
[2025-06-04 14:38:07] Ep. 7 : Up. 27000 : Sen. 17,100,205 : Cost 0.57257229 : Time 489.46s : 251305.12 words/s : gNorm 0.5245 : L.r. 3.0000e-04
[2025-06-04 14:42:33] Seen 19,896,896 samples
[2025-06-04 14:42:33] Starting data epoch 8 in logical epoch 8
[2025-06-04 14:42:33] [data] Shuffling data
[2025-06-04 14:42:34] [data] Done shuffling 19,897,021 sentences (cached in RAM)
[2025-06-04 14:46:25] Ep. 8 : Up. 28000 : Sen. 2,239,893 : Cost 0.55793095 : Time 497.69s : 246003.30 words/s : gNorm 0.5359 : L.r. 3.0000e-04
[2025-06-04 14:54:37] Ep. 8 : Up. 29000 : Sen. 7,286,437 : Cost 0.54241759 : Time 491.80s : 250564.53 words/s : gNorm 0.5389 : L.r. 3.0000e-04
[2025-06-04 15:02:49] Ep. 8 : Up. 30000 : Sen. 12,321,719 : Cost 0.53462899 : Time 492.44s : 250397.04 words/s : gNorm 0.5410 : L.r. 3.0000e-04
[2025-06-04 15:02:49] Saving model weights and runtime parameters to /scratch/project_2011987/OpusDistillery/rules/../data/models/MA-test/cat+oci+spa-eng/model1_tiny_student/model.npz
[2025-06-04 15:02:56] Saving Adam parameters
[2025-06-04 15:02:56] [training] Saving training checkpoint to /scratch/project_2011987/OpusDistillery/rules/../data/models/MA-test/cat+oci+spa-eng/model1_tiny_student/model.npz and /scratch/project_2011987/OpusDistillery/rules/../data/models/MA-test/cat+oci+spa-eng/model1_tiny_student/model.npz.optimizer.npz
[2025-06-04 15:03:17] Saving model weights and runtime parameters to /scratch/project_2011987/OpusDistillery/rules/../data/models/MA-test/cat+oci+spa-eng/model1_tiny_student/model.npz.best-perplexity.npz
[2025-06-04 15:03:17] [valid] Ep. 8 : Up. 30000 : perplexity : 2.5594 : new best
[2025-06-04 15:06:27] Saving model weights and runtime parameters to /scratch/project_2011987/OpusDistillery/rules/../data/models/MA-test/cat+oci+spa-eng/model1_tiny_student/model.npz.best-chrf.npz
[2025-06-04 15:06:27] [valid] Ep. 8 : Up. 30000 : chrf : 73.9806 : new best
[2025-06-04 15:06:45] Saving model weights and runtime parameters to /scratch/project_2011987/OpusDistillery/rules/../data/models/MA-test/cat+oci+spa-eng/model1_tiny_student/model.npz.best-ce-mean-words.npz
[2025-06-04 15:06:45] [valid] Ep. 8 : Up. 30000 : ce-mean-words : 0.939774 : new best
[2025-06-04 15:16:10] Ep. 8 : Up. 31000 : Sen. 17,417,258 : Cost 0.52359134 : Time 801.13s : 153669.80 words/s : gNorm 0.5122 : L.r. 3.0000e-04
[2025-06-04 15:20:06] Seen 19,896,896 samples
[2025-06-04 15:20:06] Starting data epoch 9 in logical epoch 9
[2025-06-04 15:20:06] [data] Shuffling data
[2025-06-04 15:20:07] [data] Done shuffling 19,897,021 sentences (cached in RAM)
[2025-06-04 15:24:24] Ep. 9 : Up. 32000 : Sen. 2,497,037 : Cost 0.51148677 : Time 493.74s : 248332.14 words/s : gNorm 0.4424 : L.r. 3.0000e-04
[2025-06-04 15:32:36] Ep. 9 : Up. 33000 : Sen. 7,589,280 : Cost 0.50492972 : Time 491.73s : 250273.64 words/s : gNorm 0.4751 : L.r. 2.9542e-04
[2025-06-04 15:40:47] Ep. 9 : Up. 34000 : Sen. 12,611,610 : Cost 0.49522385 : Time 490.98s : 251377.58 words/s : gNorm 0.4389 : L.r. 2.9104e-04
[2025-06-04 15:48:56] Ep. 9 : Up. 35000 : Sen. 17,722,801 : Cost 0.49048486 : Time 489.73s : 251159.42 words/s : gNorm 0.4854 : L.r. 2.8685e-04
[2025-06-04 15:48:56] Saving model weights and runtime parameters to /scratch/project_2011987/OpusDistillery/rules/../data/models/MA-test/cat+oci+spa-eng/model1_tiny_student/model.npz
[2025-06-04 15:48:57] Saving Adam parameters
[2025-06-04 15:48:57] [training] Saving training checkpoint to /scratch/project_2011987/OpusDistillery/rules/../data/models/MA-test/cat+oci+spa-eng/model1_tiny_student/model.npz and /scratch/project_2011987/OpusDistillery/rules/../data/models/MA-test/cat+oci+spa-eng/model1_tiny_student/model.npz.optimizer.npz
[2025-06-04 15:49:15] Saving model weights and runtime parameters to /scratch/project_2011987/OpusDistillery/rules/../data/models/MA-test/cat+oci+spa-eng/model1_tiny_student/model.npz.best-perplexity.npz
[2025-06-04 15:49:15] [valid] Ep. 9 : Up. 35000 : perplexity : 2.39859 : new best
[2025-06-04 15:52:26] Saving model weights and runtime parameters to /scratch/project_2011987/OpusDistillery/rules/../data/models/MA-test/cat+oci+spa-eng/model1_tiny_student/model.npz.best-chrf.npz
[2025-06-04 15:52:26] [valid] Ep. 9 : Up. 35000 : chrf : 74.3369 : new best
[2025-06-04 15:52:44] Saving model weights and runtime parameters to /scratch/project_2011987/OpusDistillery/rules/../data/models/MA-test/cat+oci+spa-eng/model1_tiny_student/model.npz.best-ce-mean-words.npz
[2025-06-04 15:52:44] [valid] Ep. 9 : Up. 35000 : ce-mean-words : 0.874882 : new best
[2025-06-04 15:56:11] Seen 19,896,896 samples
[2025-06-04 15:56:11] Starting data epoch 10 in logical epoch 10
[2025-06-04 15:56:11] [data] Shuffling data
[2025-06-04 15:56:12] [data] Done shuffling 19,897,021 sentences (cached in RAM)
[2025-06-04 16:01:01] Ep. 10 : Up. 36000 : Sen. 2,861,974 : Cost 0.47751680 : Time 724.95s : 169496.04 words/s : gNorm 0.4781 : L.r. 2.8284e-04
[2025-06-04 16:09:11] Ep. 10 : Up. 37000 : Sen. 7,926,468 : Cost 0.47204500 : Time 490.01s : 251384.53 words/s : gNorm 0.4366 : L.r. 2.7899e-04
[2025-06-04 16:17:21] Ep. 10 : Up. 38000 : Sen. 12,970,502 : Cost 0.46772507 : Time 489.89s : 250971.63 words/s : gNorm 0.4374 : L.r. 2.7530e-04
[2025-06-04 16:25:30] Ep. 10 : Up. 39000 : Sen. 18,002,438 : Cost 0.46389717 : Time 488.84s : 251097.61 words/s : gNorm 0.4209 : L.r. 2.7175e-04
[2025-06-04 16:28:30] Seen 19,896,896 samples
[2025-06-04 16:28:30] Starting data epoch 11 in logical epoch 11
[2025-06-04 16:28:30] [data] Shuffling data
[2025-06-04 16:28:31] [data] Done shuffling 19,897,021 sentences (cached in RAM)
[2025-06-04 16:33:48] Ep. 11 : Up. 40000 : Sen. 3,124,326 : Cost 0.45352563 : Time 497.58s : 245042.37 words/s : gNorm 0.4653 : L.r. 2.6833e-04
[2025-06-04 16:33:48] Saving model weights and runtime parameters to /scratch/project_2011987/OpusDistillery/rules/../data/models/MA-test/cat+oci+spa-eng/model1_tiny_student/model.npz
[2025-06-04 16:33:48] Saving Adam parameters
[2025-06-04 16:33:48] [training] Saving training checkpoint to /scratch/project_2011987/OpusDistillery/rules/../data/models/MA-test/cat+oci+spa-eng/model1_tiny_student/model.npz and /scratch/project_2011987/OpusDistillery/rules/../data/models/MA-test/cat+oci+spa-eng/model1_tiny_student/model.npz.optimizer.npz
[2025-06-04 16:34:06] Saving model weights and runtime parameters to /scratch/project_2011987/OpusDistillery/rules/../data/models/MA-test/cat+oci+spa-eng/model1_tiny_student/model.npz.best-perplexity.npz
[2025-06-04 16:34:07] [valid] Ep. 11 : Up. 40000 : perplexity : 2.34338 : new best
[2025-06-04 16:37:18] [valid] Ep. 11 : Up. 40000 : chrf : 73.834 : stalled 1 times (last best: 74.3369)
[2025-06-04 16:37:36] Saving model weights and runtime parameters to /scratch/project_2011987/OpusDistillery/rules/../data/models/MA-test/cat+oci+spa-eng/model1_tiny_student/model.npz.best-ce-mean-words.npz
[2025-06-04 16:37:36] [valid] Ep. 11 : Up. 40000 : ce-mean-words : 0.851592 : new best
[2025-06-04 16:45:47] Ep. 11 : Up. 41000 : Sen. 8,193,864 : Cost 0.44696367 : Time 719.86s : 171281.44 words/s : gNorm 0.4338 : L.r. 2.6504e-04
[2025-06-04 16:54:00] Ep. 11 : Up. 42000 : Sen. 13,287,642 : Cost 0.44421721 : Time 492.30s : 252508.84 words/s : gNorm 0.3885 : L.r. 2.6186e-04
[2025-06-04 17:02:10] Ep. 11 : Up. 43000 : Sen. 18,353,373 : Cost 0.44282001 : Time 490.54s : 251478.11 words/s : gNorm 0.4169 : L.r. 2.5880e-04
[2025-06-04 17:04:36] Seen 19,896,896 samples
[2025-06-04 17:04:36] Starting data epoch 12 in logical epoch 12
[2025-06-04 17:04:36] [data] Shuffling data
[2025-06-04 17:04:37] [data] Done shuffling 19,897,021 sentences (cached in RAM)
[2025-06-04 17:10:26] Ep. 12 : Up. 44000 : Sen. 3,421,028 : Cost 0.43225962 : Time 495.21s : 246645.40 words/s : gNorm 0.4185 : L.r. 2.5584e-04
[2025-06-04 17:18:34] Ep. 12 : Up. 45000 : Sen. 8,506,210 : Cost 0.42984721 : Time 488.26s : 251022.10 words/s : gNorm 0.3917 : L.r. 2.5298e-04
[2025-06-04 17:18:34] Saving model weights and runtime parameters to /scratch/project_2011987/OpusDistillery/rules/../data/models/MA-test/cat+oci+spa-eng/model1_tiny_student/model.npz
[2025-06-04 17:18:34] Saving Adam parameters
[2025-06-04 17:18:34] [training] Saving training checkpoint to /scratch/project_2011987/OpusDistillery/rules/../data/models/MA-test/cat+oci+spa-eng/model1_tiny_student/model.npz and /scratch/project_2011987/OpusDistillery/rules/../data/models/MA-test/cat+oci+spa-eng/model1_tiny_student/model.npz.optimizer.npz
[2025-06-04 17:18:53] Saving model weights and runtime parameters to /scratch/project_2011987/OpusDistillery/rules/../data/models/MA-test/cat+oci+spa-eng/model1_tiny_student/model.npz.best-perplexity.npz
[2025-06-04 17:18:53] [valid] Ep. 12 : Up. 45000 : perplexity : 2.34065 : new best
[2025-06-04 17:22:04] Saving model weights and runtime parameters to /scratch/project_2011987/OpusDistillery/rules/../data/models/MA-test/cat+oci+spa-eng/model1_tiny_student/model.npz.best-chrf.npz
[2025-06-04 17:22:04] [valid] Ep. 12 : Up. 45000 : chrf : 74.8457 : new best
[2025-06-04 17:22:22] Saving model weights and runtime parameters to /scratch/project_2011987/OpusDistillery/rules/../data/models/MA-test/cat+oci+spa-eng/model1_tiny_student/model.npz.best-ce-mean-words.npz
[2025-06-04 17:22:22] [valid] Ep. 12 : Up. 45000 : ce-mean-words : 0.85043 : new best
[2025-06-04 17:30:32] Ep. 12 : Up. 46000 : Sen. 13,544,467 : Cost 0.42839822 : Time 717.80s : 171298.77 words/s : gNorm 0.4063 : L.r. 2.5022e-04
[2025-06-04 17:38:46] Ep. 12 : Up. 47000 : Sen. 18,634,429 : Cost 0.42455155 : Time 494.04s : 250941.28 words/s : gNorm 0.3979 : L.r. 2.4754e-04
[2025-06-04 17:40:45] Seen 19,896,896 samples
[2025-06-04 17:40:45] Starting data epoch 13 in logical epoch 13
[2025-06-04 17:40:45] [data] Shuffling data
[2025-06-04 17:40:46] [data] Done shuffling 19,897,021 sentences (cached in RAM)
[2025-06-04 17:47:01] Ep. 13 : Up. 48000 : Sen. 3,742,649 : Cost 0.41756606 : Time 495.13s : 245968.62 words/s : gNorm 0.3839 : L.r. 2.4495e-04
[2025-06-04 17:55:15] Ep. 13 : Up. 49000 : Sen. 8,802,512 : Cost 0.41586980 : Time 493.96s : 250213.65 words/s : gNorm 0.4065 : L.r. 2.4244e-04
[2025-06-04 18:03:26] Ep. 13 : Up. 50000 : Sen. 13,883,681 : Cost 0.41386443 : Time 490.93s : 251494.10 words/s : gNorm 0.3978 : L.r. 2.4000e-04
[2025-06-04 18:03:26] Saving model weights and runtime parameters to /scratch/project_2011987/OpusDistillery/rules/../data/models/MA-test/cat+oci+spa-eng/model1_tiny_student/model.npz
[2025-06-04 18:03:26] Saving Adam parameters
[2025-06-04 18:03:26] [training] Saving training checkpoint to /scratch/project_2011987/OpusDistillery/rules/../data/models/MA-test/cat+oci+spa-eng/model1_tiny_student/model.npz and /scratch/project_2011987/OpusDistillery/rules/../data/models/MA-test/cat+oci+spa-eng/model1_tiny_student/model.npz.optimizer.npz
[2025-06-04 18:03:44] Saving model weights and runtime parameters to /scratch/project_2011987/OpusDistillery/rules/../data/models/MA-test/cat+oci+spa-eng/model1_tiny_student/model.npz.best-perplexity.npz
[2025-06-04 18:03:45] [valid] Ep. 13 : Up. 50000 : perplexity : 2.24349 : new best
[2025-06-04 18:06:57] [valid] Ep. 13 : Up. 50000 : chrf : 74.4945 : stalled 1 times (last best: 74.8457)
[2025-06-04 18:07:14] Saving model weights and runtime parameters to /scratch/project_2011987/OpusDistillery/rules/../data/models/MA-test/cat+oci+spa-eng/model1_tiny_student/model.npz.best-ce-mean-words.npz
[2025-06-04 18:07:14] [valid] Ep. 13 : Up. 50000 : ce-mean-words : 0.808034 : new best
[2025-06-04 18:15:27] Ep. 13 : Up. 51000 : Sen. 18,970,077 : Cost 0.41292018 : Time 721.62s : 171679.42 words/s : gNorm 0.3988 : L.r. 2.3764e-04
[2025-06-04 18:16:54] Seen 19,896,896 samples
[2025-06-04 18:16:54] Starting data epoch 14 in logical epoch 14
[2025-06-04 18:16:54] [data] Shuffling data
[2025-06-04 18:16:55] [data] Done shuffling 19,897,021 sentences (cached in RAM)
[2025-06-04 18:23:46] Ep. 14 : Up. 52000 : Sen. 4,112,905 : Cost 0.40338123 : Time 499.17s : 245378.94 words/s : gNorm 0.3825 : L.r. 2.3534e-04
[2025-06-04 18:31:55] Ep. 14 : Up. 53000 : Sen. 9,126,435 : Cost 0.40340844 : Time 488.20s : 250752.89 words/s : gNorm 0.4365 : L.r. 2.3311e-04
[2025-06-04 18:40:04] Ep. 14 : Up. 54000 : Sen. 14,210,956 : Cost 0.40252498 : Time 489.81s : 252125.37 words/s : gNorm 0.3914 : L.r. 2.3094e-04
[2025-06-04 18:48:10] Ep. 14 : Up. 55000 : Sen. 19,277,399 : Cost 0.40076351 : Time 485.72s : 253085.36 words/s : gNorm 0.3591 : L.r. 2.2883e-04
[2025-06-04 18:48:10] Saving model weights and runtime parameters to /scratch/project_2011987/OpusDistillery/rules/../data/models/MA-test/cat+oci+spa-eng/model1_tiny_student/model.npz
[2025-06-04 18:48:10] Saving Adam parameters
[2025-06-04 18:48:11] [training] Saving training checkpoint to /scratch/project_2011987/OpusDistillery/rules/../data/models/MA-test/cat+oci+spa-eng/model1_tiny_student/model.npz and /scratch/project_2011987/OpusDistillery/rules/../data/models/MA-test/cat+oci+spa-eng/model1_tiny_student/model.npz.optimizer.npz
[2025-06-04 18:48:29] [valid] Ep. 14 : Up. 55000 : perplexity : 2.29226 : stalled 1 times (last best: 2.24349)
[2025-06-04 18:51:40] Saving model weights and runtime parameters to /scratch/project_2011987/OpusDistillery/rules/../data/models/MA-test/cat+oci+spa-eng/model1_tiny_student/model.npz.best-chrf.npz
[2025-06-04 18:51:40] [valid] Ep. 14 : Up. 55000 : chrf : 74.9249 : new best
[2025-06-04 18:51:58] [valid] Ep. 14 : Up. 55000 : ce-mean-words : 0.829539 : stalled 1 times (last best: 0.808034)
[2025-06-04 18:53:00] Seen 19,896,896 samples
[2025-06-04 18:53:00] Starting data epoch 15 in logical epoch 15
[2025-06-04 18:53:00] [data] Shuffling data
[2025-06-04 18:53:01] [data] Done shuffling 19,897,021 sentences (cached in RAM)
[2025-06-04 19:00:20] Ep. 15 : Up. 56000 : Sen. 4,372,169 : Cost 0.39278910 : Time 729.73s : 168035.55 words/s : gNorm 0.3832 : L.r. 2.2678e-04
[2025-06-04 19:08:32] Ep. 15 : Up. 57000 : Sen. 9,430,309 : Cost 0.39243990 : Time 491.79s : 251555.87 words/s : gNorm 0.3403 : L.r. 2.2478e-04
[2025-06-04 19:16:41] Ep. 15 : Up. 58000 : Sen. 14,555,269 : Cost 0.39308181 : Time 488.78s : 251419.08 words/s : gNorm 0.3799 : L.r. 2.2283e-04
[2025-06-04 19:24:47] Ep. 15 : Up. 59000 : Sen. 19,590,246 : Cost 0.39301136 : Time 486.52s : 252811.59 words/s : gNorm 0.3753 : L.r. 2.2094e-04
[2025-06-04 19:25:19] Seen 19,896,896 samples
[2025-06-04 19:25:19] Starting data epoch 16 in logical epoch 16
[2025-06-04 19:25:19] [data] Shuffling data
[2025-06-04 19:25:20] [data] Done shuffling 19,897,021 sentences (cached in RAM)
[2025-06-04 19:33:08] Ep. 16 : Up. 60000 : Sen. 4,658,793 : Cost 0.38391030 : Time 501.28s : 244124.96 words/s : gNorm 0.3955 : L.r. 2.1909e-04
[2025-06-04 19:33:08] Saving model weights and runtime parameters to /scratch/project_2011987/OpusDistillery/rules/../data/models/MA-test/cat+oci+spa-eng/model1_tiny_student/model.npz
[2025-06-04 19:33:09] Saving Adam parameters
[2025-06-04 19:33:09] [training] Saving training checkpoint to /scratch/project_2011987/OpusDistillery/rules/../data/models/MA-test/cat+oci+spa-eng/model1_tiny_student/model.npz and /scratch/project_2011987/OpusDistillery/rules/../data/models/MA-test/cat+oci+spa-eng/model1_tiny_student/model.npz.optimizer.npz
[2025-06-04 19:33:27] [valid] Ep. 16 : Up. 60000 : perplexity : 2.2777 : stalled 2 times (last best: 2.24349)
[2025-06-04 19:36:37] [valid] Ep. 16 : Up. 60000 : chrf : 74.795 : stalled 1 times (last best: 74.9249)
[2025-06-04 19:36:55] [valid] Ep. 16 : Up. 60000 : ce-mean-words : 0.823165 : stalled 2 times (last best: 0.808034)
[2025-06-04 19:45:05] Ep. 16 : Up. 61000 : Sen. 9,680,585 : Cost 0.38495216 : Time 716.52s : 171391.56 words/s : gNorm 0.3564 : L.r. 2.1729e-04
[2025-06-04 19:53:16] Ep. 16 : Up. 62000 : Sen. 14,795,925 : Cost 0.38331664 : Time 490.97s : 251469.93 words/s : gNorm 0.4052 : L.r. 2.1553e-04
[2025-06-04 20:01:21] Ep. 16 : Up. 63000 : Sen. 19,818,312 : Cost 0.38433233 : Time 484.90s : 252466.74 words/s : gNorm 0.3546 : L.r. 2.1381e-04
[2025-06-04 20:01:27] Seen 19,896,896 samples
[2025-06-04 20:01:27] Starting data epoch 17 in logical epoch 17
[2025-06-04 20:01:27] [data] Shuffling data
[2025-06-04 20:01:28] [data] Done shuffling 19,897,021 sentences (cached in RAM)
[2025-06-04 20:09:42] Ep. 17 : Up. 64000 : Sen. 4,994,820 : Cost 0.37488452 : Time 501.24s : 245706.99 words/s : gNorm 0.3875 : L.r. 2.1213e-04
[2025-06-04 20:17:53] Ep. 17 : Up. 65000 : Sen. 10,017,965 : Cost 0.37708625 : Time 491.35s : 249493.27 words/s : gNorm 0.3848 : L.r. 2.1049e-04
[2025-06-04 20:17:53] Saving model weights and runtime parameters to /scratch/project_2011987/OpusDistillery/rules/../data/models/MA-test/cat+oci+spa-eng/model1_tiny_student/model.npz
[2025-06-04 20:17:54] Saving Adam parameters
[2025-06-04 20:17:55] [training] Saving training checkpoint to /scratch/project_2011987/OpusDistillery/rules/../data/models/MA-test/cat+oci+spa-eng/model1_tiny_student/model.npz and /scratch/project_2011987/OpusDistillery/rules/../data/models/MA-test/cat+oci+spa-eng/model1_tiny_student/model.npz.optimizer.npz
[2025-06-04 20:18:15] [valid] Ep. 17 : Up. 65000 : perplexity : 2.27071 : stalled 3 times (last best: 2.24349)
[2025-06-04 20:21:25] Saving model weights and runtime parameters to /scratch/project_2011987/OpusDistillery/rules/../data/models/MA-test/cat+oci+spa-eng/model1_tiny_student/model.npz.best-chrf.npz
[2025-06-04 20:21:25] [valid] Ep. 17 : Up. 65000 : chrf : 75.152 : new best
[2025-06-04 20:21:43] [valid] Ep. 17 : Up. 65000 : ce-mean-words : 0.820091 : stalled 3 times (last best: 0.808034)
[2025-06-04 20:29:56] Ep. 17 : Up. 66000 : Sen. 15,103,235 : Cost 0.37783003 : Time 722.88s : 171283.40 words/s : gNorm 0.3711 : L.r. 2.0889e-04
[2025-06-04 20:37:34] Seen 19,896,896 samples
[2025-06-04 20:37:34] Starting data epoch 18 in logical epoch 18
[2025-06-04 20:37:34] [data] Shuffling data
[2025-06-04 20:37:35] [data] Done shuffling 19,897,021 sentences (cached in RAM)
[2025-06-04 20:38:15] Ep. 18 : Up. 67000 : Sen. 265,203 : Cost 0.37655991 : Time 498.47s : 247113.41 words/s : gNorm 0.3636 : L.r. 2.0733e-04
[2025-06-04 20:46:27] Ep. 18 : Up. 68000 : Sen. 5,364,775 : Cost 0.36726794 : Time 492.16s : 251591.19 words/s : gNorm 0.3170 : L.r. 2.0580e-04
[2025-06-04 20:54:37] Ep. 18 : Up. 69000 : Sen. 10,408,659 : Cost 0.37141067 : Time 490.25s : 251313.09 words/s : gNorm 0.3853 : L.r. 2.0430e-04
[2025-06-04 21:02:48] Ep. 18 : Up. 70000 : Sen. 15,454,610 : Cost 0.37099886 : Time 491.32s : 251101.85 words/s : gNorm 0.3590 : L.r. 2.0284e-04
[2025-06-04 21:02:48] Saving model weights and runtime parameters to /scratch/project_2011987/OpusDistillery/rules/../data/models/MA-test/cat+oci+spa-eng/model1_tiny_student/model.npz
[2025-06-04 21:02:49] Saving Adam parameters
[2025-06-04 21:02:49] [training] Saving training checkpoint to /scratch/project_2011987/OpusDistillery/rules/../data/models/MA-test/cat+oci+spa-eng/model1_tiny_student/model.npz and /scratch/project_2011987/OpusDistillery/rules/../data/models/MA-test/cat+oci+spa-eng/model1_tiny_student/model.npz.optimizer.npz
[2025-06-04 21:03:09] [valid] Ep. 18 : Up. 70000 : perplexity : 2.27781 : stalled 4 times (last best: 2.24349)
[2025-06-04 21:06:19] Saving model weights and runtime parameters to /scratch/project_2011987/OpusDistillery/rules/../data/models/MA-test/cat+oci+spa-eng/model1_tiny_student/model.npz.best-chrf.npz
[2025-06-04 21:06:19] [valid] Ep. 18 : Up. 70000 : chrf : 75.3147 : new best
[2025-06-04 21:06:37] [valid] Ep. 18 : Up. 70000 : ce-mean-words : 0.823215 : stalled 4 times (last best: 0.808034)
[2025-06-04 21:13:40] Seen 19,896,896 samples
[2025-06-04 21:13:40] Starting data epoch 19 in logical epoch 19
[2025-06-04 21:13:40] [data] Shuffling data
[2025-06-04 21:13:41] [data] Done shuffling 19,897,021 sentences (cached in RAM)
[2025-06-04 21:14:52] Ep. 19 : Up. 71000 : Sen. 562,561 : Cost 0.37003204 : Time 723.95s : 169019.89 words/s : gNorm 0.3674 : L.r. 2.0140e-04
[2025-06-04 21:23:01] Ep. 19 : Up. 72000 : Sen. 5,636,954 : Cost 0.36354035 : Time 488.34s : 251035.96 words/s : gNorm 0.3765 : L.r. 2.0000e-04
[2025-06-04 21:31:10] Ep. 19 : Up. 73000 : Sen. 10,659,178 : Cost 0.36400753 : Time 489.34s : 251639.17 words/s : gNorm 0.3602 : L.r. 1.9863e-04
[2025-06-04 21:39:23] Ep. 19 : Up. 74000 : Sen. 15,791,799 : Cost 0.36504683 : Time 493.27s : 250223.91 words/s : gNorm 0.3649 : L.r. 1.9728e-04
[2025-06-04 21:46:01] Seen 19,896,896 samples
[2025-06-04 21:46:01] Starting data epoch 20 in logical epoch 20
[2025-06-04 21:46:01] [data] Shuffling data
[2025-06-04 21:46:02] [data] Done shuffling 19,897,021 sentences (cached in RAM)
[2025-06-04 21:47:38] Ep. 20 : Up. 75000 : Sen. 873,124 : Cost 0.36362788 : Time 495.22s : 246915.74 words/s : gNorm 0.3640 : L.r. 1.9596e-04
[2025-06-04 21:47:38] Saving model weights and runtime parameters to /scratch/project_2011987/OpusDistillery/rules/../data/models/MA-test/cat+oci+spa-eng/model1_tiny_student/model.npz
[2025-06-04 21:47:39] Saving Adam parameters
[2025-06-04 21:47:39] [training] Saving training checkpoint to /scratch/project_2011987/OpusDistillery/rules/../data/models/MA-test/cat+oci+spa-eng/model1_tiny_student/model.npz and /scratch/project_2011987/OpusDistillery/rules/../data/models/MA-test/cat+oci+spa-eng/model1_tiny_student/model.npz.optimizer.npz
[2025-06-04 21:47:57] Saving model weights and runtime parameters to /scratch/project_2011987/OpusDistillery/rules/../data/models/MA-test/cat+oci+spa-eng/model1_tiny_student/model.npz.best-perplexity.npz
[2025-06-04 21:47:57] [valid] Ep. 20 : Up. 75000 : perplexity : 2.23115 : new best
[2025-06-04 21:51:07] Saving model weights and runtime parameters to /scratch/project_2011987/OpusDistillery/rules/../data/models/MA-test/cat+oci+spa-eng/model1_tiny_student/model.npz.best-chrf.npz
[2025-06-04 21:51:08] [valid] Ep. 20 : Up. 75000 : chrf : 75.3865 : new best
[2025-06-04 21:51:25] Saving model weights and runtime parameters to /scratch/project_2011987/OpusDistillery/rules/../data/models/MA-test/cat+oci+spa-eng/model1_tiny_student/model.npz.best-ce-mean-words.npz
[2025-06-04 21:51:25] [valid] Ep. 20 : Up. 75000 : ce-mean-words : 0.802516 : new best
[2025-06-04 21:59:39] Ep. 20 : Up. 76000 : Sen. 5,950,043 : Cost 0.35806075 : Time 720.65s : 171259.36 words/s : gNorm 0.3738 : L.r. 1.9467e-04
[2025-06-04 22:07:47] Ep. 20 : Up. 77000 : Sen. 10,999,942 : Cost 0.35986945 : Time 487.83s : 252088.72 words/s : gNorm 0.3692 : L.r. 1.9340e-04
[2025-06-04 22:16:01] Ep. 20 : Up. 78000 : Sen. 16,040,976 : Cost 0.36032429 : Time 494.06s : 248941.01 words/s : gNorm 0.3685 : L.r. 1.9215e-04
[2025-06-04 22:22:07] Seen 19,896,896 samples
[2025-06-04 22:22:07] Starting data epoch 21 in logical epoch 21
[2025-06-04 22:22:07] [data] Shuffling data
[2025-06-04 22:22:08] [data] Done shuffling 19,897,021 sentences (cached in RAM)
[2025-06-04 22:24:18] Ep. 21 : Up. 79000 : Sen. 1,172,499 : Cost 0.35768548 : Time 496.94s : 247098.90 words/s : gNorm 0.3528 : L.r. 1.9093e-04
[2025-06-04 22:32:30] Ep. 21 : Up. 80000 : Sen. 6,229,129 : Cost 0.35332200 : Time 492.29s : 250295.13 words/s : gNorm 0.3541 : L.r. 1.8974e-04
[2025-06-04 22:32:30] Saving model weights and runtime parameters to /scratch/project_2011987/OpusDistillery/rules/../data/models/MA-test/cat+oci+spa-eng/model1_tiny_student/model.npz
[2025-06-04 22:32:31] Saving Adam parameters
[2025-06-04 22:32:31] [training] Saving training checkpoint to /scratch/project_2011987/OpusDistillery/rules/../data/models/MA-test/cat+oci+spa-eng/model1_tiny_student/model.npz and /scratch/project_2011987/OpusDistillery/rules/../data/models/MA-test/cat+oci+spa-eng/model1_tiny_student/model.npz.optimizer.npz
[2025-06-04 22:32:49] [valid] Ep. 21 : Up. 80000 : perplexity : 2.26297 : stalled 1 times (last best: 2.23115)
[2025-06-04 22:35:59] Saving model weights and runtime parameters to /scratch/project_2011987/OpusDistillery/rules/../data/models/MA-test/cat+oci+spa-eng/model1_tiny_student/model.npz.best-chrf.npz
[2025-06-04 22:35:59] [valid] Ep. 21 : Up. 80000 : chrf : 75.633 : new best
[2025-06-04 22:36:17] [valid] Ep. 21 : Up. 80000 : ce-mean-words : 0.816677 : stalled 1 times (last best: 0.802516)
[2025-06-04 22:44:28] Ep. 21 : Up. 81000 : Sen. 11,351,028 : Cost 0.35464433 : Time 718.13s : 172037.24 words/s : gNorm 0.3671 : L.r. 1.8856e-04
[2025-06-04 22:52:37] Ep. 21 : Up. 82000 : Sen. 16,364,010 : Cost 0.35570312 : Time 488.25s : 251726.66 words/s : gNorm 0.3589 : L.r. 1.8741e-04
[2025-06-04 22:58:13] Seen 19,896,896 samples
[2025-06-04 22:58:13] Starting data epoch 22 in logical epoch 22
[2025-06-04 22:58:13] [data] Shuffling data
[2025-06-04 22:58:14] [data] Done shuffling 19,897,021 sentences (cached in RAM)
[2025-06-04 23:00:54] Ep. 22 : Up. 83000 : Sen. 1,569,438 : Cost 0.35483941 : Time 497.24s : 246267.02 words/s : gNorm 0.3959 : L.r. 1.8628e-04
[2025-06-04 23:09:05] Ep. 22 : Up. 84000 : Sen. 6,565,354 : Cost 0.34858620 : Time 491.55s : 250183.11 words/s : gNorm 0.3825 : L.r. 1.8516e-04
[2025-06-04 23:17:14] Ep. 22 : Up. 85000 : Sen. 11,651,022 : Cost 0.35091880 : Time 488.95s : 251049.54 words/s : gNorm 0.3998 : L.r. 1.8407e-04
[2025-06-04 23:17:14] Saving model weights and runtime parameters to /scratch/project_2011987/OpusDistillery/rules/../data/models/MA-test/cat+oci+spa-eng/model1_tiny_student/model.npz
[2025-06-04 23:17:15] Saving Adam parameters
[2025-06-04 23:17:15] [training] Saving training checkpoint to /scratch/project_2011987/OpusDistillery/rules/../data/models/MA-test/cat+oci+spa-eng/model1_tiny_student/model.npz and /scratch/project_2011987/OpusDistillery/rules/../data/models/MA-test/cat+oci+spa-eng/model1_tiny_student/model.npz.optimizer.npz
[2025-06-04 23:17:33] Saving model weights and runtime parameters to /scratch/project_2011987/OpusDistillery/rules/../data/models/MA-test/cat+oci+spa-eng/model1_tiny_student/model.npz.best-perplexity.npz
[2025-06-04 23:17:33] [valid] Ep. 22 : Up. 85000 : perplexity : 2.20679 : new best
[2025-06-04 23:20:43] [valid] Ep. 22 : Up. 85000 : chrf : 75.3528 : stalled 1 times (last best: 75.633)
[2025-06-04 23:21:01] Saving model weights and runtime parameters to /scratch/project_2011987/OpusDistillery/rules/../data/models/MA-test/cat+oci+spa-eng/model1_tiny_student/model.npz.best-ce-mean-words.npz
[2025-06-04 23:21:01] [valid] Ep. 22 : Up. 85000 : ce-mean-words : 0.79154 : new best
[2025-06-04 23:29:13] Ep. 22 : Up. 86000 : Sen. 16,636,049 : Cost 0.35061842 : Time 718.43s : 171897.18 words/s : gNorm 0.3795 : L.r. 1.8300e-04
[2025-06-04 23:34:22] Seen 19,896,896 samples
[2025-06-04 23:34:22] Starting data epoch 23 in logical epoch 23
[2025-06-04 23:34:22] [data] Shuffling data
[2025-06-04 23:34:23] [data] Done shuffling 19,897,021 sentences (cached in RAM)
[2025-06-04 23:37:32] Ep. 23 : Up. 87000 : Sen. 1,808,628 : Cost 0.34872222 : Time 499.57s : 246599.79 words/s : gNorm 0.3411 : L.r. 1.8194e-04
[2025-06-04 23:45:43] Ep. 23 : Up. 88000 : Sen. 6,900,312 : Cost 0.34450310 : Time 490.93s : 250696.06 words/s : gNorm 0.3498 : L.r. 1.8091e-04
[2025-06-04 23:53:54] Ep. 23 : Up. 89000 : Sen. 11,903,337 : Cost 0.34670690 : Time 490.39s : 249448.17 words/s : gNorm 0.3528 : L.r. 1.7989e-04
[2025-06-05 00:02:08] Ep. 23 : Up. 90000 : Sen. 16,986,234 : Cost 0.34818649 : Time 494.34s : 249872.43 words/s : gNorm 0.3732 : L.r. 1.7889e-04
[2025-06-05 00:02:08] Saving model weights and runtime parameters to /scratch/project_2011987/OpusDistillery/rules/../data/models/MA-test/cat+oci+spa-eng/model1_tiny_student/model.npz
[2025-06-05 00:02:08] Saving Adam parameters
[2025-06-05 00:02:09] [training] Saving training checkpoint to /scratch/project_2011987/OpusDistillery/rules/../data/models/MA-test/cat+oci+spa-eng/model1_tiny_student/model.npz and /scratch/project_2011987/OpusDistillery/rules/../data/models/MA-test/cat+oci+spa-eng/model1_tiny_student/model.npz.optimizer.npz
[2025-06-05 00:02:27] Saving model weights and runtime parameters to /scratch/project_2011987/OpusDistillery/rules/../data/models/MA-test/cat+oci+spa-eng/model1_tiny_student/model.npz.best-perplexity.npz
[2025-06-05 00:02:27] [valid] Ep. 23 : Up. 90000 : perplexity : 2.20505 : new best
[2025-06-05 00:05:37] [valid] Ep. 23 : Up. 90000 : chrf : 75.3335 : stalled 2 times (last best: 75.633)
[2025-06-05 00:05:55] Saving model weights and runtime parameters to /scratch/project_2011987/OpusDistillery/rules/../data/models/MA-test/cat+oci+spa-eng/model1_tiny_student/model.npz.best-ce-mean-words.npz
[2025-06-05 00:05:55] [valid] Ep. 23 : Up. 90000 : ce-mean-words : 0.790748 : new best
[2025-06-05 00:10:34] Seen 19,896,896 samples
[2025-06-05 00:10:34] Starting data epoch 24 in logical epoch 24
[2025-06-05 00:10:34] [data] Shuffling data
[2025-06-05 00:10:35] [data] Done shuffling 19,897,021 sentences (cached in RAM)
[2025-06-05 00:14:15] Ep. 24 : Up. 91000 : Sen. 2,101,039 : Cost 0.34448233 : Time 726.80s : 168933.55 words/s : gNorm 0.3416 : L.r. 1.7790e-04
[2025-06-05 00:22:26] Ep. 24 : Up. 92000 : Sen. 7,183,508 : Cost 0.34202611 : Time 491.46s : 250895.55 words/s : gNorm 0.3646 : L.r. 1.7693e-04
[2025-06-05 00:30:38] Ep. 24 : Up. 93000 : Sen. 12,240,658 : Cost 0.34287363 : Time 491.92s : 250330.30 words/s : gNorm 0.3615 : L.r. 1.7598e-04
[2025-06-05 00:38:46] Ep. 24 : Up. 94000 : Sen. 17,256,750 : Cost 0.34432176 : Time 487.78s : 251707.40 words/s : gNorm 0.3452 : L.r. 1.7504e-04
[2025-06-05 00:42:54] Seen 19,896,896 samples
[2025-06-05 00:42:54] Starting data epoch 25 in logical epoch 25
[2025-06-05 00:42:54] [data] Shuffling data
[2025-06-05 00:42:55] [data] Done shuffling 19,897,021 sentences (cached in RAM)
[2025-06-05 00:47:03] Ep. 25 : Up. 95000 : Sen. 2,432,063 : Cost 0.34095407 : Time 497.35s : 246915.82 words/s : gNorm 0.3785 : L.r. 1.7411e-04
[2025-06-05 00:47:03] Saving model weights and runtime parameters to /scratch/project_2011987/OpusDistillery/rules/../data/models/MA-test/cat+oci+spa-eng/model1_tiny_student/model.npz
[2025-06-05 00:47:04] Saving Adam parameters
[2025-06-05 00:47:04] [training] Saving training checkpoint to /scratch/project_2011987/OpusDistillery/rules/../data/models/MA-test/cat+oci+spa-eng/model1_tiny_student/model.npz and /scratch/project_2011987/OpusDistillery/rules/../data/models/MA-test/cat+oci+spa-eng/model1_tiny_student/model.npz.optimizer.npz
[2025-06-05 00:47:22] [valid] Ep. 25 : Up. 95000 : perplexity : 2.25431 : stalled 1 times (last best: 2.20505)
[2025-06-05 00:50:32] [valid] Ep. 25 : Up. 95000 : chrf : 75.1777 : stalled 3 times (last best: 75.633)
[2025-06-05 00:50:49] [valid] Ep. 25 : Up. 95000 : ce-mean-words : 0.812843 : stalled 1 times (last best: 0.790748)
[2025-06-05 00:59:01] Ep. 25 : Up. 96000 : Sen. 7,470,274 : Cost 0.33793524 : Time 717.16s : 172053.02 words/s : gNorm 0.3573 : L.r. 1.7321e-04
[2025-06-05 01:07:09] Ep. 25 : Up. 97000 : Sen. 12,554,191 : Cost 0.34152123 : Time 488.44s : 249998.69 words/s : gNorm 0.3645 : L.r. 1.7231e-04
[2025-06-05 01:15:19] Ep. 25 : Up. 98000 : Sen. 17,595,809 : Cost 0.33990073 : Time 490.11s : 252681.65 words/s : gNorm 0.3587 : L.r. 1.7143e-04
[2025-06-05 01:18:59] Seen 19,896,896 samples
[2025-06-05 01:18:59] Starting data epoch 26 in logical epoch 26
[2025-06-05 01:18:59] [data] Shuffling data
[2025-06-05 01:19:00] [data] Done shuffling 19,897,021 sentences (cached in RAM)
[2025-06-05 01:23:36] Ep. 26 : Up. 99000 : Sen. 2,735,720 : Cost 0.33650541 : Time 496.76s : 246976.08 words/s : gNorm 0.3467 : L.r. 1.7056e-04
[2025-06-05 01:31:46] Ep. 26 : Up. 100000 : Sen. 7,713,672 : Cost 0.33561498 : Time 489.75s : 249902.56 words/s : gNorm 0.3679 : L.r. 1.6971e-04
[2025-06-05 01:31:46] Saving model weights and runtime parameters to /scratch/project_2011987/OpusDistillery/rules/../data/models/MA-test/cat+oci+spa-eng/model1_tiny_student/model.npz
[2025-06-05 01:31:46] Saving Adam parameters
[2025-06-05 01:31:46] [training] Saving training checkpoint to /scratch/project_2011987/OpusDistillery/rules/../data/models/MA-test/cat+oci+spa-eng/model1_tiny_student/model.npz and /scratch/project_2011987/OpusDistillery/rules/../data/models/MA-test/cat+oci+spa-eng/model1_tiny_student/model.npz.optimizer.npz
[2025-06-05 01:32:04] [valid] Ep. 26 : Up. 100000 : perplexity : 2.2343 : stalled 2 times (last best: 2.20505)
[2025-06-05 01:35:15] Saving model weights and runtime parameters to /scratch/project_2011987/OpusDistillery/rules/../data/models/MA-test/cat+oci+spa-eng/model1_tiny_student/model.npz.best-chrf.npz
[2025-06-05 01:35:15] [valid] Ep. 26 : Up. 100000 : chrf : 75.7755 : new best
[2025-06-05 01:35:33] [valid] Ep. 26 : Up. 100000 : ce-mean-words : 0.803929 : stalled 2 times (last best: 0.790748)
[2025-06-05 01:43:43] Ep. 26 : Up. 101000 : Sen. 12,789,107 : Cost 0.33745158 : Time 717.72s : 171893.10 words/s : gNorm 0.3580 : L.r. 1.6886e-04
[2025-06-05 01:51:55] Ep. 26 : Up. 102000 : Sen. 17,907,293 : Cost 0.33900410 : Time 491.75s : 251216.49 words/s : gNorm 0.3494 : L.r. 1.6803e-04
[2025-06-05 01:55:06] Seen 19,896,896 samples
[2025-06-05 01:55:06] Starting data epoch 27 in logical epoch 27
[2025-06-05 01:55:06] [data] Shuffling data
[2025-06-05 01:55:06] [data] Done shuffling 19,897,021 sentences (cached in RAM)
[2025-06-05 02:00:13] Ep. 27 : Up. 103000 : Sen. 3,022,742 : Cost 0.33329010 : Time 497.87s : 245970.83 words/s : gNorm 0.3599 : L.r. 1.6722e-04
[2025-06-05 02:08:24] Ep. 27 : Up. 104000 : Sen. 8,078,923 : Cost 0.33282354 : Time 491.04s : 249757.72 words/s : gNorm 0.3932 : L.r. 1.6641e-04
[2025-06-05 02:16:37] Ep. 27 : Up. 105000 : Sen. 13,116,010 : Cost 0.33431733 : Time 493.23s : 250466.62 words/s : gNorm 0.3398 : L.r. 1.6562e-04
[2025-06-05 02:16:37] Saving model weights and runtime parameters to /scratch/project_2011987/OpusDistillery/rules/../data/models/MA-test/cat+oci+spa-eng/model1_tiny_student/model.npz
[2025-06-05 02:16:38] Saving Adam parameters
[2025-06-05 02:16:38] [training] Saving training checkpoint to /scratch/project_2011987/OpusDistillery/rules/../data/models/MA-test/cat+oci+spa-eng/model1_tiny_student/model.npz and /scratch/project_2011987/OpusDistillery/rules/../data/models/MA-test/cat+oci+spa-eng/model1_tiny_student/model.npz.optimizer.npz
[2025-06-05 02:16:56] [valid] Ep. 27 : Up. 105000 : perplexity : 2.2198 : stalled 3 times (last best: 2.20505)
[2025-06-05 02:20:06] [valid] Ep. 27 : Up. 105000 : chrf : 75.4224 : stalled 1 times (last best: 75.7755)
[2025-06-05 02:20:24] [valid] Ep. 27 : Up. 105000 : ce-mean-words : 0.797416 : stalled 3 times (last best: 0.790748)
[2025-06-05 02:28:31] Ep. 27 : Up. 106000 : Sen. 18,197,986 : Cost 0.33535498 : Time 713.93s : 172635.79 words/s : gNorm 0.3593 : L.r. 1.6483e-04
[2025-06-05 02:31:10] Seen 19,896,896 samples
[2025-06-05 02:31:10] Starting data epoch 28 in logical epoch 28
[2025-06-05 02:31:10] [data] Shuffling data
[2025-06-05 02:31:11] [data] Done shuffling 19,897,021 sentences (cached in RAM)
[2025-06-05 02:36:49] Ep. 28 : Up. 107000 : Sen. 3,368,794 : Cost 0.33031127 : Time 497.99s : 246412.97 words/s : gNorm 0.3565 : L.r. 1.6406e-04
[2025-06-05 02:44:57] Ep. 28 : Up. 108000 : Sen. 8,353,051 : Cost 0.33001760 : Time 488.16s : 250665.49 words/s : gNorm 0.3508 : L.r. 1.6330e-04
[2025-06-05 02:53:08] Ep. 28 : Up. 109000 : Sen. 13,399,703 : Cost 0.33218187 : Time 491.12s : 250177.73 words/s : gNorm 0.3563 : L.r. 1.6255e-04
[2025-06-05 03:01:19] Ep. 28 : Up. 110000 : Sen. 18,474,963 : Cost 0.33268532 : Time 490.70s : 251736.24 words/s : gNorm 0.3285 : L.r. 1.6181e-04
[2025-06-05 03:01:19] Saving model weights and runtime parameters to /scratch/project_2011987/OpusDistillery/rules/../data/models/MA-test/cat+oci+spa-eng/model1_tiny_student/model.npz
[2025-06-05 03:01:19] Saving Adam parameters
[2025-06-05 03:01:20] [training] Saving training checkpoint to /scratch/project_2011987/OpusDistillery/rules/../data/models/MA-test/cat+oci+spa-eng/model1_tiny_student/model.npz and /scratch/project_2011987/OpusDistillery/rules/../data/models/MA-test/cat+oci+spa-eng/model1_tiny_student/model.npz.optimizer.npz
[2025-06-05 03:01:38] [valid] Ep. 28 : Up. 110000 : perplexity : 2.22415 : stalled 4 times (last best: 2.20505)
[2025-06-05 03:04:47] [valid] Ep. 28 : Up. 110000 : chrf : 75.5876 : stalled 2 times (last best: 75.7755)
[2025-06-05 03:05:05] [valid] Ep. 28 : Up. 110000 : ce-mean-words : 0.799376 : stalled 4 times (last best: 0.790748)
[2025-06-05 03:07:18] Seen 19,896,896 samples
[2025-06-05 03:07:18] Starting data epoch 29 in logical epoch 29
[2025-06-05 03:07:18] [data] Shuffling data
[2025-06-05 03:07:19] [data] Done shuffling 19,897,021 sentences (cached in RAM)
[2025-06-05 03:13:24] Ep. 29 : Up. 111000 : Sen. 3,582,138 : Cost 0.32768556 : Time 724.76s : 169235.02 words/s : gNorm 0.3626 : L.r. 1.6108e-04
[2025-06-05 03:21:34] Ep. 29 : Up. 112000 : Sen. 8,636,185 : Cost 0.32815599 : Time 490.26s : 250322.30 words/s : gNorm 0.3559 : L.r. 1.6036e-04
[2025-06-05 03:29:44] Ep. 29 : Up. 113000 : Sen. 13,714,358 : Cost 0.32946146 : Time 489.84s : 250874.61 words/s : gNorm 0.3518 : L.r. 1.5965e-04
[2025-06-05 03:37:54] Ep. 29 : Up. 114000 : Sen. 18,738,020 : Cost 0.33048764 : Time 490.30s : 251832.38 words/s : gNorm 0.3593 : L.r. 1.5894e-04
[2025-06-05 03:39:40] Seen 19,896,896 samples
[2025-06-05 03:39:40] Starting data epoch 30 in logical epoch 30
[2025-06-05 03:39:40] [data] Shuffling data
[2025-06-05 03:39:41] [data] Done shuffling 19,897,021 sentences (cached in RAM)
[2025-06-05 03:46:13] Ep. 30 : Up. 115000 : Sen. 3,947,743 : Cost 0.32444412 : Time 498.31s : 247345.24 words/s : gNorm 0.3472 : L.r. 1.5825e-04
[2025-06-05 03:46:13] Saving model weights and runtime parameters to /scratch/project_2011987/OpusDistillery/rules/../data/models/MA-test/cat+oci+spa-eng/model1_tiny_student/model.npz
[2025-06-05 03:46:13] Saving Adam parameters
[2025-06-05 03:46:13] [training] Saving training checkpoint to /scratch/project_2011987/OpusDistillery/rules/../data/models/MA-test/cat+oci+spa-eng/model1_tiny_student/model.npz and /scratch/project_2011987/OpusDistillery/rules/../data/models/MA-test/cat+oci+spa-eng/model1_tiny_student/model.npz.optimizer.npz
[2025-06-05 03:46:32] [valid] Ep. 30 : Up. 115000 : perplexity : 2.22904 : stalled 5 times (last best: 2.20505)
[2025-06-05 03:49:42] [valid] Ep. 30 : Up. 115000 : chrf : 75.585 : stalled 3 times (last best: 75.7755)
[2025-06-05 03:50:00] [valid] Ep. 30 : Up. 115000 : ce-mean-words : 0.801572 : stalled 5 times (last best: 0.790748)
[2025-06-05 03:50:00] Training finished
[2025-06-05 03:50:00] Saving model weights and runtime parameters to /scratch/project_2011987/OpusDistillery/rules/../data/models/MA-test/cat+oci+spa-eng/model1_tiny_student/model.npz
[2025-06-05 03:50:00] Saving Adam parameters
[2025-06-05 03:50:00] [training] Saving training checkpoint to /scratch/project_2011987/OpusDistillery/rules/../data/models/MA-test/cat+oci+spa-eng/model1_tiny_student/model.npz and /scratch/project_2011987/OpusDistillery/rules/../data/models/MA-test/cat+oci+spa-eng/model1_tiny_student/model.npz.optimizer.npz
