[2025-03-28 10:19:59] [marian] Marian v1.12.31 a6ab8af8 2024-06-27 15:21:08 +0000
[2025-03-28 10:19:59] [marian] Running on r03g02.bullx as process 23 with command line:
[2025-03-28 10:19:59] [marian] /scratch/project_2011987/OpusDistillery/3rd_party/marian-dev/build//marian --model /scratch/project_2011987/OpusDistillery/rules/../data/models/MA-test/cat+oci+spa-eng/model2_student/model.npz -c configs/model/student.yml configs/training/student.train.yml --train-sets /scratch/project_2011987/OpusDistillery/rules/../data/data/MA-test/cat+oci+spa-eng/filtered/corpus.source.gz /scratch/project_2011987/OpusDistillery/rules/../data/data/MA-test/cat+oci+spa-eng/filtered/corpus.target.gz -T /scratch/project_2011987/OpusDistillery/rules/../data/models/MA-test/cat+oci+spa-eng/model2_student/tmp --shuffle-in-ram --vocabs /scratch/project_2011987/OpusDistillery/rules/../data/models/MA-test/cat+oci+spa-eng/vocab/vocab.spm /scratch/project_2011987/OpusDistillery/rules/../data/models/MA-test/cat+oci+spa-eng/vocab/vocab.spm -w 10000 --devices 0 --sharding local --sync-sgd --valid-metrics perplexity chrf ce-mean-words --valid-sets /scratch/project_2011987/OpusDistillery/rules/../data/data/MA-test/cat+oci+spa-eng/original/devset.student.source.gz /scratch/project_2011987/OpusDistillery/rules/../data/data/MA-test/cat+oci+spa-eng/original/devset.student.target.gz --valid-translation-output '/scratch/project_2011987/OpusDistillery/rules/../data/models/MA-test/cat+oci+spa-eng/model2_student/valid_outputs/validation-output-after-{U}-updates-{E}-epochs.txt' --quiet-translation --overwrite --keep-best --log /scratch/project_2011987/OpusDistillery/rules/../data/models/MA-test/cat+oci+spa-eng/model2_student/train.log --valid-log /scratch/project_2011987/OpusDistillery/rules/../data/models/MA-test/cat+oci+spa-eng/model2_student/valid.log
[2025-03-28 10:19:59] [config] after: 0e
[2025-03-28 10:19:59] [config] after-batches: 0
[2025-03-28 10:19:59] [config] after-epochs: 0
[2025-03-28 10:19:59] [config] all-caps-every: 0
[2025-03-28 10:19:59] [config] allow-unk: false
[2025-03-28 10:19:59] [config] authors: false
[2025-03-28 10:19:59] [config] beam-size: 1
[2025-03-28 10:19:59] [config] bert-class-symbol: "[CLS]"
[2025-03-28 10:19:59] [config] bert-mask-symbol: "[MASK]"
[2025-03-28 10:19:59] [config] bert-masking-fraction: 0.15
[2025-03-28 10:19:59] [config] bert-sep-symbol: "[SEP]"
[2025-03-28 10:19:59] [config] bert-train-type-embeddings: true
[2025-03-28 10:19:59] [config] bert-type-vocab-size: 2
[2025-03-28 10:19:59] [config] build-info: ""
[2025-03-28 10:19:59] [config] check-gradient-nan: false
[2025-03-28 10:19:59] [config] check-nan: false
[2025-03-28 10:19:59] [config] cite: false
[2025-03-28 10:19:59] [config] clip-norm: 0
[2025-03-28 10:19:59] [config] comet-augment-bad: 0
[2025-03-28 10:19:59] [config] comet-dropout: 0.1
[2025-03-28 10:19:59] [config] comet-final-sigmoid: false
[2025-03-28 10:19:59] [config] comet-mix: false
[2025-03-28 10:19:59] [config] comet-mix-norm: false
[2025-03-28 10:19:59] [config] comet-mix-transformation: softmax
[2025-03-28 10:19:59] [config] comet-mixup: 0
[2025-03-28 10:19:59] [config] comet-mixup-reg: false
[2025-03-28 10:19:59] [config] comet-pool: avg
[2025-03-28 10:19:59] [config] comet-pooler-ffn:
[2025-03-28 10:19:59] [config]   - 2048
[2025-03-28 10:19:59] [config]   - 1024
[2025-03-28 10:19:59] [config] comet-prepend-zero: false
[2025-03-28 10:19:59] [config] comet-stop-grad: false
[2025-03-28 10:19:59] [config] comet-use-separator: false
[2025-03-28 10:19:59] [config] cost-scaling:
[2025-03-28 10:19:59] [config]   []
[2025-03-28 10:19:59] [config] cost-type: ce-mean-words
[2025-03-28 10:19:59] [config] cpu-threads: 0
[2025-03-28 10:19:59] [config] custom-fallbacks:
[2025-03-28 10:19:59] [config]   []
[2025-03-28 10:19:59] [config] data-threads: 8
[2025-03-28 10:19:59] [config] data-weighting: ""
[2025-03-28 10:19:59] [config] data-weighting-type: sentence
[2025-03-28 10:19:59] [config] dec-cell: gru
[2025-03-28 10:19:59] [config] dec-cell-base-depth: 2
[2025-03-28 10:19:59] [config] dec-cell-high-depth: 1
[2025-03-28 10:19:59] [config] dec-depth: 6
[2025-03-28 10:19:59] [config] devices:
[2025-03-28 10:19:59] [config]   - 0
[2025-03-28 10:19:59] [config] dim-emb: 512
[2025-03-28 10:19:59] [config] dim-rnn: 1024
[2025-03-28 10:19:59] [config] dim-vocabs:
[2025-03-28 10:19:59] [config]   - 0
[2025-03-28 10:19:59] [config]   - 0
[2025-03-28 10:19:59] [config] disp-first: 10
[2025-03-28 10:19:59] [config] disp-freq: 1000
[2025-03-28 10:19:59] [config] disp-label-counts: true
[2025-03-28 10:19:59] [config] dropout-rnn: 0.1
[2025-03-28 10:19:59] [config] dropout-src: 0
[2025-03-28 10:19:59] [config] dropout-trg: 0
[2025-03-28 10:19:59] [config] dump-config: ""
[2025-03-28 10:19:59] [config] dynamic-gradient-scaling:
[2025-03-28 10:19:59] [config]   []
[2025-03-28 10:19:59] [config] early-stopping: 5
[2025-03-28 10:19:59] [config] early-stopping-epsilon:
[2025-03-28 10:19:59] [config]   - 0
[2025-03-28 10:19:59] [config] early-stopping-on: first
[2025-03-28 10:19:59] [config] embedding-fix-src: false
[2025-03-28 10:19:59] [config] embedding-fix-trg: false
[2025-03-28 10:19:59] [config] embedding-normalization: false
[2025-03-28 10:19:59] [config] embedding-vectors:
[2025-03-28 10:19:59] [config]   []
[2025-03-28 10:19:59] [config] enc-cell: gru
[2025-03-28 10:19:59] [config] enc-cell-depth: 1
[2025-03-28 10:19:59] [config] enc-depth: 6
[2025-03-28 10:19:59] [config] enc-type: bidirectional
[2025-03-28 10:19:59] [config] english-title-case-every: 0
[2025-03-28 10:19:59] [config] exponential-smoothing: True
[2025-03-28 10:19:59] [config] exponential-smoothing-replace-freq: 0
[2025-03-28 10:19:59] [config] factor-weight: 1
[2025-03-28 10:19:59] [config] factors-combine: sum
[2025-03-28 10:19:59] [config] factors-dim-emb: 0
[2025-03-28 10:19:59] [config] gradient-checkpointing: false
[2025-03-28 10:19:59] [config] gradient-norm-average-window: 100
[2025-03-28 10:19:59] [config] guided-alignment: none
[2025-03-28 10:19:59] [config] guided-alignment-cost: ce
[2025-03-28 10:19:59] [config] guided-alignment-weight: 0.1
[2025-03-28 10:19:59] [config] ignore-model-config: false
[2025-03-28 10:19:59] [config] input-join-fields: false
[2025-03-28 10:19:59] [config] input-reorder:
[2025-03-28 10:19:59] [config]   []
[2025-03-28 10:19:59] [config] input-types:
[2025-03-28 10:19:59] [config]   []
[2025-03-28 10:19:59] [config] interpolate-env-vars: false
[2025-03-28 10:19:59] [config] keep-best: true
[2025-03-28 10:19:59] [config] label-smoothing: 0
[2025-03-28 10:19:59] [config] layer-normalization: false
[2025-03-28 10:19:59] [config] learn-rate: 0.0003
[2025-03-28 10:19:59] [config] lemma-dependency: ""
[2025-03-28 10:19:59] [config] lemma-dim-emb: 0
[2025-03-28 10:19:59] [config] log: /scratch/project_2011987/OpusDistillery/rules/../data/models/MA-test/cat+oci+spa-eng/model2_student/train.log
[2025-03-28 10:19:59] [config] log-level: info
[2025-03-28 10:19:59] [config] log-time-zone: ""
[2025-03-28 10:19:59] [config] logical-epoch:
[2025-03-28 10:19:59] [config]   - 1e
[2025-03-28 10:19:59] [config]   - 0
[2025-03-28 10:19:59] [config] lr-decay: 0
[2025-03-28 10:19:59] [config] lr-decay-freq: 50000
[2025-03-28 10:19:59] [config] lr-decay-inv-sqrt:
[2025-03-28 10:19:59] [config]   - 32000
[2025-03-28 10:19:59] [config] lr-decay-repeat-warmup: false
[2025-03-28 10:19:59] [config] lr-decay-reset-optimizer: false
[2025-03-28 10:19:59] [config] lr-decay-start:
[2025-03-28 10:19:59] [config]   - 10
[2025-03-28 10:19:59] [config]   - 1
[2025-03-28 10:19:59] [config] lr-decay-strategy: epoch+stalled
[2025-03-28 10:19:59] [config] lr-report: True
[2025-03-28 10:19:59] [config] lr-warmup: 16000
[2025-03-28 10:19:59] [config] lr-warmup-at-reload: false
[2025-03-28 10:19:59] [config] lr-warmup-cycle: false
[2025-03-28 10:19:59] [config] lr-warmup-start-rate: 0
[2025-03-28 10:19:59] [config] max-length: 200
[2025-03-28 10:19:59] [config] max-length-crop: false
[2025-03-28 10:19:59] [config] max-length-factor: 3
[2025-03-28 10:19:59] [config] maxi-batch: 1000
[2025-03-28 10:19:59] [config] maxi-batch-sort: trg
[2025-03-28 10:19:59] [config] mini-batch: 1000
[2025-03-28 10:19:59] [config] mini-batch-fit: True
[2025-03-28 10:19:59] [config] mini-batch-fit-step: 10
[2025-03-28 10:19:59] [config] mini-batch-round-up: true
[2025-03-28 10:19:59] [config] mini-batch-track-lr: false
[2025-03-28 10:19:59] [config] mini-batch-warmup: 0
[2025-03-28 10:19:59] [config] mini-batch-words: 0
[2025-03-28 10:19:59] [config] mini-batch-words-ref: 0
[2025-03-28 10:19:59] [config] model: /scratch/project_2011987/OpusDistillery/rules/../data/models/MA-test/cat+oci+spa-eng/model2_student/model.npz
[2025-03-28 10:19:59] [config] multi-loss-type: sum
[2025-03-28 10:19:59] [config] n-best: false
[2025-03-28 10:19:59] [config] no-nccl: false
[2025-03-28 10:19:59] [config] no-optimizer-reload: false
[2025-03-28 10:19:59] [config] no-reload: false
[2025-03-28 10:19:59] [config] no-restore-corpus: false
[2025-03-28 10:19:59] [config] no-spm-encode: false
[2025-03-28 10:19:59] [config] normalize: 1
[2025-03-28 10:19:59] [config] normalize-gradient: false
[2025-03-28 10:19:59] [config] normalize-gradient-by-ratio: false
[2025-03-28 10:19:59] [config] optimizer: adam
[2025-03-28 10:19:59] [config] optimizer-delay: 2
[2025-03-28 10:19:59] [config] optimizer-params:
[2025-03-28 10:19:59] [config]   - 0.9
[2025-03-28 10:19:59] [config]   - 0.98
[2025-03-28 10:19:59] [config]   - 1e-09
[2025-03-28 10:19:59] [config] output-omit-bias: false
[2025-03-28 10:19:59] [config] overwrite: true
[2025-03-28 10:19:59] [config] overwrite-checkpoint: true
[2025-03-28 10:19:59] [config] precision:
[2025-03-28 10:19:59] [config]   - float32
[2025-03-28 10:19:59] [config]   - float32
[2025-03-28 10:19:59] [config] pretrained-model: ""
[2025-03-28 10:19:59] [config] quantize-biases: false
[2025-03-28 10:19:59] [config] quantize-bits: 0
[2025-03-28 10:19:59] [config] quantize-log-based: false
[2025-03-28 10:19:59] [config] quantize-optimization-steps: 0
[2025-03-28 10:19:59] [config] quiet: false
[2025-03-28 10:19:59] [config] quiet-translation: true
[2025-03-28 10:19:59] [config] quiet-validation: false
[2025-03-28 10:19:59] [config] relative-paths: false
[2025-03-28 10:19:59] [config] right-left: false
[2025-03-28 10:19:59] [config] save-freq: 5000
[2025-03-28 10:19:59] [config] seed: 0
[2025-03-28 10:19:59] [config] sentencepiece-alphas:
[2025-03-28 10:19:59] [config]   []
[2025-03-28 10:19:59] [config] sentencepiece-max-lines: 2000000
[2025-03-28 10:19:59] [config] sentencepiece-options: ""
[2025-03-28 10:19:59] [config] separator-symbol: "[eos]"
[2025-03-28 10:19:59] [config] sharding: local
[2025-03-28 10:19:59] [config] shuffle: data
[2025-03-28 10:19:59] [config] shuffle-in-ram: true
[2025-03-28 10:19:59] [config] sigterm: save-and-exit
[2025-03-28 10:19:59] [config] skip: false
[2025-03-28 10:19:59] [config] sqlite: ""
[2025-03-28 10:19:59] [config] sqlite-drop: false
[2025-03-28 10:19:59] [config] sync-freq: 200u
[2025-03-28 10:19:59] [config] sync-sgd: true
[2025-03-28 10:19:59] [config] tempdir: /scratch/project_2011987/OpusDistillery/rules/../data/models/MA-test/cat+oci+spa-eng/model2_student/tmp
[2025-03-28 10:19:59] [config] throw-on-divergence:
[2025-03-28 10:19:59] [config]   []
[2025-03-28 10:19:59] [config] tied-embeddings: false
[2025-03-28 10:19:59] [config] tied-embeddings-all: true
[2025-03-28 10:19:59] [config] tied-embeddings-src: false
[2025-03-28 10:19:59] [config] train-embedder-rank:
[2025-03-28 10:19:59] [config]   []
[2025-03-28 10:19:59] [config] train-sets:
[2025-03-28 10:19:59] [config]   - /scratch/project_2011987/OpusDistillery/rules/../data/data/MA-test/cat+oci+spa-eng/filtered/corpus.source.gz
[2025-03-28 10:19:59] [config]   - /scratch/project_2011987/OpusDistillery/rules/../data/data/MA-test/cat+oci+spa-eng/filtered/corpus.target.gz
[2025-03-28 10:19:59] [config] transformer-aan-activation: swish
[2025-03-28 10:19:59] [config] transformer-aan-depth: 2
[2025-03-28 10:19:59] [config] transformer-aan-nogate: false
[2025-03-28 10:19:59] [config] transformer-alibi-shift: false
[2025-03-28 10:19:59] [config] transformer-alibi-trainable: false
[2025-03-28 10:19:59] [config] transformer-attention-mask: default
[2025-03-28 10:19:59] [config] transformer-decoder-autoreg: rnn
[2025-03-28 10:19:59] [config] transformer-decoder-dim-ffn: 0
[2025-03-28 10:19:59] [config] transformer-decoder-ffn-depth: 0
[2025-03-28 10:19:59] [config] transformer-depth-scaling: false
[2025-03-28 10:19:59] [config] transformer-dim-aan: 2048
[2025-03-28 10:19:59] [config] transformer-dim-ffn: 2048
[2025-03-28 10:19:59] [config] transformer-disable-position-embeddings: false
[2025-03-28 10:19:59] [config] transformer-dropout: 0
[2025-03-28 10:19:59] [config] transformer-dropout-attention: 0
[2025-03-28 10:19:59] [config] transformer-dropout-ffn: 0
[2025-03-28 10:19:59] [config] transformer-ffn-activation: relu
[2025-03-28 10:19:59] [config] transformer-ffn-depth: 2
[2025-03-28 10:19:59] [config] transformer-guided-alignment-layer: last
[2025-03-28 10:19:59] [config] transformer-heads: 8
[2025-03-28 10:19:59] [config] transformer-no-affine: false
[2025-03-28 10:19:59] [config] transformer-no-bias: false
[2025-03-28 10:19:59] [config] transformer-no-projection: false
[2025-03-28 10:19:59] [config] transformer-pool: false
[2025-03-28 10:19:59] [config] transformer-postprocess: dan
[2025-03-28 10:19:59] [config] transformer-postprocess-emb: d
[2025-03-28 10:19:59] [config] transformer-postprocess-top: ""
[2025-03-28 10:19:59] [config] transformer-preprocess: ""
[2025-03-28 10:19:59] [config] transformer-rnn-projection: false
[2025-03-28 10:19:59] [config] transformer-tied-layers:
[2025-03-28 10:19:59] [config]   []
[2025-03-28 10:19:59] [config] transformer-train-position-embeddings: false
[2025-03-28 10:19:59] [config] tsv: false
[2025-03-28 10:19:59] [config] tsv-fields: 0
[2025-03-28 10:19:59] [config] type: transformer
[2025-03-28 10:19:59] [config] ulr: false
[2025-03-28 10:19:59] [config] ulr-dim-emb: 0
[2025-03-28 10:19:59] [config] ulr-dropout: 0
[2025-03-28 10:19:59] [config] ulr-keys-vectors: ""
[2025-03-28 10:19:59] [config] ulr-query-vectors: ""
[2025-03-28 10:19:59] [config] ulr-softmax-temperature: 1
[2025-03-28 10:19:59] [config] ulr-trainable-transformation: false
[2025-03-28 10:19:59] [config] unlikelihood-loss: false
[2025-03-28 10:19:59] [config] valid-freq: 5000
[2025-03-28 10:19:59] [config] valid-log: /scratch/project_2011987/OpusDistillery/rules/../data/models/MA-test/cat+oci+spa-eng/model2_student/valid.log
[2025-03-28 10:19:59] [config] valid-max-length: 1000
[2025-03-28 10:19:59] [config] valid-metrics:
[2025-03-28 10:19:59] [config]   - perplexity
[2025-03-28 10:19:59] [config]   - chrf
[2025-03-28 10:19:59] [config]   - ce-mean-words
[2025-03-28 10:19:59] [config] valid-mini-batch: 64
[2025-03-28 10:19:59] [config] valid-reset-all: false
[2025-03-28 10:19:59] [config] valid-reset-stalled: false
[2025-03-28 10:19:59] [config] valid-script-args:
[2025-03-28 10:19:59] [config]   []
[2025-03-28 10:19:59] [config] valid-script-path: ""
[2025-03-28 10:19:59] [config] valid-sets:
[2025-03-28 10:19:59] [config]   - /scratch/project_2011987/OpusDistillery/rules/../data/data/MA-test/cat+oci+spa-eng/original/devset.student.source.gz
[2025-03-28 10:19:59] [config]   - /scratch/project_2011987/OpusDistillery/rules/../data/data/MA-test/cat+oci+spa-eng/original/devset.student.target.gz
[2025-03-28 10:19:59] [config] valid-translation-output: /scratch/project_2011987/OpusDistillery/rules/../data/models/MA-test/cat+oci+spa-eng/model2_student/valid_outputs/validation-output-after-{U}-updates-{E}-epochs.txt
[2025-03-28 10:19:59] [config] vocabs:
[2025-03-28 10:19:59] [config]   - /scratch/project_2011987/OpusDistillery/rules/../data/models/MA-test/cat+oci+spa-eng/vocab/vocab.spm
[2025-03-28 10:19:59] [config]   - /scratch/project_2011987/OpusDistillery/rules/../data/models/MA-test/cat+oci+spa-eng/vocab/vocab.spm
[2025-03-28 10:19:59] [config] word-penalty: 0
[2025-03-28 10:19:59] [config] word-scores: false
[2025-03-28 10:19:59] [config] workspace: 10000
[2025-03-28 10:19:59] [config] Model is being created with Marian v1.12.31 a6ab8af8 2024-06-27 15:21:08 +0000
[2025-03-28 10:19:59] Using synchronous SGD
[2025-03-28 10:19:59] [comm] Compiled without MPI support. Running as a single process on r03g02.bullx
[2025-03-28 10:19:59] Synced seed 1743149999
[2025-03-28 10:19:59] [data] Loading SentencePiece vocabulary from file /scratch/project_2011987/OpusDistillery/rules/../data/models/MA-test/cat+oci+spa-eng/vocab/vocab.spm
[2025-03-28 10:19:59] [data] Setting vocabulary size for input 0 to 32,000
[2025-03-28 10:19:59] [data] Loading SentencePiece vocabulary from file /scratch/project_2011987/OpusDistillery/rules/../data/models/MA-test/cat+oci+spa-eng/vocab/vocab.spm
[2025-03-28 10:19:59] [data] Setting vocabulary size for input 1 to 32,000
[2025-03-28 10:19:59] [batching] Collecting statistics for batch fitting with step size 10
[2025-03-28 10:20:01] [memory] Extending reserved space to 10112 MB (device gpu0)
[2025-03-28 10:20:04] [comm] Using NCCL 2.8.3 for GPU communication
[2025-03-28 10:20:04] [comm] Using global sharding
[2025-03-28 10:20:05] [comm] NCCLCommunicators constructed successfully
[2025-03-28 10:20:05] [training] Using 1 GPUs
[2025-03-28 10:20:06] [logits] Applying loss function for 1 factor(s)
[2025-03-28 10:20:06] [memory] Reserving 242 MB, device gpu0
[2025-03-28 10:20:11] [gpu] 16-bit TensorCores enabled for float32 matrix operations
[2025-03-28 10:20:12] [memory] Reserving 242 MB, device gpu0
[2025-03-28 10:20:42] [batching] Done. Typical MB size is 20,733 target words
[2025-03-28 10:20:43] [memory] Extending reserved space to 10112 MB (device gpu0)
[2025-03-28 10:20:43] [comm] Using NCCL 2.8.3 for GPU communication
[2025-03-28 10:20:43] [comm] Using global sharding
[2025-03-28 10:20:43] [comm] NCCLCommunicators constructed successfully
[2025-03-28 10:20:43] [training] Using 1 GPUs
[2025-03-28 10:20:43] Training started
[2025-03-28 10:20:43] [data] Shuffling data
[2025-03-28 10:21:10] [data] Done reading 19,897,021 sentences
[2025-03-28 10:21:11] [data] Done shuffling 19,897,021 sentences (cached in RAM)
[2025-03-28 10:21:29] [training] Batches are processed as 1 process(es) x 1 devices/process
[2025-03-28 10:21:29] [memory] Reserving 242 MB, device gpu0
[2025-03-28 10:21:30] [memory] Reserving 242 MB, device gpu0
[2025-03-28 10:21:31] Parameter type float32, optimization type float32, casting types false
[2025-03-28 10:21:31] Allocating memory for general optimizer shards
[2025-03-28 10:21:31] [memory] Reserving 242 MB, device gpu0
[2025-03-28 10:21:32] Allocating memory for Adam-specific shards
[2025-03-28 10:21:32] [memory] Reserving 485 MB, device gpu0
[2025-03-28 10:21:32] Ep. 1 : Up. 1 : Sen. 170 : Cost 10.86506081 : Time 49.51s : 183.44 words/s : gNorm 7.8819 : L.r. 1.8750e-08
[2025-03-28 10:21:34] Ep. 1 : Up. 2 : Sen. 924 : Cost 10.83414364 : Time 2.40s : 8474.19 words/s : gNorm 7.7072 : L.r. 3.7500e-08
[2025-03-28 10:21:37] Ep. 1 : Up. 3 : Sen. 1,366 : Cost 10.86678410 : Time 2.43s : 7104.09 words/s : gNorm 7.8871 : L.r. 5.6250e-08
[2025-03-28 10:21:39] Ep. 1 : Up. 4 : Sen. 1,632 : Cost 10.85069084 : Time 2.44s : 7955.51 words/s : gNorm 8.2154 : L.r. 7.5000e-08
[2025-03-28 10:21:41] Ep. 1 : Up. 5 : Sen. 2,074 : Cost 10.84062576 : Time 1.98s : 8241.80 words/s : gNorm 8.0256 : L.r. 9.3750e-08
[2025-03-28 10:21:43] Ep. 1 : Up. 6 : Sen. 2,308 : Cost 10.84511566 : Time 2.18s : 7402.39 words/s : gNorm 8.1341 : L.r. 1.1250e-07
[2025-03-28 10:21:45] Ep. 1 : Up. 7 : Sen. 2,400 : Cost 10.81324959 : Time 2.03s : 5311.22 words/s : gNorm 8.1914 : L.r. 1.3125e-07
[2025-03-28 10:21:46] Ep. 1 : Up. 8 : Sen. 3,546 : Cost 10.88478851 : Time 0.29s : 46634.78 words/s : gNorm 8.4064 : L.r. 1.5000e-07
[2025-03-28 10:21:46] Ep. 1 : Up. 9 : Sen. 3,854 : Cost 10.83233166 : Time 0.46s : 34642.40 words/s : gNorm 8.3462 : L.r. 1.6875e-07
[2025-03-28 10:21:46] Ep. 1 : Up. 10 : Sen. 5,000 : Cost 10.83847904 : Time 0.32s : 50028.48 words/s : gNorm 8.3245 : L.r. 1.8750e-07
[2025-03-28 10:28:43] Ep. 1 : Up. 1000 : Sen. 678,435 : Cost 8.06566620 : Time 416.25s : 39001.67 words/s : gNorm 3.3811 : L.r. 1.8750e-05
[2025-03-28 10:35:59] Ep. 1 : Up. 2000 : Sen. 1,350,377 : Cost 6.31619883 : Time 435.98s : 37603.48 words/s : gNorm 3.8283 : L.r. 3.7500e-05
[2025-03-28 10:43:03] Ep. 1 : Up. 3000 : Sen. 2,019,971 : Cost 5.55381441 : Time 424.71s : 38734.34 words/s : gNorm 3.3026 : L.r. 5.6250e-05
[2025-03-28 10:50:08] Ep. 1 : Up. 4000 : Sen. 2,688,513 : Cost 4.81494999 : Time 424.47s : 38750.25 words/s : gNorm 3.7006 : L.r. 7.5000e-05
[2025-03-28 10:57:10] Ep. 1 : Up. 5000 : Sen. 3,378,288 : Cost 3.81625652 : Time 422.25s : 38870.89 words/s : gNorm 4.0566 : L.r. 9.3750e-05
[2025-03-28 10:57:10] Saving model weights and runtime parameters to /scratch/project_2011987/OpusDistillery/rules/../data/models/MA-test/cat+oci+spa-eng/model2_student/model.npz
[2025-03-28 10:57:11] Saving Adam parameters
[2025-03-28 10:57:13] [training] Saving training checkpoint to /scratch/project_2011987/OpusDistillery/rules/../data/models/MA-test/cat+oci+spa-eng/model2_student/model.npz and /scratch/project_2011987/OpusDistillery/rules/../data/models/MA-test/cat+oci+spa-eng/model2_student/model.npz.optimizer.npz
[2025-03-28 10:58:20] Saving model weights and runtime parameters to /scratch/project_2011987/OpusDistillery/rules/../data/models/MA-test/cat+oci+spa-eng/model2_student/model.npz.best-perplexity.npz
[2025-03-28 10:58:20] [valid] Ep. 1 : Up. 5000 : perplexity : 7.8967 : new best
[2025-03-28 10:58:21] [valid] First sentence's tokens as scored:
[2025-03-28 10:58:21] [valid] Decoding validation set with SentencePieceVocab for scoring
[2025-03-28 10:58:21] [valid]   Hyp: A l i t t l e b i t e a r l i e r t h i s e v e n i n g , I r e c e i v e d a n e x t r a o r d i n i t y c a l l f r o m t h e C h r i s t i a n c a l l . P r e s i d e n t P r e s i d e n t a n d l o n g - o l d l o n g - o l d c a m p a i g n i n t h i s c a m p a i g n . A n d h e ' s a l w a y s b e e n a f e w - t i m e f o r t h e e n e m y t h a t w e h a v e n o l o n g e r .
[2025-03-28 10:58:21] [valid]   Ref: A l i t t l e b i t e a r l i e r t h i s e v e n i n g , I r e c e i v e d a n e x t r a o r d i n a r i l y g r a c i o u s c a l l f r o m S e n a t o r M c C a i n . S e n a t o r M c C a i n f o u g h t l o n g a n d h a r d i n t h i s c a m p a i g n . A n d h e ' s f o u g h t e v e n l o n g e r a n d h a r d e r f o r t h e c o u n t r y t h a t h e l o v e s . H e h a s e n d u r e d s a c r i f i c e s f o r t h e U n i t e d S t a t e s t h a t m o s t o f u s c a n n o t b e g i n t o i m a g i n e . W e a r e b e t t e r o f f f o r t h e s e r v i c e r e n d e r e d b y t h i s b r a v e a n d s e l f l e s s l e a d e r .
[2025-03-28 10:58:28] [valid] References contain unknown word, metric scores may be inaccurate
[2025-03-28 11:05:42] Saving model weights and runtime parameters to /scratch/project_2011987/OpusDistillery/rules/../data/models/MA-test/cat+oci+spa-eng/model2_student/model.npz.best-chrf.npz
[2025-03-28 11:05:42] [valid] Ep. 1 : Up. 5000 : chrf : 51.1481 : new best
[2025-03-28 11:06:47] Saving model weights and runtime parameters to /scratch/project_2011987/OpusDistillery/rules/../data/models/MA-test/cat+oci+spa-eng/model2_student/model.npz.best-ce-mean-words.npz
[2025-03-28 11:06:48] [valid] Ep. 1 : Up. 5000 : ce-mean-words : 2.06645 : new best
[2025-03-28 11:13:52] Ep. 1 : Up. 6000 : Sen. 4,046,380 : Cost 2.77809787 : Time 1001.90s : 16363.08 words/s : gNorm 3.7507 : L.r. 1.1250e-04
[2025-03-28 11:20:55] Ep. 1 : Up. 7000 : Sen. 4,719,722 : Cost 2.07927346 : Time 423.40s : 38679.15 words/s : gNorm 2.5892 : L.r. 1.3125e-04
[2025-03-28 11:27:59] Ep. 1 : Up. 8000 : Sen. 5,398,834 : Cost 1.62569439 : Time 423.94s : 38968.67 words/s : gNorm 2.4996 : L.r. 1.5000e-04
[2025-03-28 11:35:01] Ep. 1 : Up. 9000 : Sen. 6,064,175 : Cost 1.36583066 : Time 421.91s : 38717.60 words/s : gNorm 1.7810 : L.r. 1.6875e-04
[2025-03-28 11:42:06] Ep. 1 : Up. 10000 : Sen. 6,738,152 : Cost 1.18312383 : Time 424.47s : 38839.53 words/s : gNorm 1.4686 : L.r. 1.8750e-04
[2025-03-28 11:42:06] Saving model weights and runtime parameters to /scratch/project_2011987/OpusDistillery/rules/../data/models/MA-test/cat+oci+spa-eng/model2_student/model.npz
[2025-03-28 11:42:07] Saving Adam parameters
[2025-03-28 11:42:08] [training] Saving training checkpoint to /scratch/project_2011987/OpusDistillery/rules/../data/models/MA-test/cat+oci+spa-eng/model2_student/model.npz and /scratch/project_2011987/OpusDistillery/rules/../data/models/MA-test/cat+oci+spa-eng/model2_student/model.npz.optimizer.npz
[2025-03-28 11:43:15] Saving model weights and runtime parameters to /scratch/project_2011987/OpusDistillery/rules/../data/models/MA-test/cat+oci+spa-eng/model2_student/model.npz.best-perplexity.npz
[2025-03-28 11:43:16] [valid] Ep. 1 : Up. 10000 : perplexity : 3.36405 : new best
[2025-03-28 11:50:13] Saving model weights and runtime parameters to /scratch/project_2011987/OpusDistillery/rules/../data/models/MA-test/cat+oci+spa-eng/model2_student/model.npz.best-chrf.npz
[2025-03-28 11:50:14] [valid] Ep. 1 : Up. 10000 : chrf : 68.8045 : new best
[2025-03-28 11:51:19] Saving model weights and runtime parameters to /scratch/project_2011987/OpusDistillery/rules/../data/models/MA-test/cat+oci+spa-eng/model2_student/model.npz.best-ce-mean-words.npz
[2025-03-28 11:51:20] [valid] Ep. 1 : Up. 10000 : ce-mean-words : 1.21314 : new best
[2025-03-28 11:58:19] Ep. 1 : Up. 11000 : Sen. 7,410,988 : Cost 1.04879308 : Time 973.21s : 16695.93 words/s : gNorm 1.2120 : L.r. 2.0625e-04
[2025-03-28 12:05:28] Ep. 1 : Up. 12000 : Sen. 8,088,133 : Cost 0.96300864 : Time 428.98s : 38457.65 words/s : gNorm 1.0200 : L.r. 2.2500e-04
[2025-03-28 12:12:28] Ep. 1 : Up. 13000 : Sen. 8,775,014 : Cost 0.88739085 : Time 419.57s : 38948.72 words/s : gNorm 1.0311 : L.r. 2.4375e-04
[2025-03-28 12:19:36] Ep. 1 : Up. 14000 : Sen. 9,417,559 : Cost 0.82538283 : Time 428.52s : 38490.72 words/s : gNorm 0.8404 : L.r. 2.6250e-04
[2025-03-28 12:26:35] Ep. 1 : Up. 15000 : Sen. 10,101,889 : Cost 0.78235376 : Time 418.93s : 39103.87 words/s : gNorm 0.8407 : L.r. 2.8125e-04
[2025-03-28 12:26:35] Saving model weights and runtime parameters to /scratch/project_2011987/OpusDistillery/rules/../data/models/MA-test/cat+oci+spa-eng/model2_student/model.npz
[2025-03-28 12:26:36] Saving Adam parameters
[2025-03-28 12:26:37] [training] Saving training checkpoint to /scratch/project_2011987/OpusDistillery/rules/../data/models/MA-test/cat+oci+spa-eng/model2_student/model.npz and /scratch/project_2011987/OpusDistillery/rules/../data/models/MA-test/cat+oci+spa-eng/model2_student/model.npz.optimizer.npz
[2025-03-28 12:27:44] Saving model weights and runtime parameters to /scratch/project_2011987/OpusDistillery/rules/../data/models/MA-test/cat+oci+spa-eng/model2_student/model.npz.best-perplexity.npz
[2025-03-28 12:27:44] [valid] Ep. 1 : Up. 15000 : perplexity : 2.76773 : new best
[2025-03-28 12:34:44] Saving model weights and runtime parameters to /scratch/project_2011987/OpusDistillery/rules/../data/models/MA-test/cat+oci+spa-eng/model2_student/model.npz.best-chrf.npz
[2025-03-28 12:34:44] [valid] Ep. 1 : Up. 15000 : chrf : 71.5378 : new best
[2025-03-28 12:35:49] Saving model weights and runtime parameters to /scratch/project_2011987/OpusDistillery/rules/../data/models/MA-test/cat+oci+spa-eng/model2_student/model.npz.best-ce-mean-words.npz
[2025-03-28 12:35:50] [valid] Ep. 1 : Up. 15000 : ce-mean-words : 1.01803 : new best
[2025-03-28 12:42:52] Ep. 1 : Up. 16000 : Sen. 10,784,331 : Cost 0.74708021 : Time 976.99s : 16807.98 words/s : gNorm 0.7837 : L.r. 3.0000e-04
[2025-03-28 12:49:56] Ep. 1 : Up. 17000 : Sen. 11,466,337 : Cost 0.70763689 : Time 423.89s : 38704.62 words/s : gNorm 0.7072 : L.r. 3.0000e-04
[2025-03-28 12:57:01] Ep. 1 : Up. 18000 : Sen. 12,133,645 : Cost 0.67763215 : Time 425.12s : 38774.65 words/s : gNorm 0.6899 : L.r. 3.0000e-04
[2025-03-28 13:04:03] Ep. 1 : Up. 19000 : Sen. 12,801,260 : Cost 0.65292257 : Time 421.58s : 38761.60 words/s : gNorm 0.6419 : L.r. 3.0000e-04
[2025-03-28 13:11:01] Ep. 1 : Up. 20000 : Sen. 13,474,365 : Cost 0.62501580 : Time 418.58s : 39000.48 words/s : gNorm 0.5984 : L.r. 3.0000e-04
[2025-03-28 13:11:01] Saving model weights and runtime parameters to /scratch/project_2011987/OpusDistillery/rules/../data/models/MA-test/cat+oci+spa-eng/model2_student/model.npz
[2025-03-28 13:11:02] Saving Adam parameters
[2025-03-28 13:11:03] [training] Saving training checkpoint to /scratch/project_2011987/OpusDistillery/rules/../data/models/MA-test/cat+oci+spa-eng/model2_student/model.npz and /scratch/project_2011987/OpusDistillery/rules/../data/models/MA-test/cat+oci+spa-eng/model2_student/model.npz.optimizer.npz
[2025-03-28 13:12:10] Saving model weights and runtime parameters to /scratch/project_2011987/OpusDistillery/rules/../data/models/MA-test/cat+oci+spa-eng/model2_student/model.npz.best-perplexity.npz
[2025-03-28 13:12:11] [valid] Ep. 1 : Up. 20000 : perplexity : 2.49607 : new best
[2025-03-28 13:19:03] Saving model weights and runtime parameters to /scratch/project_2011987/OpusDistillery/rules/../data/models/MA-test/cat+oci+spa-eng/model2_student/model.npz.best-chrf.npz
[2025-03-28 13:19:03] [valid] Ep. 1 : Up. 20000 : chrf : 72.664 : new best
[2025-03-28 13:20:09] Saving model weights and runtime parameters to /scratch/project_2011987/OpusDistillery/rules/../data/models/MA-test/cat+oci+spa-eng/model2_student/model.npz.best-ce-mean-words.npz
[2025-03-28 13:20:10] [valid] Ep. 1 : Up. 20000 : ce-mean-words : 0.914718 : new best
[2025-03-28 13:27:14] Ep. 1 : Up. 21000 : Sen. 14,151,226 : Cost 0.59904337 : Time 972.74s : 16953.62 words/s : gNorm 0.6078 : L.r. 3.0000e-04
[2025-03-28 13:34:16] Ep. 1 : Up. 22000 : Sen. 14,828,230 : Cost 0.58493870 : Time 422.15s : 39002.62 words/s : gNorm 0.5913 : L.r. 3.0000e-04
[2025-03-28 13:41:19] Ep. 1 : Up. 23000 : Sen. 15,487,360 : Cost 0.56985837 : Time 422.76s : 38799.28 words/s : gNorm 0.5876 : L.r. 3.0000e-04
[2025-03-28 13:48:21] Ep. 1 : Up. 24000 : Sen. 16,170,734 : Cost 0.55306780 : Time 421.80s : 39005.54 words/s : gNorm 0.5206 : L.r. 3.0000e-04
[2025-03-28 13:55:20] Ep. 1 : Up. 25000 : Sen. 16,834,722 : Cost 0.54124498 : Time 419.63s : 38815.36 words/s : gNorm 0.5253 : L.r. 3.0000e-04
[2025-03-28 13:55:20] Saving model weights and runtime parameters to /scratch/project_2011987/OpusDistillery/rules/../data/models/MA-test/cat+oci+spa-eng/model2_student/model.npz
[2025-03-28 13:55:21] Saving Adam parameters
[2025-03-28 13:55:22] [training] Saving training checkpoint to /scratch/project_2011987/OpusDistillery/rules/../data/models/MA-test/cat+oci+spa-eng/model2_student/model.npz and /scratch/project_2011987/OpusDistillery/rules/../data/models/MA-test/cat+oci+spa-eng/model2_student/model.npz.optimizer.npz
[2025-03-28 13:56:30] Saving model weights and runtime parameters to /scratch/project_2011987/OpusDistillery/rules/../data/models/MA-test/cat+oci+spa-eng/model2_student/model.npz.best-perplexity.npz
[2025-03-28 13:56:30] [valid] Ep. 1 : Up. 25000 : perplexity : 2.34515 : new best
[2025-03-28 14:03:16] Saving model weights and runtime parameters to /scratch/project_2011987/OpusDistillery/rules/../data/models/MA-test/cat+oci+spa-eng/model2_student/model.npz.best-chrf.npz
[2025-03-28 14:03:17] [valid] Ep. 1 : Up. 25000 : chrf : 73.5087 : new best
[2025-03-28 14:04:22] Saving model weights and runtime parameters to /scratch/project_2011987/OpusDistillery/rules/../data/models/MA-test/cat+oci+spa-eng/model2_student/model.npz.best-ce-mean-words.npz
[2025-03-28 14:04:23] [valid] Ep. 1 : Up. 25000 : ce-mean-words : 0.852351 : new best
[2025-03-28 14:11:31] Ep. 1 : Up. 26000 : Sen. 17,529,774 : Cost 0.53204477 : Time 970.56s : 16934.26 words/s : gNorm 0.5410 : L.r. 3.0000e-04
[2025-03-28 14:18:33] Ep. 1 : Up. 27000 : Sen. 18,210,114 : Cost 0.52099663 : Time 421.93s : 38980.74 words/s : gNorm 0.4927 : L.r. 3.0000e-04
[2025-03-28 14:25:35] Ep. 1 : Up. 28000 : Sen. 18,868,524 : Cost 0.51118642 : Time 422.72s : 38782.79 words/s : gNorm 0.5209 : L.r. 3.0000e-04
[2025-03-28 14:32:35] Ep. 1 : Up. 29000 : Sen. 19,536,306 : Cost 0.50304049 : Time 419.62s : 38864.21 words/s : gNorm 0.5245 : L.r. 3.0000e-04
[2025-03-28 14:36:20] Seen 19,896,896 samples
[2025-03-28 14:36:20] Starting data epoch 2 in logical epoch 2
[2025-03-28 14:36:20] [data] Shuffling data
[2025-03-28 14:36:21] [data] Done shuffling 19,897,021 sentences (cached in RAM)
[2025-03-28 14:40:09] Ep. 2 : Up. 30000 : Sen. 304,294 : Cost 0.48806274 : Time 453.45s : 36107.40 words/s : gNorm 0.5240 : L.r. 3.0000e-04
[2025-03-28 14:40:09] Saving model weights and runtime parameters to /scratch/project_2011987/OpusDistillery/rules/../data/models/MA-test/cat+oci+spa-eng/model2_student/model.npz
[2025-03-28 14:40:09] Saving Adam parameters
[2025-03-28 14:40:10] [training] Saving training checkpoint to /scratch/project_2011987/OpusDistillery/rules/../data/models/MA-test/cat+oci+spa-eng/model2_student/model.npz and /scratch/project_2011987/OpusDistillery/rules/../data/models/MA-test/cat+oci+spa-eng/model2_student/model.npz.optimizer.npz
[2025-03-28 14:41:18] [valid] Ep. 2 : Up. 30000 : perplexity : 2.3831 : stalled 1 times (last best: 2.34515)
[2025-03-28 14:48:05] Saving model weights and runtime parameters to /scratch/project_2011987/OpusDistillery/rules/../data/models/MA-test/cat+oci+spa-eng/model2_student/model.npz.best-chrf.npz
[2025-03-28 14:48:06] [valid] Ep. 2 : Up. 30000 : chrf : 74.2548 : new best
[2025-03-28 14:49:11] [valid] Ep. 2 : Up. 30000 : ce-mean-words : 0.868404 : stalled 1 times (last best: 0.852351)
[2025-03-28 14:56:11] Ep. 2 : Up. 31000 : Sen. 985,974 : Cost 0.47834063 : Time 962.83s : 17024.33 words/s : gNorm 0.5113 : L.r. 3.0000e-04
[2025-03-28 15:03:17] Ep. 2 : Up. 32000 : Sen. 1,656,331 : Cost 0.47430170 : Time 425.29s : 38314.72 words/s : gNorm 0.5015 : L.r. 3.0000e-04
[2025-03-28 15:10:20] Ep. 2 : Up. 33000 : Sen. 2,329,065 : Cost 0.46103334 : Time 423.75s : 39028.89 words/s : gNorm 0.4892 : L.r. 2.9542e-04
[2025-03-28 15:17:21] Ep. 2 : Up. 34000 : Sen. 3,007,160 : Cost 0.46168759 : Time 420.67s : 38916.51 words/s : gNorm 0.4965 : L.r. 2.9104e-04
[2025-03-28 15:24:21] Ep. 2 : Up. 35000 : Sen. 3,686,693 : Cost 0.45183089 : Time 420.17s : 38972.56 words/s : gNorm 0.4723 : L.r. 2.8685e-04
[2025-03-28 15:24:21] Saving model weights and runtime parameters to /scratch/project_2011987/OpusDistillery/rules/../data/models/MA-test/cat+oci+spa-eng/model2_student/model.npz
[2025-03-28 15:24:22] Saving Adam parameters
[2025-03-28 15:24:23] [training] Saving training checkpoint to /scratch/project_2011987/OpusDistillery/rules/../data/models/MA-test/cat+oci+spa-eng/model2_student/model.npz and /scratch/project_2011987/OpusDistillery/rules/../data/models/MA-test/cat+oci+spa-eng/model2_student/model.npz.optimizer.npz
[2025-03-28 15:25:30] Saving model weights and runtime parameters to /scratch/project_2011987/OpusDistillery/rules/../data/models/MA-test/cat+oci+spa-eng/model2_student/model.npz.best-perplexity.npz
[2025-03-28 15:25:31] [valid] Ep. 2 : Up. 35000 : perplexity : 2.25839 : new best
[2025-03-28 15:32:15] [valid] Ep. 2 : Up. 35000 : chrf : 74.2019 : stalled 1 times (last best: 74.2548)
[2025-03-28 15:33:20] Saving model weights and runtime parameters to /scratch/project_2011987/OpusDistillery/rules/../data/models/MA-test/cat+oci+spa-eng/model2_student/model.npz.best-ce-mean-words.npz
[2025-03-28 15:33:21] [valid] Ep. 2 : Up. 35000 : ce-mean-words : 0.814654 : new best
[2025-03-28 15:40:25] Ep. 2 : Up. 36000 : Sen. 4,358,211 : Cost 0.44823813 : Time 963.26s : 17092.63 words/s : gNorm 0.4717 : L.r. 2.8284e-04
[2025-03-28 15:47:27] Ep. 2 : Up. 37000 : Sen. 5,037,251 : Cost 0.44031772 : Time 422.82s : 38912.94 words/s : gNorm 0.4500 : L.r. 2.7899e-04
[2025-03-28 15:54:30] Ep. 2 : Up. 38000 : Sen. 5,693,259 : Cost 0.43789959 : Time 422.72s : 38886.67 words/s : gNorm 0.4571 : L.r. 2.7530e-04
[2025-03-28 16:01:34] Ep. 2 : Up. 39000 : Sen. 6,369,739 : Cost 0.42816091 : Time 423.63s : 38819.72 words/s : gNorm 0.4758 : L.r. 2.7175e-04
[2025-03-28 16:08:34] Ep. 2 : Up. 40000 : Sen. 7,047,769 : Cost 0.42643273 : Time 420.54s : 38823.87 words/s : gNorm 0.4682 : L.r. 2.6833e-04
[2025-03-28 16:08:34] Saving model weights and runtime parameters to /scratch/project_2011987/OpusDistillery/rules/../data/models/MA-test/cat+oci+spa-eng/model2_student/model.npz
[2025-03-28 16:08:35] Saving Adam parameters
[2025-03-28 16:08:36] [training] Saving training checkpoint to /scratch/project_2011987/OpusDistillery/rules/../data/models/MA-test/cat+oci+spa-eng/model2_student/model.npz and /scratch/project_2011987/OpusDistillery/rules/../data/models/MA-test/cat+oci+spa-eng/model2_student/model.npz.optimizer.npz
[2025-03-28 16:09:43] Saving model weights and runtime parameters to /scratch/project_2011987/OpusDistillery/rules/../data/models/MA-test/cat+oci+spa-eng/model2_student/model.npz.best-perplexity.npz
[2025-03-28 16:09:44] [valid] Ep. 2 : Up. 40000 : perplexity : 2.21522 : new best
[2025-03-28 16:16:29] Saving model weights and runtime parameters to /scratch/project_2011987/OpusDistillery/rules/../data/models/MA-test/cat+oci+spa-eng/model2_student/model.npz.best-chrf.npz
[2025-03-28 16:16:29] [valid] Ep. 2 : Up. 40000 : chrf : 74.8786 : new best
[2025-03-28 16:17:34] Saving model weights and runtime parameters to /scratch/project_2011987/OpusDistillery/rules/../data/models/MA-test/cat+oci+spa-eng/model2_student/model.npz.best-ce-mean-words.npz
[2025-03-28 16:17:35] [valid] Ep. 2 : Up. 40000 : ce-mean-words : 0.795353 : new best
[2025-03-28 16:24:37] Ep. 2 : Up. 41000 : Sen. 7,713,403 : Cost 0.42153466 : Time 962.57s : 17027.26 words/s : gNorm 0.4327 : L.r. 2.6504e-04
[2025-03-28 16:31:34] Ep. 2 : Up. 42000 : Sen. 8,402,880 : Cost 0.41746059 : Time 417.63s : 39000.31 words/s : gNorm 0.4444 : L.r. 2.6186e-04
[2025-03-28 16:38:38] Ep. 2 : Up. 43000 : Sen. 9,062,818 : Cost 0.41079473 : Time 423.72s : 38793.92 words/s : gNorm 0.4630 : L.r. 2.5880e-04
[2025-03-28 16:45:41] Ep. 2 : Up. 44000 : Sen. 9,736,790 : Cost 0.40766305 : Time 423.19s : 38899.84 words/s : gNorm 0.4569 : L.r. 2.5584e-04
[2025-03-28 16:52:41] Ep. 2 : Up. 45000 : Sen. 10,421,761 : Cost 0.40450248 : Time 419.73s : 39089.67 words/s : gNorm 0.4416 : L.r. 2.5298e-04
[2025-03-28 16:52:41] Saving model weights and runtime parameters to /scratch/project_2011987/OpusDistillery/rules/../data/models/MA-test/cat+oci+spa-eng/model2_student/model.npz
[2025-03-28 16:52:42] Saving Adam parameters
[2025-03-28 16:52:43] [training] Saving training checkpoint to /scratch/project_2011987/OpusDistillery/rules/../data/models/MA-test/cat+oci+spa-eng/model2_student/model.npz and /scratch/project_2011987/OpusDistillery/rules/../data/models/MA-test/cat+oci+spa-eng/model2_student/model.npz.optimizer.npz
[2025-03-28 16:53:50] [valid] Ep. 2 : Up. 45000 : perplexity : 2.22184 : stalled 1 times (last best: 2.21522)
[2025-03-28 17:00:37] Saving model weights and runtime parameters to /scratch/project_2011987/OpusDistillery/rules/../data/models/MA-test/cat+oci+spa-eng/model2_student/model.npz.best-chrf.npz
[2025-03-28 17:00:38] [valid] Ep. 2 : Up. 45000 : chrf : 75.2811 : new best
[2025-03-28 17:01:43] [valid] Ep. 2 : Up. 45000 : ce-mean-words : 0.798337 : stalled 1 times (last best: 0.795353)
[2025-03-28 17:08:46] Ep. 2 : Up. 46000 : Sen. 11,096,135 : Cost 0.40056098 : Time 964.34s : 17026.95 words/s : gNorm 0.4519 : L.r. 2.5022e-04
[2025-03-28 17:15:48] Ep. 2 : Up. 47000 : Sen. 11,764,628 : Cost 0.39738554 : Time 422.69s : 38821.08 words/s : gNorm 0.4551 : L.r. 2.4754e-04
[2025-03-28 17:22:48] Ep. 2 : Up. 48000 : Sen. 12,453,645 : Cost 0.39239979 : Time 419.32s : 39117.88 words/s : gNorm 0.4652 : L.r. 2.4495e-04
[2025-03-28 17:29:53] Ep. 2 : Up. 49000 : Sen. 13,106,697 : Cost 0.39016807 : Time 425.64s : 38601.27 words/s : gNorm 0.4521 : L.r. 2.4244e-04
[2025-03-28 17:36:54] Ep. 2 : Up. 50000 : Sen. 13,788,588 : Cost 0.38511831 : Time 421.02s : 39020.70 words/s : gNorm 0.4595 : L.r. 2.4000e-04
[2025-03-28 17:36:54] Saving model weights and runtime parameters to /scratch/project_2011987/OpusDistillery/rules/../data/models/MA-test/cat+oci+spa-eng/model2_student/model.npz
[2025-03-28 17:36:55] Saving Adam parameters
[2025-03-28 17:36:56] [training] Saving training checkpoint to /scratch/project_2011987/OpusDistillery/rules/../data/models/MA-test/cat+oci+spa-eng/model2_student/model.npz and /scratch/project_2011987/OpusDistillery/rules/../data/models/MA-test/cat+oci+spa-eng/model2_student/model.npz.optimizer.npz
[2025-03-28 17:38:03] Saving model weights and runtime parameters to /scratch/project_2011987/OpusDistillery/rules/../data/models/MA-test/cat+oci+spa-eng/model2_student/model.npz.best-perplexity.npz
[2025-03-28 17:38:04] [valid] Ep. 2 : Up. 50000 : perplexity : 2.15051 : new best
[2025-03-28 17:44:54] [valid] Ep. 2 : Up. 50000 : chrf : 75.2178 : stalled 1 times (last best: 75.2811)
[2025-03-28 17:45:59] Saving model weights and runtime parameters to /scratch/project_2011987/OpusDistillery/rules/../data/models/MA-test/cat+oci+spa-eng/model2_student/model.npz.best-ce-mean-words.npz
[2025-03-28 17:46:00] [valid] Ep. 2 : Up. 50000 : ce-mean-words : 0.765707 : new best
[2025-03-28 17:53:00] Ep. 2 : Up. 51000 : Sen. 14,473,755 : Cost 0.38484681 : Time 966.16s : 16967.81 words/s : gNorm 0.4313 : L.r. 2.3764e-04
[2025-03-28 18:00:04] Ep. 2 : Up. 52000 : Sen. 15,130,093 : Cost 0.37887877 : Time 423.33s : 38899.22 words/s : gNorm 0.4232 : L.r. 2.3534e-04
[2025-03-28 18:07:05] Ep. 2 : Up. 53000 : Sen. 15,807,808 : Cost 0.37938169 : Time 420.78s : 38931.97 words/s : gNorm 0.4244 : L.r. 2.3311e-04
[2025-03-28 18:14:04] Ep. 2 : Up. 54000 : Sen. 16,474,836 : Cost 0.37663388 : Time 418.99s : 38711.82 words/s : gNorm 0.4384 : L.r. 2.3094e-04
[2025-03-28 18:21:09] Ep. 2 : Up. 55000 : Sen. 17,148,201 : Cost 0.36881408 : Time 425.26s : 38986.78 words/s : gNorm 0.4244 : L.r. 2.2883e-04
[2025-03-28 18:21:09] Saving model weights and runtime parameters to /scratch/project_2011987/OpusDistillery/rules/../data/models/MA-test/cat+oci+spa-eng/model2_student/model.npz
[2025-03-28 18:21:10] Saving Adam parameters
[2025-03-28 18:21:11] [training] Saving training checkpoint to /scratch/project_2011987/OpusDistillery/rules/../data/models/MA-test/cat+oci+spa-eng/model2_student/model.npz and /scratch/project_2011987/OpusDistillery/rules/../data/models/MA-test/cat+oci+spa-eng/model2_student/model.npz.optimizer.npz
[2025-03-28 18:22:18] [valid] Ep. 2 : Up. 55000 : perplexity : 2.17976 : stalled 1 times (last best: 2.15051)
[2025-03-28 18:29:01] Saving model weights and runtime parameters to /scratch/project_2011987/OpusDistillery/rules/../data/models/MA-test/cat+oci+spa-eng/model2_student/model.npz.best-chrf.npz
[2025-03-28 18:29:02] [valid] Ep. 2 : Up. 55000 : chrf : 75.3452 : new best
[2025-03-28 18:30:07] [valid] Ep. 2 : Up. 55000 : ce-mean-words : 0.779217 : stalled 1 times (last best: 0.765707)
[2025-03-28 18:37:10] Ep. 2 : Up. 56000 : Sen. 17,830,460 : Cost 0.36810130 : Time 961.24s : 17132.65 words/s : gNorm 0.4257 : L.r. 2.2678e-04
[2025-03-28 18:44:12] Ep. 2 : Up. 57000 : Sen. 18,489,097 : Cost 0.36834487 : Time 421.56s : 38661.82 words/s : gNorm 0.4350 : L.r. 2.2478e-04
[2025-03-28 18:51:13] Ep. 2 : Up. 58000 : Sen. 19,173,416 : Cost 0.36431870 : Time 421.69s : 39115.20 words/s : gNorm 0.4227 : L.r. 2.2283e-04
[2025-03-28 18:58:12] Ep. 2 : Up. 59000 : Sen. 19,845,460 : Cost 0.36337531 : Time 419.01s : 38917.59 words/s : gNorm 0.4173 : L.r. 2.2094e-04
[2025-03-28 18:58:42] Seen 19,896,896 samples
[2025-03-28 18:58:42] Starting data epoch 3 in logical epoch 3
[2025-03-28 18:58:42] [data] Shuffling data
[2025-03-28 18:58:43] [data] Done shuffling 19,897,021 sentences (cached in RAM)
[2025-03-28 19:05:38] Ep. 3 : Up. 60000 : Sen. 638,113 : Cost 0.34127206 : Time 445.52s : 37066.55 words/s : gNorm 0.3892 : L.r. 2.1909e-04
[2025-03-28 19:05:38] Saving model weights and runtime parameters to /scratch/project_2011987/OpusDistillery/rules/../data/models/MA-test/cat+oci+spa-eng/model2_student/model.npz
[2025-03-28 19:05:39] Saving Adam parameters
[2025-03-28 19:05:40] [training] Saving training checkpoint to /scratch/project_2011987/OpusDistillery/rules/../data/models/MA-test/cat+oci+spa-eng/model2_student/model.npz and /scratch/project_2011987/OpusDistillery/rules/../data/models/MA-test/cat+oci+spa-eng/model2_student/model.npz.optimizer.npz
[2025-03-28 19:06:47] [valid] Ep. 3 : Up. 60000 : perplexity : 2.16817 : stalled 2 times (last best: 2.15051)
[2025-03-28 19:16:11] Saving model weights and runtime parameters to /scratch/project_2011987/OpusDistillery/rules/../data/models/MA-test/cat+oci+spa-eng/model2_student/model.npz.best-chrf.npz
[2025-03-28 19:16:12] [valid] Ep. 3 : Up. 60000 : chrf : 75.5064 : new best
[2025-03-28 19:17:17] [valid] Ep. 3 : Up. 60000 : ce-mean-words : 0.773883 : stalled 2 times (last best: 0.765707)
[2025-03-28 19:24:17] Ep. 3 : Up. 61000 : Sen. 1,303,922 : Cost 0.34624371 : Time 1119.15s : 14550.62 words/s : gNorm 0.4076 : L.r. 2.1729e-04
[2025-03-28 19:31:20] Ep. 3 : Up. 62000 : Sen. 1,972,273 : Cost 0.34102455 : Time 422.43s : 38995.48 words/s : gNorm 0.4090 : L.r. 2.1553e-04
[2025-03-28 19:38:22] Ep. 3 : Up. 63000 : Sen. 2,656,996 : Cost 0.34141141 : Time 421.76s : 38995.18 words/s : gNorm 0.4060 : L.r. 2.1381e-04
[2025-03-28 19:45:26] Ep. 3 : Up. 64000 : Sen. 3,323,289 : Cost 0.34263599 : Time 424.21s : 38652.65 words/s : gNorm 0.4055 : L.r. 2.1213e-04
[2025-03-28 19:52:27] Ep. 3 : Up. 65000 : Sen. 3,997,380 : Cost 0.33930099 : Time 420.56s : 38948.94 words/s : gNorm 0.4162 : L.r. 2.1049e-04
[2025-03-28 19:52:27] Saving model weights and runtime parameters to /scratch/project_2011987/OpusDistillery/rules/../data/models/MA-test/cat+oci+spa-eng/model2_student/model.npz
[2025-03-28 19:52:27] Saving Adam parameters
[2025-03-28 19:52:28] [training] Saving training checkpoint to /scratch/project_2011987/OpusDistillery/rules/../data/models/MA-test/cat+oci+spa-eng/model2_student/model.npz and /scratch/project_2011987/OpusDistillery/rules/../data/models/MA-test/cat+oci+spa-eng/model2_student/model.npz.optimizer.npz
[2025-03-28 19:53:36] Saving model weights and runtime parameters to /scratch/project_2011987/OpusDistillery/rules/../data/models/MA-test/cat+oci+spa-eng/model2_student/model.npz.best-perplexity.npz
[2025-03-28 19:53:36] [valid] Ep. 3 : Up. 65000 : perplexity : 2.14461 : new best
[2025-03-28 20:00:20] Saving model weights and runtime parameters to /scratch/project_2011987/OpusDistillery/rules/../data/models/MA-test/cat+oci+spa-eng/model2_student/model.npz.best-chrf.npz
[2025-03-28 20:00:20] [valid] Ep. 3 : Up. 65000 : chrf : 75.7009 : new best
[2025-03-28 20:01:26] Saving model weights and runtime parameters to /scratch/project_2011987/OpusDistillery/rules/../data/models/MA-test/cat+oci+spa-eng/model2_student/model.npz.best-ce-mean-words.npz
[2025-03-28 20:01:26] [valid] Ep. 3 : Up. 65000 : ce-mean-words : 0.762956 : new best
[2025-03-28 20:08:29] Ep. 3 : Up. 66000 : Sen. 4,648,559 : Cost 0.33771926 : Time 962.46s : 17012.85 words/s : gNorm 0.3978 : L.r. 2.0889e-04
[2025-03-28 20:15:29] Ep. 3 : Up. 67000 : Sen. 5,344,178 : Cost 0.33812708 : Time 419.78s : 39096.95 words/s : gNorm 0.4311 : L.r. 2.0733e-04
[2025-03-28 20:22:40] Ep. 3 : Up. 68000 : Sen. 6,013,412 : Cost 0.33469337 : Time 431.25s : 37947.68 words/s : gNorm 0.4215 : L.r. 2.0580e-04
[2025-03-28 20:29:43] Ep. 3 : Up. 69000 : Sen. 6,692,569 : Cost 0.33312851 : Time 423.18s : 39123.24 words/s : gNorm 0.4007 : L.r. 2.0430e-04
[2025-03-28 20:36:45] Ep. 3 : Up. 70000 : Sen. 7,376,123 : Cost 0.33538535 : Time 421.74s : 38990.92 words/s : gNorm 0.3987 : L.r. 2.0284e-04
[2025-03-28 20:36:45] Saving model weights and runtime parameters to /scratch/project_2011987/OpusDistillery/rules/../data/models/MA-test/cat+oci+spa-eng/model2_student/model.npz
[2025-03-28 20:36:46] Saving Adam parameters
[2025-03-28 20:36:47] [training] Saving training checkpoint to /scratch/project_2011987/OpusDistillery/rules/../data/models/MA-test/cat+oci+spa-eng/model2_student/model.npz and /scratch/project_2011987/OpusDistillery/rules/../data/models/MA-test/cat+oci+spa-eng/model2_student/model.npz.optimizer.npz
[2025-03-28 20:37:54] Saving model weights and runtime parameters to /scratch/project_2011987/OpusDistillery/rules/../data/models/MA-test/cat+oci+spa-eng/model2_student/model.npz.best-perplexity.npz
[2025-03-28 20:37:55] [valid] Ep. 3 : Up. 70000 : perplexity : 2.07944 : new best
[2025-03-28 20:44:41] Saving model weights and runtime parameters to /scratch/project_2011987/OpusDistillery/rules/../data/models/MA-test/cat+oci+spa-eng/model2_student/model.npz.best-chrf.npz
[2025-03-28 20:44:42] [valid] Ep. 3 : Up. 70000 : chrf : 76.0503 : new best
[2025-03-28 20:45:48] Saving model weights and runtime parameters to /scratch/project_2011987/OpusDistillery/rules/../data/models/MA-test/cat+oci+spa-eng/model2_student/model.npz.best-ce-mean-words.npz
[2025-03-28 20:45:49] [valid] Ep. 3 : Up. 70000 : ce-mean-words : 0.732097 : new best
[2025-03-28 20:52:48] Ep. 3 : Up. 71000 : Sen. 8,041,510 : Cost 0.33224675 : Time 963.46s : 16906.68 words/s : gNorm 0.3867 : L.r. 2.0140e-04
[2025-03-28 20:59:49] Ep. 3 : Up. 72000 : Sen. 8,728,376 : Cost 0.33187339 : Time 420.88s : 39009.77 words/s : gNorm 0.3920 : L.r. 2.0000e-04
[2025-03-28 21:06:51] Ep. 3 : Up. 73000 : Sen. 9,397,943 : Cost 0.33070388 : Time 421.37s : 39002.41 words/s : gNorm 0.3989 : L.r. 1.9863e-04
[2025-03-28 21:13:54] Ep. 3 : Up. 74000 : Sen. 10,069,546 : Cost 0.32812133 : Time 423.03s : 38880.80 words/s : gNorm 0.4133 : L.r. 1.9728e-04
[2025-03-28 21:20:56] Ep. 3 : Up. 75000 : Sen. 10,734,343 : Cost 0.32660007 : Time 422.76s : 38827.00 words/s : gNorm 0.4258 : L.r. 1.9596e-04
[2025-03-28 21:20:56] Saving model weights and runtime parameters to /scratch/project_2011987/OpusDistillery/rules/../data/models/MA-test/cat+oci+spa-eng/model2_student/model.npz
[2025-03-28 21:20:57] Saving Adam parameters
[2025-03-28 21:20:58] [training] Saving training checkpoint to /scratch/project_2011987/OpusDistillery/rules/../data/models/MA-test/cat+oci+spa-eng/model2_student/model.npz and /scratch/project_2011987/OpusDistillery/rules/../data/models/MA-test/cat+oci+spa-eng/model2_student/model.npz.optimizer.npz
[2025-03-28 21:22:06] [valid] Ep. 3 : Up. 75000 : perplexity : 2.08443 : stalled 1 times (last best: 2.07944)
[2025-03-28 21:28:50] [valid] Ep. 3 : Up. 75000 : chrf : 75.7248 : stalled 1 times (last best: 76.0503)
[2025-03-28 21:29:55] [valid] Ep. 3 : Up. 75000 : ce-mean-words : 0.734495 : stalled 1 times (last best: 0.732097)
[2025-03-28 21:36:58] Ep. 3 : Up. 76000 : Sen. 11,410,015 : Cost 0.32453090 : Time 961.38s : 17163.01 words/s : gNorm 0.4009 : L.r. 1.9467e-04
[2025-03-28 21:43:59] Ep. 3 : Up. 77000 : Sen. 12,078,721 : Cost 0.32646263 : Time 421.01s : 38856.09 words/s : gNorm 0.3929 : L.r. 1.9340e-04
[2025-03-28 21:51:01] Ep. 3 : Up. 78000 : Sen. 12,747,001 : Cost 0.32227370 : Time 422.68s : 38973.94 words/s : gNorm 0.3776 : L.r. 1.9215e-04
[2025-03-28 21:58:03] Ep. 3 : Up. 79000 : Sen. 13,427,414 : Cost 0.32260418 : Time 421.22s : 38897.51 words/s : gNorm 0.4211 : L.r. 1.9093e-04
[2025-03-28 22:05:06] Ep. 3 : Up. 80000 : Sen. 14,103,896 : Cost 0.32425150 : Time 423.02s : 38634.43 words/s : gNorm 0.4056 : L.r. 1.8974e-04
[2025-03-28 22:05:06] Saving model weights and runtime parameters to /scratch/project_2011987/OpusDistillery/rules/../data/models/MA-test/cat+oci+spa-eng/model2_student/model.npz
[2025-03-28 22:05:07] Saving Adam parameters
[2025-03-28 22:05:08] [training] Saving training checkpoint to /scratch/project_2011987/OpusDistillery/rules/../data/models/MA-test/cat+oci+spa-eng/model2_student/model.npz and /scratch/project_2011987/OpusDistillery/rules/../data/models/MA-test/cat+oci+spa-eng/model2_student/model.npz.optimizer.npz
[2025-03-28 22:06:15] [valid] Ep. 3 : Up. 80000 : perplexity : 2.09635 : stalled 2 times (last best: 2.07944)
[2025-03-28 22:12:58] Saving model weights and runtime parameters to /scratch/project_2011987/OpusDistillery/rules/../data/models/MA-test/cat+oci+spa-eng/model2_student/model.npz.best-chrf.npz
[2025-03-28 22:12:59] [valid] Ep. 3 : Up. 80000 : chrf : 76.1101 : new best
[2025-03-28 22:14:05] [valid] Ep. 3 : Up. 80000 : ce-mean-words : 0.740199 : stalled 2 times (last best: 0.732097)
[2025-03-28 22:21:03] Ep. 3 : Up. 81000 : Sen. 14,771,124 : Cost 0.32072315 : Time 957.09s : 16996.99 words/s : gNorm 0.3888 : L.r. 1.8856e-04
[2025-03-28 22:28:04] Ep. 3 : Up. 82000 : Sen. 15,445,923 : Cost 0.32099265 : Time 420.73s : 39030.85 words/s : gNorm 0.3972 : L.r. 1.8741e-04
[2025-03-28 22:35:06] Ep. 3 : Up. 83000 : Sen. 16,121,596 : Cost 0.31692299 : Time 422.00s : 38997.07 words/s : gNorm 0.4189 : L.r. 1.8628e-04
[2025-03-28 22:42:06] Ep. 3 : Up. 84000 : Sen. 16,811,883 : Cost 0.31754220 : Time 420.37s : 39097.75 words/s : gNorm 0.3872 : L.r. 1.8516e-04
[2025-03-28 22:49:08] Ep. 3 : Up. 85000 : Sen. 17,478,418 : Cost 0.31790078 : Time 422.15s : 38826.03 words/s : gNorm 0.3965 : L.r. 1.8407e-04
[2025-03-28 22:49:08] Saving model weights and runtime parameters to /scratch/project_2011987/OpusDistillery/rules/../data/models/MA-test/cat+oci+spa-eng/model2_student/model.npz
[2025-03-28 22:49:09] Saving Adam parameters
[2025-03-28 22:49:10] [training] Saving training checkpoint to /scratch/project_2011987/OpusDistillery/rules/../data/models/MA-test/cat+oci+spa-eng/model2_student/model.npz and /scratch/project_2011987/OpusDistillery/rules/../data/models/MA-test/cat+oci+spa-eng/model2_student/model.npz.optimizer.npz
[2025-03-28 22:50:17] [valid] Ep. 3 : Up. 85000 : perplexity : 2.0936 : stalled 3 times (last best: 2.07944)
[2025-03-28 22:57:00] [valid] Ep. 3 : Up. 85000 : chrf : 76.0128 : stalled 1 times (last best: 76.1101)
[2025-03-28 22:58:06] [valid] Ep. 3 : Up. 85000 : ce-mean-words : 0.738884 : stalled 3 times (last best: 0.732097)
[2025-03-28 23:05:06] Ep. 3 : Up. 86000 : Sen. 18,141,190 : Cost 0.31490836 : Time 957.94s : 17128.52 words/s : gNorm 0.4008 : L.r. 1.8300e-04
[2025-03-28 23:12:07] Ep. 3 : Up. 87000 : Sen. 18,814,658 : Cost 0.31482127 : Time 420.93s : 38931.89 words/s : gNorm 0.4032 : L.r. 1.8194e-04
[2025-03-28 23:19:08] Ep. 3 : Up. 88000 : Sen. 19,497,656 : Cost 0.31406495 : Time 420.71s : 38970.57 words/s : gNorm 0.4091 : L.r. 1.8091e-04
[2025-03-28 23:23:22] Seen 19,896,896 samples
[2025-03-28 23:23:22] Starting data epoch 4 in logical epoch 4
[2025-03-28 23:23:22] [data] Shuffling data
[2025-03-28 23:23:23] [data] Done shuffling 19,897,021 sentences (cached in RAM)
[2025-03-28 23:26:39] Ep. 4 : Up. 89000 : Sen. 261,422 : Cost 0.30476078 : Time 451.25s : 36085.32 words/s : gNorm 0.3866 : L.r. 1.7989e-04
[2025-03-28 23:33:41] Ep. 4 : Up. 90000 : Sen. 939,042 : Cost 0.29411405 : Time 421.81s : 39006.65 words/s : gNorm 0.4214 : L.r. 1.7889e-04
[2025-03-28 23:33:41] Saving model weights and runtime parameters to /scratch/project_2011987/OpusDistillery/rules/../data/models/MA-test/cat+oci+spa-eng/model2_student/model.npz
[2025-03-28 23:33:42] Saving Adam parameters
[2025-03-28 23:33:43] [training] Saving training checkpoint to /scratch/project_2011987/OpusDistillery/rules/../data/models/MA-test/cat+oci+spa-eng/model2_student/model.npz and /scratch/project_2011987/OpusDistillery/rules/../data/models/MA-test/cat+oci+spa-eng/model2_student/model.npz.optimizer.npz
[2025-03-28 23:34:49] [valid] Ep. 4 : Up. 90000 : perplexity : 2.08021 : stalled 4 times (last best: 2.07944)
[2025-03-28 23:41:35] [valid] Ep. 4 : Up. 90000 : chrf : 75.8225 : stalled 2 times (last best: 76.1101)
[2025-03-28 23:42:40] [valid] Ep. 4 : Up. 90000 : ce-mean-words : 0.732467 : stalled 4 times (last best: 0.732097)
[2025-03-28 23:49:43] Ep. 4 : Up. 91000 : Sen. 1,609,545 : Cost 0.29288003 : Time 962.65s : 17148.19 words/s : gNorm 0.3849 : L.r. 1.7790e-04
[2025-03-28 23:56:45] Ep. 4 : Up. 92000 : Sen. 2,281,307 : Cost 0.29606646 : Time 421.38s : 38814.59 words/s : gNorm 0.4054 : L.r. 1.7693e-04
[2025-03-29 00:03:46] Ep. 4 : Up. 93000 : Sen. 2,967,012 : Cost 0.29540393 : Time 421.54s : 39026.80 words/s : gNorm 0.3824 : L.r. 1.7598e-04
[2025-03-29 00:10:47] Ep. 4 : Up. 94000 : Sen. 3,643,654 : Cost 0.29576239 : Time 419.97s : 38945.76 words/s : gNorm 0.3804 : L.r. 1.7504e-04
[2025-03-29 00:17:49] Ep. 4 : Up. 95000 : Sen. 4,301,100 : Cost 0.29550549 : Time 422.46s : 38630.67 words/s : gNorm 0.3986 : L.r. 1.7411e-04
[2025-03-29 00:17:49] Saving model weights and runtime parameters to /scratch/project_2011987/OpusDistillery/rules/../data/models/MA-test/cat+oci+spa-eng/model2_student/model.npz
[2025-03-29 00:17:50] Saving Adam parameters
[2025-03-29 00:17:51] [training] Saving training checkpoint to /scratch/project_2011987/OpusDistillery/rules/../data/models/MA-test/cat+oci+spa-eng/model2_student/model.npz and /scratch/project_2011987/OpusDistillery/rules/../data/models/MA-test/cat+oci+spa-eng/model2_student/model.npz.optimizer.npz
[2025-03-29 00:18:58] [valid] Ep. 4 : Up. 95000 : perplexity : 2.10752 : stalled 5 times (last best: 2.07944)
[2025-03-29 00:25:40] [valid] Ep. 4 : Up. 95000 : chrf : 75.7979 : stalled 3 times (last best: 76.1101)
[2025-03-29 00:26:45] [valid] Ep. 4 : Up. 95000 : ce-mean-words : 0.745514 : stalled 5 times (last best: 0.732097)
[2025-03-29 00:26:45] Training finished
[2025-03-29 00:26:45] Saving model weights and runtime parameters to /scratch/project_2011987/OpusDistillery/rules/../data/models/MA-test/cat+oci+spa-eng/model2_student/model.npz
[2025-03-29 00:26:46] Saving Adam parameters
[2025-03-29 00:26:47] [training] Saving training checkpoint to /scratch/project_2011987/OpusDistillery/rules/../data/models/MA-test/cat+oci+spa-eng/model2_student/model.npz and /scratch/project_2011987/OpusDistillery/rules/../data/models/MA-test/cat+oci+spa-eng/model2_student/model.npz.optimizer.npz
