[2025-06-05 13:22:08] [marian] Marian v1.12.31 a6ab8af8 2024-06-27 15:21:08 +0000
[2025-06-05 13:22:08] [marian] Running on r01g08.bullx as process 23 with command line:
[2025-06-05 13:22:08] [marian] /scratch/project_2011987/OpusDistillery/3rd_party/marian-dev/build//marian --model /scratch/project_2011987/OpusDistillery/rules/../data/models/MA-test/cat+oci+spa-eng/model2_tiny_student/model.npz -c configs/model/student.yml configs/training/student.train.yml --train-sets /scratch/project_2011987/OpusDistillery/rules/../data/data/MA-test/cat+oci+spa-eng/filtered/corpus.source.gz /scratch/project_2011987/OpusDistillery/rules/../data/data/MA-test/cat+oci+spa-eng/filtered/corpus.target.gz -T /scratch/project_2011987/OpusDistillery/rules/../data/models/MA-test/cat+oci+spa-eng/model2_tiny_student/tmp --shuffle-in-ram --vocabs /scratch/project_2011987/OpusDistillery/rules/../data/models/MA-test/cat+oci+spa-eng/vocab/vocab.spm /scratch/project_2011987/OpusDistillery/rules/../data/models/MA-test/cat+oci+spa-eng/vocab/vocab.spm -w 25000 --devices 0 1 --sharding local --sync-sgd --valid-metrics perplexity chrf ce-mean-words --valid-sets /scratch/project_2011987/OpusDistillery/rules/../data/data/MA-test/cat+oci+spa-eng/original/devset.student.source.gz /scratch/project_2011987/OpusDistillery/rules/../data/data/MA-test/cat+oci+spa-eng/original/devset.student.target.gz --valid-translation-output '/scratch/project_2011987/OpusDistillery/rules/../data/models/MA-test/cat+oci+spa-eng/model2_tiny_student/valid_outputs/validation-output-after-{U}-updates-{E}-epochs.txt' --quiet-translation --overwrite --keep-best --log /scratch/project_2011987/OpusDistillery/rules/../data/models/MA-test/cat+oci+spa-eng/model2_tiny_student/train.log --valid-log /scratch/project_2011987/OpusDistillery/rules/../data/models/MA-test/cat+oci+spa-eng/model2_tiny_student/valid.log
[2025-06-05 13:22:08] [config] after: 0e
[2025-06-05 13:22:08] [config] after-batches: 0
[2025-06-05 13:22:08] [config] after-epochs: 0
[2025-06-05 13:22:08] [config] all-caps-every: 0
[2025-06-05 13:22:08] [config] allow-unk: false
[2025-06-05 13:22:08] [config] authors: false
[2025-06-05 13:22:08] [config] beam-size: 1
[2025-06-05 13:22:08] [config] bert-class-symbol: "[CLS]"
[2025-06-05 13:22:08] [config] bert-mask-symbol: "[MASK]"
[2025-06-05 13:22:08] [config] bert-masking-fraction: 0.15
[2025-06-05 13:22:08] [config] bert-sep-symbol: "[SEP]"
[2025-06-05 13:22:08] [config] bert-train-type-embeddings: true
[2025-06-05 13:22:08] [config] bert-type-vocab-size: 2
[2025-06-05 13:22:08] [config] build-info: ""
[2025-06-05 13:22:08] [config] check-gradient-nan: false
[2025-06-05 13:22:08] [config] check-nan: false
[2025-06-05 13:22:08] [config] cite: false
[2025-06-05 13:22:08] [config] clip-norm: 0
[2025-06-05 13:22:08] [config] comet-augment-bad: 0
[2025-06-05 13:22:08] [config] comet-dropout: 0.1
[2025-06-05 13:22:08] [config] comet-final-sigmoid: false
[2025-06-05 13:22:08] [config] comet-mix: false
[2025-06-05 13:22:08] [config] comet-mix-norm: false
[2025-06-05 13:22:08] [config] comet-mix-transformation: softmax
[2025-06-05 13:22:08] [config] comet-mixup: 0
[2025-06-05 13:22:08] [config] comet-mixup-reg: false
[2025-06-05 13:22:08] [config] comet-pool: avg
[2025-06-05 13:22:08] [config] comet-pooler-ffn:
[2025-06-05 13:22:08] [config]   - 2048
[2025-06-05 13:22:08] [config]   - 1024
[2025-06-05 13:22:08] [config] comet-prepend-zero: false
[2025-06-05 13:22:08] [config] comet-stop-grad: false
[2025-06-05 13:22:08] [config] comet-use-separator: false
[2025-06-05 13:22:08] [config] cost-scaling:
[2025-06-05 13:22:08] [config]   []
[2025-06-05 13:22:08] [config] cost-type: ce-mean-words
[2025-06-05 13:22:08] [config] cpu-threads: 0
[2025-06-05 13:22:08] [config] custom-fallbacks:
[2025-06-05 13:22:08] [config]   []
[2025-06-05 13:22:08] [config] data-threads: 8
[2025-06-05 13:22:08] [config] data-weighting: ""
[2025-06-05 13:22:08] [config] data-weighting-type: sentence
[2025-06-05 13:22:08] [config] dec-cell: ssru
[2025-06-05 13:22:08] [config] dec-cell-base-depth: 2
[2025-06-05 13:22:08] [config] dec-cell-high-depth: 1
[2025-06-05 13:22:08] [config] dec-depth: 2
[2025-06-05 13:22:08] [config] devices:
[2025-06-05 13:22:08] [config]   - 0
[2025-06-05 13:22:08] [config]   - 1
[2025-06-05 13:22:08] [config] dim-emb: 256
[2025-06-05 13:22:08] [config] dim-rnn: 1024
[2025-06-05 13:22:08] [config] dim-vocabs:
[2025-06-05 13:22:08] [config]   - 0
[2025-06-05 13:22:08] [config]   - 0
[2025-06-05 13:22:08] [config] disp-first: 10
[2025-06-05 13:22:08] [config] disp-freq: 1000
[2025-06-05 13:22:08] [config] disp-label-counts: true
[2025-06-05 13:22:08] [config] dropout-rnn: 0.1
[2025-06-05 13:22:08] [config] dropout-src: 0
[2025-06-05 13:22:08] [config] dropout-trg: 0
[2025-06-05 13:22:08] [config] dump-config: ""
[2025-06-05 13:22:08] [config] dynamic-gradient-scaling:
[2025-06-05 13:22:08] [config]   []
[2025-06-05 13:22:08] [config] early-stopping: 5
[2025-06-05 13:22:08] [config] early-stopping-epsilon:
[2025-06-05 13:22:08] [config]   - 0
[2025-06-05 13:22:08] [config] early-stopping-on: first
[2025-06-05 13:22:08] [config] embedding-fix-src: false
[2025-06-05 13:22:08] [config] embedding-fix-trg: false
[2025-06-05 13:22:08] [config] embedding-normalization: false
[2025-06-05 13:22:08] [config] embedding-vectors:
[2025-06-05 13:22:08] [config]   []
[2025-06-05 13:22:08] [config] enc-cell: gru
[2025-06-05 13:22:08] [config] enc-cell-depth: 1
[2025-06-05 13:22:08] [config] enc-depth: 6
[2025-06-05 13:22:08] [config] enc-type: bidirectional
[2025-06-05 13:22:08] [config] english-title-case-every: 0
[2025-06-05 13:22:08] [config] exponential-smoothing: True
[2025-06-05 13:22:08] [config] exponential-smoothing-replace-freq: 0
[2025-06-05 13:22:08] [config] factor-weight: 1
[2025-06-05 13:22:08] [config] factors-combine: sum
[2025-06-05 13:22:08] [config] factors-dim-emb: 0
[2025-06-05 13:22:08] [config] gradient-checkpointing: false
[2025-06-05 13:22:08] [config] gradient-norm-average-window: 100
[2025-06-05 13:22:08] [config] guided-alignment: none
[2025-06-05 13:22:08] [config] guided-alignment-cost: ce
[2025-06-05 13:22:08] [config] guided-alignment-weight: 0.1
[2025-06-05 13:22:08] [config] ignore-model-config: false
[2025-06-05 13:22:08] [config] input-join-fields: false
[2025-06-05 13:22:08] [config] input-reorder:
[2025-06-05 13:22:08] [config]   []
[2025-06-05 13:22:08] [config] input-types:
[2025-06-05 13:22:08] [config]   []
[2025-06-05 13:22:08] [config] interpolate-env-vars: false
[2025-06-05 13:22:08] [config] keep-best: true
[2025-06-05 13:22:08] [config] label-smoothing: 0
[2025-06-05 13:22:08] [config] layer-normalization: false
[2025-06-05 13:22:08] [config] learn-rate: 0.0003
[2025-06-05 13:22:08] [config] lemma-dependency: ""
[2025-06-05 13:22:08] [config] lemma-dim-emb: 0
[2025-06-05 13:22:08] [config] log: /scratch/project_2011987/OpusDistillery/rules/../data/models/MA-test/cat+oci+spa-eng/model2_tiny_student/train.log
[2025-06-05 13:22:08] [config] log-level: info
[2025-06-05 13:22:08] [config] log-time-zone: ""
[2025-06-05 13:22:08] [config] logical-epoch:
[2025-06-05 13:22:08] [config]   - 1e
[2025-06-05 13:22:08] [config]   - 0
[2025-06-05 13:22:08] [config] lr-decay: 0
[2025-06-05 13:22:08] [config] lr-decay-freq: 50000
[2025-06-05 13:22:08] [config] lr-decay-inv-sqrt:
[2025-06-05 13:22:08] [config]   - 32000
[2025-06-05 13:22:08] [config] lr-decay-repeat-warmup: false
[2025-06-05 13:22:08] [config] lr-decay-reset-optimizer: false
[2025-06-05 13:22:08] [config] lr-decay-start:
[2025-06-05 13:22:08] [config]   - 10
[2025-06-05 13:22:08] [config]   - 1
[2025-06-05 13:22:08] [config] lr-decay-strategy: epoch+stalled
[2025-06-05 13:22:08] [config] lr-report: True
[2025-06-05 13:22:08] [config] lr-warmup: 16000
[2025-06-05 13:22:08] [config] lr-warmup-at-reload: false
[2025-06-05 13:22:08] [config] lr-warmup-cycle: false
[2025-06-05 13:22:08] [config] lr-warmup-start-rate: 0
[2025-06-05 13:22:08] [config] max-length: 200
[2025-06-05 13:22:08] [config] max-length-crop: false
[2025-06-05 13:22:08] [config] max-length-factor: 3
[2025-06-05 13:22:08] [config] maxi-batch: 1000
[2025-06-05 13:22:08] [config] maxi-batch-sort: trg
[2025-06-05 13:22:08] [config] mini-batch: 1000
[2025-06-05 13:22:08] [config] mini-batch-fit: True
[2025-06-05 13:22:08] [config] mini-batch-fit-step: 10
[2025-06-05 13:22:08] [config] mini-batch-round-up: true
[2025-06-05 13:22:08] [config] mini-batch-track-lr: false
[2025-06-05 13:22:08] [config] mini-batch-warmup: 0
[2025-06-05 13:22:08] [config] mini-batch-words: 0
[2025-06-05 13:22:08] [config] mini-batch-words-ref: 0
[2025-06-05 13:22:08] [config] model: /scratch/project_2011987/OpusDistillery/rules/../data/models/MA-test/cat+oci+spa-eng/model2_tiny_student/model.npz
[2025-06-05 13:22:08] [config] multi-loss-type: sum
[2025-06-05 13:22:08] [config] n-best: false
[2025-06-05 13:22:08] [config] no-nccl: false
[2025-06-05 13:22:08] [config] no-optimizer-reload: false
[2025-06-05 13:22:08] [config] no-reload: false
[2025-06-05 13:22:08] [config] no-restore-corpus: false
[2025-06-05 13:22:08] [config] no-spm-encode: false
[2025-06-05 13:22:08] [config] normalize: 1
[2025-06-05 13:22:08] [config] normalize-gradient: false
[2025-06-05 13:22:08] [config] normalize-gradient-by-ratio: false
[2025-06-05 13:22:08] [config] optimizer: adam
[2025-06-05 13:22:08] [config] optimizer-delay: 2
[2025-06-05 13:22:08] [config] optimizer-params:
[2025-06-05 13:22:08] [config]   - 0.9
[2025-06-05 13:22:08] [config]   - 0.98
[2025-06-05 13:22:08] [config]   - 1e-09
[2025-06-05 13:22:08] [config] output-omit-bias: false
[2025-06-05 13:22:08] [config] overwrite: true
[2025-06-05 13:22:08] [config] overwrite-checkpoint: true
[2025-06-05 13:22:08] [config] precision:
[2025-06-05 13:22:08] [config]   - float32
[2025-06-05 13:22:08] [config]   - float32
[2025-06-05 13:22:08] [config] pretrained-model: ""
[2025-06-05 13:22:08] [config] quantize-biases: false
[2025-06-05 13:22:08] [config] quantize-bits: 0
[2025-06-05 13:22:08] [config] quantize-log-based: false
[2025-06-05 13:22:08] [config] quantize-optimization-steps: 0
[2025-06-05 13:22:08] [config] quiet: false
[2025-06-05 13:22:08] [config] quiet-translation: true
[2025-06-05 13:22:08] [config] quiet-validation: false
[2025-06-05 13:22:08] [config] relative-paths: false
[2025-06-05 13:22:08] [config] right-left: false
[2025-06-05 13:22:08] [config] save-freq: 5000
[2025-06-05 13:22:08] [config] seed: 0
[2025-06-05 13:22:08] [config] sentencepiece-alphas:
[2025-06-05 13:22:08] [config]   []
[2025-06-05 13:22:08] [config] sentencepiece-max-lines: 2000000
[2025-06-05 13:22:08] [config] sentencepiece-options: ""
[2025-06-05 13:22:08] [config] separator-symbol: "[eos]"
[2025-06-05 13:22:08] [config] sharding: local
[2025-06-05 13:22:08] [config] shuffle: data
[2025-06-05 13:22:08] [config] shuffle-in-ram: true
[2025-06-05 13:22:08] [config] sigterm: save-and-exit
[2025-06-05 13:22:08] [config] skip: false
[2025-06-05 13:22:08] [config] sqlite: ""
[2025-06-05 13:22:08] [config] sqlite-drop: false
[2025-06-05 13:22:08] [config] sync-freq: 200u
[2025-06-05 13:22:08] [config] sync-sgd: true
[2025-06-05 13:22:08] [config] tempdir: /scratch/project_2011987/OpusDistillery/rules/../data/models/MA-test/cat+oci+spa-eng/model2_tiny_student/tmp
[2025-06-05 13:22:08] [config] throw-on-divergence:
[2025-06-05 13:22:08] [config]   []
[2025-06-05 13:22:08] [config] tied-embeddings: false
[2025-06-05 13:22:08] [config] tied-embeddings-all: true
[2025-06-05 13:22:08] [config] tied-embeddings-src: false
[2025-06-05 13:22:08] [config] train-embedder-rank:
[2025-06-05 13:22:08] [config]   []
[2025-06-05 13:22:08] [config] train-sets:
[2025-06-05 13:22:08] [config]   - /scratch/project_2011987/OpusDistillery/rules/../data/data/MA-test/cat+oci+spa-eng/filtered/corpus.source.gz
[2025-06-05 13:22:08] [config]   - /scratch/project_2011987/OpusDistillery/rules/../data/data/MA-test/cat+oci+spa-eng/filtered/corpus.target.gz
[2025-06-05 13:22:08] [config] transformer-aan-activation: swish
[2025-06-05 13:22:08] [config] transformer-aan-depth: 2
[2025-06-05 13:22:08] [config] transformer-aan-nogate: false
[2025-06-05 13:22:08] [config] transformer-alibi-shift: false
[2025-06-05 13:22:08] [config] transformer-alibi-trainable: false
[2025-06-05 13:22:08] [config] transformer-attention-mask: default
[2025-06-05 13:22:08] [config] transformer-decoder-autoreg: rnn
[2025-06-05 13:22:08] [config] transformer-decoder-dim-ffn: 0
[2025-06-05 13:22:08] [config] transformer-decoder-ffn-depth: 0
[2025-06-05 13:22:08] [config] transformer-depth-scaling: false
[2025-06-05 13:22:08] [config] transformer-dim-aan: 2048
[2025-06-05 13:22:08] [config] transformer-dim-ffn: 1536
[2025-06-05 13:22:08] [config] transformer-disable-position-embeddings: false
[2025-06-05 13:22:08] [config] transformer-dropout: 0
[2025-06-05 13:22:08] [config] transformer-dropout-attention: 0
[2025-06-05 13:22:08] [config] transformer-dropout-ffn: 0
[2025-06-05 13:22:08] [config] transformer-ffn-activation: relu
[2025-06-05 13:22:08] [config] transformer-ffn-depth: 2
[2025-06-05 13:22:08] [config] transformer-guided-alignment-layer: last
[2025-06-05 13:22:08] [config] transformer-heads: 8
[2025-06-05 13:22:08] [config] transformer-no-affine: false
[2025-06-05 13:22:08] [config] transformer-no-bias: false
[2025-06-05 13:22:08] [config] transformer-no-projection: false
[2025-06-05 13:22:08] [config] transformer-pool: false
[2025-06-05 13:22:08] [config] transformer-postprocess: dan
[2025-06-05 13:22:08] [config] transformer-postprocess-emb: d
[2025-06-05 13:22:08] [config] transformer-postprocess-top: ""
[2025-06-05 13:22:08] [config] transformer-preprocess: ""
[2025-06-05 13:22:08] [config] transformer-rnn-projection: false
[2025-06-05 13:22:08] [config] transformer-tied-layers:
[2025-06-05 13:22:08] [config]   []
[2025-06-05 13:22:08] [config] transformer-train-position-embeddings: false
[2025-06-05 13:22:08] [config] tsv: false
[2025-06-05 13:22:08] [config] tsv-fields: 0
[2025-06-05 13:22:08] [config] type: transformer
[2025-06-05 13:22:08] [config] ulr: false
[2025-06-05 13:22:08] [config] ulr-dim-emb: 0
[2025-06-05 13:22:08] [config] ulr-dropout: 0
[2025-06-05 13:22:08] [config] ulr-keys-vectors: ""
[2025-06-05 13:22:08] [config] ulr-query-vectors: ""
[2025-06-05 13:22:08] [config] ulr-softmax-temperature: 1
[2025-06-05 13:22:08] [config] ulr-trainable-transformation: false
[2025-06-05 13:22:08] [config] unlikelihood-loss: false
[2025-06-05 13:22:08] [config] valid-freq: 5000
[2025-06-05 13:22:08] [config] valid-log: /scratch/project_2011987/OpusDistillery/rules/../data/models/MA-test/cat+oci+spa-eng/model2_tiny_student/valid.log
[2025-06-05 13:22:08] [config] valid-max-length: 1000
[2025-06-05 13:22:08] [config] valid-metrics:
[2025-06-05 13:22:08] [config]   - perplexity
[2025-06-05 13:22:08] [config]   - chrf
[2025-06-05 13:22:08] [config]   - ce-mean-words
[2025-06-05 13:22:08] [config] valid-mini-batch: 64
[2025-06-05 13:22:08] [config] valid-reset-all: false
[2025-06-05 13:22:08] [config] valid-reset-stalled: false
[2025-06-05 13:22:08] [config] valid-script-args:
[2025-06-05 13:22:08] [config]   []
[2025-06-05 13:22:08] [config] valid-script-path: ""
[2025-06-05 13:22:08] [config] valid-sets:
[2025-06-05 13:22:08] [config]   - /scratch/project_2011987/OpusDistillery/rules/../data/data/MA-test/cat+oci+spa-eng/original/devset.student.source.gz
[2025-06-05 13:22:08] [config]   - /scratch/project_2011987/OpusDistillery/rules/../data/data/MA-test/cat+oci+spa-eng/original/devset.student.target.gz
[2025-06-05 13:22:08] [config] valid-translation-output: /scratch/project_2011987/OpusDistillery/rules/../data/models/MA-test/cat+oci+spa-eng/model2_tiny_student/valid_outputs/validation-output-after-{U}-updates-{E}-epochs.txt
[2025-06-05 13:22:08] [config] vocabs:
[2025-06-05 13:22:08] [config]   - /scratch/project_2011987/OpusDistillery/rules/../data/models/MA-test/cat+oci+spa-eng/vocab/vocab.spm
[2025-06-05 13:22:08] [config]   - /scratch/project_2011987/OpusDistillery/rules/../data/models/MA-test/cat+oci+spa-eng/vocab/vocab.spm
[2025-06-05 13:22:08] [config] word-penalty: 0
[2025-06-05 13:22:08] [config] word-scores: false
[2025-06-05 13:22:08] [config] workspace: 25000
[2025-06-05 13:22:08] [config] Model is being created with Marian v1.12.31 a6ab8af8 2024-06-27 15:21:08 +0000
[2025-06-05 13:22:08] Using synchronous SGD
[2025-06-05 13:22:08] [comm] Compiled without MPI support. Running as a single process on r01g08.bullx
[2025-06-05 13:22:08] Synced seed 1749118928
[2025-06-05 13:22:08] [data] Loading SentencePiece vocabulary from file /scratch/project_2011987/OpusDistillery/rules/../data/models/MA-test/cat+oci+spa-eng/vocab/vocab.spm
[2025-06-05 13:22:09] [data] Setting vocabulary size for input 0 to 32,000
[2025-06-05 13:22:09] [data] Loading SentencePiece vocabulary from file /scratch/project_2011987/OpusDistillery/rules/../data/models/MA-test/cat+oci+spa-eng/vocab/vocab.spm
[2025-06-05 13:22:09] [data] Setting vocabulary size for input 1 to 32,000
[2025-06-05 13:22:09] [batching] Collecting statistics for batch fitting with step size 10
[2025-06-05 13:22:11] [memory] Extending reserved space to 25088 MB (device gpu0)
[2025-06-05 13:22:14] [memory] Extending reserved space to 25088 MB (device gpu1)
[2025-06-05 13:22:14] [comm] Using NCCL 2.8.3 for GPU communication
[2025-06-05 13:22:14] [comm] Using global sharding
[2025-06-05 13:22:14] [comm] NCCLCommunicators constructed successfully
[2025-06-05 13:22:14] [training] Using 2 GPUs
[2025-06-05 13:22:16] [logits] Applying loss function for 1 factor(s)
[2025-06-05 13:22:16] [memory] Reserving 64 MB, device gpu0
[2025-06-05 13:22:20] [gpu] 16-bit TensorCores enabled for float32 matrix operations
[2025-06-05 13:22:20] [memory] Reserving 64 MB, device gpu0
[2025-06-05 13:23:10] [batching] Done. Typical MB size is 197,998 target words
[2025-06-05 13:23:10] [memory] Extending reserved space to 25088 MB (device gpu0)
[2025-06-05 13:23:10] [memory] Extending reserved space to 25088 MB (device gpu1)
[2025-06-05 13:23:10] [comm] Using NCCL 2.8.3 for GPU communication
[2025-06-05 13:23:10] [comm] Using global sharding
[2025-06-05 13:23:10] [comm] NCCLCommunicators constructed successfully
[2025-06-05 13:23:10] [training] Using 2 GPUs
[2025-06-05 13:23:11] Training started
[2025-06-05 13:23:11] [data] Shuffling data
[2025-06-05 13:23:37] [data] Done reading 19,897,021 sentences
[2025-06-05 13:23:39] [data] Done shuffling 19,897,021 sentences (cached in RAM)
[2025-06-05 13:23:50] [training] Batches are processed as 1 process(es) x 2 devices/process
[2025-06-05 13:23:50] [memory] Reserving 64 MB, device gpu0
[2025-06-05 13:23:50] [memory] Reserving 64 MB, device gpu1
[2025-06-05 13:23:50] [memory] Reserving 64 MB, device gpu0
[2025-06-05 13:23:51] [memory] Reserving 64 MB, device gpu1
[2025-06-05 13:23:52] Parameter type float32, optimization type float32, casting types false
[2025-06-05 13:23:52] Allocating memory for general optimizer shards
[2025-06-05 13:23:52] [memory] Reserving 32 MB, device gpu0
[2025-06-05 13:23:52] [memory] Reserving 32 MB, device gpu1
[2025-06-05 13:23:52] Allocating memory for Adam-specific shards
[2025-06-05 13:23:52] [memory] Reserving 64 MB, device gpu0
[2025-06-05 13:23:52] [memory] Reserving 64 MB, device gpu1
[2025-06-05 13:23:52] Ep. 1 : Up. 1 : Sen. 1,232 : Cost 10.81324768 : Time 42.38s : 2191.07 words/s : gNorm 5.1644 : L.r. 1.8750e-08
[2025-06-05 13:23:53] Ep. 1 : Up. 2 : Sen. 8,011 : Cost 10.93141460 : Time 1.09s : 124781.11 words/s : gNorm 5.7149 : L.r. 3.7500e-08
[2025-06-05 13:23:54] Ep. 1 : Up. 3 : Sen. 10,563 : Cost 10.86402988 : Time 0.74s : 145687.80 words/s : gNorm 5.4788 : L.r. 5.6250e-08
[2025-06-05 13:23:55] Ep. 1 : Up. 4 : Sen. 17,915 : Cost 10.93407059 : Time 0.61s : 119939.04 words/s : gNorm 6.1603 : L.r. 7.5000e-08
[2025-06-05 13:23:55] Ep. 1 : Up. 5 : Sen. 20,875 : Cost 10.91440773 : Time 0.63s : 135242.71 words/s : gNorm 5.8881 : L.r. 9.3750e-08
[2025-06-05 13:23:56] Ep. 1 : Up. 6 : Sen. 22,479 : Cost 10.82044220 : Time 0.75s : 142050.45 words/s : gNorm 5.7063 : L.r. 1.1250e-07
[2025-06-05 13:23:57] Ep. 1 : Up. 7 : Sen. 25,443 : Cost 10.85816193 : Time 0.89s : 173115.11 words/s : gNorm 5.6450 : L.r. 1.3125e-07
[2025-06-05 13:23:58] Ep. 1 : Up. 8 : Sen. 26,583 : Cost 10.82409191 : Time 0.71s : 126199.66 words/s : gNorm 5.4988 : L.r. 1.5000e-07
[2025-06-05 13:23:58] Ep. 1 : Up. 9 : Sen. 30,087 : Cost 10.84767056 : Time 0.92s : 171647.74 words/s : gNorm 5.4665 : L.r. 1.6875e-07
[2025-06-05 13:23:59] Ep. 1 : Up. 10 : Sen. 32,319 : Cost 10.89276218 : Time 0.59s : 133884.75 words/s : gNorm 5.4396 : L.r. 1.8750e-07
[2025-06-05 13:32:06] Ep. 1 : Up. 1000 : Sen. 5,017,478 : Cost 8.77268982 : Time 486.47s : 249324.11 words/s : gNorm 1.1998 : L.r. 1.8750e-05
[2025-06-05 13:40:26] Ep. 1 : Up. 2000 : Sen. 10,097,106 : Cost 6.70301247 : Time 500.31s : 246776.39 words/s : gNorm 1.8728 : L.r. 3.7500e-05
[2025-06-05 13:48:44] Ep. 1 : Up. 3000 : Sen. 15,197,121 : Cost 5.86685181 : Time 497.63s : 248064.47 words/s : gNorm 2.1829 : L.r. 5.6250e-05
[2025-06-05 13:56:20] Seen 19,896,896 samples
[2025-06-05 13:56:20] Starting data epoch 2 in logical epoch 2
[2025-06-05 13:56:20] [data] Shuffling data
[2025-06-05 13:56:21] [data] Done shuffling 19,897,021 sentences (cached in RAM)
[2025-06-05 13:57:03] Ep. 2 : Up. 4000 : Sen. 259,464 : Cost 5.11778069 : Time 499.25s : 244326.82 words/s : gNorm 2.7506 : L.r. 7.5000e-05
[2025-06-05 14:05:19] Ep. 2 : Up. 5000 : Sen. 5,377,033 : Cost 4.17363834 : Time 495.74s : 248769.18 words/s : gNorm 4.3774 : L.r. 9.3750e-05
[2025-06-05 14:05:19] Saving model weights and runtime parameters to /scratch/project_2011987/OpusDistillery/rules/../data/models/MA-test/cat+oci+spa-eng/model2_tiny_student/model.npz
[2025-06-05 14:05:20] Saving Adam parameters
[2025-06-05 14:05:20] [training] Saving training checkpoint to /scratch/project_2011987/OpusDistillery/rules/../data/models/MA-test/cat+oci+spa-eng/model2_tiny_student/model.npz and /scratch/project_2011987/OpusDistillery/rules/../data/models/MA-test/cat+oci+spa-eng/model2_tiny_student/model.npz.optimizer.npz
[2025-06-05 14:05:39] Saving model weights and runtime parameters to /scratch/project_2011987/OpusDistillery/rules/../data/models/MA-test/cat+oci+spa-eng/model2_tiny_student/model.npz.best-perplexity.npz
[2025-06-05 14:05:39] [valid] Ep. 2 : Up. 5000 : perplexity : 12.2174 : new best
[2025-06-05 14:05:40] [valid] First sentence's tokens as scored:
[2025-06-05 14:05:40] [valid] Decoding validation set with SentencePieceVocab for scoring
[2025-06-05 14:05:40] [valid]   Hyp: A r e y o u ' t k n o w y o u ' t k n o w y o u h a v e t o g o t o A u s t r a l i a ?
[2025-06-05 14:05:40] [valid]   Ref: A r e n ' t y o u g l a d t h a t y o u d i d n ' t h a v e t o g o t o A u s t r a l i a ?
[2025-06-05 14:05:43] [valid] References contain unknown word, metric scores may be inaccurate
[2025-06-05 14:09:02] Saving model weights and runtime parameters to /scratch/project_2011987/OpusDistillery/rules/../data/models/MA-test/cat+oci+spa-eng/model2_tiny_student/model.npz.best-chrf.npz
[2025-06-05 14:09:02] [valid] Ep. 2 : Up. 5000 : chrf : 41.5097 : new best
[2025-06-05 14:09:20] Saving model weights and runtime parameters to /scratch/project_2011987/OpusDistillery/rules/../data/models/MA-test/cat+oci+spa-eng/model2_tiny_student/model.npz.best-ce-mean-words.npz
[2025-06-05 14:09:20] [valid] Ep. 2 : Up. 5000 : ce-mean-words : 2.50286 : new best
[2025-06-05 14:17:35] Ep. 2 : Up. 6000 : Sen. 10,351,052 : Cost 3.34032822 : Time 736.42s : 166691.44 words/s : gNorm 4.1716 : L.r. 1.1250e-04
[2025-06-05 14:25:51] Ep. 2 : Up. 7000 : Sen. 15,468,952 : Cost 2.69701958 : Time 496.20s : 250023.27 words/s : gNorm 3.2747 : L.r. 1.3125e-04
[2025-06-05 14:32:59] Seen 19,896,896 samples
[2025-06-05 14:32:59] Starting data epoch 3 in logical epoch 3
[2025-06-05 14:32:59] [data] Shuffling data
[2025-06-05 14:33:00] [data] Done shuffling 19,897,021 sentences (cached in RAM)
[2025-06-05 14:34:09] Ep. 3 : Up. 8000 : Sen. 578,547 : Cost 2.17003345 : Time 498.09s : 244553.28 words/s : gNorm 3.1857 : L.r. 1.5000e-04
[2025-06-05 14:42:23] Ep. 3 : Up. 9000 : Sen. 5,619,483 : Cost 1.79454625 : Time 493.76s : 250419.73 words/s : gNorm 2.4575 : L.r. 1.6875e-04
[2025-06-05 14:50:33] Ep. 3 : Up. 10000 : Sen. 10,695,349 : Cost 1.54058146 : Time 489.62s : 250406.07 words/s : gNorm 2.4446 : L.r. 1.8750e-04
[2025-06-05 14:50:33] Saving model weights and runtime parameters to /scratch/project_2011987/OpusDistillery/rules/../data/models/MA-test/cat+oci+spa-eng/model2_tiny_student/model.npz
[2025-06-05 14:50:34] Saving Adam parameters
[2025-06-05 14:50:34] [training] Saving training checkpoint to /scratch/project_2011987/OpusDistillery/rules/../data/models/MA-test/cat+oci+spa-eng/model2_tiny_student/model.npz and /scratch/project_2011987/OpusDistillery/rules/../data/models/MA-test/cat+oci+spa-eng/model2_tiny_student/model.npz.optimizer.npz
[2025-06-05 14:50:52] Saving model weights and runtime parameters to /scratch/project_2011987/OpusDistillery/rules/../data/models/MA-test/cat+oci+spa-eng/model2_tiny_student/model.npz.best-perplexity.npz
[2025-06-05 14:50:53] [valid] Ep. 3 : Up. 10000 : perplexity : 4.11357 : new best
[2025-06-05 14:54:02] Saving model weights and runtime parameters to /scratch/project_2011987/OpusDistillery/rules/../data/models/MA-test/cat+oci+spa-eng/model2_tiny_student/model.npz.best-chrf.npz
[2025-06-05 14:54:02] [valid] Ep. 3 : Up. 10000 : chrf : 66.0611 : new best
[2025-06-05 14:54:19] Saving model weights and runtime parameters to /scratch/project_2011987/OpusDistillery/rules/../data/models/MA-test/cat+oci+spa-eng/model2_tiny_student/model.npz.best-ce-mean-words.npz
[2025-06-05 14:54:19] [valid] Ep. 3 : Up. 10000 : ce-mean-words : 1.41429 : new best
[2025-06-05 15:02:34] Ep. 3 : Up. 11000 : Sen. 15,755,792 : Cost 1.36443591 : Time 720.93s : 171151.61 words/s : gNorm 1.7862 : L.r. 2.0625e-04
[2025-06-05 15:09:16] Seen 19,896,896 samples
[2025-06-05 15:09:16] Starting data epoch 4 in logical epoch 4
[2025-06-05 15:09:16] [data] Shuffling data
[2025-06-05 15:09:17] [data] Done shuffling 19,897,021 sentences (cached in RAM)
[2025-06-05 15:10:57] Ep. 4 : Up. 12000 : Sen. 881,360 : Cost 1.23458922 : Time 503.40s : 243916.06 words/s : gNorm 1.6973 : L.r. 2.2500e-04
[2025-06-05 15:19:10] Ep. 4 : Up. 13000 : Sen. 5,939,208 : Cost 1.12047243 : Time 492.72s : 248842.98 words/s : gNorm 1.3058 : L.r. 2.4375e-04
[2025-06-05 15:27:24] Ep. 4 : Up. 14000 : Sen. 11,003,342 : Cost 1.02043605 : Time 493.49s : 250383.77 words/s : gNorm 1.2317 : L.r. 2.6250e-04
[2025-06-05 15:35:35] Ep. 4 : Up. 15000 : Sen. 16,034,426 : Cost 0.94879907 : Time 491.09s : 249608.26 words/s : gNorm 1.2387 : L.r. 2.8125e-04
[2025-06-05 15:35:35] Saving model weights and runtime parameters to /scratch/project_2011987/OpusDistillery/rules/../data/models/MA-test/cat+oci+spa-eng/model2_tiny_student/model.npz
[2025-06-05 15:35:36] Saving Adam parameters
[2025-06-05 15:35:36] [training] Saving training checkpoint to /scratch/project_2011987/OpusDistillery/rules/../data/models/MA-test/cat+oci+spa-eng/model2_tiny_student/model.npz and /scratch/project_2011987/OpusDistillery/rules/../data/models/MA-test/cat+oci+spa-eng/model2_tiny_student/model.npz.optimizer.npz
[2025-06-05 15:35:55] Saving model weights and runtime parameters to /scratch/project_2011987/OpusDistillery/rules/../data/models/MA-test/cat+oci+spa-eng/model2_tiny_student/model.npz.best-perplexity.npz
[2025-06-05 15:35:56] [valid] Ep. 4 : Up. 15000 : perplexity : 3.27354 : new best
[2025-06-05 15:39:05] Saving model weights and runtime parameters to /scratch/project_2011987/OpusDistillery/rules/../data/models/MA-test/cat+oci+spa-eng/model2_tiny_student/model.npz.best-chrf.npz
[2025-06-05 15:39:05] [valid] Ep. 4 : Up. 15000 : chrf : 68.7942 : new best
[2025-06-05 15:39:23] Saving model weights and runtime parameters to /scratch/project_2011987/OpusDistillery/rules/../data/models/MA-test/cat+oci+spa-eng/model2_tiny_student/model.npz.best-ce-mean-words.npz
[2025-06-05 15:39:23] [valid] Ep. 4 : Up. 15000 : ce-mean-words : 1.18587 : new best
[2025-06-05 15:45:31] Seen 19,896,896 samples
[2025-06-05 15:45:31] Starting data epoch 5 in logical epoch 5
[2025-06-05 15:45:31] [data] Shuffling data
[2025-06-05 15:45:32] [data] Done shuffling 19,897,021 sentences (cached in RAM)
[2025-06-05 15:47:43] Ep. 5 : Up. 16000 : Sen. 1,179,736 : Cost 0.87571311 : Time 728.25s : 168818.75 words/s : gNorm 0.9924 : L.r. 3.0000e-04
[2025-06-05 15:55:52] Ep. 5 : Up. 17000 : Sen. 6,249,218 : Cost 0.82295150 : Time 489.11s : 251080.58 words/s : gNorm 0.8916 : L.r. 3.0000e-04
[2025-06-05 16:04:04] Ep. 5 : Up. 18000 : Sen. 11,287,170 : Cost 0.77371407 : Time 491.68s : 250598.17 words/s : gNorm 0.7855 : L.r. 3.0000e-04
[2025-06-05 16:12:16] Ep. 5 : Up. 19000 : Sen. 16,341,418 : Cost 0.73200923 : Time 492.19s : 250119.39 words/s : gNorm 0.7220 : L.r. 3.0000e-04
[2025-06-05 16:17:55] Seen 19,896,896 samples
[2025-06-05 16:17:55] Starting data epoch 6 in logical epoch 6
[2025-06-05 16:17:55] [data] Shuffling data
[2025-06-05 16:17:56] [data] Done shuffling 19,897,021 sentences (cached in RAM)
[2025-06-05 16:20:35] Ep. 6 : Up. 20000 : Sen. 1,482,393 : Cost 0.69600087 : Time 499.25s : 246061.75 words/s : gNorm 0.6916 : L.r. 3.0000e-04
[2025-06-05 16:20:35] Saving model weights and runtime parameters to /scratch/project_2011987/OpusDistillery/rules/../data/models/MA-test/cat+oci+spa-eng/model2_tiny_student/model.npz
[2025-06-05 16:20:36] Saving Adam parameters
[2025-06-05 16:20:36] [training] Saving training checkpoint to /scratch/project_2011987/OpusDistillery/rules/../data/models/MA-test/cat+oci+spa-eng/model2_tiny_student/model.npz and /scratch/project_2011987/OpusDistillery/rules/../data/models/MA-test/cat+oci+spa-eng/model2_tiny_student/model.npz.optimizer.npz
[2025-06-05 16:20:55] Saving model weights and runtime parameters to /scratch/project_2011987/OpusDistillery/rules/../data/models/MA-test/cat+oci+spa-eng/model2_tiny_student/model.npz.best-perplexity.npz
[2025-06-05 16:20:55] [valid] Ep. 6 : Up. 20000 : perplexity : 2.8364 : new best
[2025-06-05 16:24:06] Saving model weights and runtime parameters to /scratch/project_2011987/OpusDistillery/rules/../data/models/MA-test/cat+oci+spa-eng/model2_tiny_student/model.npz.best-chrf.npz
[2025-06-05 16:24:06] [valid] Ep. 6 : Up. 20000 : chrf : 72.062 : new best
[2025-06-05 16:24:24] Saving model weights and runtime parameters to /scratch/project_2011987/OpusDistillery/rules/../data/models/MA-test/cat+oci+spa-eng/model2_tiny_student/model.npz.best-ce-mean-words.npz
[2025-06-05 16:24:24] [valid] Ep. 6 : Up. 20000 : ce-mean-words : 1.04254 : new best
[2025-06-05 16:32:35] Ep. 6 : Up. 21000 : Sen. 6,566,059 : Cost 0.66584468 : Time 719.53s : 170729.39 words/s : gNorm 0.6780 : L.r. 3.0000e-04
[2025-06-05 16:40:46] Ep. 6 : Up. 22000 : Sen. 11,598,937 : Cost 0.64531589 : Time 491.07s : 250587.45 words/s : gNorm 0.6183 : L.r. 3.0000e-04
[2025-06-05 16:48:59] Ep. 6 : Up. 23000 : Sen. 16,637,534 : Cost 0.62334472 : Time 493.42s : 248635.04 words/s : gNorm 0.6143 : L.r. 3.0000e-04
[2025-06-05 16:54:15] Seen 19,896,896 samples
[2025-06-05 16:54:15] Starting data epoch 7 in logical epoch 7
[2025-06-05 16:54:15] [data] Shuffling data
[2025-06-05 16:54:16] [data] Done shuffling 19,897,021 sentences (cached in RAM)
[2025-06-05 16:57:21] Ep. 7 : Up. 24000 : Sen. 1,783,947 : Cost 0.60120100 : Time 501.78s : 245540.79 words/s : gNorm 0.6598 : L.r. 3.0000e-04
[2025-06-05 17:05:30] Ep. 7 : Up. 25000 : Sen. 6,817,202 : Cost 0.58346784 : Time 488.49s : 250190.15 words/s : gNorm 0.5391 : L.r. 3.0000e-04
[2025-06-05 17:05:30] Saving model weights and runtime parameters to /scratch/project_2011987/OpusDistillery/rules/../data/models/MA-test/cat+oci+spa-eng/model2_tiny_student/model.npz
[2025-06-05 17:05:30] Saving Adam parameters
[2025-06-05 17:05:31] [training] Saving training checkpoint to /scratch/project_2011987/OpusDistillery/rules/../data/models/MA-test/cat+oci+spa-eng/model2_tiny_student/model.npz and /scratch/project_2011987/OpusDistillery/rules/../data/models/MA-test/cat+oci+spa-eng/model2_tiny_student/model.npz.optimizer.npz
[2025-06-05 17:05:49] Saving model weights and runtime parameters to /scratch/project_2011987/OpusDistillery/rules/../data/models/MA-test/cat+oci+spa-eng/model2_tiny_student/model.npz.best-perplexity.npz
[2025-06-05 17:05:49] [valid] Ep. 7 : Up. 25000 : perplexity : 2.53061 : new best
[2025-06-05 17:09:02] Saving model weights and runtime parameters to /scratch/project_2011987/OpusDistillery/rules/../data/models/MA-test/cat+oci+spa-eng/model2_tiny_student/model.npz.best-chrf.npz
[2025-06-05 17:09:03] [valid] Ep. 7 : Up. 25000 : chrf : 73.3699 : new best
[2025-06-05 17:09:20] Saving model weights and runtime parameters to /scratch/project_2011987/OpusDistillery/rules/../data/models/MA-test/cat+oci+spa-eng/model2_tiny_student/model.npz.best-ce-mean-words.npz
[2025-06-05 17:09:21] [valid] Ep. 7 : Up. 25000 : ce-mean-words : 0.928462 : new best
[2025-06-05 17:17:32] Ep. 7 : Up. 26000 : Sen. 11,896,406 : Cost 0.57091296 : Time 722.68s : 170592.35 words/s : gNorm 0.5075 : L.r. 3.0000e-04
[2025-06-05 17:25:43] Ep. 7 : Up. 27000 : Sen. 16,867,192 : Cost 0.55990690 : Time 490.96s : 249848.87 words/s : gNorm 0.5160 : L.r. 3.0000e-04
[2025-06-05 17:30:32] Seen 19,896,896 samples
[2025-06-05 17:30:32] Starting data epoch 8 in logical epoch 8
[2025-06-05 17:30:32] [data] Shuffling data
[2025-06-05 17:30:33] [data] Done shuffling 19,897,021 sentences (cached in RAM)
[2025-06-05 17:34:06] Ep. 8 : Up. 28000 : Sen. 2,054,499 : Cost 0.54309696 : Time 503.06s : 244129.99 words/s : gNorm 0.4830 : L.r. 3.0000e-04
[2025-06-05 17:42:17] Ep. 8 : Up. 29000 : Sen. 7,095,956 : Cost 0.52956557 : Time 490.94s : 249766.04 words/s : gNorm 0.5081 : L.r. 3.0000e-04
[2025-06-05 17:50:32] Ep. 8 : Up. 30000 : Sen. 12,147,408 : Cost 0.52339292 : Time 494.96s : 248657.74 words/s : gNorm 0.4923 : L.r. 3.0000e-04
[2025-06-05 17:50:32] Saving model weights and runtime parameters to /scratch/project_2011987/OpusDistillery/rules/../data/models/MA-test/cat+oci+spa-eng/model2_tiny_student/model.npz
[2025-06-05 17:50:33] Saving Adam parameters
[2025-06-05 17:50:33] [training] Saving training checkpoint to /scratch/project_2011987/OpusDistillery/rules/../data/models/MA-test/cat+oci+spa-eng/model2_tiny_student/model.npz and /scratch/project_2011987/OpusDistillery/rules/../data/models/MA-test/cat+oci+spa-eng/model2_tiny_student/model.npz.optimizer.npz
[2025-06-05 17:50:52] Saving model weights and runtime parameters to /scratch/project_2011987/OpusDistillery/rules/../data/models/MA-test/cat+oci+spa-eng/model2_tiny_student/model.npz.best-perplexity.npz
[2025-06-05 17:50:52] [valid] Ep. 8 : Up. 30000 : perplexity : 2.43017 : new best
[2025-06-05 17:54:05] Saving model weights and runtime parameters to /scratch/project_2011987/OpusDistillery/rules/../data/models/MA-test/cat+oci+spa-eng/model2_tiny_student/model.npz.best-chrf.npz
[2025-06-05 17:54:06] [valid] Ep. 8 : Up. 30000 : chrf : 73.7445 : new best
[2025-06-05 17:54:23] Saving model weights and runtime parameters to /scratch/project_2011987/OpusDistillery/rules/../data/models/MA-test/cat+oci+spa-eng/model2_tiny_student/model.npz.best-ce-mean-words.npz
[2025-06-05 17:54:24] [valid] Ep. 8 : Up. 30000 : ce-mean-words : 0.88796 : new best
[2025-06-05 18:02:35] Ep. 8 : Up. 31000 : Sen. 17,194,682 : Cost 0.51653063 : Time 722.28s : 170274.68 words/s : gNorm 0.5082 : L.r. 3.0000e-04
[2025-06-05 18:06:50] Seen 19,896,896 samples
[2025-06-05 18:06:50] Starting data epoch 9 in logical epoch 9
[2025-06-05 18:06:50] [data] Shuffling data
[2025-06-05 18:06:51] [data] Done shuffling 19,897,021 sentences (cached in RAM)
[2025-06-05 18:10:55] Ep. 9 : Up. 32000 : Sen. 2,349,774 : Cost 0.50279802 : Time 500.83s : 246425.78 words/s : gNorm 0.4952 : L.r. 3.0000e-04
[2025-06-05 18:19:04] Ep. 9 : Up. 33000 : Sen. 7,407,086 : Cost 0.49380878 : Time 489.09s : 251344.03 words/s : gNorm 0.4656 : L.r. 2.9542e-04
[2025-06-05 18:27:18] Ep. 9 : Up. 34000 : Sen. 12,436,862 : Cost 0.48939475 : Time 493.73s : 247917.17 words/s : gNorm 0.4620 : L.r. 2.9104e-04
[2025-06-05 18:35:30] Ep. 9 : Up. 35000 : Sen. 17,459,570 : Cost 0.48227826 : Time 491.81s : 250366.55 words/s : gNorm 0.4468 : L.r. 2.8685e-04
[2025-06-05 18:35:30] Saving model weights and runtime parameters to /scratch/project_2011987/OpusDistillery/rules/../data/models/MA-test/cat+oci+spa-eng/model2_tiny_student/model.npz
[2025-06-05 18:35:31] Saving Adam parameters
[2025-06-05 18:35:31] [training] Saving training checkpoint to /scratch/project_2011987/OpusDistillery/rules/../data/models/MA-test/cat+oci+spa-eng/model2_tiny_student/model.npz and /scratch/project_2011987/OpusDistillery/rules/../data/models/MA-test/cat+oci+spa-eng/model2_tiny_student/model.npz.optimizer.npz
[2025-06-05 18:35:50] [valid] Ep. 9 : Up. 35000 : perplexity : 2.46717 : stalled 1 times (last best: 2.43017)
[2025-06-05 18:39:03] Saving model weights and runtime parameters to /scratch/project_2011987/OpusDistillery/rules/../data/models/MA-test/cat+oci+spa-eng/model2_tiny_student/model.npz.best-chrf.npz
[2025-06-05 18:39:03] [valid] Ep. 9 : Up. 35000 : chrf : 74.3104 : new best
[2025-06-05 18:39:21] [valid] Ep. 9 : Up. 35000 : ce-mean-words : 0.903074 : stalled 1 times (last best: 0.88796)
[2025-06-05 18:43:08] Seen 19,896,896 samples
[2025-06-05 18:43:08] Starting data epoch 10 in logical epoch 10
[2025-06-05 18:43:08] [data] Shuffling data
[2025-06-05 18:43:09] [data] Done shuffling 19,897,021 sentences (cached in RAM)
[2025-06-05 18:47:37] Ep. 10 : Up. 36000 : Sen. 2,617,553 : Cost 0.47221300 : Time 727.16s : 168103.00 words/s : gNorm 0.4155 : L.r. 2.8284e-04
[2025-06-05 18:55:51] Ep. 10 : Up. 37000 : Sen. 7,648,990 : Cost 0.46339634 : Time 494.12s : 250355.16 words/s : gNorm 0.4222 : L.r. 2.7899e-04
[2025-06-05 19:03:59] Ep. 10 : Up. 38000 : Sen. 12,762,902 : Cost 0.46268848 : Time 488.14s : 250719.01 words/s : gNorm 0.4527 : L.r. 2.7530e-04
[2025-06-05 19:12:14] Ep. 10 : Up. 39000 : Sen. 17,800,213 : Cost 0.45666841 : Time 494.92s : 249258.47 words/s : gNorm 0.4416 : L.r. 2.7175e-04
[2025-06-05 19:15:36] Seen 19,896,896 samples
[2025-06-05 19:15:36] Starting data epoch 11 in logical epoch 11
[2025-06-05 19:15:36] [data] Shuffling data
[2025-06-05 19:15:37] [data] Done shuffling 19,897,021 sentences (cached in RAM)
[2025-06-05 19:20:33] Ep. 11 : Up. 40000 : Sen. 2,929,927 : Cost 0.44753888 : Time 499.03s : 245322.71 words/s : gNorm 0.4317 : L.r. 2.6833e-04
[2025-06-05 19:20:34] Saving model weights and runtime parameters to /scratch/project_2011987/OpusDistillery/rules/../data/models/MA-test/cat+oci+spa-eng/model2_tiny_student/model.npz
[2025-06-05 19:20:34] Saving Adam parameters
[2025-06-05 19:20:34] [training] Saving training checkpoint to /scratch/project_2011987/OpusDistillery/rules/../data/models/MA-test/cat+oci+spa-eng/model2_tiny_student/model.npz and /scratch/project_2011987/OpusDistillery/rules/../data/models/MA-test/cat+oci+spa-eng/model2_tiny_student/model.npz.optimizer.npz
[2025-06-05 19:20:54] Saving model weights and runtime parameters to /scratch/project_2011987/OpusDistillery/rules/../data/models/MA-test/cat+oci+spa-eng/model2_tiny_student/model.npz.best-perplexity.npz
[2025-06-05 19:20:54] [valid] Ep. 11 : Up. 40000 : perplexity : 2.3688 : new best
[2025-06-05 19:24:08] Saving model weights and runtime parameters to /scratch/project_2011987/OpusDistillery/rules/../data/models/MA-test/cat+oci+spa-eng/model2_tiny_student/model.npz.best-chrf.npz
[2025-06-05 19:24:08] [valid] Ep. 11 : Up. 40000 : chrf : 74.6817 : new best
[2025-06-05 19:24:26] Saving model weights and runtime parameters to /scratch/project_2011987/OpusDistillery/rules/../data/models/MA-test/cat+oci+spa-eng/model2_tiny_student/model.npz.best-ce-mean-words.npz
[2025-06-05 19:24:26] [valid] Ep. 11 : Up. 40000 : ce-mean-words : 0.862384 : new best
[2025-06-05 19:32:39] Ep. 11 : Up. 41000 : Sen. 7,993,353 : Cost 0.44129473 : Time 725.66s : 170358.31 words/s : gNorm 0.4171 : L.r. 2.6504e-04
[2025-06-05 19:40:55] Ep. 11 : Up. 42000 : Sen. 13,035,262 : Cost 0.43974742 : Time 495.99s : 248166.88 words/s : gNorm 0.3979 : L.r. 2.6186e-04
[2025-06-05 19:49:07] Ep. 11 : Up. 43000 : Sen. 18,080,151 : Cost 0.43795544 : Time 491.49s : 250120.45 words/s : gNorm 0.4108 : L.r. 2.5880e-04
[2025-06-05 19:51:55] Seen 19,896,896 samples
[2025-06-05 19:51:55] Starting data epoch 12 in logical epoch 12
[2025-06-05 19:51:55] [data] Shuffling data
[2025-06-05 19:51:56] [data] Done shuffling 19,897,021 sentences (cached in RAM)
[2025-06-05 19:57:28] Ep. 12 : Up. 44000 : Sen. 3,258,324 : Cost 0.42897880 : Time 501.50s : 244853.18 words/s : gNorm 0.4430 : L.r. 2.5584e-04
[2025-06-05 20:05:39] Ep. 12 : Up. 45000 : Sen. 8,280,060 : Cost 0.42431667 : Time 490.64s : 250318.76 words/s : gNorm 0.4128 : L.r. 2.5298e-04
[2025-06-05 20:05:39] Saving model weights and runtime parameters to /scratch/project_2011987/OpusDistillery/rules/../data/models/MA-test/cat+oci+spa-eng/model2_tiny_student/model.npz
[2025-06-05 20:05:39] Saving Adam parameters
[2025-06-05 20:05:40] [training] Saving training checkpoint to /scratch/project_2011987/OpusDistillery/rules/../data/models/MA-test/cat+oci+spa-eng/model2_tiny_student/model.npz and /scratch/project_2011987/OpusDistillery/rules/../data/models/MA-test/cat+oci+spa-eng/model2_tiny_student/model.npz.optimizer.npz
[2025-06-05 20:05:58] [valid] Ep. 12 : Up. 45000 : perplexity : 2.38357 : stalled 1 times (last best: 2.3688)
[2025-06-05 20:09:11] Saving model weights and runtime parameters to /scratch/project_2011987/OpusDistillery/rules/../data/models/MA-test/cat+oci+spa-eng/model2_tiny_student/model.npz.best-chrf.npz
[2025-06-05 20:09:11] [valid] Ep. 12 : Up. 45000 : chrf : 74.8676 : new best
[2025-06-05 20:09:29] [valid] Ep. 12 : Up. 45000 : ce-mean-words : 0.868598 : stalled 1 times (last best: 0.862384)
[2025-06-05 20:17:41] Ep. 12 : Up. 46000 : Sen. 13,349,155 : Cost 0.42449385 : Time 722.05s : 171165.81 words/s : gNorm 0.4039 : L.r. 2.5022e-04
[2025-06-05 20:25:53] Ep. 12 : Up. 47000 : Sen. 18,426,726 : Cost 0.42289284 : Time 492.52s : 249332.49 words/s : gNorm 0.4178 : L.r. 2.4754e-04
[2025-06-05 20:28:14] Seen 19,896,896 samples
[2025-06-05 20:28:14] Starting data epoch 13 in logical epoch 13
[2025-06-05 20:28:14] [data] Shuffling data
[2025-06-05 20:28:15] [data] Done shuffling 19,897,021 sentences (cached in RAM)
[2025-06-05 20:34:13] Ep. 13 : Up. 48000 : Sen. 3,523,665 : Cost 0.41327313 : Time 499.75s : 245293.50 words/s : gNorm 0.3798 : L.r. 2.4495e-04
[2025-06-05 20:42:25] Ep. 13 : Up. 49000 : Sen. 8,578,386 : Cost 0.41093463 : Time 492.10s : 249976.46 words/s : gNorm 0.3919 : L.r. 2.4244e-04
[2025-06-05 20:50:36] Ep. 13 : Up. 50000 : Sen. 13,653,158 : Cost 0.41079140 : Time 490.41s : 250533.65 words/s : gNorm 0.3792 : L.r. 2.4000e-04
[2025-06-05 20:50:36] Saving model weights and runtime parameters to /scratch/project_2011987/OpusDistillery/rules/../data/models/MA-test/cat+oci+spa-eng/model2_tiny_student/model.npz
[2025-06-05 20:50:36] Saving Adam parameters
[2025-06-05 20:50:36] [training] Saving training checkpoint to /scratch/project_2011987/OpusDistillery/rules/../data/models/MA-test/cat+oci+spa-eng/model2_tiny_student/model.npz and /scratch/project_2011987/OpusDistillery/rules/../data/models/MA-test/cat+oci+spa-eng/model2_tiny_student/model.npz.optimizer.npz
[2025-06-05 20:50:55] Saving model weights and runtime parameters to /scratch/project_2011987/OpusDistillery/rules/../data/models/MA-test/cat+oci+spa-eng/model2_tiny_student/model.npz.best-perplexity.npz
[2025-06-05 20:50:55] [valid] Ep. 13 : Up. 50000 : perplexity : 2.34566 : new best
[2025-06-05 20:54:09] Saving model weights and runtime parameters to /scratch/project_2011987/OpusDistillery/rules/../data/models/MA-test/cat+oci+spa-eng/model2_tiny_student/model.npz.best-chrf.npz
[2025-06-05 20:54:09] [valid] Ep. 13 : Up. 50000 : chrf : 75.1983 : new best
[2025-06-05 20:54:27] Saving model weights and runtime parameters to /scratch/project_2011987/OpusDistillery/rules/../data/models/MA-test/cat+oci+spa-eng/model2_tiny_student/model.npz.best-ce-mean-words.npz
[2025-06-05 20:54:27] [valid] Ep. 13 : Up. 50000 : ce-mean-words : 0.852567 : new best
[2025-06-05 21:02:37] Ep. 13 : Up. 51000 : Sen. 18,678,957 : Cost 0.40956122 : Time 721.83s : 170213.12 words/s : gNorm 0.4088 : L.r. 2.3764e-04
[2025-06-05 21:04:33] Seen 19,896,896 samples
[2025-06-05 21:04:33] Starting data epoch 14 in logical epoch 14
[2025-06-05 21:04:33] [data] Shuffling data
[2025-06-05 21:04:34] [data] Done shuffling 19,897,021 sentences (cached in RAM)
[2025-06-05 21:10:56] Ep. 14 : Up. 52000 : Sen. 3,851,938 : Cost 0.40116882 : Time 498.92s : 246265.23 words/s : gNorm 0.4058 : L.r. 2.3534e-04
[2025-06-05 21:19:07] Ep. 14 : Up. 53000 : Sen. 8,855,338 : Cost 0.40014547 : Time 490.75s : 250052.27 words/s : gNorm 0.3926 : L.r. 2.3311e-04
[2025-06-05 21:27:19] Ep. 14 : Up. 54000 : Sen. 13,868,052 : Cost 0.39991081 : Time 491.88s : 249080.56 words/s : gNorm 0.3848 : L.r. 2.3094e-04
[2025-06-05 21:35:33] Ep. 14 : Up. 55000 : Sen. 18,955,638 : Cost 0.39902020 : Time 494.33s : 249484.59 words/s : gNorm 0.4029 : L.r. 2.2883e-04
[2025-06-05 21:35:33] Saving model weights and runtime parameters to /scratch/project_2011987/OpusDistillery/rules/../data/models/MA-test/cat+oci+spa-eng/model2_tiny_student/model.npz
[2025-06-05 21:35:34] Saving Adam parameters
[2025-06-05 21:35:34] [training] Saving training checkpoint to /scratch/project_2011987/OpusDistillery/rules/../data/models/MA-test/cat+oci+spa-eng/model2_tiny_student/model.npz and /scratch/project_2011987/OpusDistillery/rules/../data/models/MA-test/cat+oci+spa-eng/model2_tiny_student/model.npz.optimizer.npz
[2025-06-05 21:35:53] Saving model weights and runtime parameters to /scratch/project_2011987/OpusDistillery/rules/../data/models/MA-test/cat+oci+spa-eng/model2_tiny_student/model.npz.best-perplexity.npz
[2025-06-05 21:35:53] [valid] Ep. 14 : Up. 55000 : perplexity : 2.2833 : new best
[2025-06-05 21:39:07] [valid] Ep. 14 : Up. 55000 : chrf : 75.1377 : stalled 1 times (last best: 75.1983)
[2025-06-05 21:39:24] Saving model weights and runtime parameters to /scratch/project_2011987/OpusDistillery/rules/../data/models/MA-test/cat+oci+spa-eng/model2_tiny_student/model.npz.best-ce-mean-words.npz
[2025-06-05 21:39:24] [valid] Ep. 14 : Up. 55000 : ce-mean-words : 0.82562 : new best
[2025-06-05 21:40:53] Seen 19,896,896 samples
[2025-06-05 21:40:53] Starting data epoch 15 in logical epoch 15
[2025-06-05 21:40:53] [data] Shuffling data
[2025-06-05 21:40:54] [data] Done shuffling 19,897,021 sentences (cached in RAM)
[2025-06-05 21:47:44] Ep. 15 : Up. 56000 : Sen. 4,108,229 : Cost 0.39004493 : Time 730.56s : 167407.24 words/s : gNorm 0.4059 : L.r. 2.2678e-04
[2025-06-05 21:55:54] Ep. 15 : Up. 57000 : Sen. 9,132,799 : Cost 0.39076990 : Time 490.11s : 251050.35 words/s : gNorm 0.3954 : L.r. 2.2478e-04
[2025-06-05 22:04:09] Ep. 15 : Up. 58000 : Sen. 14,181,944 : Cost 0.38955843 : Time 494.93s : 249293.71 words/s : gNorm 0.3979 : L.r. 2.2283e-04
[2025-06-05 22:12:17] Ep. 15 : Up. 59000 : Sen. 19,250,353 : Cost 0.39053178 : Time 488.08s : 252161.98 words/s : gNorm 0.3567 : L.r. 2.2094e-04
[2025-06-05 22:13:18] Seen 19,896,896 samples
[2025-06-05 22:13:18] Starting data epoch 16 in logical epoch 16
[2025-06-05 22:13:18] [data] Shuffling data
[2025-06-05 22:13:19] [data] Done shuffling 19,897,021 sentences (cached in RAM)
[2025-06-05 22:20:43] Ep. 16 : Up. 60000 : Sen. 4,466,700 : Cost 0.38097283 : Time 505.50s : 245142.48 words/s : gNorm 0.3636 : L.r. 2.1909e-04
[2025-06-05 22:20:43] Saving model weights and runtime parameters to /scratch/project_2011987/OpusDistillery/rules/../data/models/MA-test/cat+oci+spa-eng/model2_tiny_student/model.npz
[2025-06-05 22:20:44] Saving Adam parameters
[2025-06-05 22:20:44] [training] Saving training checkpoint to /scratch/project_2011987/OpusDistillery/rules/../data/models/MA-test/cat+oci+spa-eng/model2_tiny_student/model.npz and /scratch/project_2011987/OpusDistillery/rules/../data/models/MA-test/cat+oci+spa-eng/model2_tiny_student/model.npz.optimizer.npz
[2025-06-05 22:21:02] [valid] Ep. 16 : Up. 60000 : perplexity : 2.299 : stalled 1 times (last best: 2.2833)
[2025-06-05 22:24:15] [valid] Ep. 16 : Up. 60000 : chrf : 75.0589 : stalled 2 times (last best: 75.1983)
[2025-06-05 22:24:33] [valid] Ep. 16 : Up. 60000 : ce-mean-words : 0.832475 : stalled 1 times (last best: 0.82562)
[2025-06-05 22:32:42] Ep. 16 : Up. 61000 : Sen. 9,487,109 : Cost 0.38318127 : Time 719.08s : 170708.46 words/s : gNorm 0.3851 : L.r. 2.1729e-04
[2025-06-05 22:40:57] Ep. 16 : Up. 62000 : Sen. 14,580,204 : Cost 0.38282004 : Time 495.09s : 249606.48 words/s : gNorm 0.4055 : L.r. 2.1553e-04
[2025-06-05 22:49:03] Ep. 16 : Up. 63000 : Sen. 19,602,054 : Cost 0.38127920 : Time 486.32s : 252234.41 words/s : gNorm 0.3667 : L.r. 2.1381e-04
[2025-06-05 22:49:32] Seen 19,896,896 samples
[2025-06-05 22:49:32] Starting data epoch 17 in logical epoch 17
[2025-06-05 22:49:32] [data] Shuffling data
[2025-06-05 22:49:33] [data] Done shuffling 19,897,021 sentences (cached in RAM)
[2025-06-05 22:57:26] Ep. 17 : Up. 64000 : Sen. 4,724,497 : Cost 0.37284955 : Time 503.12s : 243701.22 words/s : gNorm 0.3765 : L.r. 2.1213e-04
[2025-06-05 23:05:41] Ep. 17 : Up. 65000 : Sen. 9,775,140 : Cost 0.37532979 : Time 494.57s : 248496.64 words/s : gNorm 0.3679 : L.r. 2.1049e-04
[2025-06-05 23:05:41] Saving model weights and runtime parameters to /scratch/project_2011987/OpusDistillery/rules/../data/models/MA-test/cat+oci+spa-eng/model2_tiny_student/model.npz
[2025-06-05 23:05:42] Saving Adam parameters
[2025-06-05 23:05:42] [training] Saving training checkpoint to /scratch/project_2011987/OpusDistillery/rules/../data/models/MA-test/cat+oci+spa-eng/model2_tiny_student/model.npz and /scratch/project_2011987/OpusDistillery/rules/../data/models/MA-test/cat+oci+spa-eng/model2_tiny_student/model.npz.optimizer.npz
[2025-06-05 23:06:00] [valid] Ep. 17 : Up. 65000 : perplexity : 2.2928 : stalled 2 times (last best: 2.2833)
[2025-06-05 23:09:13] [valid] Ep. 17 : Up. 65000 : chrf : 75.1174 : stalled 3 times (last best: 75.1983)
[2025-06-05 23:09:31] [valid] Ep. 17 : Up. 65000 : ce-mean-words : 0.829775 : stalled 2 times (last best: 0.82562)
[2025-06-05 23:17:42] Ep. 17 : Up. 66000 : Sen. 14,836,796 : Cost 0.37455827 : Time 721.25s : 171280.42 words/s : gNorm 0.3912 : L.r. 2.0889e-04
[2025-06-05 23:25:49] Ep. 17 : Up. 67000 : Sen. 19,886,169 : Cost 0.37612352 : Time 487.21s : 251589.97 words/s : gNorm 0.3639 : L.r. 2.0733e-04
[2025-06-05 23:25:51] Seen 19,896,896 samples
[2025-06-05 23:25:51] Starting data epoch 18 in logical epoch 18
[2025-06-05 23:25:51] [data] Shuffling data
[2025-06-05 23:25:52] [data] Done shuffling 19,897,021 sentences (cached in RAM)
[2025-06-05 23:34:20] Ep. 18 : Up. 68000 : Sen. 5,089,124 : Cost 0.36560547 : Time 510.66s : 242835.42 words/s : gNorm 0.3786 : L.r. 2.0580e-04
[2025-06-05 23:42:33] Ep. 18 : Up. 69000 : Sen. 10,103,622 : Cost 0.36792165 : Time 493.10s : 249039.10 words/s : gNorm 0.3555 : L.r. 2.0430e-04
[2025-06-05 23:50:45] Ep. 18 : Up. 70000 : Sen. 15,195,594 : Cost 0.36929369 : Time 492.26s : 250889.14 words/s : gNorm 0.3831 : L.r. 2.0284e-04
[2025-06-05 23:50:45] Saving model weights and runtime parameters to /scratch/project_2011987/OpusDistillery/rules/../data/models/MA-test/cat+oci+spa-eng/model2_tiny_student/model.npz
[2025-06-05 23:50:46] Saving Adam parameters
[2025-06-05 23:50:46] [training] Saving training checkpoint to /scratch/project_2011987/OpusDistillery/rules/../data/models/MA-test/cat+oci+spa-eng/model2_tiny_student/model.npz and /scratch/project_2011987/OpusDistillery/rules/../data/models/MA-test/cat+oci+spa-eng/model2_tiny_student/model.npz.optimizer.npz
[2025-06-05 23:51:08] [valid] Ep. 18 : Up. 70000 : perplexity : 2.30229 : stalled 3 times (last best: 2.2833)
[2025-06-05 23:54:19] [valid] Ep. 18 : Up. 70000 : chrf : 75.1942 : stalled 4 times (last best: 75.1983)
[2025-06-05 23:54:37] [valid] Ep. 18 : Up. 70000 : ce-mean-words : 0.833905 : stalled 3 times (last best: 0.82562)
[2025-06-06 00:02:09] Seen 19,896,896 samples
[2025-06-06 00:02:09] Starting data epoch 19 in logical epoch 19
[2025-06-06 00:02:09] [data] Shuffling data
[2025-06-06 00:02:10] [data] Done shuffling 19,897,021 sentences (cached in RAM)
[2025-06-06 00:02:57] Ep. 19 : Up. 71000 : Sen. 326,399 : Cost 0.36939114 : Time 731.84s : 167726.61 words/s : gNorm 0.3680 : L.r. 2.0140e-04
[2025-06-06 00:11:12] Ep. 19 : Up. 72000 : Sen. 5,399,702 : Cost 0.36023203 : Time 494.35s : 249976.83 words/s : gNorm 0.3554 : L.r. 2.0000e-04
[2025-06-06 00:19:22] Ep. 19 : Up. 73000 : Sen. 10,458,155 : Cost 0.36400142 : Time 490.64s : 250099.77 words/s : gNorm 0.3815 : L.r. 1.9863e-04
[2025-06-06 00:27:36] Ep. 19 : Up. 74000 : Sen. 15,532,582 : Cost 0.36318913 : Time 493.70s : 249420.76 words/s : gNorm 0.3982 : L.r. 1.9728e-04
[2025-06-06 00:34:38] Seen 19,896,896 samples
[2025-06-06 00:34:38] Starting data epoch 20 in logical epoch 20
[2025-06-06 00:34:38] [data] Shuffling data
[2025-06-06 00:34:39] [data] Done shuffling 19,897,021 sentences (cached in RAM)
[2025-06-06 00:35:55] Ep. 20 : Up. 75000 : Sen. 638,457 : Cost 0.36304951 : Time 498.63s : 245856.00 words/s : gNorm 0.4001 : L.r. 1.9596e-04
[2025-06-06 00:35:55] Saving model weights and runtime parameters to /scratch/project_2011987/OpusDistillery/rules/../data/models/MA-test/cat+oci+spa-eng/model2_tiny_student/model.npz
[2025-06-06 00:35:55] Saving Adam parameters
[2025-06-06 00:35:55] [training] Saving training checkpoint to /scratch/project_2011987/OpusDistillery/rules/../data/models/MA-test/cat+oci+spa-eng/model2_tiny_student/model.npz and /scratch/project_2011987/OpusDistillery/rules/../data/models/MA-test/cat+oci+spa-eng/model2_tiny_student/model.npz.optimizer.npz
[2025-06-06 00:36:13] Saving model weights and runtime parameters to /scratch/project_2011987/OpusDistillery/rules/../data/models/MA-test/cat+oci+spa-eng/model2_tiny_student/model.npz.best-perplexity.npz
[2025-06-06 00:36:13] [valid] Ep. 20 : Up. 75000 : perplexity : 2.26051 : new best
[2025-06-06 00:39:26] Saving model weights and runtime parameters to /scratch/project_2011987/OpusDistillery/rules/../data/models/MA-test/cat+oci+spa-eng/model2_tiny_student/model.npz.best-chrf.npz
[2025-06-06 00:39:26] [valid] Ep. 20 : Up. 75000 : chrf : 75.3715 : new best
[2025-06-06 00:39:44] Saving model weights and runtime parameters to /scratch/project_2011987/OpusDistillery/rules/../data/models/MA-test/cat+oci+spa-eng/model2_tiny_student/model.npz.best-ce-mean-words.npz
[2025-06-06 00:39:44] [valid] Ep. 20 : Up. 75000 : ce-mean-words : 0.815588 : new best
[2025-06-06 00:48:03] Ep. 20 : Up. 76000 : Sen. 5,733,763 : Cost 0.35443169 : Time 728.18s : 169821.83 words/s : gNorm 0.3847 : L.r. 1.9467e-04
[2025-06-06 00:56:16] Ep. 20 : Up. 77000 : Sen. 10,779,192 : Cost 0.35849065 : Time 492.74s : 249654.69 words/s : gNorm 0.3541 : L.r. 1.9340e-04
[2025-06-06 01:04:26] Ep. 20 : Up. 78000 : Sen. 15,825,593 : Cost 0.35912821 : Time 489.61s : 251034.62 words/s : gNorm 0.3763 : L.r. 1.9215e-04
[2025-06-06 01:10:56] Seen 19,896,896 samples
[2025-06-06 01:10:56] Starting data epoch 21 in logical epoch 21
[2025-06-06 01:10:56] [data] Shuffling data
[2025-06-06 01:10:57] [data] Done shuffling 19,897,021 sentences (cached in RAM)
[2025-06-06 01:12:43] Ep. 21 : Up. 79000 : Sen. 977,316 : Cost 0.35752392 : Time 497.19s : 247403.15 words/s : gNorm 0.3989 : L.r. 1.9093e-04
[2025-06-06 01:20:58] Ep. 21 : Up. 80000 : Sen. 6,031,779 : Cost 0.35155621 : Time 495.18s : 248921.95 words/s : gNorm 0.3756 : L.r. 1.8974e-04
[2025-06-06 01:20:58] Saving model weights and runtime parameters to /scratch/project_2011987/OpusDistillery/rules/../data/models/MA-test/cat+oci+spa-eng/model2_tiny_student/model.npz
[2025-06-06 01:20:59] Saving Adam parameters
[2025-06-06 01:21:00] [training] Saving training checkpoint to /scratch/project_2011987/OpusDistillery/rules/../data/models/MA-test/cat+oci+spa-eng/model2_tiny_student/model.npz and /scratch/project_2011987/OpusDistillery/rules/../data/models/MA-test/cat+oci+spa-eng/model2_tiny_student/model.npz.optimizer.npz
[2025-06-06 01:21:20] Saving model weights and runtime parameters to /scratch/project_2011987/OpusDistillery/rules/../data/models/MA-test/cat+oci+spa-eng/model2_tiny_student/model.npz.best-perplexity.npz
[2025-06-06 01:21:20] [valid] Ep. 21 : Up. 80000 : perplexity : 2.25903 : new best
[2025-06-06 01:24:29] Saving model weights and runtime parameters to /scratch/project_2011987/OpusDistillery/rules/../data/models/MA-test/cat+oci+spa-eng/model2_tiny_student/model.npz.best-chrf.npz
[2025-06-06 01:24:30] [valid] Ep. 21 : Up. 80000 : chrf : 75.5121 : new best
[2025-06-06 01:24:48] Saving model weights and runtime parameters to /scratch/project_2011987/OpusDistillery/rules/../data/models/MA-test/cat+oci+spa-eng/model2_tiny_student/model.npz.best-ce-mean-words.npz
[2025-06-06 01:24:48] [valid] Ep. 21 : Up. 80000 : ce-mean-words : 0.814936 : new best
[2025-06-06 01:32:57] Ep. 21 : Up. 81000 : Sen. 11,096,555 : Cost 0.35356608 : Time 718.92s : 170706.19 words/s : gNorm 0.3805 : L.r. 1.8856e-04
[2025-06-06 01:41:09] Ep. 21 : Up. 82000 : Sen. 16,149,618 : Cost 0.35443342 : Time 491.79s : 251777.81 words/s : gNorm 0.3680 : L.r. 1.8741e-04
[2025-06-06 01:47:05] Seen 19,896,896 samples
[2025-06-06 01:47:05] Starting data epoch 22 in logical epoch 22
[2025-06-06 01:47:05] [data] Shuffling data
[2025-06-06 01:47:06] [data] Done shuffling 19,897,021 sentences (cached in RAM)
[2025-06-06 01:49:28] Ep. 22 : Up. 83000 : Sen. 1,297,903 : Cost 0.35167024 : Time 499.06s : 246904.28 words/s : gNorm 0.3524 : L.r. 1.8628e-04
[2025-06-06 01:58:30] Ep. 22 : Up. 84000 : Sen. 6,356,375 : Cost 0.34779608 : Time 541.90s : 227500.85 words/s : gNorm 0.3751 : L.r. 1.8516e-04
[2025-06-06 02:06:42] Ep. 22 : Up. 85000 : Sen. 11,485,702 : Cost 0.34986877 : Time 492.05s : 251184.13 words/s : gNorm 0.3704 : L.r. 1.8407e-04
[2025-06-06 02:06:42] Saving model weights and runtime parameters to /scratch/project_2011987/OpusDistillery/rules/../data/models/MA-test/cat+oci+spa-eng/model2_tiny_student/model.npz
[2025-06-06 02:06:51] Saving Adam parameters
[2025-06-06 02:06:51] [training] Saving training checkpoint to /scratch/project_2011987/OpusDistillery/rules/../data/models/MA-test/cat+oci+spa-eng/model2_tiny_student/model.npz and /scratch/project_2011987/OpusDistillery/rules/../data/models/MA-test/cat+oci+spa-eng/model2_tiny_student/model.npz.optimizer.npz
[2025-06-06 02:07:17] [valid] Ep. 22 : Up. 85000 : perplexity : 2.32392 : stalled 1 times (last best: 2.25903)
[2025-06-06 02:10:38] [valid] Ep. 22 : Up. 85000 : chrf : 75.3769 : stalled 1 times (last best: 75.5121)
[2025-06-06 02:10:56] [valid] Ep. 22 : Up. 85000 : ce-mean-words : 0.843254 : stalled 1 times (last best: 0.814936)
[2025-06-06 02:19:10] Ep. 22 : Up. 86000 : Sen. 16,595,511 : Cost 0.35020527 : Time 747.58s : 166328.56 words/s : gNorm 0.3356 : L.r. 1.8300e-04
[2025-06-06 02:24:31] Seen 19,896,896 samples
[2025-06-06 02:24:32] Starting data epoch 23 in logical epoch 23
[2025-06-06 02:24:32] [data] Shuffling data
[2025-06-06 02:24:33] [data] Done shuffling 19,897,021 sentences (cached in RAM)
[2025-06-06 02:27:27] Ep. 23 : Up. 87000 : Sen. 1,684,413 : Cost 0.34813368 : Time 497.44s : 245808.50 words/s : gNorm 0.3702 : L.r. 1.8194e-04
[2025-06-06 02:35:38] Ep. 23 : Up. 88000 : Sen. 6,735,867 : Cost 0.34307733 : Time 490.76s : 250892.89 words/s : gNorm 0.3708 : L.r. 1.8091e-04
[2025-06-06 02:43:46] Ep. 23 : Up. 89000 : Sen. 11,763,269 : Cost 0.34652829 : Time 487.93s : 250450.44 words/s : gNorm 0.3912 : L.r. 1.7989e-04
[2025-06-06 02:52:00] Ep. 23 : Up. 90000 : Sen. 16,848,161 : Cost 0.34622487 : Time 494.00s : 251176.57 words/s : gNorm 0.3550 : L.r. 1.7889e-04
[2025-06-06 02:52:00] Saving model weights and runtime parameters to /scratch/project_2011987/OpusDistillery/rules/../data/models/MA-test/cat+oci+spa-eng/model2_tiny_student/model.npz
[2025-06-06 02:52:01] Saving Adam parameters
[2025-06-06 02:52:01] [training] Saving training checkpoint to /scratch/project_2011987/OpusDistillery/rules/../data/models/MA-test/cat+oci+spa-eng/model2_tiny_student/model.npz and /scratch/project_2011987/OpusDistillery/rules/../data/models/MA-test/cat+oci+spa-eng/model2_tiny_student/model.npz.optimizer.npz
[2025-06-06 02:52:20] [valid] Ep. 23 : Up. 90000 : perplexity : 2.27842 : stalled 2 times (last best: 2.25903)
[2025-06-06 02:55:42] Saving model weights and runtime parameters to /scratch/project_2011987/OpusDistillery/rules/../data/models/MA-test/cat+oci+spa-eng/model2_tiny_student/model.npz.best-chrf.npz
[2025-06-06 02:55:42] [valid] Ep. 23 : Up. 90000 : chrf : 75.5193 : new best
[2025-06-06 02:56:00] [valid] Ep. 23 : Up. 90000 : ce-mean-words : 0.823482 : stalled 2 times (last best: 0.814936)
[2025-06-06 03:01:19] Seen 19,896,896 samples
[2025-06-06 03:01:19] Starting data epoch 24 in logical epoch 24
[2025-06-06 03:01:19] [data] Shuffling data
[2025-06-06 03:01:20] [data] Done shuffling 19,897,021 sentences (cached in RAM)
[2025-06-06 03:04:44] Ep. 24 : Up. 91000 : Sen. 1,988,783 : Cost 0.34374383 : Time 763.72s : 160759.15 words/s : gNorm 0.3666 : L.r. 1.7790e-04
[2025-06-06 03:12:57] Ep. 24 : Up. 92000 : Sen. 7,029,896 : Cost 0.34016961 : Time 493.33s : 248890.43 words/s : gNorm 0.3548 : L.r. 1.7693e-04
[2025-06-06 03:21:11] Ep. 24 : Up. 93000 : Sen. 12,065,097 : Cost 0.34267142 : Time 493.80s : 249382.08 words/s : gNorm 0.3679 : L.r. 1.7598e-04
[2025-06-06 03:29:22] Ep. 24 : Up. 94000 : Sen. 17,130,750 : Cost 0.34382519 : Time 490.60s : 251027.65 words/s : gNorm 0.3602 : L.r. 1.7504e-04
[2025-06-06 03:33:41] Seen 19,896,896 samples
[2025-06-06 03:33:41] Starting data epoch 25 in logical epoch 25
[2025-06-06 03:33:41] [data] Shuffling data
[2025-06-06 03:33:42] [data] Done shuffling 19,897,021 sentences (cached in RAM)
[2025-06-06 03:37:39] Ep. 25 : Up. 95000 : Sen. 2,311,436 : Cost 0.33926195 : Time 497.39s : 247377.08 words/s : gNorm 0.3449 : L.r. 1.7411e-04
[2025-06-06 03:37:39] Saving model weights and runtime parameters to /scratch/project_2011987/OpusDistillery/rules/../data/models/MA-test/cat+oci+spa-eng/model2_tiny_student/model.npz
[2025-06-06 03:37:40] Saving Adam parameters
[2025-06-06 03:37:40] [training] Saving training checkpoint to /scratch/project_2011987/OpusDistillery/rules/../data/models/MA-test/cat+oci+spa-eng/model2_tiny_student/model.npz and /scratch/project_2011987/OpusDistillery/rules/../data/models/MA-test/cat+oci+spa-eng/model2_tiny_student/model.npz.optimizer.npz
[2025-06-06 03:38:00] [valid] Ep. 25 : Up. 95000 : perplexity : 2.30123 : stalled 3 times (last best: 2.25903)
[2025-06-06 03:41:15] Saving model weights and runtime parameters to /scratch/project_2011987/OpusDistillery/rules/../data/models/MA-test/cat+oci+spa-eng/model2_tiny_student/model.npz.best-chrf.npz
[2025-06-06 03:41:15] [valid] Ep. 25 : Up. 95000 : chrf : 75.6057 : new best
[2025-06-06 03:41:32] [valid] Ep. 25 : Up. 95000 : ce-mean-words : 0.833443 : stalled 3 times (last best: 0.814936)
[2025-06-06 03:49:45] Ep. 25 : Up. 96000 : Sen. 7,370,961 : Cost 0.33727548 : Time 725.88s : 170289.70 words/s : gNorm 0.3371 : L.r. 1.7321e-04
[2025-06-06 03:57:56] Ep. 25 : Up. 97000 : Sen. 12,427,351 : Cost 0.33978906 : Time 490.91s : 249828.03 words/s : gNorm 0.3696 : L.r. 1.7231e-04
[2025-06-06 04:06:08] Ep. 25 : Up. 98000 : Sen. 17,477,048 : Cost 0.33962694 : Time 492.43s : 250450.97 words/s : gNorm 0.3582 : L.r. 1.7143e-04
[2025-06-06 04:09:59] Seen 19,896,896 samples
[2025-06-06 04:10:00] Starting data epoch 26 in logical epoch 26
[2025-06-06 04:10:00] [data] Shuffling data
[2025-06-06 04:10:01] [data] Done shuffling 19,897,021 sentences (cached in RAM)
[2025-06-06 04:14:27] Ep. 26 : Up. 99000 : Sen. 2,578,833 : Cost 0.33668450 : Time 499.29s : 246002.55 words/s : gNorm 0.3745 : L.r. 1.7056e-04
[2025-06-06 04:22:39] Ep. 26 : Up. 100000 : Sen. 7,646,828 : Cost 0.33551809 : Time 491.56s : 249154.43 words/s : gNorm 0.3715 : L.r. 1.6971e-04
[2025-06-06 04:22:39] Saving model weights and runtime parameters to /scratch/project_2011987/OpusDistillery/rules/../data/models/MA-test/cat+oci+spa-eng/model2_tiny_student/model.npz
[2025-06-06 04:22:41] Saving Adam parameters
[2025-06-06 04:22:41] [training] Saving training checkpoint to /scratch/project_2011987/OpusDistillery/rules/../data/models/MA-test/cat+oci+spa-eng/model2_tiny_student/model.npz and /scratch/project_2011987/OpusDistillery/rules/../data/models/MA-test/cat+oci+spa-eng/model2_tiny_student/model.npz.optimizer.npz
[2025-06-06 04:23:01] [valid] Ep. 26 : Up. 100000 : perplexity : 2.28019 : stalled 4 times (last best: 2.25903)
[2025-06-06 04:26:12] [valid] Ep. 26 : Up. 100000 : chrf : 75.2563 : stalled 1 times (last best: 75.6057)
[2025-06-06 04:26:30] [valid] Ep. 26 : Up. 100000 : ce-mean-words : 0.824258 : stalled 4 times (last best: 0.814936)
[2025-06-06 04:34:45] Ep. 26 : Up. 101000 : Sen. 12,715,935 : Cost 0.33584383 : Time 725.72s : 170435.79 words/s : gNorm 0.3425 : L.r. 1.6886e-04
[2025-06-06 04:42:57] Ep. 26 : Up. 102000 : Sen. 17,805,029 : Cost 0.33819199 : Time 491.88s : 250414.54 words/s : gNorm 0.3623 : L.r. 1.6803e-04
[2025-06-06 04:46:16] Seen 19,896,896 samples
[2025-06-06 04:46:16] Starting data epoch 27 in logical epoch 27
[2025-06-06 04:46:16] [data] Shuffling data
[2025-06-06 04:46:17] [data] Done shuffling 19,897,021 sentences (cached in RAM)
[2025-06-06 04:51:14] Ep. 27 : Up. 103000 : Sen. 2,955,054 : Cost 0.33174193 : Time 497.73s : 247148.36 words/s : gNorm 0.3499 : L.r. 1.6722e-04
[2025-06-06 04:59:25] Ep. 27 : Up. 104000 : Sen. 7,999,943 : Cost 0.33135468 : Time 491.07s : 250581.30 words/s : gNorm 0.3475 : L.r. 1.6641e-04
[2025-06-06 05:07:45] Ep. 27 : Up. 105000 : Sen. 13,014,461 : Cost 0.33386576 : Time 499.92s : 244526.59 words/s : gNorm 0.3442 : L.r. 1.6562e-04
[2025-06-06 05:07:45] Saving model weights and runtime parameters to /scratch/project_2011987/OpusDistillery/rules/../data/models/MA-test/cat+oci+spa-eng/model2_tiny_student/model.npz
[2025-06-06 05:07:47] Saving Adam parameters
[2025-06-06 05:07:48] [training] Saving training checkpoint to /scratch/project_2011987/OpusDistillery/rules/../data/models/MA-test/cat+oci+spa-eng/model2_tiny_student/model.npz and /scratch/project_2011987/OpusDistillery/rules/../data/models/MA-test/cat+oci+spa-eng/model2_tiny_student/model.npz.optimizer.npz
[2025-06-06 05:08:09] [valid] Ep. 27 : Up. 105000 : perplexity : 2.30017 : stalled 5 times (last best: 2.25903)
[2025-06-06 05:11:32] Saving model weights and runtime parameters to /scratch/project_2011987/OpusDistillery/rules/../data/models/MA-test/cat+oci+spa-eng/model2_tiny_student/model.npz.best-chrf.npz
[2025-06-06 05:11:32] [valid] Ep. 27 : Up. 105000 : chrf : 75.6086 : new best
[2025-06-06 05:11:51] [valid] Ep. 27 : Up. 105000 : ce-mean-words : 0.832984 : stalled 5 times (last best: 0.814936)
[2025-06-06 05:11:51] Training finished
[2025-06-06 05:11:51] Saving model weights and runtime parameters to /scratch/project_2011987/OpusDistillery/rules/../data/models/MA-test/cat+oci+spa-eng/model2_tiny_student/model.npz
[2025-06-06 05:11:52] Saving Adam parameters
[2025-06-06 05:11:52] [training] Saving training checkpoint to /scratch/project_2011987/OpusDistillery/rules/../data/models/MA-test/cat+oci+spa-eng/model2_tiny_student/model.npz and /scratch/project_2011987/OpusDistillery/rules/../data/models/MA-test/cat+oci+spa-eng/model2_tiny_student/model.npz.optimizer.npz
