[2025-03-27 12:04:48] [marian] Marian v1.12.31 a6ab8af8 2024-06-27 15:21:08 +0000
[2025-03-27 12:04:48] [marian] Running on r03g08.bullx as process 23 with command line:
[2025-03-27 12:04:48] [marian] /scratch/project_2011987/OpusDistillery/3rd_party/marian-dev/build//marian --model /scratch/project_2011987/OpusDistillery/rules/../data/models/MA-test/cat+oci+spa-eng/model1_student/model.npz -c configs/model/student.yml configs/training/student.train.yml --train-sets /scratch/project_2011987/OpusDistillery/rules/../data/data/MA-test/cat+oci+spa-eng/filtered/corpus.source.gz /scratch/project_2011987/OpusDistillery/rules/../data/data/MA-test/cat+oci+spa-eng/filtered/corpus.target.gz -T /scratch/project_2011987/OpusDistillery/rules/../data/models/MA-test/cat+oci+spa-eng/model1_student/tmp --shuffle-in-ram --vocabs /scratch/project_2011987/OpusDistillery/rules/../data/models/MA-test/cat+oci+spa-eng/vocab/vocab.spm /scratch/project_2011987/OpusDistillery/rules/../data/models/MA-test/cat+oci+spa-eng/vocab/vocab.spm -w 10000 --devices 0 --sharding local --sync-sgd --valid-metrics perplexity chrf ce-mean-words --valid-sets /scratch/project_2011987/OpusDistillery/rules/../data/data/MA-test/cat+oci+spa-eng/original/devset.student.source.gz /scratch/project_2011987/OpusDistillery/rules/../data/data/MA-test/cat+oci+spa-eng/original/devset.student.target.gz --valid-translation-output '/scratch/project_2011987/OpusDistillery/rules/../data/models/MA-test/cat+oci+spa-eng/model1_student/valid_outputs/validation-output-after-{U}-updates-{E}-epochs.txt' --quiet-translation --overwrite --keep-best --log /scratch/project_2011987/OpusDistillery/rules/../data/models/MA-test/cat+oci+spa-eng/model1_student/train.log --valid-log /scratch/project_2011987/OpusDistillery/rules/../data/models/MA-test/cat+oci+spa-eng/model1_student/valid.log
[2025-03-27 12:04:48] [config] after: 0e
[2025-03-27 12:04:48] [config] after-batches: 0
[2025-03-27 12:04:48] [config] after-epochs: 0
[2025-03-27 12:04:48] [config] all-caps-every: 0
[2025-03-27 12:04:48] [config] allow-unk: false
[2025-03-27 12:04:48] [config] authors: false
[2025-03-27 12:04:48] [config] beam-size: 1
[2025-03-27 12:04:48] [config] bert-class-symbol: "[CLS]"
[2025-03-27 12:04:48] [config] bert-mask-symbol: "[MASK]"
[2025-03-27 12:04:48] [config] bert-masking-fraction: 0.15
[2025-03-27 12:04:48] [config] bert-sep-symbol: "[SEP]"
[2025-03-27 12:04:48] [config] bert-train-type-embeddings: true
[2025-03-27 12:04:48] [config] bert-type-vocab-size: 2
[2025-03-27 12:04:48] [config] build-info: ""
[2025-03-27 12:04:48] [config] check-gradient-nan: false
[2025-03-27 12:04:48] [config] check-nan: false
[2025-03-27 12:04:48] [config] cite: false
[2025-03-27 12:04:48] [config] clip-norm: 0
[2025-03-27 12:04:48] [config] comet-augment-bad: 0
[2025-03-27 12:04:48] [config] comet-dropout: 0.1
[2025-03-27 12:04:48] [config] comet-final-sigmoid: false
[2025-03-27 12:04:48] [config] comet-mix: false
[2025-03-27 12:04:48] [config] comet-mix-norm: false
[2025-03-27 12:04:48] [config] comet-mix-transformation: softmax
[2025-03-27 12:04:48] [config] comet-mixup: 0
[2025-03-27 12:04:48] [config] comet-mixup-reg: false
[2025-03-27 12:04:48] [config] comet-pool: avg
[2025-03-27 12:04:48] [config] comet-pooler-ffn:
[2025-03-27 12:04:48] [config]   - 2048
[2025-03-27 12:04:48] [config]   - 1024
[2025-03-27 12:04:48] [config] comet-prepend-zero: false
[2025-03-27 12:04:48] [config] comet-stop-grad: false
[2025-03-27 12:04:48] [config] comet-use-separator: false
[2025-03-27 12:04:48] [config] cost-scaling:
[2025-03-27 12:04:48] [config]   []
[2025-03-27 12:04:48] [config] cost-type: ce-mean-words
[2025-03-27 12:04:48] [config] cpu-threads: 0
[2025-03-27 12:04:48] [config] custom-fallbacks:
[2025-03-27 12:04:48] [config]   []
[2025-03-27 12:04:48] [config] data-threads: 8
[2025-03-27 12:04:48] [config] data-weighting: ""
[2025-03-27 12:04:48] [config] data-weighting-type: sentence
[2025-03-27 12:04:48] [config] dec-cell: gru
[2025-03-27 12:04:48] [config] dec-cell-base-depth: 2
[2025-03-27 12:04:48] [config] dec-cell-high-depth: 1
[2025-03-27 12:04:48] [config] dec-depth: 6
[2025-03-27 12:04:48] [config] devices:
[2025-03-27 12:04:48] [config]   - 0
[2025-03-27 12:04:48] [config] dim-emb: 512
[2025-03-27 12:04:48] [config] dim-rnn: 1024
[2025-03-27 12:04:48] [config] dim-vocabs:
[2025-03-27 12:04:48] [config]   - 0
[2025-03-27 12:04:48] [config]   - 0
[2025-03-27 12:04:48] [config] disp-first: 10
[2025-03-27 12:04:48] [config] disp-freq: 1000
[2025-03-27 12:04:48] [config] disp-label-counts: true
[2025-03-27 12:04:48] [config] dropout-rnn: 0.1
[2025-03-27 12:04:48] [config] dropout-src: 0
[2025-03-27 12:04:48] [config] dropout-trg: 0
[2025-03-27 12:04:48] [config] dump-config: ""
[2025-03-27 12:04:48] [config] dynamic-gradient-scaling:
[2025-03-27 12:04:48] [config]   []
[2025-03-27 12:04:48] [config] early-stopping: 5
[2025-03-27 12:04:48] [config] early-stopping-epsilon:
[2025-03-27 12:04:48] [config]   - 0
[2025-03-27 12:04:48] [config] early-stopping-on: first
[2025-03-27 12:04:48] [config] embedding-fix-src: false
[2025-03-27 12:04:48] [config] embedding-fix-trg: false
[2025-03-27 12:04:48] [config] embedding-normalization: false
[2025-03-27 12:04:48] [config] embedding-vectors:
[2025-03-27 12:04:48] [config]   []
[2025-03-27 12:04:48] [config] enc-cell: gru
[2025-03-27 12:04:48] [config] enc-cell-depth: 1
[2025-03-27 12:04:48] [config] enc-depth: 6
[2025-03-27 12:04:48] [config] enc-type: bidirectional
[2025-03-27 12:04:48] [config] english-title-case-every: 0
[2025-03-27 12:04:48] [config] exponential-smoothing: True
[2025-03-27 12:04:48] [config] exponential-smoothing-replace-freq: 0
[2025-03-27 12:04:48] [config] factor-weight: 1
[2025-03-27 12:04:48] [config] factors-combine: sum
[2025-03-27 12:04:48] [config] factors-dim-emb: 0
[2025-03-27 12:04:48] [config] gradient-checkpointing: false
[2025-03-27 12:04:48] [config] gradient-norm-average-window: 100
[2025-03-27 12:04:48] [config] guided-alignment: none
[2025-03-27 12:04:48] [config] guided-alignment-cost: ce
[2025-03-27 12:04:48] [config] guided-alignment-weight: 0.1
[2025-03-27 12:04:48] [config] ignore-model-config: false
[2025-03-27 12:04:48] [config] input-join-fields: false
[2025-03-27 12:04:48] [config] input-reorder:
[2025-03-27 12:04:48] [config]   []
[2025-03-27 12:04:48] [config] input-types:
[2025-03-27 12:04:48] [config]   []
[2025-03-27 12:04:48] [config] interpolate-env-vars: false
[2025-03-27 12:04:48] [config] keep-best: true
[2025-03-27 12:04:48] [config] label-smoothing: 0
[2025-03-27 12:04:48] [config] layer-normalization: false
[2025-03-27 12:04:48] [config] learn-rate: 0.0003
[2025-03-27 12:04:48] [config] lemma-dependency: ""
[2025-03-27 12:04:48] [config] lemma-dim-emb: 0
[2025-03-27 12:04:48] [config] log: /scratch/project_2011987/OpusDistillery/rules/../data/models/MA-test/cat+oci+spa-eng/model1_student/train.log
[2025-03-27 12:04:48] [config] log-level: info
[2025-03-27 12:04:48] [config] log-time-zone: ""
[2025-03-27 12:04:48] [config] logical-epoch:
[2025-03-27 12:04:48] [config]   - 1e
[2025-03-27 12:04:48] [config]   - 0
[2025-03-27 12:04:48] [config] lr-decay: 0
[2025-03-27 12:04:48] [config] lr-decay-freq: 50000
[2025-03-27 12:04:48] [config] lr-decay-inv-sqrt:
[2025-03-27 12:04:48] [config]   - 32000
[2025-03-27 12:04:48] [config] lr-decay-repeat-warmup: false
[2025-03-27 12:04:48] [config] lr-decay-reset-optimizer: false
[2025-03-27 12:04:48] [config] lr-decay-start:
[2025-03-27 12:04:48] [config]   - 10
[2025-03-27 12:04:48] [config]   - 1
[2025-03-27 12:04:48] [config] lr-decay-strategy: epoch+stalled
[2025-03-27 12:04:48] [config] lr-report: True
[2025-03-27 12:04:48] [config] lr-warmup: 16000
[2025-03-27 12:04:48] [config] lr-warmup-at-reload: false
[2025-03-27 12:04:48] [config] lr-warmup-cycle: false
[2025-03-27 12:04:48] [config] lr-warmup-start-rate: 0
[2025-03-27 12:04:48] [config] max-length: 200
[2025-03-27 12:04:48] [config] max-length-crop: false
[2025-03-27 12:04:48] [config] max-length-factor: 3
[2025-03-27 12:04:48] [config] maxi-batch: 1000
[2025-03-27 12:04:48] [config] maxi-batch-sort: trg
[2025-03-27 12:04:48] [config] mini-batch: 1000
[2025-03-27 12:04:48] [config] mini-batch-fit: True
[2025-03-27 12:04:48] [config] mini-batch-fit-step: 10
[2025-03-27 12:04:48] [config] mini-batch-round-up: true
[2025-03-27 12:04:48] [config] mini-batch-track-lr: false
[2025-03-27 12:04:48] [config] mini-batch-warmup: 0
[2025-03-27 12:04:48] [config] mini-batch-words: 0
[2025-03-27 12:04:48] [config] mini-batch-words-ref: 0
[2025-03-27 12:04:48] [config] model: /scratch/project_2011987/OpusDistillery/rules/../data/models/MA-test/cat+oci+spa-eng/model1_student/model.npz
[2025-03-27 12:04:48] [config] multi-loss-type: sum
[2025-03-27 12:04:48] [config] n-best: false
[2025-03-27 12:04:48] [config] no-nccl: false
[2025-03-27 12:04:48] [config] no-optimizer-reload: false
[2025-03-27 12:04:48] [config] no-reload: false
[2025-03-27 12:04:48] [config] no-restore-corpus: false
[2025-03-27 12:04:48] [config] no-spm-encode: false
[2025-03-27 12:04:48] [config] normalize: 1
[2025-03-27 12:04:48] [config] normalize-gradient: false
[2025-03-27 12:04:48] [config] normalize-gradient-by-ratio: false
[2025-03-27 12:04:48] [config] optimizer: adam
[2025-03-27 12:04:48] [config] optimizer-delay: 2
[2025-03-27 12:04:48] [config] optimizer-params:
[2025-03-27 12:04:48] [config]   - 0.9
[2025-03-27 12:04:48] [config]   - 0.98
[2025-03-27 12:04:48] [config]   - 1e-09
[2025-03-27 12:04:48] [config] output-omit-bias: false
[2025-03-27 12:04:48] [config] overwrite: true
[2025-03-27 12:04:48] [config] overwrite-checkpoint: true
[2025-03-27 12:04:48] [config] precision:
[2025-03-27 12:04:48] [config]   - float32
[2025-03-27 12:04:48] [config]   - float32
[2025-03-27 12:04:48] [config] pretrained-model: ""
[2025-03-27 12:04:48] [config] quantize-biases: false
[2025-03-27 12:04:48] [config] quantize-bits: 0
[2025-03-27 12:04:48] [config] quantize-log-based: false
[2025-03-27 12:04:48] [config] quantize-optimization-steps: 0
[2025-03-27 12:04:48] [config] quiet: false
[2025-03-27 12:04:48] [config] quiet-translation: true
[2025-03-27 12:04:48] [config] quiet-validation: false
[2025-03-27 12:04:48] [config] relative-paths: false
[2025-03-27 12:04:48] [config] right-left: false
[2025-03-27 12:04:48] [config] save-freq: 5000
[2025-03-27 12:04:48] [config] seed: 0
[2025-03-27 12:04:48] [config] sentencepiece-alphas:
[2025-03-27 12:04:48] [config]   []
[2025-03-27 12:04:48] [config] sentencepiece-max-lines: 2000000
[2025-03-27 12:04:48] [config] sentencepiece-options: ""
[2025-03-27 12:04:48] [config] separator-symbol: "[eos]"
[2025-03-27 12:04:48] [config] sharding: local
[2025-03-27 12:04:48] [config] shuffle: data
[2025-03-27 12:04:48] [config] shuffle-in-ram: true
[2025-03-27 12:04:48] [config] sigterm: save-and-exit
[2025-03-27 12:04:48] [config] skip: false
[2025-03-27 12:04:48] [config] sqlite: ""
[2025-03-27 12:04:48] [config] sqlite-drop: false
[2025-03-27 12:04:48] [config] sync-freq: 200u
[2025-03-27 12:04:48] [config] sync-sgd: true
[2025-03-27 12:04:48] [config] tempdir: /scratch/project_2011987/OpusDistillery/rules/../data/models/MA-test/cat+oci+spa-eng/model1_student/tmp
[2025-03-27 12:04:48] [config] throw-on-divergence:
[2025-03-27 12:04:48] [config]   []
[2025-03-27 12:04:48] [config] tied-embeddings: false
[2025-03-27 12:04:48] [config] tied-embeddings-all: true
[2025-03-27 12:04:48] [config] tied-embeddings-src: false
[2025-03-27 12:04:48] [config] train-embedder-rank:
[2025-03-27 12:04:48] [config]   []
[2025-03-27 12:04:48] [config] train-sets:
[2025-03-27 12:04:48] [config]   - /scratch/project_2011987/OpusDistillery/rules/../data/data/MA-test/cat+oci+spa-eng/filtered/corpus.source.gz
[2025-03-27 12:04:48] [config]   - /scratch/project_2011987/OpusDistillery/rules/../data/data/MA-test/cat+oci+spa-eng/filtered/corpus.target.gz
[2025-03-27 12:04:48] [config] transformer-aan-activation: swish
[2025-03-27 12:04:48] [config] transformer-aan-depth: 2
[2025-03-27 12:04:48] [config] transformer-aan-nogate: false
[2025-03-27 12:04:48] [config] transformer-alibi-shift: false
[2025-03-27 12:04:48] [config] transformer-alibi-trainable: false
[2025-03-27 12:04:48] [config] transformer-attention-mask: default
[2025-03-27 12:04:48] [config] transformer-decoder-autoreg: rnn
[2025-03-27 12:04:48] [config] transformer-decoder-dim-ffn: 0
[2025-03-27 12:04:48] [config] transformer-decoder-ffn-depth: 0
[2025-03-27 12:04:48] [config] transformer-depth-scaling: false
[2025-03-27 12:04:48] [config] transformer-dim-aan: 2048
[2025-03-27 12:04:48] [config] transformer-dim-ffn: 2048
[2025-03-27 12:04:48] [config] transformer-disable-position-embeddings: false
[2025-03-27 12:04:48] [config] transformer-dropout: 0
[2025-03-27 12:04:48] [config] transformer-dropout-attention: 0
[2025-03-27 12:04:48] [config] transformer-dropout-ffn: 0
[2025-03-27 12:04:48] [config] transformer-ffn-activation: relu
[2025-03-27 12:04:48] [config] transformer-ffn-depth: 2
[2025-03-27 12:04:48] [config] transformer-guided-alignment-layer: last
[2025-03-27 12:04:48] [config] transformer-heads: 8
[2025-03-27 12:04:48] [config] transformer-no-affine: false
[2025-03-27 12:04:48] [config] transformer-no-bias: false
[2025-03-27 12:04:48] [config] transformer-no-projection: false
[2025-03-27 12:04:48] [config] transformer-pool: false
[2025-03-27 12:04:48] [config] transformer-postprocess: dan
[2025-03-27 12:04:48] [config] transformer-postprocess-emb: d
[2025-03-27 12:04:48] [config] transformer-postprocess-top: ""
[2025-03-27 12:04:48] [config] transformer-preprocess: ""
[2025-03-27 12:04:48] [config] transformer-rnn-projection: false
[2025-03-27 12:04:48] [config] transformer-tied-layers:
[2025-03-27 12:04:48] [config]   []
[2025-03-27 12:04:48] [config] transformer-train-position-embeddings: false
[2025-03-27 12:04:48] [config] tsv: false
[2025-03-27 12:04:48] [config] tsv-fields: 0
[2025-03-27 12:04:48] [config] type: transformer
[2025-03-27 12:04:48] [config] ulr: false
[2025-03-27 12:04:48] [config] ulr-dim-emb: 0
[2025-03-27 12:04:48] [config] ulr-dropout: 0
[2025-03-27 12:04:48] [config] ulr-keys-vectors: ""
[2025-03-27 12:04:48] [config] ulr-query-vectors: ""
[2025-03-27 12:04:48] [config] ulr-softmax-temperature: 1
[2025-03-27 12:04:48] [config] ulr-trainable-transformation: false
[2025-03-27 12:04:48] [config] unlikelihood-loss: false
[2025-03-27 12:04:48] [config] valid-freq: 5000
[2025-03-27 12:04:48] [config] valid-log: /scratch/project_2011987/OpusDistillery/rules/../data/models/MA-test/cat+oci+spa-eng/model1_student/valid.log
[2025-03-27 12:04:48] [config] valid-max-length: 1000
[2025-03-27 12:04:48] [config] valid-metrics:
[2025-03-27 12:04:48] [config]   - perplexity
[2025-03-27 12:04:48] [config]   - chrf
[2025-03-27 12:04:48] [config]   - ce-mean-words
[2025-03-27 12:04:48] [config] valid-mini-batch: 64
[2025-03-27 12:04:48] [config] valid-reset-all: false
[2025-03-27 12:04:48] [config] valid-reset-stalled: false
[2025-03-27 12:04:48] [config] valid-script-args:
[2025-03-27 12:04:48] [config]   []
[2025-03-27 12:04:48] [config] valid-script-path: ""
[2025-03-27 12:04:48] [config] valid-sets:
[2025-03-27 12:04:48] [config]   - /scratch/project_2011987/OpusDistillery/rules/../data/data/MA-test/cat+oci+spa-eng/original/devset.student.source.gz
[2025-03-27 12:04:48] [config]   - /scratch/project_2011987/OpusDistillery/rules/../data/data/MA-test/cat+oci+spa-eng/original/devset.student.target.gz
[2025-03-27 12:04:48] [config] valid-translation-output: /scratch/project_2011987/OpusDistillery/rules/../data/models/MA-test/cat+oci+spa-eng/model1_student/valid_outputs/validation-output-after-{U}-updates-{E}-epochs.txt
[2025-03-27 12:04:48] [config] vocabs:
[2025-03-27 12:04:48] [config]   - /scratch/project_2011987/OpusDistillery/rules/../data/models/MA-test/cat+oci+spa-eng/vocab/vocab.spm
[2025-03-27 12:04:48] [config]   - /scratch/project_2011987/OpusDistillery/rules/../data/models/MA-test/cat+oci+spa-eng/vocab/vocab.spm
[2025-03-27 12:04:48] [config] word-penalty: 0
[2025-03-27 12:04:48] [config] word-scores: false
[2025-03-27 12:04:48] [config] workspace: 10000
[2025-03-27 12:04:48] [config] Model is being created with Marian v1.12.31 a6ab8af8 2024-06-27 15:21:08 +0000
[2025-03-27 12:04:48] Using synchronous SGD
[2025-03-27 12:04:48] [comm] Compiled without MPI support. Running as a single process on r03g08.bullx
[2025-03-27 12:04:48] Synced seed 1743069888
[2025-03-27 12:04:48] [data] Loading SentencePiece vocabulary from file /scratch/project_2011987/OpusDistillery/rules/../data/models/MA-test/cat+oci+spa-eng/vocab/vocab.spm
[2025-03-27 12:04:48] [data] Setting vocabulary size for input 0 to 32,000
[2025-03-27 12:04:48] [data] Loading SentencePiece vocabulary from file /scratch/project_2011987/OpusDistillery/rules/../data/models/MA-test/cat+oci+spa-eng/vocab/vocab.spm
[2025-03-27 12:04:48] [data] Setting vocabulary size for input 1 to 32,000
[2025-03-27 12:04:49] [batching] Collecting statistics for batch fitting with step size 10
[2025-03-27 12:04:51] [memory] Extending reserved space to 10112 MB (device gpu0)
[2025-03-27 12:04:55] [comm] Using NCCL 2.8.3 for GPU communication
[2025-03-27 12:04:55] [comm] Using global sharding
[2025-03-27 12:04:55] [comm] NCCLCommunicators constructed successfully
[2025-03-27 12:04:55] [training] Using 1 GPUs
[2025-03-27 12:04:56] [logits] Applying loss function for 1 factor(s)
[2025-03-27 12:04:56] [memory] Reserving 242 MB, device gpu0
[2025-03-27 12:05:05] [gpu] 16-bit TensorCores enabled for float32 matrix operations
[2025-03-27 12:05:05] [memory] Reserving 242 MB, device gpu0
[2025-03-27 12:05:36] [batching] Done. Typical MB size is 20,733 target words
[2025-03-27 12:05:37] [memory] Extending reserved space to 10112 MB (device gpu0)
[2025-03-27 12:05:37] [comm] Using NCCL 2.8.3 for GPU communication
[2025-03-27 12:05:37] [comm] Using global sharding
[2025-03-27 12:05:37] [comm] NCCLCommunicators constructed successfully
[2025-03-27 12:05:37] [training] Using 1 GPUs
[2025-03-27 12:05:37] Training started
[2025-03-27 12:05:37] [data] Shuffling data
[2025-03-27 12:06:04] [data] Done reading 19,897,021 sentences
[2025-03-27 12:06:05] [data] Done shuffling 19,897,021 sentences (cached in RAM)
[2025-03-27 12:06:23] [training] Batches are processed as 1 process(es) x 1 devices/process
[2025-03-27 12:06:23] [memory] Reserving 242 MB, device gpu0
[2025-03-27 12:06:23] [memory] Reserving 242 MB, device gpu0
[2025-03-27 12:06:26] Parameter type float32, optimization type float32, casting types false
[2025-03-27 12:06:26] Allocating memory for general optimizer shards
[2025-03-27 12:06:26] [memory] Reserving 242 MB, device gpu0
[2025-03-27 12:06:26] Allocating memory for Adam-specific shards
[2025-03-27 12:06:26] [memory] Reserving 485 MB, device gpu0
[2025-03-27 12:06:26] Ep. 1 : Up. 1 : Sen. 558 : Cost 10.97721767 : Time 49.46s : 338.49 words/s : gNorm 7.8589 : L.r. 1.8750e-08
[2025-03-27 12:06:27] Ep. 1 : Up. 2 : Sen. 1,704 : Cost 11.02338314 : Time 1.41s : 9721.80 words/s : gNorm 8.2356 : L.r. 3.7500e-08
[2025-03-27 12:06:30] Ep. 1 : Up. 3 : Sen. 2,012 : Cost 10.92569733 : Time 2.64s : 7003.69 words/s : gNorm 8.4263 : L.r. 5.6250e-08
[2025-03-27 12:06:32] Ep. 1 : Up. 4 : Sen. 2,376 : Cost 10.95508671 : Time 2.26s : 7879.49 words/s : gNorm 8.4090 : L.r. 7.5000e-08
[2025-03-27 12:06:34] Ep. 1 : Up. 5 : Sen. 2,610 : Cost 10.93448257 : Time 1.79s : 8086.90 words/s : gNorm 8.4807 : L.r. 9.3750e-08
[2025-03-27 12:06:35] Ep. 1 : Up. 6 : Sen. 4,934 : Cost 10.99135017 : Time 1.22s : 11419.36 words/s : gNorm 9.6817 : L.r. 1.1250e-07
[2025-03-27 12:06:37] Ep. 1 : Up. 7 : Sen. 5,688 : Cost 10.98691177 : Time 2.19s : 10307.10 words/s : gNorm 9.1898 : L.r. 1.3125e-07
[2025-03-27 12:06:39] Ep. 1 : Up. 8 : Sen. 6,052 : Cost 10.94069958 : Time 1.94s : 9772.90 words/s : gNorm 9.1889 : L.r. 1.5000e-07
[2025-03-27 12:06:40] Ep. 1 : Up. 9 : Sen. 6,806 : Cost 10.96069717 : Time 0.46s : 37706.26 words/s : gNorm 8.8593 : L.r. 1.6875e-07
[2025-03-27 12:06:40] Ep. 1 : Up. 10 : Sen. 7,952 : Cost 11.00309944 : Time 0.47s : 41546.41 words/s : gNorm 8.6597 : L.r. 1.8750e-07
[2025-03-27 12:13:37] Ep. 1 : Up. 1000 : Sen. 663,682 : Cost 8.02115822 : Time 417.11s : 38890.11 words/s : gNorm 3.1790 : L.r. 1.8750e-05
[2025-03-27 12:20:40] Ep. 1 : Up. 2000 : Sen. 1,353,239 : Cost 6.28299856 : Time 422.41s : 38792.89 words/s : gNorm 3.5061 : L.r. 3.7500e-05
[2025-03-27 12:27:44] Ep. 1 : Up. 3000 : Sen. 2,018,262 : Cost 5.52816010 : Time 424.28s : 38842.03 words/s : gNorm 2.8511 : L.r. 5.6250e-05
[2025-03-27 12:34:46] Ep. 1 : Up. 4000 : Sen. 2,696,480 : Cost 4.83617306 : Time 422.23s : 38802.07 words/s : gNorm 3.6361 : L.r. 7.5000e-05
[2025-03-27 12:41:47] Ep. 1 : Up. 5000 : Sen. 3,357,521 : Cost 3.87827635 : Time 421.01s : 38682.44 words/s : gNorm 4.1897 : L.r. 9.3750e-05
[2025-03-27 12:41:47] Saving model weights and runtime parameters to /scratch/project_2011987/OpusDistillery/rules/../data/models/MA-test/cat+oci+spa-eng/model1_student/model.npz
[2025-03-27 12:41:49] Saving Adam parameters
[2025-03-27 12:41:50] [training] Saving training checkpoint to /scratch/project_2011987/OpusDistillery/rules/../data/models/MA-test/cat+oci+spa-eng/model1_student/model.npz and /scratch/project_2011987/OpusDistillery/rules/../data/models/MA-test/cat+oci+spa-eng/model1_student/model.npz.optimizer.npz
[2025-03-27 12:42:57] Saving model weights and runtime parameters to /scratch/project_2011987/OpusDistillery/rules/../data/models/MA-test/cat+oci+spa-eng/model1_student/model.npz.best-perplexity.npz
[2025-03-27 12:42:57] [valid] Ep. 1 : Up. 5000 : perplexity : 10.4498 : new best
[2025-03-27 12:42:58] [valid] First sentence's tokens as scored:
[2025-03-27 12:42:58] [valid] Decoding validation set with SentencePieceVocab for scoring
[2025-03-27 12:42:58] [valid]   Hyp: A l i t t l e b i t , I h a d a b r i e f d g r o u p , I h a d a h u g e c a l l o f t h e c a m p a i g n a n d t h e c a m p a i g n . A n d h e w a s s t i l l t h e c o u n t r y f o r t h e c o u n t r y a n d t h a t h e h a s s t i l l t h e m o s t i m p o r t a n t t h i n g t o w o r k .
[2025-03-27 12:42:58] [valid]   Ref: A l i t t l e b i t e a r l i e r t h i s e v e n i n g , I r e c e i v e d a n e x t r a o r d i n a r i l y g r a c i o u s c a l l f r o m S e n a t o r M c C a i n . S e n a t o r M c C a i n f o u g h t l o n g a n d h a r d i n t h i s c a m p a i g n . A n d h e ' s f o u g h t e v e n l o n g e r a n d h a r d e r f o r t h e c o u n t r y t h a t h e l o v e s . H e h a s e n d u r e d s a c r i f i c e s f o r t h e U n i t e d S t a t e s t h a t m o s t o f u s c a n n o t b e g i n t o i m a g i n e . W e a r e b e t t e r o f f f o r t h e s e r v i c e r e n d e r e d b y t h i s b r a v e a n d s e l f l e s s l e a d e r .
[2025-03-27 12:43:04] [valid] References contain unknown word, metric scores may be inaccurate
[2025-03-27 12:50:04] Saving model weights and runtime parameters to /scratch/project_2011987/OpusDistillery/rules/../data/models/MA-test/cat+oci+spa-eng/model1_student/model.npz.best-chrf.npz
[2025-03-27 12:50:05] [valid] Ep. 1 : Up. 5000 : chrf : 40.39 : new best
[2025-03-27 12:51:10] Saving model weights and runtime parameters to /scratch/project_2011987/OpusDistillery/rules/../data/models/MA-test/cat+oci+spa-eng/model1_student/model.npz.best-ce-mean-words.npz
[2025-03-27 12:51:11] [valid] Ep. 1 : Up. 5000 : ce-mean-words : 2.34659 : new best
[2025-03-27 12:58:16] Ep. 1 : Up. 6000 : Sen. 4,037,686 : Cost 2.87947464 : Time 988.19s : 16747.13 words/s : gNorm 3.3861 : L.r. 1.1250e-04
[2025-03-27 13:05:20] Ep. 1 : Up. 7000 : Sen. 4,722,469 : Cost 2.13690495 : Time 424.15s : 38896.63 words/s : gNorm 2.4610 : L.r. 1.3125e-04
[2025-03-27 13:12:24] Ep. 1 : Up. 8000 : Sen. 5,375,481 : Cost 1.72507930 : Time 424.71s : 38513.63 words/s : gNorm 2.5692 : L.r. 1.5000e-04
[2025-03-27 13:19:24] Ep. 1 : Up. 9000 : Sen. 6,069,249 : Cost 1.42555165 : Time 420.09s : 38978.00 words/s : gNorm 1.8382 : L.r. 1.6875e-04
[2025-03-27 13:26:29] Ep. 1 : Up. 10000 : Sen. 6,731,064 : Cost 1.21856773 : Time 424.09s : 38884.04 words/s : gNorm 1.4915 : L.r. 1.8750e-04
[2025-03-27 13:26:29] Saving model weights and runtime parameters to /scratch/project_2011987/OpusDistillery/rules/../data/models/MA-test/cat+oci+spa-eng/model1_student/model.npz
[2025-03-27 13:26:29] Saving Adam parameters
[2025-03-27 13:26:30] [training] Saving training checkpoint to /scratch/project_2011987/OpusDistillery/rules/../data/models/MA-test/cat+oci+spa-eng/model1_student/model.npz and /scratch/project_2011987/OpusDistillery/rules/../data/models/MA-test/cat+oci+spa-eng/model1_student/model.npz.optimizer.npz
[2025-03-27 13:27:38] Saving model weights and runtime parameters to /scratch/project_2011987/OpusDistillery/rules/../data/models/MA-test/cat+oci+spa-eng/model1_student/model.npz.best-perplexity.npz
[2025-03-27 13:27:38] [valid] Ep. 1 : Up. 10000 : perplexity : 3.41039 : new best
[2025-03-27 13:34:35] Saving model weights and runtime parameters to /scratch/project_2011987/OpusDistillery/rules/../data/models/MA-test/cat+oci+spa-eng/model1_student/model.npz.best-chrf.npz
[2025-03-27 13:34:35] [valid] Ep. 1 : Up. 10000 : chrf : 67.9231 : new best
[2025-03-27 13:35:40] Saving model weights and runtime parameters to /scratch/project_2011987/OpusDistillery/rules/../data/models/MA-test/cat+oci+spa-eng/model1_student/model.npz.best-ce-mean-words.npz
[2025-03-27 13:35:41] [valid] Ep. 1 : Up. 10000 : ce-mean-words : 1.22683 : new best
[2025-03-27 13:42:43] Ep. 1 : Up. 11000 : Sen. 7,411,972 : Cost 1.08622932 : Time 974.36s : 16845.76 words/s : gNorm 1.3515 : L.r. 2.0625e-04
[2025-03-27 13:49:44] Ep. 1 : Up. 12000 : Sen. 8,088,429 : Cost 0.98187852 : Time 421.38s : 38760.70 words/s : gNorm 1.0997 : L.r. 2.2500e-04
[2025-03-27 13:56:48] Ep. 1 : Up. 13000 : Sen. 8,752,970 : Cost 0.90799475 : Time 423.48s : 38646.31 words/s : gNorm 0.9915 : L.r. 2.4375e-04
[2025-03-27 14:03:52] Ep. 1 : Up. 14000 : Sen. 9,434,427 : Cost 0.84202087 : Time 424.18s : 39002.39 words/s : gNorm 0.9607 : L.r. 2.6250e-04
[2025-03-27 14:10:53] Ep. 1 : Up. 15000 : Sen. 10,110,544 : Cost 0.79792702 : Time 421.06s : 38873.70 words/s : gNorm 0.8142 : L.r. 2.8125e-04
[2025-03-27 14:10:53] Saving model weights and runtime parameters to /scratch/project_2011987/OpusDistillery/rules/../data/models/MA-test/cat+oci+spa-eng/model1_student/model.npz
[2025-03-27 14:10:55] Saving Adam parameters
[2025-03-27 14:10:55] [training] Saving training checkpoint to /scratch/project_2011987/OpusDistillery/rules/../data/models/MA-test/cat+oci+spa-eng/model1_student/model.npz and /scratch/project_2011987/OpusDistillery/rules/../data/models/MA-test/cat+oci+spa-eng/model1_student/model.npz.optimizer.npz
[2025-03-27 14:12:03] Saving model weights and runtime parameters to /scratch/project_2011987/OpusDistillery/rules/../data/models/MA-test/cat+oci+spa-eng/model1_student/model.npz.best-perplexity.npz
[2025-03-27 14:12:04] [valid] Ep. 1 : Up. 15000 : perplexity : 2.87828 : new best
[2025-03-27 14:18:54] Saving model weights and runtime parameters to /scratch/project_2011987/OpusDistillery/rules/../data/models/MA-test/cat+oci+spa-eng/model1_student/model.npz.best-chrf.npz
[2025-03-27 14:18:55] [valid] Ep. 1 : Up. 15000 : chrf : 71.539 : new best
[2025-03-27 14:20:00] Saving model weights and runtime parameters to /scratch/project_2011987/OpusDistillery/rules/../data/models/MA-test/cat+oci+spa-eng/model1_student/model.npz.best-ce-mean-words.npz
[2025-03-27 14:20:01] [valid] Ep. 1 : Up. 15000 : ce-mean-words : 1.05719 : new best
[2025-03-27 14:27:04] Ep. 1 : Up. 16000 : Sen. 10,776,422 : Cost 0.75423062 : Time 971.22s : 16948.69 words/s : gNorm 0.7750 : L.r. 3.0000e-04
[2025-03-27 14:34:09] Ep. 1 : Up. 17000 : Sen. 11,469,830 : Cost 0.72051507 : Time 424.79s : 38750.12 words/s : gNorm 0.7244 : L.r. 3.0000e-04
[2025-03-27 14:41:09] Ep. 1 : Up. 18000 : Sen. 12,134,217 : Cost 0.68342328 : Time 419.33s : 38759.65 words/s : gNorm 0.8105 : L.r. 3.0000e-04
[2025-03-27 14:48:12] Ep. 1 : Up. 19000 : Sen. 12,802,210 : Cost 0.64643359 : Time 423.04s : 39067.27 words/s : gNorm 0.5868 : L.r. 3.0000e-04
[2025-03-27 14:55:14] Ep. 1 : Up. 20000 : Sen. 13,480,264 : Cost 0.62725109 : Time 422.72s : 38900.91 words/s : gNorm 0.5952 : L.r. 3.0000e-04
[2025-03-27 14:55:14] Saving model weights and runtime parameters to /scratch/project_2011987/OpusDistillery/rules/../data/models/MA-test/cat+oci+spa-eng/model1_student/model.npz
[2025-03-27 14:55:16] Saving Adam parameters
[2025-03-27 14:55:17] [training] Saving training checkpoint to /scratch/project_2011987/OpusDistillery/rules/../data/models/MA-test/cat+oci+spa-eng/model1_student/model.npz and /scratch/project_2011987/OpusDistillery/rules/../data/models/MA-test/cat+oci+spa-eng/model1_student/model.npz.optimizer.npz
[2025-03-27 14:56:24] Saving model weights and runtime parameters to /scratch/project_2011987/OpusDistillery/rules/../data/models/MA-test/cat+oci+spa-eng/model1_student/model.npz.best-perplexity.npz
[2025-03-27 14:56:25] [valid] Ep. 1 : Up. 20000 : perplexity : 2.53496 : new best
[2025-03-27 15:03:08] Saving model weights and runtime parameters to /scratch/project_2011987/OpusDistillery/rules/../data/models/MA-test/cat+oci+spa-eng/model1_student/model.npz.best-chrf.npz
[2025-03-27 15:03:08] [valid] Ep. 1 : Up. 20000 : chrf : 72.637 : new best
[2025-03-27 15:04:13] Saving model weights and runtime parameters to /scratch/project_2011987/OpusDistillery/rules/../data/models/MA-test/cat+oci+spa-eng/model1_student/model.npz.best-ce-mean-words.npz
[2025-03-27 15:04:14] [valid] Ep. 1 : Up. 20000 : ce-mean-words : 0.930178 : new best
[2025-03-27 15:11:18] Ep. 1 : Up. 21000 : Sen. 14,156,125 : Cost 0.60041857 : Time 963.63s : 17043.57 words/s : gNorm 0.6471 : L.r. 3.0000e-04
[2025-03-27 15:18:20] Ep. 1 : Up. 22000 : Sen. 14,835,227 : Cost 0.58181471 : Time 421.64s : 39001.30 words/s : gNorm 0.5798 : L.r. 3.0000e-04
[2025-03-27 15:25:26] Ep. 1 : Up. 23000 : Sen. 15,509,931 : Cost 0.56183428 : Time 425.77s : 38978.74 words/s : gNorm 0.5822 : L.r. 3.0000e-04
[2025-03-27 15:32:35] Ep. 1 : Up. 24000 : Sen. 16,194,012 : Cost 0.55980712 : Time 429.01s : 37748.95 words/s : gNorm 0.5685 : L.r. 3.0000e-04
[2025-03-27 15:39:40] Ep. 1 : Up. 25000 : Sen. 16,853,194 : Cost 0.53772420 : Time 424.86s : 38854.54 words/s : gNorm 0.5300 : L.r. 3.0000e-04
[2025-03-27 15:39:40] Saving model weights and runtime parameters to /scratch/project_2011987/OpusDistillery/rules/../data/models/MA-test/cat+oci+spa-eng/model1_student/model.npz
[2025-03-27 15:39:42] Saving Adam parameters
[2025-03-27 15:39:43] [training] Saving training checkpoint to /scratch/project_2011987/OpusDistillery/rules/../data/models/MA-test/cat+oci+spa-eng/model1_student/model.npz and /scratch/project_2011987/OpusDistillery/rules/../data/models/MA-test/cat+oci+spa-eng/model1_student/model.npz.optimizer.npz
[2025-03-27 15:40:50] Saving model weights and runtime parameters to /scratch/project_2011987/OpusDistillery/rules/../data/models/MA-test/cat+oci+spa-eng/model1_student/model.npz.best-perplexity.npz
[2025-03-27 15:40:51] [valid] Ep. 1 : Up. 25000 : perplexity : 2.43413 : new best
[2025-03-27 15:47:36] Saving model weights and runtime parameters to /scratch/project_2011987/OpusDistillery/rules/../data/models/MA-test/cat+oci+spa-eng/model1_student/model.npz.best-chrf.npz
[2025-03-27 15:47:37] [valid] Ep. 1 : Up. 25000 : chrf : 73.5193 : new best
[2025-03-27 15:48:42] Saving model weights and runtime parameters to /scratch/project_2011987/OpusDistillery/rules/../data/models/MA-test/cat+oci+spa-eng/model1_student/model.npz.best-ce-mean-words.npz
[2025-03-27 15:48:42] [valid] Ep. 1 : Up. 25000 : ce-mean-words : 0.88959 : new best
[2025-03-27 15:55:44] Ep. 1 : Up. 26000 : Sen. 17,524,288 : Cost 0.52686065 : Time 964.16s : 16971.02 words/s : gNorm 0.5329 : L.r. 3.0000e-04
[2025-03-27 16:02:53] Ep. 1 : Up. 27000 : Sen. 18,189,036 : Cost 0.51945382 : Time 429.68s : 37940.35 words/s : gNorm 0.5077 : L.r. 3.0000e-04
[2025-03-27 16:09:57] Ep. 1 : Up. 28000 : Sen. 18,867,209 : Cost 0.50559449 : Time 423.47s : 38950.58 words/s : gNorm 0.5145 : L.r. 3.0000e-04
[2025-03-27 16:16:54] Ep. 1 : Up. 29000 : Sen. 19,552,403 : Cost 0.49930841 : Time 416.90s : 39135.45 words/s : gNorm 0.5582 : L.r. 3.0000e-04
[2025-03-27 16:20:35] Seen 19,896,896 samples
[2025-03-27 16:20:35] Starting data epoch 2 in logical epoch 2
[2025-03-27 16:20:35] [data] Shuffling data
[2025-03-27 16:20:36] [data] Done shuffling 19,897,021 sentences (cached in RAM)
[2025-03-27 16:24:27] Ep. 2 : Up. 30000 : Sen. 320,543 : Cost 0.48775730 : Time 452.79s : 36153.10 words/s : gNorm 0.5148 : L.r. 3.0000e-04
[2025-03-27 16:24:27] Saving model weights and runtime parameters to /scratch/project_2011987/OpusDistillery/rules/../data/models/MA-test/cat+oci+spa-eng/model1_student/model.npz
[2025-03-27 16:24:27] Saving Adam parameters
[2025-03-27 16:24:28] [training] Saving training checkpoint to /scratch/project_2011987/OpusDistillery/rules/../data/models/MA-test/cat+oci+spa-eng/model1_student/model.npz and /scratch/project_2011987/OpusDistillery/rules/../data/models/MA-test/cat+oci+spa-eng/model1_student/model.npz.optimizer.npz
[2025-03-27 16:25:36] Saving model weights and runtime parameters to /scratch/project_2011987/OpusDistillery/rules/../data/models/MA-test/cat+oci+spa-eng/model1_student/model.npz.best-perplexity.npz
[2025-03-27 16:25:36] [valid] Ep. 2 : Up. 30000 : perplexity : 2.31874 : new best
[2025-03-27 16:32:22] Saving model weights and runtime parameters to /scratch/project_2011987/OpusDistillery/rules/../data/models/MA-test/cat+oci+spa-eng/model1_student/model.npz.best-chrf.npz
[2025-03-27 16:32:23] [valid] Ep. 2 : Up. 30000 : chrf : 74.1711 : new best
[2025-03-27 16:33:28] Saving model weights and runtime parameters to /scratch/project_2011987/OpusDistillery/rules/../data/models/MA-test/cat+oci+spa-eng/model1_student/model.npz.best-ce-mean-words.npz
[2025-03-27 16:33:29] [valid] Ep. 2 : Up. 30000 : ce-mean-words : 0.841024 : new best
[2025-03-27 16:40:32] Ep. 2 : Up. 31000 : Sen. 999,098 : Cost 0.47104189 : Time 965.26s : 17108.49 words/s : gNorm 0.4803 : L.r. 3.0000e-04
[2025-03-27 16:47:35] Ep. 2 : Up. 32000 : Sen. 1,653,383 : Cost 0.46978065 : Time 422.85s : 38651.84 words/s : gNorm 0.5242 : L.r. 3.0000e-04
[2025-03-27 16:54:35] Ep. 2 : Up. 33000 : Sen. 2,340,369 : Cost 0.45960137 : Time 420.77s : 39186.23 words/s : gNorm 0.5021 : L.r. 2.9542e-04
[2025-03-27 17:01:36] Ep. 2 : Up. 34000 : Sen. 3,021,963 : Cost 0.45717609 : Time 420.23s : 38928.29 words/s : gNorm 0.4719 : L.r. 2.9104e-04
[2025-03-27 17:08:39] Ep. 2 : Up. 35000 : Sen. 3,690,950 : Cost 0.44760400 : Time 423.67s : 38899.37 words/s : gNorm 0.4814 : L.r. 2.8685e-04
[2025-03-27 17:08:39] Saving model weights and runtime parameters to /scratch/project_2011987/OpusDistillery/rules/../data/models/MA-test/cat+oci+spa-eng/model1_student/model.npz
[2025-03-27 17:08:40] Saving Adam parameters
[2025-03-27 17:08:41] [training] Saving training checkpoint to /scratch/project_2011987/OpusDistillery/rules/../data/models/MA-test/cat+oci+spa-eng/model1_student/model.npz and /scratch/project_2011987/OpusDistillery/rules/../data/models/MA-test/cat+oci+spa-eng/model1_student/model.npz.optimizer.npz
[2025-03-27 17:09:48] Saving model weights and runtime parameters to /scratch/project_2011987/OpusDistillery/rules/../data/models/MA-test/cat+oci+spa-eng/model1_student/model.npz.best-perplexity.npz
[2025-03-27 17:09:49] [valid] Ep. 2 : Up. 35000 : perplexity : 2.29873 : new best
[2025-03-27 17:16:36] Saving model weights and runtime parameters to /scratch/project_2011987/OpusDistillery/rules/../data/models/MA-test/cat+oci+spa-eng/model1_student/model.npz.best-chrf.npz
[2025-03-27 17:16:37] [valid] Ep. 2 : Up. 35000 : chrf : 74.5478 : new best
[2025-03-27 17:17:42] Saving model weights and runtime parameters to /scratch/project_2011987/OpusDistillery/rules/../data/models/MA-test/cat+oci+spa-eng/model1_student/model.npz.best-ce-mean-words.npz
[2025-03-27 17:17:43] [valid] Ep. 2 : Up. 35000 : ce-mean-words : 0.832357 : new best
[2025-03-27 17:24:44] Ep. 2 : Up. 36000 : Sen. 4,357,275 : Cost 0.44590071 : Time 964.74s : 16888.83 words/s : gNorm 0.4740 : L.r. 2.8284e-04
[2025-03-27 17:31:47] Ep. 2 : Up. 37000 : Sen. 5,043,376 : Cost 0.43719229 : Time 422.64s : 38988.35 words/s : gNorm 0.4654 : L.r. 2.7899e-04
[2025-03-27 17:38:48] Ep. 2 : Up. 38000 : Sen. 5,714,318 : Cost 0.43536013 : Time 421.04s : 38780.19 words/s : gNorm 0.4720 : L.r. 2.7530e-04
[2025-03-27 17:46:04] Ep. 2 : Up. 39000 : Sen. 6,398,058 : Cost 0.42621955 : Time 436.04s : 37964.12 words/s : gNorm 0.4319 : L.r. 2.7175e-04
[2025-03-27 17:53:16] Ep. 2 : Up. 40000 : Sen. 7,066,020 : Cost 0.42117578 : Time 432.04s : 37868.25 words/s : gNorm 0.4554 : L.r. 2.6833e-04
[2025-03-27 17:53:17] Saving model weights and runtime parameters to /scratch/project_2011987/OpusDistillery/rules/../data/models/MA-test/cat+oci+spa-eng/model1_student/model.npz
[2025-03-27 17:53:18] Saving Adam parameters
[2025-03-27 17:53:19] [training] Saving training checkpoint to /scratch/project_2011987/OpusDistillery/rules/../data/models/MA-test/cat+oci+spa-eng/model1_student/model.npz and /scratch/project_2011987/OpusDistillery/rules/../data/models/MA-test/cat+oci+spa-eng/model1_student/model.npz.optimizer.npz
[2025-03-27 17:54:26] Saving model weights and runtime parameters to /scratch/project_2011987/OpusDistillery/rules/../data/models/MA-test/cat+oci+spa-eng/model1_student/model.npz.best-perplexity.npz
[2025-03-27 17:54:26] [valid] Ep. 2 : Up. 40000 : perplexity : 2.21907 : new best
[2025-03-27 18:01:13] [valid] Ep. 2 : Up. 40000 : chrf : 74.4759 : stalled 1 times (last best: 74.5478)
[2025-03-27 18:02:19] Saving model weights and runtime parameters to /scratch/project_2011987/OpusDistillery/rules/../data/models/MA-test/cat+oci+spa-eng/model1_student/model.npz.best-ce-mean-words.npz
[2025-03-27 18:02:19] [valid] Ep. 2 : Up. 40000 : ce-mean-words : 0.797088 : new best
[2025-03-27 18:09:20] Ep. 2 : Up. 41000 : Sen. 7,738,371 : Cost 0.41747025 : Time 963.29s : 17005.79 words/s : gNorm 0.4495 : L.r. 2.6504e-04
[2025-03-27 18:16:22] Ep. 2 : Up. 42000 : Sen. 8,423,344 : Cost 0.41281167 : Time 422.10s : 38974.07 words/s : gNorm 0.4335 : L.r. 2.6186e-04
[2025-03-27 18:23:26] Ep. 2 : Up. 43000 : Sen. 9,085,315 : Cost 0.40762252 : Time 423.94s : 38917.12 words/s : gNorm 0.4242 : L.r. 2.5880e-04
[2025-03-27 18:30:27] Ep. 2 : Up. 44000 : Sen. 9,753,761 : Cost 0.40445504 : Time 420.97s : 38903.75 words/s : gNorm 0.4497 : L.r. 2.5584e-04
[2025-03-27 18:37:26] Ep. 2 : Up. 45000 : Sen. 10,454,342 : Cost 0.40203771 : Time 419.81s : 39107.23 words/s : gNorm 0.4231 : L.r. 2.5298e-04
[2025-03-27 18:37:26] Saving model weights and runtime parameters to /scratch/project_2011987/OpusDistillery/rules/../data/models/MA-test/cat+oci+spa-eng/model1_student/model.npz
[2025-03-27 18:37:27] Saving Adam parameters
[2025-03-27 18:37:28] [training] Saving training checkpoint to /scratch/project_2011987/OpusDistillery/rules/../data/models/MA-test/cat+oci+spa-eng/model1_student/model.npz and /scratch/project_2011987/OpusDistillery/rules/../data/models/MA-test/cat+oci+spa-eng/model1_student/model.npz.optimizer.npz
[2025-03-27 18:38:35] Saving model weights and runtime parameters to /scratch/project_2011987/OpusDistillery/rules/../data/models/MA-test/cat+oci+spa-eng/model1_student/model.npz.best-perplexity.npz
[2025-03-27 18:38:36] [valid] Ep. 2 : Up. 45000 : perplexity : 2.18067 : new best
[2025-03-27 18:45:20] Saving model weights and runtime parameters to /scratch/project_2011987/OpusDistillery/rules/../data/models/MA-test/cat+oci+spa-eng/model1_student/model.npz.best-chrf.npz
[2025-03-27 18:45:21] [valid] Ep. 2 : Up. 45000 : chrf : 75.1197 : new best
[2025-03-27 18:46:26] Saving model weights and runtime parameters to /scratch/project_2011987/OpusDistillery/rules/../data/models/MA-test/cat+oci+spa-eng/model1_student/model.npz.best-ce-mean-words.npz
[2025-03-27 18:46:27] [valid] Ep. 2 : Up. 45000 : ce-mean-words : 0.779631 : new best
[2025-03-27 18:53:27] Ep. 2 : Up. 46000 : Sen. 11,104,658 : Cost 0.39755961 : Time 960.88s : 16981.08 words/s : gNorm 0.4458 : L.r. 2.5022e-04
[2025-03-27 19:00:29] Ep. 2 : Up. 47000 : Sen. 11,778,986 : Cost 0.39367855 : Time 421.42s : 38906.98 words/s : gNorm 0.4425 : L.r. 2.4754e-04
[2025-03-27 19:07:32] Ep. 2 : Up. 48000 : Sen. 12,452,225 : Cost 0.38618305 : Time 423.22s : 39043.40 words/s : gNorm 0.4539 : L.r. 2.4495e-04
[2025-03-27 19:14:33] Ep. 2 : Up. 49000 : Sen. 13,127,358 : Cost 0.38674390 : Time 420.91s : 38909.82 words/s : gNorm 0.4175 : L.r. 2.4244e-04
[2025-03-27 19:21:36] Ep. 2 : Up. 50000 : Sen. 13,809,669 : Cost 0.38448796 : Time 422.99s : 38999.62 words/s : gNorm 0.4440 : L.r. 2.4000e-04
[2025-03-27 19:21:36] Saving model weights and runtime parameters to /scratch/project_2011987/OpusDistillery/rules/../data/models/MA-test/cat+oci+spa-eng/model1_student/model.npz
[2025-03-27 19:21:37] Saving Adam parameters
[2025-03-27 19:21:38] [training] Saving training checkpoint to /scratch/project_2011987/OpusDistillery/rules/../data/models/MA-test/cat+oci+spa-eng/model1_student/model.npz and /scratch/project_2011987/OpusDistillery/rules/../data/models/MA-test/cat+oci+spa-eng/model1_student/model.npz.optimizer.npz
[2025-03-27 19:22:45] Saving model weights and runtime parameters to /scratch/project_2011987/OpusDistillery/rules/../data/models/MA-test/cat+oci+spa-eng/model1_student/model.npz.best-perplexity.npz
[2025-03-27 19:22:45] [valid] Ep. 2 : Up. 50000 : perplexity : 2.13228 : new best
[2025-03-27 19:29:29] Saving model weights and runtime parameters to /scratch/project_2011987/OpusDistillery/rules/../data/models/MA-test/cat+oci+spa-eng/model1_student/model.npz.best-chrf.npz
[2025-03-27 19:29:30] [valid] Ep. 2 : Up. 50000 : chrf : 75.29 : new best
[2025-03-27 19:30:35] Saving model weights and runtime parameters to /scratch/project_2011987/OpusDistillery/rules/../data/models/MA-test/cat+oci+spa-eng/model1_student/model.npz.best-ce-mean-words.npz
[2025-03-27 19:30:36] [valid] Ep. 2 : Up. 50000 : ce-mean-words : 0.757191 : new best
[2025-03-27 19:37:33] Ep. 2 : Up. 51000 : Sen. 14,473,429 : Cost 0.38121408 : Time 957.60s : 16965.40 words/s : gNorm 0.4532 : L.r. 2.3764e-04
[2025-03-27 19:44:36] Ep. 2 : Up. 52000 : Sen. 15,149,676 : Cost 0.37744999 : Time 422.66s : 38992.46 words/s : gNorm 0.4075 : L.r. 2.3534e-04
[2025-03-27 19:51:35] Ep. 2 : Up. 53000 : Sen. 15,810,136 : Cost 0.37540588 : Time 418.70s : 38978.59 words/s : gNorm 0.4264 : L.r. 2.3311e-04
[2025-03-27 19:58:34] Ep. 2 : Up. 54000 : Sen. 16,507,545 : Cost 0.37215847 : Time 419.04s : 39041.09 words/s : gNorm 0.4154 : L.r. 2.3094e-04
[2025-03-27 20:05:42] Ep. 2 : Up. 55000 : Sen. 17,181,193 : Cost 0.36636481 : Time 427.88s : 38550.58 words/s : gNorm 0.4218 : L.r. 2.2883e-04
[2025-03-27 20:05:42] Saving model weights and runtime parameters to /scratch/project_2011987/OpusDistillery/rules/../data/models/MA-test/cat+oci+spa-eng/model1_student/model.npz
[2025-03-27 20:05:43] Saving Adam parameters
[2025-03-27 20:05:44] [training] Saving training checkpoint to /scratch/project_2011987/OpusDistillery/rules/../data/models/MA-test/cat+oci+spa-eng/model1_student/model.npz and /scratch/project_2011987/OpusDistillery/rules/../data/models/MA-test/cat+oci+spa-eng/model1_student/model.npz.optimizer.npz
[2025-03-27 20:06:52] [valid] Ep. 2 : Up. 55000 : perplexity : 2.1575 : stalled 1 times (last best: 2.13228)
[2025-03-27 20:13:37] Saving model weights and runtime parameters to /scratch/project_2011987/OpusDistillery/rules/../data/models/MA-test/cat+oci+spa-eng/model1_student/model.npz.best-chrf.npz
[2025-03-27 20:13:38] [valid] Ep. 2 : Up. 55000 : chrf : 75.4414 : new best
[2025-03-27 20:14:43] [valid] Ep. 2 : Up. 55000 : ce-mean-words : 0.768951 : stalled 1 times (last best: 0.757191)
[2025-03-27 20:21:43] Ep. 2 : Up. 56000 : Sen. 17,846,748 : Cost 0.36650494 : Time 961.65s : 17041.58 words/s : gNorm 0.4409 : L.r. 2.2678e-04
[2025-03-27 20:28:44] Ep. 2 : Up. 57000 : Sen. 18,524,403 : Cost 0.36553201 : Time 420.90s : 38938.54 words/s : gNorm 0.4106 : L.r. 2.2478e-04
[2025-03-27 20:35:46] Ep. 2 : Up. 58000 : Sen. 19,194,596 : Cost 0.36016250 : Time 421.84s : 38859.70 words/s : gNorm 0.4164 : L.r. 2.2283e-04
[2025-03-27 20:42:48] Ep. 2 : Up. 59000 : Sen. 19,861,401 : Cost 0.35999292 : Time 421.52s : 38859.97 words/s : gNorm 0.4542 : L.r. 2.2094e-04
[2025-03-27 20:43:10] Seen 19,896,896 samples
[2025-03-27 20:43:10] Starting data epoch 3 in logical epoch 3
[2025-03-27 20:43:10] [data] Shuffling data
[2025-03-27 20:43:11] [data] Done shuffling 19,897,021 sentences (cached in RAM)
[2025-03-27 20:50:20] Ep. 3 : Up. 60000 : Sen. 638,025 : Cost 0.33856314 : Time 452.05s : 36521.26 words/s : gNorm 0.4212 : L.r. 2.1909e-04
[2025-03-27 20:50:20] Saving model weights and runtime parameters to /scratch/project_2011987/OpusDistillery/rules/../data/models/MA-test/cat+oci+spa-eng/model1_student/model.npz
[2025-03-27 20:50:21] Saving Adam parameters
[2025-03-27 20:50:22] [training] Saving training checkpoint to /scratch/project_2011987/OpusDistillery/rules/../data/models/MA-test/cat+oci+spa-eng/model1_student/model.npz and /scratch/project_2011987/OpusDistillery/rules/../data/models/MA-test/cat+oci+spa-eng/model1_student/model.npz.optimizer.npz
[2025-03-27 20:51:29] [valid] Ep. 3 : Up. 60000 : perplexity : 2.15718 : stalled 2 times (last best: 2.13228)
[2025-03-27 20:58:13] Saving model weights and runtime parameters to /scratch/project_2011987/OpusDistillery/rules/../data/models/MA-test/cat+oci+spa-eng/model1_student/model.npz.best-chrf.npz
[2025-03-27 20:58:14] [valid] Ep. 3 : Up. 60000 : chrf : 75.5271 : new best
[2025-03-27 20:59:19] [valid] Ep. 3 : Up. 60000 : ce-mean-words : 0.768802 : stalled 2 times (last best: 0.757191)
[2025-03-27 21:06:23] Ep. 3 : Up. 61000 : Sen. 1,314,791 : Cost 0.34165484 : Time 962.96s : 16863.51 words/s : gNorm 0.4173 : L.r. 2.1729e-04
[2025-03-27 21:13:25] Ep. 3 : Up. 62000 : Sen. 1,976,051 : Cost 0.33997282 : Time 422.13s : 38879.42 words/s : gNorm 0.4121 : L.r. 2.1553e-04
[2025-03-27 21:20:33] Ep. 3 : Up. 63000 : Sen. 2,648,824 : Cost 0.33542559 : Time 428.03s : 38432.37 words/s : gNorm 0.3918 : L.r. 2.1381e-04
[2025-03-27 21:27:33] Ep. 3 : Up. 64000 : Sen. 3,336,524 : Cost 0.34150666 : Time 419.88s : 38992.22 words/s : gNorm 0.4185 : L.r. 2.1213e-04
[2025-03-27 21:34:36] Ep. 3 : Up. 65000 : Sen. 4,007,686 : Cost 0.33475739 : Time 423.23s : 38976.65 words/s : gNorm 0.4129 : L.r. 2.1049e-04
[2025-03-27 21:34:36] Saving model weights and runtime parameters to /scratch/project_2011987/OpusDistillery/rules/../data/models/MA-test/cat+oci+spa-eng/model1_student/model.npz
[2025-03-27 21:34:39] Saving Adam parameters
[2025-03-27 21:34:40] [training] Saving training checkpoint to /scratch/project_2011987/OpusDistillery/rules/../data/models/MA-test/cat+oci+spa-eng/model1_student/model.npz and /scratch/project_2011987/OpusDistillery/rules/../data/models/MA-test/cat+oci+spa-eng/model1_student/model.npz.optimizer.npz
[2025-03-27 21:35:57] Saving model weights and runtime parameters to /scratch/project_2011987/OpusDistillery/rules/../data/models/MA-test/cat+oci+spa-eng/model1_student/model.npz.best-perplexity.npz
[2025-03-27 21:35:58] [valid] Ep. 3 : Up. 65000 : perplexity : 2.0865 : new best
[2025-03-27 21:42:40] Saving model weights and runtime parameters to /scratch/project_2011987/OpusDistillery/rules/../data/models/MA-test/cat+oci+spa-eng/model1_student/model.npz.best-chrf.npz
[2025-03-27 21:42:41] [valid] Ep. 3 : Up. 65000 : chrf : 75.6473 : new best
[2025-03-27 21:43:46] Saving model weights and runtime parameters to /scratch/project_2011987/OpusDistillery/rules/../data/models/MA-test/cat+oci+spa-eng/model1_student/model.npz.best-ce-mean-words.npz
[2025-03-27 21:43:47] [valid] Ep. 3 : Up. 65000 : ce-mean-words : 0.735488 : new best
[2025-03-27 21:50:48] Ep. 3 : Up. 66000 : Sen. 4,672,870 : Cost 0.33419803 : Time 971.69s : 16871.11 words/s : gNorm 0.3826 : L.r. 2.0889e-04
[2025-03-27 21:57:59] Ep. 3 : Up. 67000 : Sen. 5,362,680 : Cost 0.33598912 : Time 431.00s : 37933.08 words/s : gNorm 0.4137 : L.r. 2.0733e-04
[2025-03-27 22:05:15] Ep. 3 : Up. 68000 : Sen. 6,024,243 : Cost 0.33105227 : Time 436.56s : 37660.11 words/s : gNorm 0.4067 : L.r. 2.0580e-04
[2025-03-27 22:12:19] Ep. 3 : Up. 69000 : Sen. 6,701,650 : Cost 0.33105245 : Time 423.67s : 38812.71 words/s : gNorm 0.4286 : L.r. 2.0430e-04
[2025-03-27 22:19:34] Ep. 3 : Up. 70000 : Sen. 7,377,515 : Cost 0.32824033 : Time 435.16s : 38030.68 words/s : gNorm 0.4117 : L.r. 2.0284e-04
[2025-03-27 22:19:34] Saving model weights and runtime parameters to /scratch/project_2011987/OpusDistillery/rules/../data/models/MA-test/cat+oci+spa-eng/model1_student/model.npz
[2025-03-27 22:19:36] Saving Adam parameters
[2025-03-27 22:19:36] [training] Saving training checkpoint to /scratch/project_2011987/OpusDistillery/rules/../data/models/MA-test/cat+oci+spa-eng/model1_student/model.npz and /scratch/project_2011987/OpusDistillery/rules/../data/models/MA-test/cat+oci+spa-eng/model1_student/model.npz.optimizer.npz
[2025-03-27 22:20:44] [valid] Ep. 3 : Up. 70000 : perplexity : 2.13404 : stalled 1 times (last best: 2.0865)
[2025-03-27 22:27:27] [valid] Ep. 3 : Up. 70000 : chrf : 75.6267 : stalled 1 times (last best: 75.6473)
[2025-03-27 22:28:33] [valid] Ep. 3 : Up. 70000 : ce-mean-words : 0.758018 : stalled 1 times (last best: 0.735488)
[2025-03-27 22:35:44] Ep. 3 : Up. 71000 : Sen. 8,046,738 : Cost 0.33073211 : Time 969.32s : 16815.25 words/s : gNorm 0.3890 : L.r. 2.0140e-04
[2025-03-27 22:42:43] Ep. 3 : Up. 72000 : Sen. 8,739,918 : Cost 0.32911256 : Time 419.55s : 39098.58 words/s : gNorm 0.4006 : L.r. 2.0000e-04
[2025-03-27 22:49:46] Ep. 3 : Up. 73000 : Sen. 9,394,400 : Cost 0.32740188 : Time 423.17s : 38856.72 words/s : gNorm 0.3896 : L.r. 1.9863e-04
[2025-03-27 22:56:47] Ep. 3 : Up. 74000 : Sen. 10,069,713 : Cost 0.32569805 : Time 420.47s : 39033.30 words/s : gNorm 0.3915 : L.r. 1.9728e-04
[2025-03-27 23:03:55] Ep. 3 : Up. 75000 : Sen. 10,750,605 : Cost 0.32621679 : Time 427.75s : 38194.27 words/s : gNorm 0.4039 : L.r. 1.9596e-04
[2025-03-27 23:03:55] Saving model weights and runtime parameters to /scratch/project_2011987/OpusDistillery/rules/../data/models/MA-test/cat+oci+spa-eng/model1_student/model.npz
[2025-03-27 23:03:55] Saving Adam parameters
[2025-03-27 23:03:56] [training] Saving training checkpoint to /scratch/project_2011987/OpusDistillery/rules/../data/models/MA-test/cat+oci+spa-eng/model1_student/model.npz and /scratch/project_2011987/OpusDistillery/rules/../data/models/MA-test/cat+oci+spa-eng/model1_student/model.npz.optimizer.npz
[2025-03-27 23:05:12] [valid] Ep. 3 : Up. 75000 : perplexity : 2.10883 : stalled 2 times (last best: 2.0865)
[2025-03-27 23:12:25] Saving model weights and runtime parameters to /scratch/project_2011987/OpusDistillery/rules/../data/models/MA-test/cat+oci+spa-eng/model1_student/model.npz.best-chrf.npz
[2025-03-27 23:12:26] [valid] Ep. 3 : Up. 75000 : chrf : 75.6495 : new best
[2025-03-27 23:13:41] [valid] Ep. 3 : Up. 75000 : ce-mean-words : 0.746132 : stalled 2 times (last best: 0.735488)
[2025-03-27 23:20:50] Ep. 3 : Up. 76000 : Sen. 11,404,658 : Cost 0.32306665 : Time 1015.22s : 16038.03 words/s : gNorm 0.4151 : L.r. 1.9467e-04
[2025-03-27 23:28:02] Ep. 3 : Up. 77000 : Sen. 12,086,865 : Cost 0.32163453 : Time 432.24s : 38303.18 words/s : gNorm 0.3935 : L.r. 1.9340e-04
[2025-03-27 23:35:10] Ep. 3 : Up. 78000 : Sen. 12,766,099 : Cost 0.31989074 : Time 427.87s : 38414.39 words/s : gNorm 0.3785 : L.r. 1.9215e-04
[2025-03-27 23:42:23] Ep. 3 : Up. 79000 : Sen. 13,426,561 : Cost 0.32016620 : Time 433.45s : 38049.36 words/s : gNorm 0.4059 : L.r. 1.9093e-04
[2025-03-27 23:49:46] Ep. 3 : Up. 80000 : Sen. 14,113,637 : Cost 0.31996128 : Time 442.17s : 36803.15 words/s : gNorm 0.4139 : L.r. 1.8974e-04
[2025-03-27 23:49:46] Saving model weights and runtime parameters to /scratch/project_2011987/OpusDistillery/rules/../data/models/MA-test/cat+oci+spa-eng/model1_student/model.npz
[2025-03-27 23:49:46] Saving Adam parameters
[2025-03-27 23:49:47] [training] Saving training checkpoint to /scratch/project_2011987/OpusDistillery/rules/../data/models/MA-test/cat+oci+spa-eng/model1_student/model.npz and /scratch/project_2011987/OpusDistillery/rules/../data/models/MA-test/cat+oci+spa-eng/model1_student/model.npz.optimizer.npz
[2025-03-27 23:51:05] [valid] Ep. 3 : Up. 80000 : perplexity : 2.10809 : stalled 3 times (last best: 2.0865)
[2025-03-27 23:58:24] Saving model weights and runtime parameters to /scratch/project_2011987/OpusDistillery/rules/../data/models/MA-test/cat+oci+spa-eng/model1_student/model.npz.best-chrf.npz
[2025-03-27 23:58:25] [valid] Ep. 3 : Up. 80000 : chrf : 75.8998 : new best
[2025-03-27 23:59:39] [valid] Ep. 3 : Up. 80000 : ce-mean-words : 0.745782 : stalled 3 times (last best: 0.735488)
[2025-03-28 00:06:49] Ep. 3 : Up. 81000 : Sen. 14,799,697 : Cost 0.31882766 : Time 1023.34s : 16047.02 words/s : gNorm 0.4045 : L.r. 1.8856e-04
[2025-03-28 00:14:00] Ep. 3 : Up. 82000 : Sen. 15,462,864 : Cost 0.31722245 : Time 431.29s : 38117.65 words/s : gNorm 0.4047 : L.r. 1.8741e-04
[2025-03-28 00:21:13] Ep. 3 : Up. 83000 : Sen. 16,125,933 : Cost 0.31311956 : Time 433.21s : 38156.19 words/s : gNorm 0.3959 : L.r. 1.8628e-04
[2025-03-28 00:28:20] Ep. 3 : Up. 84000 : Sen. 16,813,097 : Cost 0.31742311 : Time 426.64s : 38215.68 words/s : gNorm 0.4011 : L.r. 1.8516e-04
[2025-03-28 00:35:28] Ep. 3 : Up. 85000 : Sen. 17,501,570 : Cost 0.31413302 : Time 427.68s : 38311.83 words/s : gNorm 0.3915 : L.r. 1.8407e-04
[2025-03-28 00:35:28] Saving model weights and runtime parameters to /scratch/project_2011987/OpusDistillery/rules/../data/models/MA-test/cat+oci+spa-eng/model1_student/model.npz
[2025-03-28 00:35:29] Saving Adam parameters
[2025-03-28 00:35:30] [training] Saving training checkpoint to /scratch/project_2011987/OpusDistillery/rules/../data/models/MA-test/cat+oci+spa-eng/model1_student/model.npz and /scratch/project_2011987/OpusDistillery/rules/../data/models/MA-test/cat+oci+spa-eng/model1_student/model.npz.optimizer.npz
[2025-03-28 00:36:46] Saving model weights and runtime parameters to /scratch/project_2011987/OpusDistillery/rules/../data/models/MA-test/cat+oci+spa-eng/model1_student/model.npz.best-perplexity.npz
[2025-03-28 00:36:47] [valid] Ep. 3 : Up. 85000 : perplexity : 2.04227 : new best
[2025-03-28 00:44:06] [valid] Ep. 3 : Up. 85000 : chrf : 75.8377 : stalled 1 times (last best: 75.8998)
[2025-03-28 00:45:21] Saving model weights and runtime parameters to /scratch/project_2011987/OpusDistillery/rules/../data/models/MA-test/cat+oci+spa-eng/model1_student/model.npz.best-ce-mean-words.npz
[2025-03-28 00:45:21] [valid] Ep. 3 : Up. 85000 : ce-mean-words : 0.714064 : new best
[2025-03-28 00:52:32] Ep. 3 : Up. 86000 : Sen. 18,158,476 : Cost 0.31141588 : Time 1024.16s : 16011.74 words/s : gNorm 0.4274 : L.r. 1.8300e-04
[2025-03-28 00:59:40] Ep. 3 : Up. 87000 : Sen. 18,835,833 : Cost 0.31184784 : Time 428.07s : 38333.94 words/s : gNorm 0.3924 : L.r. 1.8194e-04
[2025-03-28 01:06:49] Ep. 3 : Up. 88000 : Sen. 19,513,631 : Cost 0.31040755 : Time 428.70s : 38081.65 words/s : gNorm 0.3909 : L.r. 1.8091e-04
[2025-03-28 01:11:03] Seen 19,896,896 samples
[2025-03-28 01:11:03] Starting data epoch 4 in logical epoch 4
[2025-03-28 01:11:03] [data] Shuffling data
[2025-03-28 01:11:04] [data] Done shuffling 19,897,021 sentences (cached in RAM)
[2025-03-28 01:14:44] Ep. 4 : Up. 89000 : Sen. 275,280 : Cost 0.30080608 : Time 475.18s : 34596.51 words/s : gNorm 0.3961 : L.r. 1.7989e-04
[2025-03-28 01:21:55] Ep. 4 : Up. 90000 : Sen. 955,061 : Cost 0.29170287 : Time 430.97s : 38191.79 words/s : gNorm 0.3886 : L.r. 1.7889e-04
[2025-03-28 01:21:55] Saving model weights and runtime parameters to /scratch/project_2011987/OpusDistillery/rules/../data/models/MA-test/cat+oci+spa-eng/model1_student/model.npz
[2025-03-28 01:21:56] Saving Adam parameters
[2025-03-28 01:21:57] [training] Saving training checkpoint to /scratch/project_2011987/OpusDistillery/rules/../data/models/MA-test/cat+oci+spa-eng/model1_student/model.npz and /scratch/project_2011987/OpusDistillery/rules/../data/models/MA-test/cat+oci+spa-eng/model1_student/model.npz.optimizer.npz
[2025-03-28 01:23:13] [valid] Ep. 4 : Up. 90000 : perplexity : 2.04935 : stalled 1 times (last best: 2.04227)
[2025-03-28 01:30:34] [valid] Ep. 4 : Up. 90000 : chrf : 75.7576 : stalled 2 times (last best: 75.8998)
[2025-03-28 01:31:49] [valid] Ep. 4 : Up. 90000 : ce-mean-words : 0.717521 : stalled 1 times (last best: 0.714064)
[2025-03-28 01:39:14] Ep. 4 : Up. 91000 : Sen. 1,626,145 : Cost 0.29139894 : Time 1039.26s : 15737.92 words/s : gNorm 0.3840 : L.r. 1.7790e-04
[2025-03-28 01:46:46] Ep. 4 : Up. 92000 : Sen. 2,309,514 : Cost 0.29222915 : Time 451.51s : 36755.19 words/s : gNorm 0.3949 : L.r. 1.7693e-04
[2025-03-28 01:53:53] Ep. 4 : Up. 93000 : Sen. 2,975,047 : Cost 0.29240456 : Time 427.09s : 38222.61 words/s : gNorm 0.4029 : L.r. 1.7598e-04
[2025-03-28 02:01:05] Ep. 4 : Up. 94000 : Sen. 3,649,965 : Cost 0.29138416 : Time 432.82s : 37908.18 words/s : gNorm 0.3901 : L.r. 1.7504e-04
[2025-03-28 02:08:15] Ep. 4 : Up. 95000 : Sen. 4,327,301 : Cost 0.29411298 : Time 429.77s : 38034.89 words/s : gNorm 0.3942 : L.r. 1.7411e-04
[2025-03-28 02:08:15] Saving model weights and runtime parameters to /scratch/project_2011987/OpusDistillery/rules/../data/models/MA-test/cat+oci+spa-eng/model1_student/model.npz
[2025-03-28 02:08:16] Saving Adam parameters
[2025-03-28 02:08:17] [training] Saving training checkpoint to /scratch/project_2011987/OpusDistillery/rules/../data/models/MA-test/cat+oci+spa-eng/model1_student/model.npz and /scratch/project_2011987/OpusDistillery/rules/../data/models/MA-test/cat+oci+spa-eng/model1_student/model.npz.optimizer.npz
[2025-03-28 02:09:34] [valid] Ep. 4 : Up. 95000 : perplexity : 2.12927 : stalled 2 times (last best: 2.04227)
[2025-03-28 02:16:55] Saving model weights and runtime parameters to /scratch/project_2011987/OpusDistillery/rules/../data/models/MA-test/cat+oci+spa-eng/model1_student/model.npz.best-chrf.npz
[2025-03-28 02:16:56] [valid] Ep. 4 : Up. 95000 : chrf : 76.0524 : new best
[2025-03-28 02:18:12] [valid] Ep. 4 : Up. 95000 : ce-mean-words : 0.755778 : stalled 2 times (last best: 0.714064)
[2025-03-28 02:25:22] Ep. 4 : Up. 96000 : Sen. 4,997,704 : Cost 0.29294905 : Time 1027.17s : 15971.90 words/s : gNorm 0.3973 : L.r. 1.7321e-04
[2025-03-28 02:32:33] Ep. 4 : Up. 97000 : Sen. 5,670,940 : Cost 0.29274416 : Time 430.25s : 38103.18 words/s : gNorm 0.3789 : L.r. 1.7231e-04
[2025-03-28 02:39:44] Ep. 4 : Up. 98000 : Sen. 6,333,931 : Cost 0.29198930 : Time 431.73s : 37976.99 words/s : gNorm 0.4219 : L.r. 1.7143e-04
[2025-03-28 02:46:52] Ep. 4 : Up. 99000 : Sen. 7,019,092 : Cost 0.29026902 : Time 427.50s : 38331.67 words/s : gNorm 0.4035 : L.r. 1.7056e-04
[2025-03-28 02:54:01] Ep. 4 : Up. 100000 : Sen. 7,691,868 : Cost 0.29187608 : Time 429.08s : 38116.94 words/s : gNorm 0.4107 : L.r. 1.6971e-04
[2025-03-28 02:54:01] Saving model weights and runtime parameters to /scratch/project_2011987/OpusDistillery/rules/../data/models/MA-test/cat+oci+spa-eng/model1_student/model.npz
[2025-03-28 02:54:02] Saving Adam parameters
[2025-03-28 02:54:03] [training] Saving training checkpoint to /scratch/project_2011987/OpusDistillery/rules/../data/models/MA-test/cat+oci+spa-eng/model1_student/model.npz and /scratch/project_2011987/OpusDistillery/rules/../data/models/MA-test/cat+oci+spa-eng/model1_student/model.npz.optimizer.npz
[2025-03-28 02:55:17] [valid] Ep. 4 : Up. 100000 : perplexity : 2.05955 : stalled 3 times (last best: 2.04227)
[2025-03-28 03:02:36] Saving model weights and runtime parameters to /scratch/project_2011987/OpusDistillery/rules/../data/models/MA-test/cat+oci+spa-eng/model1_student/model.npz.best-chrf.npz
[2025-03-28 03:02:36] [valid] Ep. 4 : Up. 100000 : chrf : 76.0703 : new best
[2025-03-28 03:03:50] [valid] Ep. 4 : Up. 100000 : ce-mean-words : 0.722489 : stalled 3 times (last best: 0.714064)
[2025-03-28 03:11:00] Ep. 4 : Up. 101000 : Sen. 8,370,523 : Cost 0.29175714 : Time 1018.86s : 16130.57 words/s : gNorm 0.4222 : L.r. 1.6886e-04
[2025-03-28 03:18:11] Ep. 4 : Up. 102000 : Sen. 9,040,135 : Cost 0.28713021 : Time 431.37s : 38283.28 words/s : gNorm 0.3899 : L.r. 1.6803e-04
[2025-03-28 03:25:25] Ep. 4 : Up. 103000 : Sen. 9,713,807 : Cost 0.29092830 : Time 433.49s : 37772.99 words/s : gNorm 0.3998 : L.r. 1.6722e-04
[2025-03-28 03:32:35] Ep. 4 : Up. 104000 : Sen. 10,382,096 : Cost 0.28940350 : Time 430.29s : 38196.82 words/s : gNorm 0.4145 : L.r. 1.6641e-04
[2025-03-28 03:39:43] Ep. 4 : Up. 105000 : Sen. 11,062,764 : Cost 0.28802741 : Time 428.50s : 38371.71 words/s : gNorm 0.3920 : L.r. 1.6562e-04
[2025-03-28 03:39:43] Saving model weights and runtime parameters to /scratch/project_2011987/OpusDistillery/rules/../data/models/MA-test/cat+oci+spa-eng/model1_student/model.npz
[2025-03-28 03:39:44] Saving Adam parameters
[2025-03-28 03:39:45] [training] Saving training checkpoint to /scratch/project_2011987/OpusDistillery/rules/../data/models/MA-test/cat+oci+spa-eng/model1_student/model.npz and /scratch/project_2011987/OpusDistillery/rules/../data/models/MA-test/cat+oci+spa-eng/model1_student/model.npz.optimizer.npz
[2025-03-28 03:41:01] [valid] Ep. 4 : Up. 105000 : perplexity : 2.11021 : stalled 4 times (last best: 2.04227)
[2025-03-28 03:48:17] Saving model weights and runtime parameters to /scratch/project_2011987/OpusDistillery/rules/../data/models/MA-test/cat+oci+spa-eng/model1_student/model.npz.best-chrf.npz
[2025-03-28 03:48:17] [valid] Ep. 4 : Up. 105000 : chrf : 76.2486 : new best
[2025-03-28 03:49:32] [valid] Ep. 4 : Up. 105000 : ce-mean-words : 0.746787 : stalled 4 times (last best: 0.714064)
[2025-03-28 03:56:41] Ep. 4 : Up. 106000 : Sen. 11,729,396 : Cost 0.28950739 : Time 1017.52s : 16081.88 words/s : gNorm 0.3776 : L.r. 1.6483e-04
[2025-03-28 04:03:52] Ep. 4 : Up. 107000 : Sen. 12,417,585 : Cost 0.28733411 : Time 431.07s : 38442.91 words/s : gNorm 0.3673 : L.r. 1.6406e-04
[2025-03-28 04:11:10] Ep. 4 : Up. 108000 : Sen. 13,075,496 : Cost 0.28567213 : Time 437.51s : 37435.94 words/s : gNorm 0.3972 : L.r. 1.6330e-04
[2025-03-28 04:18:18] Ep. 4 : Up. 109000 : Sen. 13,751,195 : Cost 0.28753418 : Time 428.73s : 38217.16 words/s : gNorm 0.3731 : L.r. 1.6255e-04
[2025-03-28 04:25:29] Ep. 4 : Up. 110000 : Sen. 14,442,533 : Cost 0.28551480 : Time 430.59s : 38261.51 words/s : gNorm 0.3978 : L.r. 1.6181e-04
[2025-03-28 04:25:29] Saving model weights and runtime parameters to /scratch/project_2011987/OpusDistillery/rules/../data/models/MA-test/cat+oci+spa-eng/model1_student/model.npz
[2025-03-28 04:25:30] Saving Adam parameters
[2025-03-28 04:25:31] [training] Saving training checkpoint to /scratch/project_2011987/OpusDistillery/rules/../data/models/MA-test/cat+oci+spa-eng/model1_student/model.npz and /scratch/project_2011987/OpusDistillery/rules/../data/models/MA-test/cat+oci+spa-eng/model1_student/model.npz.optimizer.npz
[2025-03-28 04:26:47] [valid] Ep. 4 : Up. 110000 : perplexity : 2.1164 : stalled 5 times (last best: 2.04227)
[2025-03-28 04:34:06] [valid] Ep. 4 : Up. 110000 : chrf : 76.2217 : stalled 1 times (last best: 76.2486)
[2025-03-28 04:35:19] [valid] Ep. 4 : Up. 110000 : ce-mean-words : 0.749718 : stalled 5 times (last best: 0.714064)
[2025-03-28 04:35:19] Training finished
[2025-03-28 04:35:19] Saving model weights and runtime parameters to /scratch/project_2011987/OpusDistillery/rules/../data/models/MA-test/cat+oci+spa-eng/model1_student/model.npz
[2025-03-28 04:35:20] Saving Adam parameters
[2025-03-28 04:35:21] [training] Saving training checkpoint to /scratch/project_2011987/OpusDistillery/rules/../data/models/MA-test/cat+oci+spa-eng/model1_student/model.npz and /scratch/project_2011987/OpusDistillery/rules/../data/models/MA-test/cat+oci+spa-eng/model1_student/model.npz.optimizer.npz
