[2025-06-05 13:26:26] [marian] Marian v1.12.31 a6ab8af8 2024-06-27 15:21:08 +0000
[2025-06-05 13:26:26] [marian] Running on r18g08.bullx as process 23 with command line:
[2025-06-05 13:26:26] [marian] /scratch/project_2011987/OpusDistillery/3rd_party/marian-dev/build//marian --model /scratch/project_2011987/OpusDistillery/rules/../data/models/MA-test/defps-mul/model2_tiny_student/model.npz -c configs/model/student.yml configs/training/student.train.yml --train-sets /scratch/project_2011987/OpusDistillery/rules/../data/data/MA-test/defps-mul/filtered/corpus.source.gz /scratch/project_2011987/OpusDistillery/rules/../data/data/MA-test/defps-mul/filtered/corpus.target.gz -T /scratch/project_2011987/OpusDistillery/rules/../data/models/MA-test/defps-mul/model2_tiny_student/tmp --shuffle-in-ram --vocabs /scratch/project_2011987/OpusDistillery/rules/../data/models/MA-test/defps-mul/vocab/vocab.spm /scratch/project_2011987/OpusDistillery/rules/../data/models/MA-test/defps-mul/vocab/vocab.spm -w 25000 --devices 0 1 --sharding local --sync-sgd --valid-metrics perplexity chrf ce-mean-words --valid-sets /scratch/project_2011987/OpusDistillery/rules/../data/data/MA-test/defps-mul/original/devset.student.source.gz /scratch/project_2011987/OpusDistillery/rules/../data/data/MA-test/defps-mul/original/devset.student.target.gz --valid-translation-output '/scratch/project_2011987/OpusDistillery/rules/../data/models/MA-test/defps-mul/model2_tiny_student/valid_outputs/validation-output-after-{U}-updates-{E}-epochs.txt' --quiet-translation --overwrite --keep-best --log /scratch/project_2011987/OpusDistillery/rules/../data/models/MA-test/defps-mul/model2_tiny_student/train.log --valid-log /scratch/project_2011987/OpusDistillery/rules/../data/models/MA-test/defps-mul/model2_tiny_student/valid.log
[2025-06-05 13:26:26] [config] after: 0e
[2025-06-05 13:26:26] [config] after-batches: 0
[2025-06-05 13:26:26] [config] after-epochs: 0
[2025-06-05 13:26:26] [config] all-caps-every: 0
[2025-06-05 13:26:26] [config] allow-unk: false
[2025-06-05 13:26:26] [config] authors: false
[2025-06-05 13:26:26] [config] beam-size: 1
[2025-06-05 13:26:26] [config] bert-class-symbol: "[CLS]"
[2025-06-05 13:26:26] [config] bert-mask-symbol: "[MASK]"
[2025-06-05 13:26:26] [config] bert-masking-fraction: 0.15
[2025-06-05 13:26:26] [config] bert-sep-symbol: "[SEP]"
[2025-06-05 13:26:26] [config] bert-train-type-embeddings: true
[2025-06-05 13:26:26] [config] bert-type-vocab-size: 2
[2025-06-05 13:26:26] [config] build-info: ""
[2025-06-05 13:26:26] [config] check-gradient-nan: false
[2025-06-05 13:26:26] [config] check-nan: false
[2025-06-05 13:26:26] [config] cite: false
[2025-06-05 13:26:26] [config] clip-norm: 0
[2025-06-05 13:26:26] [config] comet-augment-bad: 0
[2025-06-05 13:26:26] [config] comet-dropout: 0.1
[2025-06-05 13:26:26] [config] comet-final-sigmoid: false
[2025-06-05 13:26:26] [config] comet-mix: false
[2025-06-05 13:26:26] [config] comet-mix-norm: false
[2025-06-05 13:26:26] [config] comet-mix-transformation: softmax
[2025-06-05 13:26:26] [config] comet-mixup: 0
[2025-06-05 13:26:26] [config] comet-mixup-reg: false
[2025-06-05 13:26:26] [config] comet-pool: avg
[2025-06-05 13:26:26] [config] comet-pooler-ffn:
[2025-06-05 13:26:26] [config]   - 2048
[2025-06-05 13:26:26] [config]   - 1024
[2025-06-05 13:26:26] [config] comet-prepend-zero: false
[2025-06-05 13:26:26] [config] comet-stop-grad: false
[2025-06-05 13:26:26] [config] comet-use-separator: false
[2025-06-05 13:26:26] [config] cost-scaling:
[2025-06-05 13:26:26] [config]   []
[2025-06-05 13:26:26] [config] cost-type: ce-mean-words
[2025-06-05 13:26:26] [config] cpu-threads: 0
[2025-06-05 13:26:26] [config] custom-fallbacks:
[2025-06-05 13:26:26] [config]   []
[2025-06-05 13:26:26] [config] data-threads: 8
[2025-06-05 13:26:26] [config] data-weighting: ""
[2025-06-05 13:26:26] [config] data-weighting-type: sentence
[2025-06-05 13:26:26] [config] dec-cell: ssru
[2025-06-05 13:26:26] [config] dec-cell-base-depth: 2
[2025-06-05 13:26:26] [config] dec-cell-high-depth: 1
[2025-06-05 13:26:26] [config] dec-depth: 2
[2025-06-05 13:26:26] [config] devices:
[2025-06-05 13:26:26] [config]   - 0
[2025-06-05 13:26:26] [config]   - 1
[2025-06-05 13:26:26] [config] dim-emb: 256
[2025-06-05 13:26:26] [config] dim-rnn: 1024
[2025-06-05 13:26:26] [config] dim-vocabs:
[2025-06-05 13:26:26] [config]   - 0
[2025-06-05 13:26:26] [config]   - 0
[2025-06-05 13:26:26] [config] disp-first: 10
[2025-06-05 13:26:26] [config] disp-freq: 1000
[2025-06-05 13:26:26] [config] disp-label-counts: true
[2025-06-05 13:26:26] [config] dropout-rnn: 0.1
[2025-06-05 13:26:26] [config] dropout-src: 0
[2025-06-05 13:26:26] [config] dropout-trg: 0
[2025-06-05 13:26:26] [config] dump-config: ""
[2025-06-05 13:26:26] [config] dynamic-gradient-scaling:
[2025-06-05 13:26:26] [config]   []
[2025-06-05 13:26:26] [config] early-stopping: 5
[2025-06-05 13:26:26] [config] early-stopping-epsilon:
[2025-06-05 13:26:26] [config]   - 0
[2025-06-05 13:26:26] [config] early-stopping-on: first
[2025-06-05 13:26:26] [config] embedding-fix-src: false
[2025-06-05 13:26:26] [config] embedding-fix-trg: false
[2025-06-05 13:26:26] [config] embedding-normalization: false
[2025-06-05 13:26:26] [config] embedding-vectors:
[2025-06-05 13:26:26] [config]   []
[2025-06-05 13:26:26] [config] enc-cell: gru
[2025-06-05 13:26:26] [config] enc-cell-depth: 1
[2025-06-05 13:26:26] [config] enc-depth: 6
[2025-06-05 13:26:26] [config] enc-type: bidirectional
[2025-06-05 13:26:26] [config] english-title-case-every: 0
[2025-06-05 13:26:26] [config] exponential-smoothing: True
[2025-06-05 13:26:26] [config] exponential-smoothing-replace-freq: 0
[2025-06-05 13:26:26] [config] factor-weight: 1
[2025-06-05 13:26:26] [config] factors-combine: sum
[2025-06-05 13:26:26] [config] factors-dim-emb: 0
[2025-06-05 13:26:26] [config] gradient-checkpointing: false
[2025-06-05 13:26:26] [config] gradient-norm-average-window: 100
[2025-06-05 13:26:26] [config] guided-alignment: none
[2025-06-05 13:26:26] [config] guided-alignment-cost: ce
[2025-06-05 13:26:26] [config] guided-alignment-weight: 0.1
[2025-06-05 13:26:26] [config] ignore-model-config: false
[2025-06-05 13:26:26] [config] input-join-fields: false
[2025-06-05 13:26:26] [config] input-reorder:
[2025-06-05 13:26:26] [config]   []
[2025-06-05 13:26:26] [config] input-types:
[2025-06-05 13:26:26] [config]   []
[2025-06-05 13:26:26] [config] interpolate-env-vars: false
[2025-06-05 13:26:26] [config] keep-best: true
[2025-06-05 13:26:26] [config] label-smoothing: 0
[2025-06-05 13:26:26] [config] layer-normalization: false
[2025-06-05 13:26:26] [config] learn-rate: 0.0003
[2025-06-05 13:26:26] [config] lemma-dependency: ""
[2025-06-05 13:26:26] [config] lemma-dim-emb: 0
[2025-06-05 13:26:26] [config] log: /scratch/project_2011987/OpusDistillery/rules/../data/models/MA-test/defps-mul/model2_tiny_student/train.log
[2025-06-05 13:26:26] [config] log-level: info
[2025-06-05 13:26:26] [config] log-time-zone: ""
[2025-06-05 13:26:26] [config] logical-epoch:
[2025-06-05 13:26:26] [config]   - 1e
[2025-06-05 13:26:26] [config]   - 0
[2025-06-05 13:26:26] [config] lr-decay: 0
[2025-06-05 13:26:26] [config] lr-decay-freq: 50000
[2025-06-05 13:26:26] [config] lr-decay-inv-sqrt:
[2025-06-05 13:26:26] [config]   - 32000
[2025-06-05 13:26:26] [config] lr-decay-repeat-warmup: false
[2025-06-05 13:26:26] [config] lr-decay-reset-optimizer: false
[2025-06-05 13:26:26] [config] lr-decay-start:
[2025-06-05 13:26:26] [config]   - 10
[2025-06-05 13:26:26] [config]   - 1
[2025-06-05 13:26:26] [config] lr-decay-strategy: epoch+stalled
[2025-06-05 13:26:26] [config] lr-report: True
[2025-06-05 13:26:26] [config] lr-warmup: 16000
[2025-06-05 13:26:26] [config] lr-warmup-at-reload: false
[2025-06-05 13:26:26] [config] lr-warmup-cycle: false
[2025-06-05 13:26:26] [config] lr-warmup-start-rate: 0
[2025-06-05 13:26:26] [config] max-length: 200
[2025-06-05 13:26:26] [config] max-length-crop: false
[2025-06-05 13:26:26] [config] max-length-factor: 3
[2025-06-05 13:26:26] [config] maxi-batch: 1000
[2025-06-05 13:26:26] [config] maxi-batch-sort: trg
[2025-06-05 13:26:26] [config] mini-batch: 1000
[2025-06-05 13:26:26] [config] mini-batch-fit: True
[2025-06-05 13:26:26] [config] mini-batch-fit-step: 10
[2025-06-05 13:26:26] [config] mini-batch-round-up: true
[2025-06-05 13:26:26] [config] mini-batch-track-lr: false
[2025-06-05 13:26:26] [config] mini-batch-warmup: 0
[2025-06-05 13:26:26] [config] mini-batch-words: 0
[2025-06-05 13:26:26] [config] mini-batch-words-ref: 0
[2025-06-05 13:26:26] [config] model: /scratch/project_2011987/OpusDistillery/rules/../data/models/MA-test/defps-mul/model2_tiny_student/model.npz
[2025-06-05 13:26:26] [config] multi-loss-type: sum
[2025-06-05 13:26:26] [config] n-best: false
[2025-06-05 13:26:26] [config] no-nccl: false
[2025-06-05 13:26:26] [config] no-optimizer-reload: false
[2025-06-05 13:26:26] [config] no-reload: false
[2025-06-05 13:26:26] [config] no-restore-corpus: false
[2025-06-05 13:26:26] [config] no-spm-encode: false
[2025-06-05 13:26:26] [config] normalize: 1
[2025-06-05 13:26:26] [config] normalize-gradient: false
[2025-06-05 13:26:26] [config] normalize-gradient-by-ratio: false
[2025-06-05 13:26:26] [config] optimizer: adam
[2025-06-05 13:26:26] [config] optimizer-delay: 2
[2025-06-05 13:26:26] [config] optimizer-params:
[2025-06-05 13:26:26] [config]   - 0.9
[2025-06-05 13:26:26] [config]   - 0.98
[2025-06-05 13:26:26] [config]   - 1e-09
[2025-06-05 13:26:26] [config] output-omit-bias: false
[2025-06-05 13:26:26] [config] overwrite: true
[2025-06-05 13:26:26] [config] overwrite-checkpoint: true
[2025-06-05 13:26:26] [config] precision:
[2025-06-05 13:26:26] [config]   - float32
[2025-06-05 13:26:26] [config]   - float32
[2025-06-05 13:26:26] [config] pretrained-model: ""
[2025-06-05 13:26:26] [config] quantize-biases: false
[2025-06-05 13:26:26] [config] quantize-bits: 0
[2025-06-05 13:26:26] [config] quantize-log-based: false
[2025-06-05 13:26:26] [config] quantize-optimization-steps: 0
[2025-06-05 13:26:26] [config] quiet: false
[2025-06-05 13:26:26] [config] quiet-translation: true
[2025-06-05 13:26:26] [config] quiet-validation: false
[2025-06-05 13:26:26] [config] relative-paths: false
[2025-06-05 13:26:26] [config] right-left: false
[2025-06-05 13:26:26] [config] save-freq: 5000
[2025-06-05 13:26:26] [config] seed: 0
[2025-06-05 13:26:26] [config] sentencepiece-alphas:
[2025-06-05 13:26:26] [config]   []
[2025-06-05 13:26:26] [config] sentencepiece-max-lines: 2000000
[2025-06-05 13:26:26] [config] sentencepiece-options: ""
[2025-06-05 13:26:26] [config] separator-symbol: "[eos]"
[2025-06-05 13:26:26] [config] sharding: local
[2025-06-05 13:26:26] [config] shuffle: data
[2025-06-05 13:26:26] [config] shuffle-in-ram: true
[2025-06-05 13:26:26] [config] sigterm: save-and-exit
[2025-06-05 13:26:26] [config] skip: false
[2025-06-05 13:26:26] [config] sqlite: ""
[2025-06-05 13:26:26] [config] sqlite-drop: false
[2025-06-05 13:26:26] [config] sync-freq: 200u
[2025-06-05 13:26:26] [config] sync-sgd: true
[2025-06-05 13:26:26] [config] tempdir: /scratch/project_2011987/OpusDistillery/rules/../data/models/MA-test/defps-mul/model2_tiny_student/tmp
[2025-06-05 13:26:26] [config] throw-on-divergence:
[2025-06-05 13:26:26] [config]   []
[2025-06-05 13:26:26] [config] tied-embeddings: false
[2025-06-05 13:26:26] [config] tied-embeddings-all: true
[2025-06-05 13:26:26] [config] tied-embeddings-src: false
[2025-06-05 13:26:26] [config] train-embedder-rank:
[2025-06-05 13:26:26] [config]   []
[2025-06-05 13:26:26] [config] train-sets:
[2025-06-05 13:26:26] [config]   - /scratch/project_2011987/OpusDistillery/rules/../data/data/MA-test/defps-mul/filtered/corpus.source.gz
[2025-06-05 13:26:26] [config]   - /scratch/project_2011987/OpusDistillery/rules/../data/data/MA-test/defps-mul/filtered/corpus.target.gz
[2025-06-05 13:26:26] [config] transformer-aan-activation: swish
[2025-06-05 13:26:26] [config] transformer-aan-depth: 2
[2025-06-05 13:26:26] [config] transformer-aan-nogate: false
[2025-06-05 13:26:26] [config] transformer-alibi-shift: false
[2025-06-05 13:26:26] [config] transformer-alibi-trainable: false
[2025-06-05 13:26:26] [config] transformer-attention-mask: default
[2025-06-05 13:26:26] [config] transformer-decoder-autoreg: rnn
[2025-06-05 13:26:26] [config] transformer-decoder-dim-ffn: 0
[2025-06-05 13:26:26] [config] transformer-decoder-ffn-depth: 0
[2025-06-05 13:26:26] [config] transformer-depth-scaling: false
[2025-06-05 13:26:26] [config] transformer-dim-aan: 2048
[2025-06-05 13:26:26] [config] transformer-dim-ffn: 1536
[2025-06-05 13:26:26] [config] transformer-disable-position-embeddings: false
[2025-06-05 13:26:26] [config] transformer-dropout: 0
[2025-06-05 13:26:26] [config] transformer-dropout-attention: 0
[2025-06-05 13:26:26] [config] transformer-dropout-ffn: 0
[2025-06-05 13:26:26] [config] transformer-ffn-activation: relu
[2025-06-05 13:26:26] [config] transformer-ffn-depth: 2
[2025-06-05 13:26:26] [config] transformer-guided-alignment-layer: last
[2025-06-05 13:26:26] [config] transformer-heads: 8
[2025-06-05 13:26:26] [config] transformer-no-affine: false
[2025-06-05 13:26:26] [config] transformer-no-bias: false
[2025-06-05 13:26:26] [config] transformer-no-projection: false
[2025-06-05 13:26:26] [config] transformer-pool: false
[2025-06-05 13:26:26] [config] transformer-postprocess: dan
[2025-06-05 13:26:26] [config] transformer-postprocess-emb: d
[2025-06-05 13:26:26] [config] transformer-postprocess-top: ""
[2025-06-05 13:26:26] [config] transformer-preprocess: ""
[2025-06-05 13:26:26] [config] transformer-rnn-projection: false
[2025-06-05 13:26:26] [config] transformer-tied-layers:
[2025-06-05 13:26:26] [config]   []
[2025-06-05 13:26:26] [config] transformer-train-position-embeddings: false
[2025-06-05 13:26:26] [config] tsv: false
[2025-06-05 13:26:26] [config] tsv-fields: 0
[2025-06-05 13:26:26] [config] type: transformer
[2025-06-05 13:26:26] [config] ulr: false
[2025-06-05 13:26:26] [config] ulr-dim-emb: 0
[2025-06-05 13:26:26] [config] ulr-dropout: 0
[2025-06-05 13:26:26] [config] ulr-keys-vectors: ""
[2025-06-05 13:26:26] [config] ulr-query-vectors: ""
[2025-06-05 13:26:26] [config] ulr-softmax-temperature: 1
[2025-06-05 13:26:26] [config] ulr-trainable-transformation: false
[2025-06-05 13:26:26] [config] unlikelihood-loss: false
[2025-06-05 13:26:26] [config] valid-freq: 5000
[2025-06-05 13:26:26] [config] valid-log: /scratch/project_2011987/OpusDistillery/rules/../data/models/MA-test/defps-mul/model2_tiny_student/valid.log
[2025-06-05 13:26:26] [config] valid-max-length: 1000
[2025-06-05 13:26:26] [config] valid-metrics:
[2025-06-05 13:26:26] [config]   - perplexity
[2025-06-05 13:26:26] [config]   - chrf
[2025-06-05 13:26:26] [config]   - ce-mean-words
[2025-06-05 13:26:26] [config] valid-mini-batch: 64
[2025-06-05 13:26:26] [config] valid-reset-all: false
[2025-06-05 13:26:26] [config] valid-reset-stalled: false
[2025-06-05 13:26:26] [config] valid-script-args:
[2025-06-05 13:26:26] [config]   []
[2025-06-05 13:26:26] [config] valid-script-path: ""
[2025-06-05 13:26:26] [config] valid-sets:
[2025-06-05 13:26:26] [config]   - /scratch/project_2011987/OpusDistillery/rules/../data/data/MA-test/defps-mul/original/devset.student.source.gz
[2025-06-05 13:26:26] [config]   - /scratch/project_2011987/OpusDistillery/rules/../data/data/MA-test/defps-mul/original/devset.student.target.gz
[2025-06-05 13:26:26] [config] valid-translation-output: /scratch/project_2011987/OpusDistillery/rules/../data/models/MA-test/defps-mul/model2_tiny_student/valid_outputs/validation-output-after-{U}-updates-{E}-epochs.txt
[2025-06-05 13:26:26] [config] vocabs:
[2025-06-05 13:26:26] [config]   - /scratch/project_2011987/OpusDistillery/rules/../data/models/MA-test/defps-mul/vocab/vocab.spm
[2025-06-05 13:26:26] [config]   - /scratch/project_2011987/OpusDistillery/rules/../data/models/MA-test/defps-mul/vocab/vocab.spm
[2025-06-05 13:26:26] [config] word-penalty: 0
[2025-06-05 13:26:26] [config] word-scores: false
[2025-06-05 13:26:26] [config] workspace: 25000
[2025-06-05 13:26:26] [config] Model is being created with Marian v1.12.31 a6ab8af8 2024-06-27 15:21:08 +0000
[2025-06-05 13:26:26] Using synchronous SGD
[2025-06-05 13:26:26] [comm] Compiled without MPI support. Running as a single process on r18g08.bullx
[2025-06-05 13:26:26] Synced seed 1749119186
[2025-06-05 13:26:27] [data] Loading SentencePiece vocabulary from file /scratch/project_2011987/OpusDistillery/rules/../data/models/MA-test/defps-mul/vocab/vocab.spm
[2025-06-05 13:26:27] [data] Setting vocabulary size for input 0 to 32,000
[2025-06-05 13:26:27] [data] Loading SentencePiece vocabulary from file /scratch/project_2011987/OpusDistillery/rules/../data/models/MA-test/defps-mul/vocab/vocab.spm
[2025-06-05 13:26:27] [data] Setting vocabulary size for input 1 to 32,000
[2025-06-05 13:26:27] [batching] Collecting statistics for batch fitting with step size 10
[2025-06-05 13:26:29] [memory] Extending reserved space to 25088 MB (device gpu0)
[2025-06-05 13:26:33] [memory] Extending reserved space to 25088 MB (device gpu1)
[2025-06-05 13:26:33] [comm] Using NCCL 2.8.3 for GPU communication
[2025-06-05 13:26:33] [comm] Using global sharding
[2025-06-05 13:26:33] [comm] NCCLCommunicators constructed successfully
[2025-06-05 13:26:33] [training] Using 2 GPUs
[2025-06-05 13:26:34] [logits] Applying loss function for 1 factor(s)
[2025-06-05 13:26:34] [memory] Reserving 64 MB, device gpu0
[2025-06-05 13:26:39] [gpu] 16-bit TensorCores enabled for float32 matrix operations
[2025-06-05 13:26:39] [memory] Reserving 64 MB, device gpu0
[2025-06-05 13:27:28] [batching] Done. Typical MB size is 197,998 target words
[2025-06-05 13:27:28] [memory] Extending reserved space to 25088 MB (device gpu0)
[2025-06-05 13:27:29] [memory] Extending reserved space to 25088 MB (device gpu1)
[2025-06-05 13:27:29] [comm] Using NCCL 2.8.3 for GPU communication
[2025-06-05 13:27:29] [comm] Using global sharding
[2025-06-05 13:27:29] [comm] NCCLCommunicators constructed successfully
[2025-06-05 13:27:29] [training] Using 2 GPUs
[2025-06-05 13:27:29] Training started
[2025-06-05 13:27:29] [data] Shuffling data
[2025-06-05 13:28:01] [data] Done reading 30,760,374 sentences
[2025-06-05 13:28:03] [data] Done shuffling 30,760,374 sentences (cached in RAM)
[2025-06-05 13:28:13] [training] Batches are processed as 1 process(es) x 2 devices/process
[2025-06-05 13:28:13] [memory] Reserving 64 MB, device gpu0
[2025-06-05 13:28:13] [memory] Reserving 64 MB, device gpu1
[2025-06-05 13:28:14] [memory] Reserving 64 MB, device gpu0
[2025-06-05 13:28:14] [memory] Reserving 64 MB, device gpu1
[2025-06-05 13:28:15] Parameter type float32, optimization type float32, casting types false
[2025-06-05 13:28:15] Allocating memory for general optimizer shards
[2025-06-05 13:28:15] [memory] Reserving 32 MB, device gpu0
[2025-06-05 13:28:15] [memory] Reserving 32 MB, device gpu1
[2025-06-05 13:28:15] Allocating memory for Adam-specific shards
[2025-06-05 13:28:15] [memory] Reserving 64 MB, device gpu0
[2025-06-05 13:28:15] [memory] Reserving 64 MB, device gpu1
[2025-06-05 13:28:15] Ep. 1 : Up. 1 : Sen. 22,792 : Cost 10.94963169 : Time 47.38s : 4810.89 words/s : gNorm 6.9514 : L.r. 1.8750e-08
[2025-06-05 13:28:16] Ep. 1 : Up. 2 : Sen. 45,584 : Cost 10.97115135 : Time 0.65s : 210671.26 words/s : gNorm 8.4650 : L.r. 3.7500e-08
[2025-06-05 13:28:17] Ep. 1 : Up. 3 : Sen. 56,792 : Cost 10.93021870 : Time 0.56s : 240403.69 words/s : gNorm 7.5099 : L.r. 5.6250e-08
[2025-06-05 13:28:17] Ep. 1 : Up. 4 : Sen. 64,144 : Cost 10.89532185 : Time 0.80s : 240346.32 words/s : gNorm 6.7798 : L.r. 7.5000e-08
[2025-06-05 13:28:18] Ep. 1 : Up. 5 : Sen. 65,920 : Cost 10.94137955 : Time 0.79s : 138834.76 words/s : gNorm 6.6381 : L.r. 9.3750e-08
[2025-06-05 13:28:19] Ep. 1 : Up. 6 : Sen. 77,128 : Cost 10.90687275 : Time 0.95s : 188905.23 words/s : gNorm 6.4512 : L.r. 1.1250e-07
[2025-06-05 13:28:20] Ep. 1 : Up. 7 : Sen. 82,556 : Cost 10.93988228 : Time 0.84s : 207691.94 words/s : gNorm 6.3035 : L.r. 1.3125e-07
[2025-06-05 13:28:21] Ep. 1 : Up. 8 : Sen. 93,764 : Cost 10.97422886 : Time 0.55s : 183014.86 words/s : gNorm 6.4672 : L.r. 1.5000e-07
[2025-06-05 13:28:21] Ep. 1 : Up. 9 : Sen. 104,972 : Cost 10.91866302 : Time 0.82s : 205434.71 words/s : gNorm 6.3639 : L.r. 1.6875e-07
[2025-06-05 13:28:22] Ep. 1 : Up. 10 : Sen. 107,204 : Cost 10.93012238 : Time 0.69s : 146367.35 words/s : gNorm 6.3082 : L.r. 1.8750e-07
[2025-06-05 13:36:26] Ep. 1 : Up. 1000 : Sen. 6,262,460 : Cost 8.68912983 : Time 483.85s : 250443.51 words/s : gNorm 1.5923 : L.r. 1.8750e-05
[2025-06-05 13:44:32] Ep. 1 : Up. 2000 : Sen. 12,419,241 : Cost 6.40001678 : Time 486.45s : 249307.42 words/s : gNorm 2.3036 : L.r. 3.7500e-05
[2025-06-05 13:52:39] Ep. 1 : Up. 3000 : Sen. 18,561,550 : Cost 5.43513584 : Time 487.06s : 249643.38 words/s : gNorm 2.5366 : L.r. 5.6250e-05
[2025-06-05 14:00:47] Ep. 1 : Up. 4000 : Sen. 24,765,102 : Cost 4.42436123 : Time 487.48s : 250237.38 words/s : gNorm 4.3196 : L.r. 7.5000e-05
[2025-06-05 14:08:34] Seen 30,760,287 samples
[2025-06-05 14:08:34] Starting data epoch 2 in logical epoch 2
[2025-06-05 14:08:34] [data] Shuffling data
[2025-06-05 14:08:36] [data] Done shuffling 30,760,374 sentences (cached in RAM)
[2025-06-05 14:09:01] Ep. 2 : Up. 5000 : Sen. 132,576 : Cost 3.35527802 : Time 493.96s : 244515.13 words/s : gNorm 5.3651 : L.r. 9.3750e-05
[2025-06-05 14:09:01] Saving model weights and runtime parameters to /scratch/project_2011987/OpusDistillery/rules/../data/models/MA-test/defps-mul/model2_tiny_student/model.npz
[2025-06-05 14:09:01] Saving Adam parameters
[2025-06-05 14:09:02] [training] Saving training checkpoint to /scratch/project_2011987/OpusDistillery/rules/../data/models/MA-test/defps-mul/model2_tiny_student/model.npz and /scratch/project_2011987/OpusDistillery/rules/../data/models/MA-test/defps-mul/model2_tiny_student/model.npz.optimizer.npz
[2025-06-05 14:09:22] Saving model weights and runtime parameters to /scratch/project_2011987/OpusDistillery/rules/../data/models/MA-test/defps-mul/model2_tiny_student/model.npz.best-perplexity.npz
[2025-06-05 14:09:22] [valid] Ep. 2 : Up. 5000 : perplexity : 9.43399 : new best
[2025-06-05 14:09:22] [valid] First sentence's tokens as scored:
[2025-06-05 14:09:22] [valid] Decoding validation set with SentencePieceVocab for scoring
[2025-06-05 14:09:22] [valid]   Hyp: A s s o o n a s T o m o p e n e d t h e b a g , h e k n e w i t w a s n ' t h i s h i s .
[2025-06-05 14:09:22] [valid]   Ref: A s s o o n a s T o m o p e n e d t h e b a g , h e k n e w i t w a s n ' t h i s .
[2025-06-05 14:09:26] [valid] References contain unknown word, metric scores may be inaccurate
[2025-06-05 14:12:37] Saving model weights and runtime parameters to /scratch/project_2011987/OpusDistillery/rules/../data/models/MA-test/defps-mul/model2_tiny_student/model.npz.best-chrf.npz
[2025-06-05 14:12:37] [valid] Ep. 2 : Up. 5000 : chrf : 51.5425 : new best
[2025-06-05 14:12:57] Saving model weights and runtime parameters to /scratch/project_2011987/OpusDistillery/rules/../data/models/MA-test/defps-mul/model2_tiny_student/model.npz.best-ce-mean-words.npz
[2025-06-05 14:12:57] [valid] Ep. 2 : Up. 5000 : ce-mean-words : 2.24432 : new best
[2025-06-05 14:20:59] Ep. 2 : Up. 6000 : Sen. 6,240,368 : Cost 2.56234288 : Time 717.84s : 168705.84 words/s : gNorm 4.3042 : L.r. 1.1250e-04
[2025-06-05 14:29:05] Ep. 2 : Up. 7000 : Sen. 12,540,230 : Cost 1.87023199 : Time 486.49s : 252057.21 words/s : gNorm 3.4933 : L.r. 1.3125e-04
[2025-06-05 14:37:08] Ep. 2 : Up. 8000 : Sen. 18,668,791 : Cost 1.49485171 : Time 483.24s : 250291.53 words/s : gNorm 2.7728 : L.r. 1.5000e-04
[2025-06-05 14:45:13] Ep. 2 : Up. 9000 : Sen. 24,853,924 : Cost 1.24579048 : Time 484.46s : 252281.62 words/s : gNorm 2.3199 : L.r. 1.6875e-04
[2025-06-05 14:52:51] Seen 30,760,287 samples
[2025-06-05 14:52:51] Starting data epoch 3 in logical epoch 3
[2025-06-05 14:52:51] [data] Shuffling data
[2025-06-05 14:52:53] [data] Done shuffling 30,760,374 sentences (cached in RAM)
[2025-06-05 14:53:27] Ep. 3 : Up. 10000 : Sen. 329,152 : Cost 1.07673621 : Time 493.74s : 245223.55 words/s : gNorm 2.9809 : L.r. 1.8750e-04
[2025-06-05 14:53:27] Saving model weights and runtime parameters to /scratch/project_2011987/OpusDistillery/rules/../data/models/MA-test/defps-mul/model2_tiny_student/model.npz
[2025-06-05 14:53:27] Saving Adam parameters
[2025-06-05 14:53:27] [training] Saving training checkpoint to /scratch/project_2011987/OpusDistillery/rules/../data/models/MA-test/defps-mul/model2_tiny_student/model.npz and /scratch/project_2011987/OpusDistillery/rules/../data/models/MA-test/defps-mul/model2_tiny_student/model.npz.optimizer.npz
[2025-06-05 14:53:46] Saving model weights and runtime parameters to /scratch/project_2011987/OpusDistillery/rules/../data/models/MA-test/defps-mul/model2_tiny_student/model.npz.best-perplexity.npz
[2025-06-05 14:53:46] [valid] Ep. 3 : Up. 10000 : perplexity : 4.49661 : new best
[2025-06-05 14:57:03] Saving model weights and runtime parameters to /scratch/project_2011987/OpusDistillery/rules/../data/models/MA-test/defps-mul/model2_tiny_student/model.npz.best-chrf.npz
[2025-06-05 14:57:04] [valid] Ep. 3 : Up. 10000 : chrf : 65.1964 : new best
[2025-06-05 14:57:22] Saving model weights and runtime parameters to /scratch/project_2011987/OpusDistillery/rules/../data/models/MA-test/defps-mul/model2_tiny_student/model.npz.best-ce-mean-words.npz
[2025-06-05 14:57:23] [valid] Ep. 3 : Up. 10000 : ce-mean-words : 1.50332 : new best
[2025-06-05 15:05:25] Ep. 3 : Up. 11000 : Sen. 6,445,414 : Cost 0.94355989 : Time 718.18s : 168911.90 words/s : gNorm 1.6656 : L.r. 2.0625e-04
[2025-06-05 15:13:30] Ep. 3 : Up. 12000 : Sen. 12,634,511 : Cost 0.83636570 : Time 485.52s : 249988.77 words/s : gNorm 1.5166 : L.r. 2.2500e-04
[2025-06-05 15:21:33] Ep. 3 : Up. 13000 : Sen. 18,753,475 : Cost 0.74261343 : Time 482.88s : 252042.68 words/s : gNorm 1.3096 : L.r. 2.4375e-04
[2025-06-05 15:29:35] Ep. 3 : Up. 14000 : Sen. 24,965,934 : Cost 0.68329561 : Time 482.10s : 252942.04 words/s : gNorm 1.4117 : L.r. 2.6250e-04
[2025-06-05 15:37:05] Seen 30,760,287 samples
[2025-06-05 15:37:05] Starting data epoch 4 in logical epoch 4
[2025-06-05 15:37:05] [data] Shuffling data
[2025-06-05 15:37:08] [data] Done shuffling 30,760,374 sentences (cached in RAM)
[2025-06-05 15:37:47] Ep. 4 : Up. 15000 : Sen. 347,727 : Cost 0.61933362 : Time 491.31s : 245528.90 words/s : gNorm 1.1592 : L.r. 2.8125e-04
[2025-06-05 15:37:47] Saving model weights and runtime parameters to /scratch/project_2011987/OpusDistillery/rules/../data/models/MA-test/defps-mul/model2_tiny_student/model.npz
[2025-06-05 15:37:48] Saving Adam parameters
[2025-06-05 15:37:48] [training] Saving training checkpoint to /scratch/project_2011987/OpusDistillery/rules/../data/models/MA-test/defps-mul/model2_tiny_student/model.npz and /scratch/project_2011987/OpusDistillery/rules/../data/models/MA-test/defps-mul/model2_tiny_student/model.npz.optimizer.npz
[2025-06-05 15:38:07] Saving model weights and runtime parameters to /scratch/project_2011987/OpusDistillery/rules/../data/models/MA-test/defps-mul/model2_tiny_student/model.npz.best-perplexity.npz
[2025-06-05 15:38:07] [valid] Ep. 4 : Up. 15000 : perplexity : 3.42056 : new best
[2025-06-05 15:41:22] Saving model weights and runtime parameters to /scratch/project_2011987/OpusDistillery/rules/../data/models/MA-test/defps-mul/model2_tiny_student/model.npz.best-chrf.npz
[2025-06-05 15:41:22] [valid] Ep. 4 : Up. 15000 : chrf : 69.9055 : new best
[2025-06-05 15:41:41] Saving model weights and runtime parameters to /scratch/project_2011987/OpusDistillery/rules/../data/models/MA-test/defps-mul/model2_tiny_student/model.npz.best-ce-mean-words.npz
[2025-06-05 15:41:41] [valid] Ep. 4 : Up. 15000 : ce-mean-words : 1.2298 : new best
[2025-06-05 15:49:43] Ep. 4 : Up. 16000 : Sen. 6,520,690 : Cost 0.57740885 : Time 716.01s : 170053.70 words/s : gNorm 0.8580 : L.r. 3.0000e-04
[2025-06-05 15:57:48] Ep. 4 : Up. 17000 : Sen. 12,731,917 : Cost 0.53633523 : Time 485.73s : 252002.05 words/s : gNorm 0.7199 : L.r. 3.0000e-04
[2025-06-05 16:05:47] Ep. 4 : Up. 18000 : Sen. 18,936,058 : Cost 0.50428832 : Time 478.74s : 253294.92 words/s : gNorm 0.7088 : L.r. 3.0000e-04
[2025-06-05 16:13:54] Ep. 4 : Up. 19000 : Sen. 25,074,759 : Cost 0.47684082 : Time 486.68s : 249785.08 words/s : gNorm 0.5773 : L.r. 3.0000e-04
[2025-06-05 16:21:13] Seen 30,760,287 samples
[2025-06-05 16:21:14] Starting data epoch 5 in logical epoch 5
[2025-06-05 16:21:14] [data] Shuffling data
[2025-06-05 16:21:16] [data] Done shuffling 30,760,374 sentences (cached in RAM)
[2025-06-05 16:22:02] Ep. 5 : Up. 20000 : Sen. 464,359 : Cost 0.45485663 : Time 488.04s : 246876.50 words/s : gNorm 0.5757 : L.r. 3.0000e-04
[2025-06-05 16:22:02] Saving model weights and runtime parameters to /scratch/project_2011987/OpusDistillery/rules/../data/models/MA-test/defps-mul/model2_tiny_student/model.npz
[2025-06-05 16:22:02] Saving Adam parameters
[2025-06-05 16:22:03] [training] Saving training checkpoint to /scratch/project_2011987/OpusDistillery/rules/../data/models/MA-test/defps-mul/model2_tiny_student/model.npz and /scratch/project_2011987/OpusDistillery/rules/../data/models/MA-test/defps-mul/model2_tiny_student/model.npz.optimizer.npz
[2025-06-05 16:22:21] Saving model weights and runtime parameters to /scratch/project_2011987/OpusDistillery/rules/../data/models/MA-test/defps-mul/model2_tiny_student/model.npz.best-perplexity.npz
[2025-06-05 16:22:21] [valid] Ep. 5 : Up. 20000 : perplexity : 3.10249 : new best
[2025-06-05 16:25:35] Saving model weights and runtime parameters to /scratch/project_2011987/OpusDistillery/rules/../data/models/MA-test/defps-mul/model2_tiny_student/model.npz.best-chrf.npz
[2025-06-05 16:25:36] [valid] Ep. 5 : Up. 20000 : chrf : 71.8789 : new best
[2025-06-05 16:25:54] Saving model weights and runtime parameters to /scratch/project_2011987/OpusDistillery/rules/../data/models/MA-test/defps-mul/model2_tiny_student/model.npz.best-ce-mean-words.npz
[2025-06-05 16:25:54] [valid] Ep. 5 : Up. 20000 : ce-mean-words : 1.1322 : new best
[2025-06-05 16:33:56] Ep. 5 : Up. 21000 : Sen. 6,590,438 : Cost 0.42849991 : Time 714.36s : 169951.72 words/s : gNorm 0.5013 : L.r. 3.0000e-04
[2025-06-05 16:41:59] Ep. 5 : Up. 22000 : Sen. 12,815,398 : Cost 0.41563481 : Time 482.96s : 252013.87 words/s : gNorm 0.5503 : L.r. 3.0000e-04
[2025-06-05 16:50:00] Ep. 5 : Up. 23000 : Sen. 18,956,354 : Cost 0.40266618 : Time 481.23s : 252140.73 words/s : gNorm 0.5337 : L.r. 3.0000e-04
[2025-06-05 16:58:07] Ep. 5 : Up. 24000 : Sen. 25,197,391 : Cost 0.39045379 : Time 486.39s : 250870.04 words/s : gNorm 0.4562 : L.r. 3.0000e-04
[2025-06-05 17:05:19] Seen 30,760,287 samples
[2025-06-05 17:05:19] Starting data epoch 6 in logical epoch 6
[2025-06-05 17:05:19] [data] Shuffling data
[2025-06-05 17:05:21] [data] Done shuffling 30,760,374 sentences (cached in RAM)
[2025-06-05 17:06:17] Ep. 6 : Up. 25000 : Sen. 542,977 : Cost 0.37704134 : Time 490.29s : 247276.33 words/s : gNorm 0.4086 : L.r. 3.0000e-04
[2025-06-05 17:06:17] Saving model weights and runtime parameters to /scratch/project_2011987/OpusDistillery/rules/../data/models/MA-test/defps-mul/model2_tiny_student/model.npz
[2025-06-05 17:06:17] Saving Adam parameters
[2025-06-05 17:06:18] [training] Saving training checkpoint to /scratch/project_2011987/OpusDistillery/rules/../data/models/MA-test/defps-mul/model2_tiny_student/model.npz and /scratch/project_2011987/OpusDistillery/rules/../data/models/MA-test/defps-mul/model2_tiny_student/model.npz.optimizer.npz
[2025-06-05 17:06:38] Saving model weights and runtime parameters to /scratch/project_2011987/OpusDistillery/rules/../data/models/MA-test/defps-mul/model2_tiny_student/model.npz.best-perplexity.npz
[2025-06-05 17:06:38] [valid] Ep. 6 : Up. 25000 : perplexity : 2.91574 : new best
[2025-06-05 17:09:53] Saving model weights and runtime parameters to /scratch/project_2011987/OpusDistillery/rules/../data/models/MA-test/defps-mul/model2_tiny_student/model.npz.best-chrf.npz
[2025-06-05 17:09:53] [valid] Ep. 6 : Up. 25000 : chrf : 72.7077 : new best
[2025-06-05 17:10:11] Saving model weights and runtime parameters to /scratch/project_2011987/OpusDistillery/rules/../data/models/MA-test/defps-mul/model2_tiny_student/model.npz.best-ce-mean-words.npz
[2025-06-05 17:10:12] [valid] Ep. 6 : Up. 25000 : ce-mean-words : 1.07012 : new best
[2025-06-05 17:18:17] Ep. 6 : Up. 26000 : Sen. 6,768,809 : Cost 0.36430728 : Time 720.16s : 169926.48 words/s : gNorm 0.3927 : L.r. 3.0000e-04
[2025-06-05 17:26:18] Ep. 6 : Up. 27000 : Sen. 12,944,535 : Cost 0.35842577 : Time 480.20s : 252871.61 words/s : gNorm 0.4189 : L.r. 3.0000e-04
[2025-06-05 17:34:24] Ep. 6 : Up. 28000 : Sen. 19,175,398 : Cost 0.35210332 : Time 486.23s : 251140.55 words/s : gNorm 0.3873 : L.r. 3.0000e-04
[2025-06-05 17:42:26] Ep. 6 : Up. 29000 : Sen. 25,304,875 : Cost 0.34689409 : Time 481.88s : 251835.18 words/s : gNorm 0.3836 : L.r. 3.0000e-04
[2025-06-05 17:49:28] Seen 30,760,287 samples
[2025-06-05 17:49:28] Starting data epoch 7 in logical epoch 7
[2025-06-05 17:49:28] [data] Shuffling data
[2025-06-05 17:49:30] [data] Done shuffling 30,760,374 sentences (cached in RAM)
[2025-06-05 17:50:35] Ep. 7 : Up. 30000 : Sen. 705,818 : Cost 0.33930683 : Time 489.40s : 246417.72 words/s : gNorm 0.3778 : L.r. 3.0000e-04
[2025-06-05 17:50:35] Saving model weights and runtime parameters to /scratch/project_2011987/OpusDistillery/rules/../data/models/MA-test/defps-mul/model2_tiny_student/model.npz
[2025-06-05 17:50:35] Saving Adam parameters
[2025-06-05 17:50:36] [training] Saving training checkpoint to /scratch/project_2011987/OpusDistillery/rules/../data/models/MA-test/defps-mul/model2_tiny_student/model.npz and /scratch/project_2011987/OpusDistillery/rules/../data/models/MA-test/defps-mul/model2_tiny_student/model.npz.optimizer.npz
[2025-06-05 17:50:56] Saving model weights and runtime parameters to /scratch/project_2011987/OpusDistillery/rules/../data/models/MA-test/defps-mul/model2_tiny_student/model.npz.best-perplexity.npz
[2025-06-05 17:50:56] [valid] Ep. 7 : Up. 30000 : perplexity : 2.89873 : new best
[2025-06-05 17:54:10] Saving model weights and runtime parameters to /scratch/project_2011987/OpusDistillery/rules/../data/models/MA-test/defps-mul/model2_tiny_student/model.npz.best-chrf.npz
[2025-06-05 17:54:11] [valid] Ep. 7 : Up. 30000 : chrf : 73.0252 : new best
[2025-06-05 17:54:28] Saving model weights and runtime parameters to /scratch/project_2011987/OpusDistillery/rules/../data/models/MA-test/defps-mul/model2_tiny_student/model.npz.best-ce-mean-words.npz
[2025-06-05 17:54:29] [valid] Ep. 7 : Up. 30000 : ce-mean-words : 1.06427 : new best
[2025-06-05 18:02:34] Ep. 7 : Up. 31000 : Sen. 6,920,207 : Cost 0.32902202 : Time 718.66s : 170275.86 words/s : gNorm 0.3865 : L.r. 3.0000e-04
[2025-06-05 18:10:37] Ep. 7 : Up. 32000 : Sen. 13,060,881 : Cost 0.32611656 : Time 483.67s : 251095.15 words/s : gNorm 0.3495 : L.r. 3.0000e-04
[2025-06-05 18:18:41] Ep. 7 : Up. 33000 : Sen. 19,302,859 : Cost 0.32211512 : Time 483.73s : 252029.66 words/s : gNorm 0.3429 : L.r. 2.9542e-04
[2025-06-05 18:26:40] Ep. 7 : Up. 34000 : Sen. 25,402,162 : Cost 0.31961340 : Time 478.66s : 252178.47 words/s : gNorm 0.3849 : L.r. 2.9104e-04
[2025-06-05 18:33:34] Seen 30,760,287 samples
[2025-06-05 18:33:34] Starting data epoch 8 in logical epoch 8
[2025-06-05 18:33:34] [data] Shuffling data
[2025-06-05 18:33:37] [data] Done shuffling 30,760,374 sentences (cached in RAM)
[2025-06-05 18:34:49] Ep. 8 : Up. 35000 : Sen. 782,577 : Cost 0.31472307 : Time 488.94s : 246786.95 words/s : gNorm 0.3699 : L.r. 2.8685e-04
[2025-06-05 18:34:49] Saving model weights and runtime parameters to /scratch/project_2011987/OpusDistillery/rules/../data/models/MA-test/defps-mul/model2_tiny_student/model.npz
[2025-06-05 18:34:49] Saving Adam parameters
[2025-06-05 18:34:49] [training] Saving training checkpoint to /scratch/project_2011987/OpusDistillery/rules/../data/models/MA-test/defps-mul/model2_tiny_student/model.npz and /scratch/project_2011987/OpusDistillery/rules/../data/models/MA-test/defps-mul/model2_tiny_student/model.npz.optimizer.npz
[2025-06-05 18:35:09] Saving model weights and runtime parameters to /scratch/project_2011987/OpusDistillery/rules/../data/models/MA-test/defps-mul/model2_tiny_student/model.npz.best-perplexity.npz
[2025-06-05 18:35:10] [valid] Ep. 8 : Up. 35000 : perplexity : 2.78577 : new best
[2025-06-05 18:38:24] Saving model weights and runtime parameters to /scratch/project_2011987/OpusDistillery/rules/../data/models/MA-test/defps-mul/model2_tiny_student/model.npz.best-chrf.npz
[2025-06-05 18:38:25] [valid] Ep. 8 : Up. 35000 : chrf : 73.2237 : new best
[2025-06-05 18:38:43] Saving model weights and runtime parameters to /scratch/project_2011987/OpusDistillery/rules/../data/models/MA-test/defps-mul/model2_tiny_student/model.npz.best-ce-mean-words.npz
[2025-06-05 18:38:44] [valid] Ep. 8 : Up. 35000 : ce-mean-words : 1.02452 : new best
[2025-06-05 18:46:44] Ep. 8 : Up. 36000 : Sen. 6,968,204 : Cost 0.30523005 : Time 715.15s : 170355.45 words/s : gNorm 0.3771 : L.r. 2.8284e-04
[2025-06-05 18:54:52] Ep. 8 : Up. 37000 : Sen. 13,175,334 : Cost 0.30277997 : Time 488.40s : 249137.83 words/s : gNorm 0.3077 : L.r. 2.7899e-04
[2025-06-05 19:02:56] Ep. 8 : Up. 38000 : Sen. 19,392,712 : Cost 0.29995400 : Time 483.62s : 252007.88 words/s : gNorm 0.3471 : L.r. 2.7530e-04
[2025-06-05 19:11:00] Ep. 8 : Up. 39000 : Sen. 25,528,187 : Cost 0.29982924 : Time 483.97s : 251740.33 words/s : gNorm 0.3242 : L.r. 2.7175e-04
[2025-06-05 19:17:45] Seen 30,760,287 samples
[2025-06-05 19:17:45] Starting data epoch 9 in logical epoch 9
[2025-06-05 19:17:45] [data] Shuffling data
[2025-06-05 19:17:48] [data] Done shuffling 30,760,374 sentences (cached in RAM)
[2025-06-05 19:19:09] Ep. 9 : Up. 40000 : Sen. 913,462 : Cost 0.29392657 : Time 488.88s : 246539.33 words/s : gNorm 0.3285 : L.r. 2.6833e-04
[2025-06-05 19:19:09] Saving model weights and runtime parameters to /scratch/project_2011987/OpusDistillery/rules/../data/models/MA-test/defps-mul/model2_tiny_student/model.npz
[2025-06-05 19:19:10] Saving Adam parameters
[2025-06-05 19:19:10] [training] Saving training checkpoint to /scratch/project_2011987/OpusDistillery/rules/../data/models/MA-test/defps-mul/model2_tiny_student/model.npz and /scratch/project_2011987/OpusDistillery/rules/../data/models/MA-test/defps-mul/model2_tiny_student/model.npz.optimizer.npz
[2025-06-05 19:19:29] [valid] Ep. 9 : Up. 40000 : perplexity : 2.80563 : stalled 1 times (last best: 2.78577)
[2025-06-05 19:22:46] Saving model weights and runtime parameters to /scratch/project_2011987/OpusDistillery/rules/../data/models/MA-test/defps-mul/model2_tiny_student/model.npz.best-chrf.npz
[2025-06-05 19:22:46] [valid] Ep. 9 : Up. 40000 : chrf : 73.5228 : new best
[2025-06-05 19:23:04] [valid] Ep. 9 : Up. 40000 : ce-mean-words : 1.03163 : stalled 1 times (last best: 1.02452)
[2025-06-05 19:31:10] Ep. 9 : Up. 41000 : Sen. 7,082,971 : Cost 0.28710312 : Time 720.91s : 168933.65 words/s : gNorm 0.3345 : L.r. 2.6504e-04
[2025-06-05 19:39:12] Ep. 9 : Up. 42000 : Sen. 13,231,621 : Cost 0.28681779 : Time 482.01s : 252241.04 words/s : gNorm 0.3025 : L.r. 2.6186e-04
[2025-06-05 19:47:15] Ep. 9 : Up. 43000 : Sen. 19,441,524 : Cost 0.28537971 : Time 483.16s : 252668.42 words/s : gNorm 0.2824 : L.r. 2.5880e-04
[2025-06-05 19:55:16] Ep. 9 : Up. 44000 : Sen. 25,599,037 : Cost 0.28384691 : Time 480.97s : 251986.92 words/s : gNorm 0.2863 : L.r. 2.5584e-04
[2025-06-05 20:01:56] Seen 30,760,287 samples
[2025-06-05 20:01:56] Starting data epoch 10 in logical epoch 10
[2025-06-05 20:01:56] [data] Shuffling data
[2025-06-05 20:01:59] [data] Done shuffling 30,760,374 sentences (cached in RAM)
[2025-06-05 20:03:26] Ep. 10 : Up. 45000 : Sen. 985,758 : Cost 0.28244877 : Time 490.27s : 245831.35 words/s : gNorm 0.2861 : L.r. 2.5298e-04
[2025-06-05 20:03:26] Saving model weights and runtime parameters to /scratch/project_2011987/OpusDistillery/rules/../data/models/MA-test/defps-mul/model2_tiny_student/model.npz
[2025-06-05 20:03:26] Saving Adam parameters
[2025-06-05 20:03:27] [training] Saving training checkpoint to /scratch/project_2011987/OpusDistillery/rules/../data/models/MA-test/defps-mul/model2_tiny_student/model.npz and /scratch/project_2011987/OpusDistillery/rules/../data/models/MA-test/defps-mul/model2_tiny_student/model.npz.optimizer.npz
[2025-06-05 20:03:45] Saving model weights and runtime parameters to /scratch/project_2011987/OpusDistillery/rules/../data/models/MA-test/defps-mul/model2_tiny_student/model.npz.best-perplexity.npz
[2025-06-05 20:03:45] [valid] Ep. 10 : Up. 45000 : perplexity : 2.7495 : new best
[2025-06-05 20:07:00] Saving model weights and runtime parameters to /scratch/project_2011987/OpusDistillery/rules/../data/models/MA-test/defps-mul/model2_tiny_student/model.npz.best-chrf.npz
[2025-06-05 20:07:00] [valid] Ep. 10 : Up. 45000 : chrf : 73.6094 : new best
[2025-06-05 20:07:19] Saving model weights and runtime parameters to /scratch/project_2011987/OpusDistillery/rules/../data/models/MA-test/defps-mul/model2_tiny_student/model.npz.best-ce-mean-words.npz
[2025-06-05 20:07:19] [valid] Ep. 10 : Up. 45000 : ce-mean-words : 1.01142 : new best
[2025-06-05 20:15:20] Ep. 10 : Up. 46000 : Sen. 7,128,800 : Cost 0.27534127 : Time 714.27s : 169148.45 words/s : gNorm 0.3437 : L.r. 2.5022e-04
[2025-06-05 20:23:23] Ep. 10 : Up. 47000 : Sen. 13,285,094 : Cost 0.27348995 : Time 482.84s : 251811.60 words/s : gNorm 0.2982 : L.r. 2.4754e-04
[2025-06-05 20:31:26] Ep. 10 : Up. 48000 : Sen. 19,480,420 : Cost 0.27407390 : Time 482.63s : 251696.30 words/s : gNorm 0.3114 : L.r. 2.4495e-04
[2025-06-05 20:39:30] Ep. 10 : Up. 49000 : Sen. 25,677,851 : Cost 0.27359971 : Time 484.42s : 252712.81 words/s : gNorm 0.2818 : L.r. 2.4244e-04
[2025-06-05 20:46:04] Seen 30,760,287 samples
[2025-06-05 20:46:04] Starting data epoch 11 in logical epoch 11
[2025-06-05 20:46:04] [data] Shuffling data
[2025-06-05 20:46:06] [data] Done shuffling 30,760,374 sentences (cached in RAM)
[2025-06-05 20:47:43] Ep. 11 : Up. 50000 : Sen. 1,080,355 : Cost 0.27011457 : Time 492.76s : 245726.67 words/s : gNorm 0.2676 : L.r. 2.4000e-04
[2025-06-05 20:47:43] Saving model weights and runtime parameters to /scratch/project_2011987/OpusDistillery/rules/../data/models/MA-test/defps-mul/model2_tiny_student/model.npz
[2025-06-05 20:47:43] Saving Adam parameters
[2025-06-05 20:47:44] [training] Saving training checkpoint to /scratch/project_2011987/OpusDistillery/rules/../data/models/MA-test/defps-mul/model2_tiny_student/model.npz and /scratch/project_2011987/OpusDistillery/rules/../data/models/MA-test/defps-mul/model2_tiny_student/model.npz.optimizer.npz
[2025-06-05 20:48:03] Saving model weights and runtime parameters to /scratch/project_2011987/OpusDistillery/rules/../data/models/MA-test/defps-mul/model2_tiny_student/model.npz.best-perplexity.npz
[2025-06-05 20:48:03] [valid] Ep. 11 : Up. 50000 : perplexity : 2.71875 : new best
[2025-06-05 20:51:20] Saving model weights and runtime parameters to /scratch/project_2011987/OpusDistillery/rules/../data/models/MA-test/defps-mul/model2_tiny_student/model.npz.best-chrf.npz
[2025-06-05 20:51:20] [valid] Ep. 11 : Up. 50000 : chrf : 73.7653 : new best
[2025-06-05 20:51:39] Saving model weights and runtime parameters to /scratch/project_2011987/OpusDistillery/rules/../data/models/MA-test/defps-mul/model2_tiny_student/model.npz.best-ce-mean-words.npz
[2025-06-05 20:51:39] [valid] Ep. 11 : Up. 50000 : ce-mean-words : 1.00017 : new best
[2025-06-05 20:59:45] Ep. 11 : Up. 51000 : Sen. 7,267,435 : Cost 0.26460913 : Time 721.99s : 169698.26 words/s : gNorm 0.2744 : L.r. 2.3764e-04
[2025-06-05 21:07:48] Ep. 11 : Up. 52000 : Sen. 13,493,975 : Cost 0.26460984 : Time 483.23s : 252610.09 words/s : gNorm 0.2745 : L.r. 2.3534e-04
[2025-06-05 21:15:50] Ep. 11 : Up. 53000 : Sen. 19,674,772 : Cost 0.26548132 : Time 481.72s : 251675.00 words/s : gNorm 0.3055 : L.r. 2.3311e-04
[2025-06-05 21:23:51] Ep. 11 : Up. 54000 : Sen. 25,848,679 : Cost 0.26395831 : Time 481.42s : 253277.63 words/s : gNorm 0.2672 : L.r. 2.3094e-04
[2025-06-05 21:30:12] Seen 30,760,287 samples
[2025-06-05 21:30:12] Starting data epoch 12 in logical epoch 12
[2025-06-05 21:30:12] [data] Shuffling data
[2025-06-05 21:30:14] [data] Done shuffling 30,760,374 sentences (cached in RAM)
[2025-06-05 21:32:01] Ep. 12 : Up. 55000 : Sen. 1,223,372 : Cost 0.26264688 : Time 490.07s : 245601.87 words/s : gNorm 0.2711 : L.r. 2.2883e-04
[2025-06-05 21:32:01] Saving model weights and runtime parameters to /scratch/project_2011987/OpusDistillery/rules/../data/models/MA-test/defps-mul/model2_tiny_student/model.npz
[2025-06-05 21:32:02] Saving Adam parameters
[2025-06-05 21:32:02] [training] Saving training checkpoint to /scratch/project_2011987/OpusDistillery/rules/../data/models/MA-test/defps-mul/model2_tiny_student/model.npz and /scratch/project_2011987/OpusDistillery/rules/../data/models/MA-test/defps-mul/model2_tiny_student/model.npz.optimizer.npz
[2025-06-05 21:32:22] Saving model weights and runtime parameters to /scratch/project_2011987/OpusDistillery/rules/../data/models/MA-test/defps-mul/model2_tiny_student/model.npz.best-perplexity.npz
[2025-06-05 21:32:22] [valid] Ep. 12 : Up. 55000 : perplexity : 2.70298 : new best
[2025-06-05 21:35:35] [valid] Ep. 12 : Up. 55000 : chrf : 73.6333 : stalled 1 times (last best: 73.7653)
[2025-06-05 21:35:54] Saving model weights and runtime parameters to /scratch/project_2011987/OpusDistillery/rules/../data/models/MA-test/defps-mul/model2_tiny_student/model.npz.best-ce-mean-words.npz
[2025-06-05 21:35:54] [valid] Ep. 12 : Up. 55000 : ce-mean-words : 0.994355 : new best
[2025-06-05 21:43:59] Ep. 12 : Up. 56000 : Sen. 7,421,389 : Cost 0.25666416 : Time 717.51s : 169904.53 words/s : gNorm 0.2624 : L.r. 2.2678e-04
[2025-06-05 21:52:02] Ep. 12 : Up. 57000 : Sen. 13,573,927 : Cost 0.25791746 : Time 483.04s : 250958.64 words/s : gNorm 0.3023 : L.r. 2.2478e-04
[2025-06-05 22:00:06] Ep. 12 : Up. 58000 : Sen. 19,794,935 : Cost 0.25774139 : Time 483.60s : 252301.93 words/s : gNorm 0.2730 : L.r. 2.2283e-04
[2025-06-05 22:08:09] Ep. 12 : Up. 59000 : Sen. 25,979,853 : Cost 0.25682843 : Time 482.97s : 252687.78 words/s : gNorm 0.2784 : L.r. 2.2094e-04
[2025-06-05 22:14:21] Seen 30,760,287 samples
[2025-06-05 22:14:21] Starting data epoch 13 in logical epoch 13
[2025-06-05 22:14:21] [data] Shuffling data
[2025-06-05 22:14:23] [data] Done shuffling 30,760,374 sentences (cached in RAM)
[2025-06-05 22:16:22] Ep. 13 : Up. 60000 : Sen. 1,350,731 : Cost 0.25503743 : Time 493.16s : 245577.10 words/s : gNorm 0.2794 : L.r. 2.1909e-04
[2025-06-05 22:16:22] Saving model weights and runtime parameters to /scratch/project_2011987/OpusDistillery/rules/../data/models/MA-test/defps-mul/model2_tiny_student/model.npz
[2025-06-05 22:16:22] Saving Adam parameters
[2025-06-05 22:16:22] [training] Saving training checkpoint to /scratch/project_2011987/OpusDistillery/rules/../data/models/MA-test/defps-mul/model2_tiny_student/model.npz and /scratch/project_2011987/OpusDistillery/rules/../data/models/MA-test/defps-mul/model2_tiny_student/model.npz.optimizer.npz
[2025-06-05 22:16:42] [valid] Ep. 13 : Up. 60000 : perplexity : 2.74033 : stalled 1 times (last best: 2.70298)
[2025-06-05 22:19:57] Saving model weights and runtime parameters to /scratch/project_2011987/OpusDistillery/rules/../data/models/MA-test/defps-mul/model2_tiny_student/model.npz.best-chrf.npz
[2025-06-05 22:19:57] [valid] Ep. 13 : Up. 60000 : chrf : 73.7982 : new best
[2025-06-05 22:20:15] [valid] Ep. 13 : Up. 60000 : ce-mean-words : 1.00808 : stalled 1 times (last best: 0.994355)
[2025-06-05 22:28:16] Ep. 13 : Up. 61000 : Sen. 7,547,801 : Cost 0.24934833 : Time 714.23s : 170473.69 words/s : gNorm 0.2557 : L.r. 2.1729e-04
[2025-06-05 22:36:17] Ep. 13 : Up. 62000 : Sen. 13,708,774 : Cost 0.25130847 : Time 480.72s : 252292.64 words/s : gNorm 0.2817 : L.r. 2.1553e-04
[2025-06-05 22:44:17] Ep. 13 : Up. 63000 : Sen. 19,885,179 : Cost 0.25153828 : Time 480.71s : 252369.95 words/s : gNorm 0.2667 : L.r. 2.1381e-04
[2025-06-05 22:52:24] Ep. 13 : Up. 64000 : Sen. 26,057,422 : Cost 0.25140631 : Time 487.00s : 249759.18 words/s : gNorm 0.2669 : L.r. 2.1213e-04
[2025-06-05 22:58:29] Seen 30,760,287 samples
[2025-06-05 22:58:29] Starting data epoch 14 in logical epoch 14
[2025-06-05 22:58:29] [data] Shuffling data
[2025-06-05 22:58:31] [data] Done shuffling 30,760,374 sentences (cached in RAM)
[2025-06-05 23:00:33] Ep. 14 : Up. 65000 : Sen. 1,431,515 : Cost 0.24938509 : Time 488.83s : 245905.12 words/s : gNorm 0.2912 : L.r. 2.1049e-04
[2025-06-05 23:00:33] Saving model weights and runtime parameters to /scratch/project_2011987/OpusDistillery/rules/../data/models/MA-test/defps-mul/model2_tiny_student/model.npz
[2025-06-05 23:00:34] Saving Adam parameters
[2025-06-05 23:00:34] [training] Saving training checkpoint to /scratch/project_2011987/OpusDistillery/rules/../data/models/MA-test/defps-mul/model2_tiny_student/model.npz and /scratch/project_2011987/OpusDistillery/rules/../data/models/MA-test/defps-mul/model2_tiny_student/model.npz.optimizer.npz
[2025-06-05 23:00:53] [valid] Ep. 14 : Up. 65000 : perplexity : 2.73086 : stalled 2 times (last best: 2.70298)
[2025-06-05 23:04:08] Saving model weights and runtime parameters to /scratch/project_2011987/OpusDistillery/rules/../data/models/MA-test/defps-mul/model2_tiny_student/model.npz.best-chrf.npz
[2025-06-05 23:04:08] [valid] Ep. 14 : Up. 65000 : chrf : 73.9291 : new best
[2025-06-05 23:04:26] [valid] Ep. 14 : Up. 65000 : ce-mean-words : 1.00462 : stalled 2 times (last best: 0.994355)
[2025-06-05 23:12:26] Ep. 14 : Up. 66000 : Sen. 7,585,432 : Cost 0.24544130 : Time 712.29s : 170994.79 words/s : gNorm 0.2672 : L.r. 2.0889e-04
[2025-06-05 23:20:27] Ep. 14 : Up. 67000 : Sen. 13,781,334 : Cost 0.24649034 : Time 481.17s : 252694.01 words/s : gNorm 0.2555 : L.r. 2.0733e-04
[2025-06-05 23:28:28] Ep. 14 : Up. 68000 : Sen. 19,940,571 : Cost 0.24614456 : Time 481.25s : 252877.77 words/s : gNorm 0.2611 : L.r. 2.0580e-04
[2025-06-05 23:36:32] Ep. 14 : Up. 69000 : Sen. 26,128,851 : Cost 0.24691980 : Time 484.45s : 250902.07 words/s : gNorm 0.3047 : L.r. 2.0430e-04
[2025-06-05 23:42:30] Seen 30,760,287 samples
[2025-06-05 23:42:30] Starting data epoch 15 in logical epoch 15
[2025-06-05 23:42:30] [data] Shuffling data
[2025-06-05 23:42:32] [data] Done shuffling 30,760,374 sentences (cached in RAM)
[2025-06-05 23:44:42] Ep. 15 : Up. 70000 : Sen. 1,477,264 : Cost 0.24440888 : Time 489.77s : 247428.60 words/s : gNorm 0.2693 : L.r. 2.0284e-04
[2025-06-05 23:44:42] Saving model weights and runtime parameters to /scratch/project_2011987/OpusDistillery/rules/../data/models/MA-test/defps-mul/model2_tiny_student/model.npz
[2025-06-05 23:44:46] Saving Adam parameters
[2025-06-05 23:44:46] [training] Saving training checkpoint to /scratch/project_2011987/OpusDistillery/rules/../data/models/MA-test/defps-mul/model2_tiny_student/model.npz and /scratch/project_2011987/OpusDistillery/rules/../data/models/MA-test/defps-mul/model2_tiny_student/model.npz.optimizer.npz
[2025-06-05 23:45:05] Saving model weights and runtime parameters to /scratch/project_2011987/OpusDistillery/rules/../data/models/MA-test/defps-mul/model2_tiny_student/model.npz.best-perplexity.npz
[2025-06-05 23:45:07] [valid] Ep. 15 : Up. 70000 : perplexity : 2.68616 : new best
[2025-06-05 23:48:20] Saving model weights and runtime parameters to /scratch/project_2011987/OpusDistillery/rules/../data/models/MA-test/defps-mul/model2_tiny_student/model.npz.best-chrf.npz
[2025-06-05 23:48:21] [valid] Ep. 15 : Up. 70000 : chrf : 74.1018 : new best
[2025-06-05 23:48:39] Saving model weights and runtime parameters to /scratch/project_2011987/OpusDistillery/rules/../data/models/MA-test/defps-mul/model2_tiny_student/model.npz.best-ce-mean-words.npz
[2025-06-05 23:48:39] [valid] Ep. 15 : Up. 70000 : ce-mean-words : 0.988114 : new best
[2025-06-05 23:56:43] Ep. 15 : Up. 71000 : Sen. 7,740,132 : Cost 0.24067022 : Time 720.56s : 169230.64 words/s : gNorm 0.2817 : L.r. 2.0140e-04
[2025-06-06 00:04:43] Ep. 15 : Up. 72000 : Sen. 13,859,927 : Cost 0.24269721 : Time 479.87s : 251846.35 words/s : gNorm 0.2500 : L.r. 2.0000e-04
[2025-06-06 00:12:46] Ep. 15 : Up. 73000 : Sen. 20,058,169 : Cost 0.24220200 : Time 483.47s : 252310.02 words/s : gNorm 0.2702 : L.r. 1.9863e-04
[2025-06-06 00:20:51] Ep. 15 : Up. 74000 : Sen. 26,287,178 : Cost 0.24189144 : Time 485.09s : 252394.88 words/s : gNorm 0.2549 : L.r. 1.9728e-04
[2025-06-06 00:26:39] Seen 30,760,287 samples
[2025-06-06 00:26:39] Starting data epoch 16 in logical epoch 16
[2025-06-06 00:26:39] [data] Shuffling data
[2025-06-06 00:26:40] [data] Done shuffling 30,760,374 sentences (cached in RAM)
[2025-06-06 00:29:01] Ep. 16 : Up. 75000 : Sen. 1,624,099 : Cost 0.24120340 : Time 490.16s : 246353.38 words/s : gNorm 0.2652 : L.r. 1.9596e-04
[2025-06-06 00:29:01] Saving model weights and runtime parameters to /scratch/project_2011987/OpusDistillery/rules/../data/models/MA-test/defps-mul/model2_tiny_student/model.npz
[2025-06-06 00:29:13] Saving Adam parameters
[2025-06-06 00:29:14] [training] Saving training checkpoint to /scratch/project_2011987/OpusDistillery/rules/../data/models/MA-test/defps-mul/model2_tiny_student/model.npz and /scratch/project_2011987/OpusDistillery/rules/../data/models/MA-test/defps-mul/model2_tiny_student/model.npz.optimizer.npz
[2025-06-06 00:29:33] [valid] Ep. 16 : Up. 75000 : perplexity : 2.73344 : stalled 1 times (last best: 2.68616)
[2025-06-06 00:32:46] [valid] Ep. 16 : Up. 75000 : chrf : 73.8827 : stalled 1 times (last best: 74.1018)
[2025-06-06 00:33:05] [valid] Ep. 16 : Up. 75000 : ce-mean-words : 1.00556 : stalled 1 times (last best: 0.988114)
[2025-06-06 00:41:08] Ep. 16 : Up. 76000 : Sen. 7,834,915 : Cost 0.23701441 : Time 726.56s : 168324.32 words/s : gNorm 0.2447 : L.r. 1.9467e-04
[2025-06-06 00:49:08] Ep. 16 : Up. 77000 : Sen. 14,020,892 : Cost 0.23746711 : Time 479.65s : 252568.03 words/s : gNorm 0.2807 : L.r. 1.9340e-04
[2025-06-06 00:57:12] Ep. 16 : Up. 78000 : Sen. 20,243,073 : Cost 0.23933658 : Time 484.08s : 251731.96 words/s : gNorm 0.2751 : L.r. 1.9215e-04
[2025-06-06 01:05:15] Ep. 16 : Up. 79000 : Sen. 26,388,186 : Cost 0.23810834 : Time 483.71s : 252370.86 words/s : gNorm 0.2498 : L.r. 1.9093e-04
[2025-06-06 01:10:51] Seen 30,760,287 samples
[2025-06-06 01:10:51] Starting data epoch 17 in logical epoch 17
[2025-06-06 01:10:51] [data] Shuffling data
[2025-06-06 01:10:54] [data] Done shuffling 30,760,374 sentences (cached in RAM)
[2025-06-06 01:13:22] Ep. 17 : Up. 80000 : Sen. 1,781,264 : Cost 0.23758881 : Time 486.36s : 247083.08 words/s : gNorm 0.2634 : L.r. 1.8974e-04
[2025-06-06 01:13:22] Saving model weights and runtime parameters to /scratch/project_2011987/OpusDistillery/rules/../data/models/MA-test/defps-mul/model2_tiny_student/model.npz
[2025-06-06 01:13:23] Saving Adam parameters
[2025-06-06 01:13:23] [training] Saving training checkpoint to /scratch/project_2011987/OpusDistillery/rules/../data/models/MA-test/defps-mul/model2_tiny_student/model.npz and /scratch/project_2011987/OpusDistillery/rules/../data/models/MA-test/defps-mul/model2_tiny_student/model.npz.optimizer.npz
[2025-06-06 01:13:43] [valid] Ep. 17 : Up. 80000 : perplexity : 2.71904 : stalled 2 times (last best: 2.68616)
[2025-06-06 01:17:04] Saving model weights and runtime parameters to /scratch/project_2011987/OpusDistillery/rules/../data/models/MA-test/defps-mul/model2_tiny_student/model.npz.best-chrf.npz
[2025-06-06 01:17:05] [valid] Ep. 17 : Up. 80000 : chrf : 74.1109 : new best
[2025-06-06 01:17:23] [valid] Ep. 17 : Up. 80000 : ce-mean-words : 1.00028 : stalled 2 times (last best: 0.988114)
[2025-06-06 01:25:32] Ep. 17 : Up. 81000 : Sen. 7,941,191 : Cost 0.23226266 : Time 730.13s : 166560.86 words/s : gNorm 0.2555 : L.r. 1.8856e-04
[2025-06-06 01:33:37] Ep. 17 : Up. 82000 : Sen. 14,160,665 : Cost 0.23396902 : Time 485.34s : 251830.10 words/s : gNorm 0.2656 : L.r. 1.8741e-04
[2025-06-06 01:41:39] Ep. 17 : Up. 83000 : Sen. 20,325,785 : Cost 0.23543307 : Time 481.64s : 252412.25 words/s : gNorm 0.2599 : L.r. 1.8628e-04
[2025-06-06 01:49:41] Ep. 17 : Up. 84000 : Sen. 26,493,610 : Cost 0.23495053 : Time 481.80s : 253065.00 words/s : gNorm 0.2515 : L.r. 1.8516e-04
[2025-06-06 01:55:10] Seen 30,760,287 samples
[2025-06-06 01:55:10] Starting data epoch 18 in logical epoch 18
[2025-06-06 01:55:10] [data] Shuffling data
[2025-06-06 01:55:12] [data] Done shuffling 30,760,374 sentences (cached in RAM)
[2025-06-06 01:57:50] Ep. 18 : Up. 85000 : Sen. 1,866,092 : Cost 0.23325355 : Time 489.40s : 246486.60 words/s : gNorm 0.2688 : L.r. 1.8407e-04
[2025-06-06 01:57:50] Saving model weights and runtime parameters to /scratch/project_2011987/OpusDistillery/rules/../data/models/MA-test/defps-mul/model2_tiny_student/model.npz
[2025-06-06 01:57:51] Saving Adam parameters
[2025-06-06 01:57:52] [training] Saving training checkpoint to /scratch/project_2011987/OpusDistillery/rules/../data/models/MA-test/defps-mul/model2_tiny_student/model.npz and /scratch/project_2011987/OpusDistillery/rules/../data/models/MA-test/defps-mul/model2_tiny_student/model.npz.optimizer.npz
[2025-06-06 01:58:12] Saving model weights and runtime parameters to /scratch/project_2011987/OpusDistillery/rules/../data/models/MA-test/defps-mul/model2_tiny_student/model.npz.best-perplexity.npz
[2025-06-06 01:58:13] [valid] Ep. 18 : Up. 85000 : perplexity : 2.6842 : new best
[2025-06-06 02:01:29] Saving model weights and runtime parameters to /scratch/project_2011987/OpusDistillery/rules/../data/models/MA-test/defps-mul/model2_tiny_student/model.npz.best-chrf.npz
[2025-06-06 02:01:29] [valid] Ep. 18 : Up. 85000 : chrf : 74.123 : new best
[2025-06-06 02:01:48] Saving model weights and runtime parameters to /scratch/project_2011987/OpusDistillery/rules/../data/models/MA-test/defps-mul/model2_tiny_student/model.npz.best-ce-mean-words.npz
[2025-06-06 02:01:50] [valid] Ep. 18 : Up. 85000 : ce-mean-words : 0.987381 : new best
[2025-06-06 02:09:54] Ep. 18 : Up. 86000 : Sen. 8,052,821 : Cost 0.22993326 : Time 723.73s : 167807.98 words/s : gNorm 0.2648 : L.r. 1.8300e-04
[2025-06-06 02:17:57] Ep. 18 : Up. 87000 : Sen. 14,214,866 : Cost 0.23158215 : Time 482.90s : 252217.50 words/s : gNorm 0.2437 : L.r. 1.8194e-04
[2025-06-06 02:26:51] Ep. 18 : Up. 88000 : Sen. 20,434,257 : Cost 0.23215798 : Time 533.12s : 227647.81 words/s : gNorm 0.2577 : L.r. 1.8091e-04
[2025-06-06 02:34:56] Ep. 18 : Up. 89000 : Sen. 26,610,950 : Cost 0.23319636 : Time 485.29s : 250811.20 words/s : gNorm 0.2564 : L.r. 1.7989e-04
[2025-06-06 02:40:19] Seen 30,760,287 samples
[2025-06-06 02:40:19] Starting data epoch 19 in logical epoch 19
[2025-06-06 02:40:19] [data] Shuffling data
[2025-06-06 02:40:22] [data] Done shuffling 30,760,374 sentences (cached in RAM)
[2025-06-06 02:43:03] Ep. 19 : Up. 90000 : Sen. 1,954,627 : Cost 0.23004691 : Time 486.36s : 246899.61 words/s : gNorm 0.2566 : L.r. 1.7889e-04
[2025-06-06 02:43:03] Saving model weights and runtime parameters to /scratch/project_2011987/OpusDistillery/rules/../data/models/MA-test/defps-mul/model2_tiny_student/model.npz
[2025-06-06 02:43:05] Saving Adam parameters
[2025-06-06 02:43:06] [training] Saving training checkpoint to /scratch/project_2011987/OpusDistillery/rules/../data/models/MA-test/defps-mul/model2_tiny_student/model.npz and /scratch/project_2011987/OpusDistillery/rules/../data/models/MA-test/defps-mul/model2_tiny_student/model.npz.optimizer.npz
[2025-06-06 02:43:29] [valid] Ep. 19 : Up. 90000 : perplexity : 2.75232 : stalled 1 times (last best: 2.6842)
[2025-06-06 02:46:50] Saving model weights and runtime parameters to /scratch/project_2011987/OpusDistillery/rules/../data/models/MA-test/defps-mul/model2_tiny_student/model.npz.best-chrf.npz
[2025-06-06 02:46:51] [valid] Ep. 19 : Up. 90000 : chrf : 74.1815 : new best
[2025-06-06 02:47:09] [valid] Ep. 19 : Up. 90000 : ce-mean-words : 1.01244 : stalled 1 times (last best: 0.987381)
[2025-06-06 02:55:15] Ep. 19 : Up. 91000 : Sen. 8,107,623 : Cost 0.22785132 : Time 732.08s : 166926.69 words/s : gNorm 0.2466 : L.r. 1.7790e-04
[2025-06-06 03:03:17] Ep. 19 : Up. 92000 : Sen. 14,281,835 : Cost 0.22872077 : Time 481.85s : 251676.28 words/s : gNorm 0.2495 : L.r. 1.7693e-04
[2025-06-06 03:11:17] Ep. 19 : Up. 93000 : Sen. 20,451,225 : Cost 0.22941980 : Time 480.02s : 252076.69 words/s : gNorm 0.2439 : L.r. 1.7598e-04
[2025-06-06 03:19:18] Ep. 19 : Up. 94000 : Sen. 26,648,517 : Cost 0.22989920 : Time 481.73s : 252169.47 words/s : gNorm 0.2626 : L.r. 1.7504e-04
[2025-06-06 03:24:38] Seen 30,760,287 samples
[2025-06-06 03:24:38] Starting data epoch 20 in logical epoch 20
[2025-06-06 03:24:38] [data] Shuffling data
[2025-06-06 03:24:40] [data] Done shuffling 30,760,374 sentences (cached in RAM)
[2025-06-06 03:27:29] Ep. 20 : Up. 95000 : Sen. 2,024,576 : Cost 0.22815427 : Time 490.56s : 247046.24 words/s : gNorm 0.2742 : L.r. 1.7411e-04
[2025-06-06 03:27:29] Saving model weights and runtime parameters to /scratch/project_2011987/OpusDistillery/rules/../data/models/MA-test/defps-mul/model2_tiny_student/model.npz
[2025-06-06 03:27:30] Saving Adam parameters
[2025-06-06 03:27:30] [training] Saving training checkpoint to /scratch/project_2011987/OpusDistillery/rules/../data/models/MA-test/defps-mul/model2_tiny_student/model.npz and /scratch/project_2011987/OpusDistillery/rules/../data/models/MA-test/defps-mul/model2_tiny_student/model.npz.optimizer.npz
[2025-06-06 03:27:52] Saving model weights and runtime parameters to /scratch/project_2011987/OpusDistillery/rules/../data/models/MA-test/defps-mul/model2_tiny_student/model.npz.best-perplexity.npz
[2025-06-06 03:27:52] [valid] Ep. 20 : Up. 95000 : perplexity : 2.67822 : new best
[2025-06-06 03:31:19] [valid] Ep. 20 : Up. 95000 : chrf : 73.908 : stalled 1 times (last best: 74.1815)
[2025-06-06 03:31:39] Saving model weights and runtime parameters to /scratch/project_2011987/OpusDistillery/rules/../data/models/MA-test/defps-mul/model2_tiny_student/model.npz.best-ce-mean-words.npz
[2025-06-06 03:31:39] [valid] Ep. 20 : Up. 95000 : ce-mean-words : 0.985153 : new best
[2025-06-06 03:39:45] Ep. 20 : Up. 96000 : Sen. 8,185,393 : Cost 0.22465892 : Time 736.43s : 165142.22 words/s : gNorm 0.2363 : L.r. 1.7321e-04
[2025-06-06 03:47:49] Ep. 20 : Up. 97000 : Sen. 14,430,693 : Cost 0.22653556 : Time 483.72s : 252859.81 words/s : gNorm 0.2524 : L.r. 1.7231e-04
[2025-06-06 03:55:50] Ep. 20 : Up. 98000 : Sen. 20,597,178 : Cost 0.22667988 : Time 481.10s : 252809.57 words/s : gNorm 0.2741 : L.r. 1.7143e-04
[2025-06-06 04:03:54] Ep. 20 : Up. 99000 : Sen. 26,788,550 : Cost 0.22764927 : Time 483.97s : 251979.70 words/s : gNorm 0.2457 : L.r. 1.7056e-04
[2025-06-06 04:09:02] Seen 30,760,287 samples
[2025-06-06 04:09:02] Starting data epoch 21 in logical epoch 21
[2025-06-06 04:09:02] [data] Shuffling data
[2025-06-06 04:09:04] [data] Done shuffling 30,760,374 sentences (cached in RAM)
[2025-06-06 04:12:06] Ep. 21 : Up. 100000 : Sen. 2,199,282 : Cost 0.22576572 : Time 491.42s : 245844.28 words/s : gNorm 0.2605 : L.r. 1.6971e-04
[2025-06-06 04:12:06] Saving model weights and runtime parameters to /scratch/project_2011987/OpusDistillery/rules/../data/models/MA-test/defps-mul/model2_tiny_student/model.npz
[2025-06-06 04:12:07] Saving Adam parameters
[2025-06-06 04:12:07] [training] Saving training checkpoint to /scratch/project_2011987/OpusDistillery/rules/../data/models/MA-test/defps-mul/model2_tiny_student/model.npz and /scratch/project_2011987/OpusDistillery/rules/../data/models/MA-test/defps-mul/model2_tiny_student/model.npz.optimizer.npz
[2025-06-06 04:12:28] [valid] Ep. 21 : Up. 100000 : perplexity : 2.7321 : stalled 1 times (last best: 2.67822)
[2025-06-06 04:15:51] [valid] Ep. 21 : Up. 100000 : chrf : 74.1196 : stalled 2 times (last best: 74.1815)
[2025-06-06 04:16:10] [valid] Ep. 21 : Up. 100000 : ce-mean-words : 1.00507 : stalled 1 times (last best: 0.985153)
[2025-06-06 04:24:13] Ep. 21 : Up. 101000 : Sen. 8,348,732 : Cost 0.22288293 : Time 727.05s : 167044.08 words/s : gNorm 0.2472 : L.r. 1.6886e-04
[2025-06-06 04:32:13] Ep. 21 : Up. 102000 : Sen. 14,583,868 : Cost 0.22442298 : Time 480.06s : 253145.69 words/s : gNorm 0.2537 : L.r. 1.6803e-04
[2025-06-06 04:40:20] Ep. 21 : Up. 103000 : Sen. 20,668,416 : Cost 0.22514646 : Time 487.49s : 249026.01 words/s : gNorm 0.2395 : L.r. 1.6722e-04
[2025-06-06 04:48:26] Ep. 21 : Up. 104000 : Sen. 26,894,929 : Cost 0.22480369 : Time 485.50s : 252130.77 words/s : gNorm 0.2479 : L.r. 1.6641e-04
[2025-06-06 04:53:25] Seen 30,760,287 samples
[2025-06-06 04:53:25] Starting data epoch 22 in logical epoch 22
[2025-06-06 04:53:25] [data] Shuffling data
[2025-06-06 04:53:27] [data] Done shuffling 30,760,374 sentences (cached in RAM)
[2025-06-06 04:56:37] Ep. 22 : Up. 105000 : Sen. 2,282,385 : Cost 0.22292201 : Time 491.19s : 246142.89 words/s : gNorm 0.2364 : L.r. 1.6562e-04
[2025-06-06 04:56:37] Saving model weights and runtime parameters to /scratch/project_2011987/OpusDistillery/rules/../data/models/MA-test/defps-mul/model2_tiny_student/model.npz
[2025-06-06 04:56:38] Saving Adam parameters
[2025-06-06 04:56:38] [training] Saving training checkpoint to /scratch/project_2011987/OpusDistillery/rules/../data/models/MA-test/defps-mul/model2_tiny_student/model.npz and /scratch/project_2011987/OpusDistillery/rules/../data/models/MA-test/defps-mul/model2_tiny_student/model.npz.optimizer.npz
[2025-06-06 04:57:00] [valid] Ep. 22 : Up. 105000 : perplexity : 2.7296 : stalled 2 times (last best: 2.67822)
[2025-06-06 05:00:22] Saving model weights and runtime parameters to /scratch/project_2011987/OpusDistillery/rules/../data/models/MA-test/defps-mul/model2_tiny_student/model.npz.best-chrf.npz
[2025-06-06 05:00:23] [valid] Ep. 22 : Up. 105000 : chrf : 74.2991 : new best
[2025-06-06 05:00:41] [valid] Ep. 22 : Up. 105000 : ce-mean-words : 1.00416 : stalled 2 times (last best: 0.985153)
[2025-06-06 05:08:46] Ep. 22 : Up. 106000 : Sen. 8,499,024 : Cost 0.22087781 : Time 729.03s : 167918.01 words/s : gNorm 0.2525 : L.r. 1.6483e-04
[2025-06-06 05:16:48] Ep. 22 : Up. 107000 : Sen. 14,709,111 : Cost 0.22227877 : Time 482.01s : 252083.58 words/s : gNorm 0.2454 : L.r. 1.6406e-04
[2025-06-06 05:24:51] Ep. 22 : Up. 108000 : Sen. 20,908,414 : Cost 0.22279687 : Time 483.13s : 252611.08 words/s : gNorm 0.2494 : L.r. 1.6330e-04
[2025-06-06 05:32:51] Ep. 22 : Up. 109000 : Sen. 27,023,673 : Cost 0.22360803 : Time 480.20s : 251759.30 words/s : gNorm 0.2726 : L.r. 1.6255e-04
[2025-06-06 05:37:41] Seen 30,760,287 samples
[2025-06-06 05:37:41] Starting data epoch 23 in logical epoch 23
[2025-06-06 05:37:41] [data] Shuffling data
[2025-06-06 05:37:44] [data] Done shuffling 30,760,374 sentences (cached in RAM)
[2025-06-06 05:41:30] Ep. 23 : Up. 110000 : Sen. 2,350,714 : Cost 0.22193426 : Time 517.66s : 231505.44 words/s : gNorm 0.2773 : L.r. 1.6181e-04
[2025-06-06 05:41:31] Saving model weights and runtime parameters to /scratch/project_2011987/OpusDistillery/rules/../data/models/MA-test/defps-mul/model2_tiny_student/model.npz
[2025-06-06 05:41:38] Saving Adam parameters
[2025-06-06 05:41:38] [training] Saving training checkpoint to /scratch/project_2011987/OpusDistillery/rules/../data/models/MA-test/defps-mul/model2_tiny_student/model.npz and /scratch/project_2011987/OpusDistillery/rules/../data/models/MA-test/defps-mul/model2_tiny_student/model.npz.optimizer.npz
[2025-06-06 05:42:04] [valid] Ep. 23 : Up. 110000 : perplexity : 2.71712 : stalled 3 times (last best: 2.67822)
[2025-06-06 05:45:22] [valid] Ep. 23 : Up. 110000 : chrf : 73.9424 : stalled 1 times (last best: 74.2991)
[2025-06-06 05:45:41] [valid] Ep. 23 : Up. 110000 : ce-mean-words : 0.999574 : stalled 3 times (last best: 0.985153)
[2025-06-06 05:53:48] Ep. 23 : Up. 111000 : Sen. 8,558,542 : Cost 0.21788409 : Time 738.04s : 166123.31 words/s : gNorm 0.2541 : L.r. 1.6108e-04
[2025-06-06 06:01:48] Ep. 23 : Up. 112000 : Sen. 14,707,371 : Cost 0.22052269 : Time 479.92s : 252038.19 words/s : gNorm 0.2393 : L.r. 1.6036e-04
[2025-06-06 06:09:51] Ep. 23 : Up. 113000 : Sen. 20,936,160 : Cost 0.22118248 : Time 482.94s : 252991.55 words/s : gNorm 0.2352 : L.r. 1.5965e-04
[2025-06-06 06:17:57] Ep. 23 : Up. 114000 : Sen. 27,093,845 : Cost 0.22192577 : Time 485.99s : 250574.39 words/s : gNorm 0.2353 : L.r. 1.5894e-04
[2025-06-06 06:22:37] Seen 30,760,287 samples
[2025-06-06 06:22:37] Starting data epoch 24 in logical epoch 24
[2025-06-06 06:22:37] [data] Shuffling data
[2025-06-06 06:22:39] [data] Done shuffling 30,760,374 sentences (cached in RAM)
[2025-06-06 06:26:05] Ep. 24 : Up. 115000 : Sen. 2,467,323 : Cost 0.21947600 : Time 488.28s : 247045.31 words/s : gNorm 0.2499 : L.r. 1.5825e-04
[2025-06-06 06:26:05] Saving model weights and runtime parameters to /scratch/project_2011987/OpusDistillery/rules/../data/models/MA-test/defps-mul/model2_tiny_student/model.npz
[2025-06-06 06:26:06] Saving Adam parameters
[2025-06-06 06:26:07] [training] Saving training checkpoint to /scratch/project_2011987/OpusDistillery/rules/../data/models/MA-test/defps-mul/model2_tiny_student/model.npz and /scratch/project_2011987/OpusDistillery/rules/../data/models/MA-test/defps-mul/model2_tiny_student/model.npz.optimizer.npz
[2025-06-06 06:26:27] [valid] Ep. 24 : Up. 115000 : perplexity : 2.71839 : stalled 4 times (last best: 2.67822)
[2025-06-06 06:29:44] Saving model weights and runtime parameters to /scratch/project_2011987/OpusDistillery/rules/../data/models/MA-test/defps-mul/model2_tiny_student/model.npz.best-chrf.npz
[2025-06-06 06:29:45] [valid] Ep. 24 : Up. 115000 : chrf : 74.312 : new best
[2025-06-06 06:30:04] [valid] Ep. 24 : Up. 115000 : ce-mean-words : 1.00004 : stalled 4 times (last best: 0.985153)
[2025-06-06 06:38:08] Ep. 24 : Up. 116000 : Sen. 8,672,237 : Cost 0.21722196 : Time 722.57s : 168679.12 words/s : gNorm 0.2418 : L.r. 1.5757e-04
[2025-06-06 06:46:12] Ep. 24 : Up. 117000 : Sen. 14,839,841 : Cost 0.21854787 : Time 484.10s : 250526.69 words/s : gNorm 0.2535 : L.r. 1.5689e-04
[2025-06-06 06:54:17] Ep. 24 : Up. 118000 : Sen. 21,058,072 : Cost 0.21916193 : Time 485.52s : 252327.98 words/s : gNorm 0.2522 : L.r. 1.5623e-04
[2025-06-06 07:02:17] Ep. 24 : Up. 119000 : Sen. 27,260,092 : Cost 0.22001593 : Time 479.88s : 252948.49 words/s : gNorm 0.2565 : L.r. 1.5557e-04
[2025-06-06 07:06:48] Seen 30,760,287 samples
[2025-06-06 07:06:48] Starting data epoch 25 in logical epoch 25
[2025-06-06 07:06:48] [data] Shuffling data
[2025-06-06 07:06:50] [data] Done shuffling 30,760,374 sentences (cached in RAM)
[2025-06-06 07:10:23] Ep. 25 : Up. 120000 : Sen. 2,620,959 : Cost 0.21747528 : Time 486.25s : 247847.77 words/s : gNorm 0.2470 : L.r. 1.5492e-04
[2025-06-06 07:10:23] Saving model weights and runtime parameters to /scratch/project_2011987/OpusDistillery/rules/../data/models/MA-test/defps-mul/model2_tiny_student/model.npz
[2025-06-06 07:10:24] Saving Adam parameters
[2025-06-06 07:10:24] [training] Saving training checkpoint to /scratch/project_2011987/OpusDistillery/rules/../data/models/MA-test/defps-mul/model2_tiny_student/model.npz and /scratch/project_2011987/OpusDistillery/rules/../data/models/MA-test/defps-mul/model2_tiny_student/model.npz.optimizer.npz
[2025-06-06 07:10:45] [valid] Ep. 25 : Up. 120000 : perplexity : 2.73364 : stalled 5 times (last best: 2.67822)
[2025-06-06 07:14:01] [valid] Ep. 25 : Up. 120000 : chrf : 74.0587 : stalled 1 times (last best: 74.312)
[2025-06-06 07:14:19] [valid] Ep. 25 : Up. 120000 : ce-mean-words : 1.00564 : stalled 5 times (last best: 0.985153)
[2025-06-06 07:14:19] Training finished
[2025-06-06 07:14:19] Saving model weights and runtime parameters to /scratch/project_2011987/OpusDistillery/rules/../data/models/MA-test/defps-mul/model2_tiny_student/model.npz
[2025-06-06 07:14:19] Saving Adam parameters
[2025-06-06 07:14:19] [training] Saving training checkpoint to /scratch/project_2011987/OpusDistillery/rules/../data/models/MA-test/defps-mul/model2_tiny_student/model.npz and /scratch/project_2011987/OpusDistillery/rules/../data/models/MA-test/defps-mul/model2_tiny_student/model.npz.optimizer.npz
