[2025-05-26 18:32:16] [marian] Marian v1.12.31 a6ab8af8 2024-06-27 15:21:08 +0000
[2025-05-26 18:32:16] [marian] Running on r16g01.bullx as process 23 with command line:
[2025-05-26 18:32:16] [marian] /scratch/project_2011987/OpusDistillery/3rd_party/marian-dev/build//marian --model /scratch/project_2011987/OpusDistillery/rules/../data/models/MA-test/defps-mul/model4_student/model.npz -c configs/model/student.yml configs/training/student.train.yml --train-sets /scratch/project_2011987/OpusDistillery/rules/../data/data/MA-test/defps-mul/filtered/corpus.source.gz /scratch/project_2011987/OpusDistillery/rules/../data/data/MA-test/defps-mul/filtered/corpus.target.gz -T /scratch/project_2011987/OpusDistillery/rules/../data/models/MA-test/defps-mul/model4_student/tmp --shuffle-in-ram --vocabs /scratch/project_2011987/OpusDistillery/rules/../data/models/MA-test/defps-mul/vocab/vocab.spm /scratch/project_2011987/OpusDistillery/rules/../data/models/MA-test/defps-mul/vocab/vocab.spm -w 25000 --devices 0 1 --sharding local --sync-sgd --valid-metrics perplexity chrf ce-mean-words --valid-sets /scratch/project_2011987/OpusDistillery/rules/../data/data/MA-test/defps-mul/original/devset.student.source.gz /scratch/project_2011987/OpusDistillery/rules/../data/data/MA-test/defps-mul/original/devset.student.target.gz --valid-translation-output '/scratch/project_2011987/OpusDistillery/rules/../data/models/MA-test/defps-mul/model4_student/valid_outputs/validation-output-after-{U}-updates-{E}-epochs.txt' --quiet-translation --overwrite --keep-best --log /scratch/project_2011987/OpusDistillery/rules/../data/models/MA-test/defps-mul/model4_student/train.log --valid-log /scratch/project_2011987/OpusDistillery/rules/../data/models/MA-test/defps-mul/model4_student/valid.log
[2025-05-26 18:32:16] [config] after: 0e
[2025-05-26 18:32:16] [config] after-batches: 0
[2025-05-26 18:32:16] [config] after-epochs: 0
[2025-05-26 18:32:16] [config] all-caps-every: 0
[2025-05-26 18:32:16] [config] allow-unk: false
[2025-05-26 18:32:16] [config] authors: false
[2025-05-26 18:32:16] [config] beam-size: 1
[2025-05-26 18:32:16] [config] bert-class-symbol: "[CLS]"
[2025-05-26 18:32:16] [config] bert-mask-symbol: "[MASK]"
[2025-05-26 18:32:16] [config] bert-masking-fraction: 0.15
[2025-05-26 18:32:16] [config] bert-sep-symbol: "[SEP]"
[2025-05-26 18:32:16] [config] bert-train-type-embeddings: true
[2025-05-26 18:32:16] [config] bert-type-vocab-size: 2
[2025-05-26 18:32:16] [config] build-info: ""
[2025-05-26 18:32:16] [config] check-gradient-nan: false
[2025-05-26 18:32:16] [config] check-nan: false
[2025-05-26 18:32:16] [config] cite: false
[2025-05-26 18:32:16] [config] clip-norm: 0
[2025-05-26 18:32:16] [config] comet-augment-bad: 0
[2025-05-26 18:32:16] [config] comet-dropout: 0.1
[2025-05-26 18:32:16] [config] comet-final-sigmoid: false
[2025-05-26 18:32:16] [config] comet-mix: false
[2025-05-26 18:32:16] [config] comet-mix-norm: false
[2025-05-26 18:32:16] [config] comet-mix-transformation: softmax
[2025-05-26 18:32:16] [config] comet-mixup: 0
[2025-05-26 18:32:16] [config] comet-mixup-reg: false
[2025-05-26 18:32:16] [config] comet-pool: avg
[2025-05-26 18:32:16] [config] comet-pooler-ffn:
[2025-05-26 18:32:16] [config]   - 2048
[2025-05-26 18:32:16] [config]   - 1024
[2025-05-26 18:32:16] [config] comet-prepend-zero: false
[2025-05-26 18:32:16] [config] comet-stop-grad: false
[2025-05-26 18:32:16] [config] comet-use-separator: false
[2025-05-26 18:32:16] [config] cost-scaling:
[2025-05-26 18:32:16] [config]   []
[2025-05-26 18:32:16] [config] cost-type: ce-mean-words
[2025-05-26 18:32:16] [config] cpu-threads: 0
[2025-05-26 18:32:16] [config] custom-fallbacks:
[2025-05-26 18:32:16] [config]   []
[2025-05-26 18:32:16] [config] data-threads: 8
[2025-05-26 18:32:16] [config] data-weighting: ""
[2025-05-26 18:32:16] [config] data-weighting-type: sentence
[2025-05-26 18:32:16] [config] dec-cell: gru
[2025-05-26 18:32:16] [config] dec-cell-base-depth: 2
[2025-05-26 18:32:16] [config] dec-cell-high-depth: 1
[2025-05-26 18:32:16] [config] dec-depth: 6
[2025-05-26 18:32:16] [config] devices:
[2025-05-26 18:32:16] [config]   - 0
[2025-05-26 18:32:16] [config]   - 1
[2025-05-26 18:32:16] [config] dim-emb: 512
[2025-05-26 18:32:16] [config] dim-rnn: 1024
[2025-05-26 18:32:16] [config] dim-vocabs:
[2025-05-26 18:32:16] [config]   - 0
[2025-05-26 18:32:16] [config]   - 0
[2025-05-26 18:32:16] [config] disp-first: 10
[2025-05-26 18:32:16] [config] disp-freq: 1000
[2025-05-26 18:32:16] [config] disp-label-counts: true
[2025-05-26 18:32:16] [config] dropout-rnn: 0.1
[2025-05-26 18:32:16] [config] dropout-src: 0
[2025-05-26 18:32:16] [config] dropout-trg: 0
[2025-05-26 18:32:16] [config] dump-config: ""
[2025-05-26 18:32:16] [config] dynamic-gradient-scaling:
[2025-05-26 18:32:16] [config]   []
[2025-05-26 18:32:16] [config] early-stopping: 5
[2025-05-26 18:32:16] [config] early-stopping-epsilon:
[2025-05-26 18:32:16] [config]   - 0
[2025-05-26 18:32:16] [config] early-stopping-on: first
[2025-05-26 18:32:16] [config] embedding-fix-src: false
[2025-05-26 18:32:16] [config] embedding-fix-trg: false
[2025-05-26 18:32:16] [config] embedding-normalization: false
[2025-05-26 18:32:16] [config] embedding-vectors:
[2025-05-26 18:32:16] [config]   []
[2025-05-26 18:32:16] [config] enc-cell: gru
[2025-05-26 18:32:16] [config] enc-cell-depth: 1
[2025-05-26 18:32:16] [config] enc-depth: 6
[2025-05-26 18:32:16] [config] enc-type: bidirectional
[2025-05-26 18:32:16] [config] english-title-case-every: 0
[2025-05-26 18:32:16] [config] exponential-smoothing: True
[2025-05-26 18:32:16] [config] exponential-smoothing-replace-freq: 0
[2025-05-26 18:32:16] [config] factor-weight: 1
[2025-05-26 18:32:16] [config] factors-combine: sum
[2025-05-26 18:32:16] [config] factors-dim-emb: 0
[2025-05-26 18:32:16] [config] gradient-checkpointing: false
[2025-05-26 18:32:16] [config] gradient-norm-average-window: 100
[2025-05-26 18:32:16] [config] guided-alignment: none
[2025-05-26 18:32:16] [config] guided-alignment-cost: ce
[2025-05-26 18:32:16] [config] guided-alignment-weight: 0.1
[2025-05-26 18:32:16] [config] ignore-model-config: false
[2025-05-26 18:32:16] [config] input-join-fields: false
[2025-05-26 18:32:16] [config] input-reorder:
[2025-05-26 18:32:16] [config]   []
[2025-05-26 18:32:16] [config] input-types:
[2025-05-26 18:32:16] [config]   []
[2025-05-26 18:32:16] [config] interpolate-env-vars: false
[2025-05-26 18:32:16] [config] keep-best: true
[2025-05-26 18:32:16] [config] label-smoothing: 0
[2025-05-26 18:32:16] [config] layer-normalization: false
[2025-05-26 18:32:16] [config] learn-rate: 0.0003
[2025-05-26 18:32:16] [config] lemma-dependency: ""
[2025-05-26 18:32:16] [config] lemma-dim-emb: 0
[2025-05-26 18:32:16] [config] log: /scratch/project_2011987/OpusDistillery/rules/../data/models/MA-test/defps-mul/model4_student/train.log
[2025-05-26 18:32:16] [config] log-level: info
[2025-05-26 18:32:16] [config] log-time-zone: ""
[2025-05-26 18:32:16] [config] logical-epoch:
[2025-05-26 18:32:16] [config]   - 1e
[2025-05-26 18:32:16] [config]   - 0
[2025-05-26 18:32:16] [config] lr-decay: 0
[2025-05-26 18:32:16] [config] lr-decay-freq: 50000
[2025-05-26 18:32:16] [config] lr-decay-inv-sqrt:
[2025-05-26 18:32:16] [config]   - 32000
[2025-05-26 18:32:16] [config] lr-decay-repeat-warmup: false
[2025-05-26 18:32:16] [config] lr-decay-reset-optimizer: false
[2025-05-26 18:32:16] [config] lr-decay-start:
[2025-05-26 18:32:16] [config]   - 10
[2025-05-26 18:32:16] [config]   - 1
[2025-05-26 18:32:16] [config] lr-decay-strategy: epoch+stalled
[2025-05-26 18:32:16] [config] lr-report: True
[2025-05-26 18:32:16] [config] lr-warmup: 16000
[2025-05-26 18:32:16] [config] lr-warmup-at-reload: false
[2025-05-26 18:32:16] [config] lr-warmup-cycle: false
[2025-05-26 18:32:16] [config] lr-warmup-start-rate: 0
[2025-05-26 18:32:16] [config] max-length: 200
[2025-05-26 18:32:16] [config] max-length-crop: false
[2025-05-26 18:32:16] [config] max-length-factor: 3
[2025-05-26 18:32:16] [config] maxi-batch: 1000
[2025-05-26 18:32:16] [config] maxi-batch-sort: trg
[2025-05-26 18:32:16] [config] mini-batch: 1000
[2025-05-26 18:32:16] [config] mini-batch-fit: True
[2025-05-26 18:32:16] [config] mini-batch-fit-step: 10
[2025-05-26 18:32:16] [config] mini-batch-round-up: true
[2025-05-26 18:32:16] [config] mini-batch-track-lr: false
[2025-05-26 18:32:16] [config] mini-batch-warmup: 0
[2025-05-26 18:32:16] [config] mini-batch-words: 0
[2025-05-26 18:32:16] [config] mini-batch-words-ref: 0
[2025-05-26 18:32:16] [config] model: /scratch/project_2011987/OpusDistillery/rules/../data/models/MA-test/defps-mul/model4_student/model.npz
[2025-05-26 18:32:16] [config] multi-loss-type: sum
[2025-05-26 18:32:16] [config] n-best: false
[2025-05-26 18:32:16] [config] no-nccl: false
[2025-05-26 18:32:16] [config] no-optimizer-reload: false
[2025-05-26 18:32:16] [config] no-reload: false
[2025-05-26 18:32:16] [config] no-restore-corpus: false
[2025-05-26 18:32:16] [config] no-spm-encode: false
[2025-05-26 18:32:16] [config] normalize: 1
[2025-05-26 18:32:16] [config] normalize-gradient: false
[2025-05-26 18:32:16] [config] normalize-gradient-by-ratio: false
[2025-05-26 18:32:16] [config] optimizer: adam
[2025-05-26 18:32:16] [config] optimizer-delay: 2
[2025-05-26 18:32:16] [config] optimizer-params:
[2025-05-26 18:32:16] [config]   - 0.9
[2025-05-26 18:32:16] [config]   - 0.98
[2025-05-26 18:32:16] [config]   - 1e-09
[2025-05-26 18:32:16] [config] output-omit-bias: false
[2025-05-26 18:32:16] [config] overwrite: true
[2025-05-26 18:32:16] [config] overwrite-checkpoint: true
[2025-05-26 18:32:16] [config] precision:
[2025-05-26 18:32:16] [config]   - float32
[2025-05-26 18:32:16] [config]   - float32
[2025-05-26 18:32:16] [config] pretrained-model: ""
[2025-05-26 18:32:16] [config] quantize-biases: false
[2025-05-26 18:32:16] [config] quantize-bits: 0
[2025-05-26 18:32:16] [config] quantize-log-based: false
[2025-05-26 18:32:16] [config] quantize-optimization-steps: 0
[2025-05-26 18:32:16] [config] quiet: false
[2025-05-26 18:32:16] [config] quiet-translation: true
[2025-05-26 18:32:16] [config] quiet-validation: false
[2025-05-26 18:32:16] [config] relative-paths: false
[2025-05-26 18:32:16] [config] right-left: false
[2025-05-26 18:32:16] [config] save-freq: 5000
[2025-05-26 18:32:16] [config] seed: 0
[2025-05-26 18:32:16] [config] sentencepiece-alphas:
[2025-05-26 18:32:16] [config]   []
[2025-05-26 18:32:16] [config] sentencepiece-max-lines: 2000000
[2025-05-26 18:32:16] [config] sentencepiece-options: ""
[2025-05-26 18:32:16] [config] separator-symbol: "[eos]"
[2025-05-26 18:32:16] [config] sharding: local
[2025-05-26 18:32:16] [config] shuffle: data
[2025-05-26 18:32:16] [config] shuffle-in-ram: true
[2025-05-26 18:32:16] [config] sigterm: save-and-exit
[2025-05-26 18:32:16] [config] skip: false
[2025-05-26 18:32:16] [config] sqlite: ""
[2025-05-26 18:32:16] [config] sqlite-drop: false
[2025-05-26 18:32:16] [config] sync-freq: 200u
[2025-05-26 18:32:16] [config] sync-sgd: true
[2025-05-26 18:32:16] [config] tempdir: /scratch/project_2011987/OpusDistillery/rules/../data/models/MA-test/defps-mul/model4_student/tmp
[2025-05-26 18:32:16] [config] throw-on-divergence:
[2025-05-26 18:32:16] [config]   []
[2025-05-26 18:32:16] [config] tied-embeddings: false
[2025-05-26 18:32:16] [config] tied-embeddings-all: true
[2025-05-26 18:32:16] [config] tied-embeddings-src: false
[2025-05-26 18:32:16] [config] train-embedder-rank:
[2025-05-26 18:32:16] [config]   []
[2025-05-26 18:32:16] [config] train-sets:
[2025-05-26 18:32:16] [config]   - /scratch/project_2011987/OpusDistillery/rules/../data/data/MA-test/defps-mul/filtered/corpus.source.gz
[2025-05-26 18:32:16] [config]   - /scratch/project_2011987/OpusDistillery/rules/../data/data/MA-test/defps-mul/filtered/corpus.target.gz
[2025-05-26 18:32:16] [config] transformer-aan-activation: swish
[2025-05-26 18:32:16] [config] transformer-aan-depth: 2
[2025-05-26 18:32:16] [config] transformer-aan-nogate: false
[2025-05-26 18:32:16] [config] transformer-alibi-shift: false
[2025-05-26 18:32:16] [config] transformer-alibi-trainable: false
[2025-05-26 18:32:16] [config] transformer-attention-mask: default
[2025-05-26 18:32:16] [config] transformer-decoder-autoreg: rnn
[2025-05-26 18:32:16] [config] transformer-decoder-dim-ffn: 0
[2025-05-26 18:32:16] [config] transformer-decoder-ffn-depth: 0
[2025-05-26 18:32:16] [config] transformer-depth-scaling: false
[2025-05-26 18:32:16] [config] transformer-dim-aan: 2048
[2025-05-26 18:32:16] [config] transformer-dim-ffn: 2048
[2025-05-26 18:32:16] [config] transformer-disable-position-embeddings: false
[2025-05-26 18:32:16] [config] transformer-dropout: 0
[2025-05-26 18:32:16] [config] transformer-dropout-attention: 0
[2025-05-26 18:32:16] [config] transformer-dropout-ffn: 0
[2025-05-26 18:32:16] [config] transformer-ffn-activation: relu
[2025-05-26 18:32:16] [config] transformer-ffn-depth: 2
[2025-05-26 18:32:16] [config] transformer-guided-alignment-layer: last
[2025-05-26 18:32:16] [config] transformer-heads: 8
[2025-05-26 18:32:16] [config] transformer-no-affine: false
[2025-05-26 18:32:16] [config] transformer-no-bias: false
[2025-05-26 18:32:16] [config] transformer-no-projection: false
[2025-05-26 18:32:16] [config] transformer-pool: false
[2025-05-26 18:32:16] [config] transformer-postprocess: dan
[2025-05-26 18:32:16] [config] transformer-postprocess-emb: d
[2025-05-26 18:32:16] [config] transformer-postprocess-top: ""
[2025-05-26 18:32:16] [config] transformer-preprocess: ""
[2025-05-26 18:32:16] [config] transformer-rnn-projection: false
[2025-05-26 18:32:16] [config] transformer-tied-layers:
[2025-05-26 18:32:16] [config]   []
[2025-05-26 18:32:16] [config] transformer-train-position-embeddings: false
[2025-05-26 18:32:16] [config] tsv: false
[2025-05-26 18:32:16] [config] tsv-fields: 0
[2025-05-26 18:32:16] [config] type: transformer
[2025-05-26 18:32:16] [config] ulr: false
[2025-05-26 18:32:16] [config] ulr-dim-emb: 0
[2025-05-26 18:32:16] [config] ulr-dropout: 0
[2025-05-26 18:32:16] [config] ulr-keys-vectors: ""
[2025-05-26 18:32:16] [config] ulr-query-vectors: ""
[2025-05-26 18:32:16] [config] ulr-softmax-temperature: 1
[2025-05-26 18:32:16] [config] ulr-trainable-transformation: false
[2025-05-26 18:32:16] [config] unlikelihood-loss: false
[2025-05-26 18:32:16] [config] valid-freq: 5000
[2025-05-26 18:32:16] [config] valid-log: /scratch/project_2011987/OpusDistillery/rules/../data/models/MA-test/defps-mul/model4_student/valid.log
[2025-05-26 18:32:16] [config] valid-max-length: 1000
[2025-05-26 18:32:16] [config] valid-metrics:
[2025-05-26 18:32:16] [config]   - perplexity
[2025-05-26 18:32:16] [config]   - chrf
[2025-05-26 18:32:16] [config]   - ce-mean-words
[2025-05-26 18:32:16] [config] valid-mini-batch: 64
[2025-05-26 18:32:16] [config] valid-reset-all: false
[2025-05-26 18:32:16] [config] valid-reset-stalled: false
[2025-05-26 18:32:16] [config] valid-script-args:
[2025-05-26 18:32:16] [config]   []
[2025-05-26 18:32:16] [config] valid-script-path: ""
[2025-05-26 18:32:16] [config] valid-sets:
[2025-05-26 18:32:16] [config]   - /scratch/project_2011987/OpusDistillery/rules/../data/data/MA-test/defps-mul/original/devset.student.source.gz
[2025-05-26 18:32:16] [config]   - /scratch/project_2011987/OpusDistillery/rules/../data/data/MA-test/defps-mul/original/devset.student.target.gz
[2025-05-26 18:32:16] [config] valid-translation-output: /scratch/project_2011987/OpusDistillery/rules/../data/models/MA-test/defps-mul/model4_student/valid_outputs/validation-output-after-{U}-updates-{E}-epochs.txt
[2025-05-26 18:32:16] [config] vocabs:
[2025-05-26 18:32:16] [config]   - /scratch/project_2011987/OpusDistillery/rules/../data/models/MA-test/defps-mul/vocab/vocab.spm
[2025-05-26 18:32:16] [config]   - /scratch/project_2011987/OpusDistillery/rules/../data/models/MA-test/defps-mul/vocab/vocab.spm
[2025-05-26 18:32:16] [config] word-penalty: 0
[2025-05-26 18:32:16] [config] word-scores: false
[2025-05-26 18:32:16] [config] workspace: 25000
[2025-05-26 18:32:16] [config] Model is being created with Marian v1.12.31 a6ab8af8 2024-06-27 15:21:08 +0000
[2025-05-26 18:32:16] Using synchronous SGD
[2025-05-26 18:32:16] [comm] Compiled without MPI support. Running as a single process on r16g01.bullx
[2025-05-26 18:32:16] Synced seed 1748273536
[2025-05-26 18:32:16] [data] Loading SentencePiece vocabulary from file /scratch/project_2011987/OpusDistillery/rules/../data/models/MA-test/defps-mul/vocab/vocab.spm
[2025-05-26 18:32:16] [data] Setting vocabulary size for input 0 to 32,000
[2025-05-26 18:32:16] [data] Loading SentencePiece vocabulary from file /scratch/project_2011987/OpusDistillery/rules/../data/models/MA-test/defps-mul/vocab/vocab.spm
[2025-05-26 18:32:16] [data] Setting vocabulary size for input 1 to 32,000
[2025-05-26 18:32:17] [batching] Collecting statistics for batch fitting with step size 10
[2025-05-26 18:32:19] [memory] Extending reserved space to 25088 MB (device gpu0)
[2025-05-26 18:32:21] [memory] Extending reserved space to 25088 MB (device gpu1)
[2025-05-26 18:32:22] [comm] Using NCCL 2.8.3 for GPU communication
[2025-05-26 18:32:22] [comm] Using global sharding
[2025-05-26 18:32:22] [comm] NCCLCommunicators constructed successfully
[2025-05-26 18:32:22] [training] Using 2 GPUs
[2025-05-26 18:32:23] [logits] Applying loss function for 1 factor(s)
[2025-05-26 18:32:23] [memory] Reserving 242 MB, device gpu0
[2025-05-26 18:32:32] [gpu] 16-bit TensorCores enabled for float32 matrix operations
[2025-05-26 18:32:33] [memory] Reserving 242 MB, device gpu0
[2025-05-26 18:33:52] [batching] Done. Typical MB size is 103,404 target words
[2025-05-26 18:33:52] [memory] Extending reserved space to 25088 MB (device gpu0)
[2025-05-26 18:33:52] [memory] Extending reserved space to 25088 MB (device gpu1)
[2025-05-26 18:33:52] [comm] Using NCCL 2.8.3 for GPU communication
[2025-05-26 18:33:52] [comm] Using global sharding
[2025-05-26 18:33:52] [comm] NCCLCommunicators constructed successfully
[2025-05-26 18:33:52] [training] Using 2 GPUs
[2025-05-26 18:33:53] Training started
[2025-05-26 18:33:53] [data] Shuffling data
[2025-05-26 18:34:32] [data] Done reading 30,760,374 sentences
[2025-05-26 18:34:34] [data] Done shuffling 30,760,374 sentences (cached in RAM)
[2025-05-26 18:34:44] [training] Batches are processed as 1 process(es) x 2 devices/process
[2025-05-26 18:34:44] [memory] Reserving 242 MB, device gpu0
[2025-05-26 18:34:44] [memory] Reserving 242 MB, device gpu1
[2025-05-26 18:34:44] [memory] Reserving 242 MB, device gpu0
[2025-05-26 18:34:45] [memory] Reserving 242 MB, device gpu1
[2025-05-26 18:34:47] Parameter type float32, optimization type float32, casting types false
[2025-05-26 18:34:47] Allocating memory for general optimizer shards
[2025-05-26 18:34:47] [memory] Reserving 121 MB, device gpu0
[2025-05-26 18:34:47] [memory] Reserving 121 MB, device gpu1
[2025-05-26 18:34:47] Allocating memory for Adam-specific shards
[2025-05-26 18:34:47] [memory] Reserving 242 MB, device gpu1
[2025-05-26 18:34:47] [memory] Reserving 242 MB, device gpu0
[2025-05-26 18:34:47] Ep. 1 : Up. 1 : Sen. 2,784 : Cost 10.85340405 : Time 55.40s : 1457.38 words/s : gNorm 8.3262 : L.r. 1.8750e-08
[2025-05-26 18:34:48] Ep. 1 : Up. 2 : Sen. 8,488 : Cost 10.84138107 : Time 1.31s : 43606.58 words/s : gNorm 9.9945 : L.r. 3.7500e-08
[2025-05-26 18:34:50] Ep. 1 : Up. 3 : Sen. 14,192 : Cost 10.84632397 : Time 1.64s : 38167.35 words/s : gNorm 10.5592 : L.r. 5.6250e-08
[2025-05-26 18:34:51] Ep. 1 : Up. 4 : Sen. 17,948 : Cost 10.86369801 : Time 1.11s : 61090.22 words/s : gNorm 9.6146 : L.r. 7.5000e-08
[2025-05-26 18:34:52] Ep. 1 : Up. 5 : Sen. 19,480 : Cost 10.92098808 : Time 0.90s : 78462.34 words/s : gNorm 9.3448 : L.r. 9.3750e-08
[2025-05-26 18:34:53] Ep. 1 : Up. 6 : Sen. 21,680 : Cost 10.90054703 : Time 0.94s : 88884.54 words/s : gNorm 9.1392 : L.r. 1.1250e-07
[2025-05-26 18:34:54] Ep. 1 : Up. 7 : Sen. 27,384 : Cost 10.89209175 : Time 0.89s : 96037.65 words/s : gNorm 9.2063 : L.r. 1.3125e-07
[2025-05-26 18:34:55] Ep. 1 : Up. 8 : Sen. 28,152 : Cost 10.91511536 : Time 0.79s : 66472.64 words/s : gNorm 9.2212 : L.r. 1.5000e-07
[2025-05-26 18:34:56] Ep. 1 : Up. 9 : Sen. 30,936 : Cost 10.84088612 : Time 0.68s : 78151.47 words/s : gNorm 8.9608 : L.r. 1.6875e-07
[2025-05-26 18:34:56] Ep. 1 : Up. 10 : Sen. 32,468 : Cost 10.88153744 : Time 0.74s : 70645.64 words/s : gNorm 8.8570 : L.r. 1.8750e-07
[2025-05-26 18:48:53] Ep. 1 : Up. 1000 : Sen. 3,568,740 : Cost 7.78687477 : Time 836.77s : 83370.66 words/s : gNorm 3.8263 : L.r. 1.8750e-05
[2025-05-26 19:03:01] Ep. 1 : Up. 2000 : Sen. 7,139,468 : Cost 5.72972155 : Time 847.57s : 82946.75 words/s : gNorm 4.4719 : L.r. 3.7500e-05
[2025-05-26 19:17:03] Ep. 1 : Up. 3000 : Sen. 10,677,771 : Cost 4.69623041 : Time 842.75s : 83015.33 words/s : gNorm 4.7162 : L.r. 5.6250e-05
[2025-05-26 19:31:08] Ep. 1 : Up. 4000 : Sen. 14,273,372 : Cost 3.39964795 : Time 844.50s : 82936.14 words/s : gNorm 4.8035 : L.r. 7.5000e-05
[2025-05-26 19:45:12] Ep. 1 : Up. 5000 : Sen. 17,875,158 : Cost 2.18758416 : Time 843.86s : 83527.64 words/s : gNorm 3.1619 : L.r. 9.3750e-05
[2025-05-26 19:45:12] Saving model weights and runtime parameters to /scratch/project_2011987/OpusDistillery/rules/../data/models/MA-test/defps-mul/model4_student/model.npz
[2025-05-26 19:45:15] Saving Adam parameters
[2025-05-26 19:45:16] [training] Saving training checkpoint to /scratch/project_2011987/OpusDistillery/rules/../data/models/MA-test/defps-mul/model4_student/model.npz and /scratch/project_2011987/OpusDistillery/rules/../data/models/MA-test/defps-mul/model4_student/model.npz.optimizer.npz
[2025-05-26 19:45:51] Saving model weights and runtime parameters to /scratch/project_2011987/OpusDistillery/rules/../data/models/MA-test/defps-mul/model4_student/model.npz.best-perplexity.npz
[2025-05-26 19:45:52] [valid] Ep. 1 : Up. 5000 : perplexity : 6.05918 : new best
[2025-05-26 19:45:53] [valid] First sentence's tokens as scored:
[2025-05-26 19:45:53] [valid] Decoding validation set with SentencePieceVocab for scoring
[2025-05-26 19:45:53] [valid]   Hyp: A s s o o n a s T o m o p e n e d t h e b a g , h e k n e w t h a t i t w a s n ' t h i s .
[2025-05-26 19:45:53] [valid]   Ref: A s s o o n a s T o m o p e n e d t h e b a g , h e k n e w i t w a s n ' t h i s .
[2025-05-26 19:45:56] [valid] References contain unknown word, metric scores may be inaccurate
[2025-05-26 19:49:50] Saving model weights and runtime parameters to /scratch/project_2011987/OpusDistillery/rules/../data/models/MA-test/defps-mul/model4_student/model.npz.best-chrf.npz
[2025-05-26 19:49:51] [valid] Ep. 1 : Up. 5000 : chrf : 62.0903 : new best
[2025-05-26 19:50:24] Saving model weights and runtime parameters to /scratch/project_2011987/OpusDistillery/rules/../data/models/MA-test/defps-mul/model4_student/model.npz.best-ce-mean-words.npz
[2025-05-26 19:50:24] [valid] Ep. 1 : Up. 5000 : ce-mean-words : 1.80157 : new best
[2025-05-26 20:04:27] Ep. 1 : Up. 6000 : Sen. 21,442,447 : Cost 1.43971217 : Time 1154.76s : 60472.60 words/s : gNorm 2.3732 : L.r. 1.1250e-04
[2025-05-26 20:18:32] Ep. 1 : Up. 7000 : Sen. 24,963,053 : Cost 1.08247530 : Time 844.99s : 83135.55 words/s : gNorm 2.0787 : L.r. 1.3125e-04
[2025-05-26 20:32:38] Ep. 1 : Up. 8000 : Sen. 28,487,007 : Cost 0.83943009 : Time 846.04s : 83036.28 words/s : gNorm 1.1238 : L.r. 1.5000e-04
[2025-05-26 20:41:22] Seen 30,760,287 samples
[2025-05-26 20:41:22] Starting data epoch 2 in logical epoch 2
[2025-05-26 20:41:22] [data] Shuffling data
[2025-05-26 20:41:24] [data] Done shuffling 30,760,374 sentences (cached in RAM)
[2025-05-26 20:46:44] Ep. 2 : Up. 9000 : Sen. 1,313,613 : Cost 0.69054639 : Time 846.16s : 82288.73 words/s : gNorm 1.0026 : L.r. 1.6875e-04
[2025-05-26 21:00:41] Ep. 2 : Up. 10000 : Sen. 4,874,608 : Cost 0.59228754 : Time 837.07s : 83302.64 words/s : gNorm 0.8093 : L.r. 1.8750e-04
[2025-05-26 21:00:41] Saving model weights and runtime parameters to /scratch/project_2011987/OpusDistillery/rules/../data/models/MA-test/defps-mul/model4_student/model.npz
[2025-05-26 21:00:42] Saving Adam parameters
[2025-05-26 21:00:43] [training] Saving training checkpoint to /scratch/project_2011987/OpusDistillery/rules/../data/models/MA-test/defps-mul/model4_student/model.npz and /scratch/project_2011987/OpusDistillery/rules/../data/models/MA-test/defps-mul/model4_student/model.npz.optimizer.npz
[2025-05-26 21:01:17] Saving model weights and runtime parameters to /scratch/project_2011987/OpusDistillery/rules/../data/models/MA-test/defps-mul/model4_student/model.npz.best-perplexity.npz
[2025-05-26 21:01:18] [valid] Ep. 2 : Up. 10000 : perplexity : 3.2579 : new best
[2025-05-26 21:05:17] Saving model weights and runtime parameters to /scratch/project_2011987/OpusDistillery/rules/../data/models/MA-test/defps-mul/model4_student/model.npz.best-chrf.npz
[2025-05-26 21:05:18] [valid] Ep. 2 : Up. 10000 : chrf : 70.3706 : new best
[2025-05-26 21:05:51] Saving model weights and runtime parameters to /scratch/project_2011987/OpusDistillery/rules/../data/models/MA-test/defps-mul/model4_student/model.npz.best-ce-mean-words.npz
[2025-05-26 21:05:51] [valid] Ep. 2 : Up. 10000 : ce-mean-words : 1.18108 : new best
[2025-05-26 21:19:55] Ep. 2 : Up. 11000 : Sen. 8,427,036 : Cost 0.52281302 : Time 1154.51s : 60751.96 words/s : gNorm 0.6641 : L.r. 2.0625e-04
[2025-05-26 21:33:52] Ep. 2 : Up. 12000 : Sen. 11,950,809 : Cost 0.47992268 : Time 836.31s : 83494.77 words/s : gNorm 0.5813 : L.r. 2.2500e-04
[2025-05-26 21:47:53] Ep. 2 : Up. 13000 : Sen. 15,537,685 : Cost 0.44273892 : Time 841.32s : 83288.60 words/s : gNorm 0.5435 : L.r. 2.4375e-04
[2025-05-26 22:01:51] Ep. 2 : Up. 14000 : Sen. 19,049,778 : Cost 0.41611961 : Time 837.77s : 83122.25 words/s : gNorm 0.5014 : L.r. 2.6250e-04
[2025-05-26 22:15:51] Ep. 2 : Up. 15000 : Sen. 22,667,326 : Cost 0.39305866 : Time 840.54s : 83549.75 words/s : gNorm 0.4919 : L.r. 2.8125e-04
[2025-05-26 22:15:51] Saving model weights and runtime parameters to /scratch/project_2011987/OpusDistillery/rules/../data/models/MA-test/defps-mul/model4_student/model.npz
[2025-05-26 22:15:52] Saving Adam parameters
[2025-05-26 22:15:53] [training] Saving training checkpoint to /scratch/project_2011987/OpusDistillery/rules/../data/models/MA-test/defps-mul/model4_student/model.npz and /scratch/project_2011987/OpusDistillery/rules/../data/models/MA-test/defps-mul/model4_student/model.npz.optimizer.npz
[2025-05-26 22:16:29] Saving model weights and runtime parameters to /scratch/project_2011987/OpusDistillery/rules/../data/models/MA-test/defps-mul/model4_student/model.npz.best-perplexity.npz
[2025-05-26 22:16:29] [valid] Ep. 2 : Up. 15000 : perplexity : 2.84704 : new best
[2025-05-26 22:20:14] Saving model weights and runtime parameters to /scratch/project_2011987/OpusDistillery/rules/../data/models/MA-test/defps-mul/model4_student/model.npz.best-chrf.npz
[2025-05-26 22:20:14] [valid] Ep. 2 : Up. 15000 : chrf : 72.5912 : new best
[2025-05-26 22:20:48] Saving model weights and runtime parameters to /scratch/project_2011987/OpusDistillery/rules/../data/models/MA-test/defps-mul/model4_student/model.npz.best-ce-mean-words.npz
[2025-05-26 22:20:48] [valid] Ep. 2 : Up. 15000 : ce-mean-words : 1.04628 : new best
[2025-05-26 22:34:51] Ep. 2 : Up. 16000 : Sen. 26,170,380 : Cost 0.37515676 : Time 1139.43s : 61571.63 words/s : gNorm 0.3698 : L.r. 3.0000e-04
[2025-05-26 22:48:50] Ep. 2 : Up. 17000 : Sen. 29,751,348 : Cost 0.36343336 : Time 839.15s : 83673.73 words/s : gNorm 0.3871 : L.r. 3.0000e-04
[2025-05-26 22:52:45] Seen 30,760,287 samples
[2025-05-26 22:52:45] Starting data epoch 3 in logical epoch 3
[2025-05-26 22:52:45] [data] Shuffling data
[2025-05-26 22:52:46] [data] Done shuffling 30,760,374 sentences (cached in RAM)
[2025-05-26 23:02:52] Ep. 3 : Up. 18000 : Sen. 2,507,780 : Cost 0.33844554 : Time 842.16s : 82374.96 words/s : gNorm 0.3525 : L.r. 3.0000e-04
[2025-05-26 23:16:53] Ep. 3 : Up. 19000 : Sen. 6,087,237 : Cost 0.32433090 : Time 841.11s : 83220.66 words/s : gNorm 0.3298 : L.r. 3.0000e-04
[2025-05-26 23:30:44] Ep. 3 : Up. 20000 : Sen. 9,617,414 : Cost 0.31296268 : Time 831.11s : 83891.04 words/s : gNorm 0.3466 : L.r. 3.0000e-04
[2025-05-26 23:30:45] Saving model weights and runtime parameters to /scratch/project_2011987/OpusDistillery/rules/../data/models/MA-test/defps-mul/model4_student/model.npz
[2025-05-26 23:30:46] Saving Adam parameters
[2025-05-26 23:30:47] [training] Saving training checkpoint to /scratch/project_2011987/OpusDistillery/rules/../data/models/MA-test/defps-mul/model4_student/model.npz and /scratch/project_2011987/OpusDistillery/rules/../data/models/MA-test/defps-mul/model4_student/model.npz.optimizer.npz
[2025-05-26 23:31:22] Saving model weights and runtime parameters to /scratch/project_2011987/OpusDistillery/rules/../data/models/MA-test/defps-mul/model4_student/model.npz.best-perplexity.npz
[2025-05-26 23:31:23] [valid] Ep. 3 : Up. 20000 : perplexity : 2.67216 : new best
[2025-05-26 23:35:04] Saving model weights and runtime parameters to /scratch/project_2011987/OpusDistillery/rules/../data/models/MA-test/defps-mul/model4_student/model.npz.best-chrf.npz
[2025-05-26 23:35:04] [valid] Ep. 3 : Up. 20000 : chrf : 73.0434 : new best
[2025-05-26 23:35:38] Saving model weights and runtime parameters to /scratch/project_2011987/OpusDistillery/rules/../data/models/MA-test/defps-mul/model4_student/model.npz.best-ce-mean-words.npz
[2025-05-26 23:35:38] [valid] Ep. 3 : Up. 20000 : ce-mean-words : 0.982889 : new best
[2025-05-26 23:49:37] Ep. 3 : Up. 21000 : Sen. 13,215,816 : Cost 0.30671227 : Time 1132.88s : 61838.72 words/s : gNorm 0.3254 : L.r. 3.0000e-04
[2025-05-27 00:03:34] Ep. 3 : Up. 22000 : Sen. 16,736,089 : Cost 0.29937786 : Time 836.79s : 83782.54 words/s : gNorm 0.2793 : L.r. 3.0000e-04
[2025-05-27 00:17:35] Ep. 3 : Up. 23000 : Sen. 20,305,310 : Cost 0.29245496 : Time 840.63s : 83537.58 words/s : gNorm 0.3031 : L.r. 3.0000e-04
[2025-05-27 00:31:31] Ep. 3 : Up. 24000 : Sen. 23,854,926 : Cost 0.28844836 : Time 836.04s : 83498.09 words/s : gNorm 0.2950 : L.r. 3.0000e-04
[2025-05-27 00:45:33] Ep. 3 : Up. 25000 : Sen. 27,451,085 : Cost 0.28028640 : Time 842.28s : 83471.54 words/s : gNorm 0.2760 : L.r. 3.0000e-04
[2025-05-27 00:45:33] Saving model weights and runtime parameters to /scratch/project_2011987/OpusDistillery/rules/../data/models/MA-test/defps-mul/model4_student/model.npz
[2025-05-27 00:45:34] Saving Adam parameters
[2025-05-27 00:45:35] [training] Saving training checkpoint to /scratch/project_2011987/OpusDistillery/rules/../data/models/MA-test/defps-mul/model4_student/model.npz and /scratch/project_2011987/OpusDistillery/rules/../data/models/MA-test/defps-mul/model4_student/model.npz.optimizer.npz
[2025-05-27 00:46:10] Saving model weights and runtime parameters to /scratch/project_2011987/OpusDistillery/rules/../data/models/MA-test/defps-mul/model4_student/model.npz.best-perplexity.npz
[2025-05-27 00:46:11] [valid] Ep. 3 : Up. 25000 : perplexity : 2.63416 : new best
[2025-05-27 00:49:57] Saving model weights and runtime parameters to /scratch/project_2011987/OpusDistillery/rules/../data/models/MA-test/defps-mul/model4_student/model.npz.best-chrf.npz
[2025-05-27 00:49:57] [valid] Ep. 3 : Up. 25000 : chrf : 73.8051 : new best
[2025-05-27 00:50:31] Saving model weights and runtime parameters to /scratch/project_2011987/OpusDistillery/rules/../data/models/MA-test/defps-mul/model4_student/model.npz.best-ce-mean-words.npz
[2025-05-27 00:50:31] [valid] Ep. 3 : Up. 25000 : ce-mean-words : 0.968565 : new best
[2025-05-27 01:03:32] Seen 30,760,287 samples
[2025-05-27 01:03:32] Starting data epoch 4 in logical epoch 4
[2025-05-27 01:03:32] [data] Shuffling data
[2025-05-27 01:03:33] [data] Done shuffling 30,760,374 sentences (cached in RAM)
[2025-05-27 01:04:34] Ep. 4 : Up. 26000 : Sen. 222,941 : Cost 0.27588609 : Time 1140.75s : 60930.84 words/s : gNorm 0.2807 : L.r. 3.0000e-04
[2025-05-27 01:18:28] Ep. 4 : Up. 27000 : Sen. 3,770,607 : Cost 0.26157314 : Time 834.53s : 83841.90 words/s : gNorm 0.2656 : L.r. 3.0000e-04
[2025-05-27 01:32:27] Ep. 4 : Up. 28000 : Sen. 7,329,023 : Cost 0.26105219 : Time 838.58s : 83419.85 words/s : gNorm 0.2669 : L.r. 3.0000e-04
[2025-05-27 01:46:26] Ep. 4 : Up. 29000 : Sen. 10,865,780 : Cost 0.25901034 : Time 838.93s : 83622.47 words/s : gNorm 0.2748 : L.r. 3.0000e-04
[2025-05-27 02:00:19] Ep. 4 : Up. 30000 : Sen. 14,405,331 : Cost 0.25617412 : Time 833.01s : 83502.00 words/s : gNorm 0.2626 : L.r. 3.0000e-04
[2025-05-27 02:00:19] Saving model weights and runtime parameters to /scratch/project_2011987/OpusDistillery/rules/../data/models/MA-test/defps-mul/model4_student/model.npz
[2025-05-27 02:00:20] Saving Adam parameters
[2025-05-27 02:00:21] [training] Saving training checkpoint to /scratch/project_2011987/OpusDistillery/rules/../data/models/MA-test/defps-mul/model4_student/model.npz and /scratch/project_2011987/OpusDistillery/rules/../data/models/MA-test/defps-mul/model4_student/model.npz.optimizer.npz
[2025-05-27 02:00:57] Saving model weights and runtime parameters to /scratch/project_2011987/OpusDistillery/rules/../data/models/MA-test/defps-mul/model4_student/model.npz.best-perplexity.npz
[2025-05-27 02:00:58] [valid] Ep. 4 : Up. 30000 : perplexity : 2.55861 : new best
[2025-05-27 02:04:41] Saving model weights and runtime parameters to /scratch/project_2011987/OpusDistillery/rules/../data/models/MA-test/defps-mul/model4_student/model.npz.best-chrf.npz
[2025-05-27 02:04:42] [valid] Ep. 4 : Up. 30000 : chrf : 73.8589 : new best
[2025-05-27 02:05:15] Saving model weights and runtime parameters to /scratch/project_2011987/OpusDistillery/rules/../data/models/MA-test/defps-mul/model4_student/model.npz.best-ce-mean-words.npz
[2025-05-27 02:05:16] [valid] Ep. 4 : Up. 30000 : ce-mean-words : 0.939464 : new best
[2025-05-27 02:19:17] Ep. 4 : Up. 31000 : Sen. 17,996,425 : Cost 0.25485256 : Time 1137.69s : 62042.38 words/s : gNorm 0.2480 : L.r. 3.0000e-04
[2025-05-27 02:33:15] Ep. 4 : Up. 32000 : Sen. 21,521,130 : Cost 0.25191167 : Time 838.22s : 83294.85 words/s : gNorm 0.2309 : L.r. 3.0000e-04
[2025-05-27 02:47:17] Ep. 4 : Up. 33000 : Sen. 25,104,470 : Cost 0.25032455 : Time 842.59s : 83173.51 words/s : gNorm 0.2493 : L.r. 2.9542e-04
[2025-05-27 03:01:17] Ep. 4 : Up. 34000 : Sen. 28,656,215 : Cost 0.24636456 : Time 839.66s : 83775.50 words/s : gNorm 0.2268 : L.r. 2.9104e-04
[2025-05-27 03:09:25] Seen 30,760,287 samples
[2025-05-27 03:09:25] Starting data epoch 5 in logical epoch 5
[2025-05-27 03:09:25] [data] Shuffling data
[2025-05-27 03:09:26] [data] Done shuffling 30,760,374 sentences (cached in RAM)
[2025-05-27 03:15:20] Ep. 5 : Up. 35000 : Sen. 1,455,729 : Cost 0.24037009 : Time 842.81s : 82484.82 words/s : gNorm 0.2252 : L.r. 2.8685e-04
[2025-05-27 03:15:20] Saving model weights and runtime parameters to /scratch/project_2011987/OpusDistillery/rules/../data/models/MA-test/defps-mul/model4_student/model.npz
[2025-05-27 03:15:22] Saving Adam parameters
[2025-05-27 03:15:23] [training] Saving training checkpoint to /scratch/project_2011987/OpusDistillery/rules/../data/models/MA-test/defps-mul/model4_student/model.npz and /scratch/project_2011987/OpusDistillery/rules/../data/models/MA-test/defps-mul/model4_student/model.npz.optimizer.npz
[2025-05-27 03:15:59] Saving model weights and runtime parameters to /scratch/project_2011987/OpusDistillery/rules/../data/models/MA-test/defps-mul/model4_student/model.npz.best-perplexity.npz
[2025-05-27 03:15:59] [valid] Ep. 5 : Up. 35000 : perplexity : 2.55425 : new best
[2025-05-27 03:19:45] [valid] Ep. 5 : Up. 35000 : chrf : 73.8305 : stalled 1 times (last best: 73.8589)
[2025-05-27 03:20:18] Saving model weights and runtime parameters to /scratch/project_2011987/OpusDistillery/rules/../data/models/MA-test/defps-mul/model4_student/model.npz.best-ce-mean-words.npz
[2025-05-27 03:20:19] [valid] Ep. 5 : Up. 35000 : ce-mean-words : 0.937757 : new best
[2025-05-27 03:34:16] Ep. 5 : Up. 36000 : Sen. 5,012,292 : Cost 0.23315899 : Time 1136.07s : 61760.33 words/s : gNorm 0.2277 : L.r. 2.8284e-04
[2025-05-27 03:48:14] Ep. 5 : Up. 37000 : Sen. 8,586,333 : Cost 0.23304626 : Time 837.91s : 83753.33 words/s : gNorm 0.2020 : L.r. 2.7899e-04
[2025-05-27 04:02:19] Ep. 5 : Up. 38000 : Sen. 12,160,007 : Cost 0.23141910 : Time 845.14s : 83526.63 words/s : gNorm 0.2298 : L.r. 2.7530e-04
[2025-05-27 04:16:11] Ep. 5 : Up. 39000 : Sen. 15,708,079 : Cost 0.23104505 : Time 831.91s : 84015.88 words/s : gNorm 0.2178 : L.r. 2.7175e-04
[2025-05-27 04:30:10] Ep. 5 : Up. 40000 : Sen. 19,294,860 : Cost 0.22952718 : Time 839.34s : 83968.46 words/s : gNorm 0.2118 : L.r. 2.6833e-04
[2025-05-27 04:30:11] Saving model weights and runtime parameters to /scratch/project_2011987/OpusDistillery/rules/../data/models/MA-test/defps-mul/model4_student/model.npz
[2025-05-27 04:30:12] Saving Adam parameters
[2025-05-27 04:30:13] [training] Saving training checkpoint to /scratch/project_2011987/OpusDistillery/rules/../data/models/MA-test/defps-mul/model4_student/model.npz and /scratch/project_2011987/OpusDistillery/rules/../data/models/MA-test/defps-mul/model4_student/model.npz.optimizer.npz
[2025-05-27 04:30:48] Saving model weights and runtime parameters to /scratch/project_2011987/OpusDistillery/rules/../data/models/MA-test/defps-mul/model4_student/model.npz.best-perplexity.npz
[2025-05-27 04:30:48] [valid] Ep. 5 : Up. 40000 : perplexity : 2.51722 : new best
[2025-05-27 04:34:22] Saving model weights and runtime parameters to /scratch/project_2011987/OpusDistillery/rules/../data/models/MA-test/defps-mul/model4_student/model.npz.best-chrf.npz
[2025-05-27 04:34:22] [valid] Ep. 5 : Up. 40000 : chrf : 74.0508 : new best
[2025-05-27 04:34:55] Saving model weights and runtime parameters to /scratch/project_2011987/OpusDistillery/rules/../data/models/MA-test/defps-mul/model4_student/model.npz.best-ce-mean-words.npz
[2025-05-27 04:34:56] [valid] Ep. 5 : Up. 40000 : ce-mean-words : 0.923157 : new best
[2025-05-27 04:48:42] Ep. 5 : Up. 41000 : Sen. 22,792,889 : Cost 0.22962226 : Time 1111.13s : 62431.05 words/s : gNorm 0.2368 : L.r. 2.6504e-04
[2025-05-27 05:02:36] Ep. 5 : Up. 42000 : Sen. 26,380,553 : Cost 0.22862531 : Time 834.23s : 83782.78 words/s : gNorm 0.2455 : L.r. 2.6186e-04
[2025-05-27 05:16:31] Ep. 5 : Up. 43000 : Sen. 29,968,005 : Cost 0.22589883 : Time 835.35s : 84489.96 words/s : gNorm 0.1942 : L.r. 2.5880e-04
[2025-05-27 05:19:38] Seen 30,760,287 samples
[2025-05-27 05:19:38] Starting data epoch 6 in logical epoch 6
[2025-05-27 05:19:38] [data] Shuffling data
[2025-05-27 05:19:40] [data] Done shuffling 30,760,374 sentences (cached in RAM)
[2025-05-27 05:30:31] Ep. 6 : Up. 44000 : Sen. 2,731,970 : Cost 0.21745367 : Time 839.44s : 82805.97 words/s : gNorm 0.2033 : L.r. 2.5584e-04
[2025-05-27 05:44:30] Ep. 6 : Up. 45000 : Sen. 6,291,258 : Cost 0.21482262 : Time 838.97s : 83970.82 words/s : gNorm 0.1847 : L.r. 2.5298e-04
[2025-05-27 05:44:30] Saving model weights and runtime parameters to /scratch/project_2011987/OpusDistillery/rules/../data/models/MA-test/defps-mul/model4_student/model.npz
[2025-05-27 05:44:30] Saving Adam parameters
[2025-05-27 05:44:31] [training] Saving training checkpoint to /scratch/project_2011987/OpusDistillery/rules/../data/models/MA-test/defps-mul/model4_student/model.npz and /scratch/project_2011987/OpusDistillery/rules/../data/models/MA-test/defps-mul/model4_student/model.npz.optimizer.npz
[2025-05-27 05:45:06] [valid] Ep. 6 : Up. 45000 : perplexity : 2.5408 : stalled 1 times (last best: 2.51722)
[2025-05-27 05:48:38] Saving model weights and runtime parameters to /scratch/project_2011987/OpusDistillery/rules/../data/models/MA-test/defps-mul/model4_student/model.npz.best-chrf.npz
[2025-05-27 05:48:39] [valid] Ep. 6 : Up. 45000 : chrf : 74.1858 : new best
[2025-05-27 05:49:11] [valid] Ep. 6 : Up. 45000 : ce-mean-words : 0.932481 : stalled 1 times (last best: 0.923157)
[2025-05-27 06:03:02] Ep. 6 : Up. 46000 : Sen. 9,867,175 : Cost 0.21584742 : Time 1112.52s : 62775.88 words/s : gNorm 0.2259 : L.r. 2.5022e-04
[2025-05-27 06:16:59] Ep. 6 : Up. 47000 : Sen. 13,457,072 : Cost 0.21399640 : Time 837.03s : 84159.60 words/s : gNorm 0.2359 : L.r. 2.4754e-04
[2025-05-27 06:30:51] Ep. 6 : Up. 48000 : Sen. 16,988,678 : Cost 0.21658210 : Time 831.71s : 84056.13 words/s : gNorm 0.2093 : L.r. 2.4495e-04
[2025-05-27 06:44:45] Ep. 6 : Up. 49000 : Sen. 20,558,568 : Cost 0.21450832 : Time 834.34s : 83873.92 words/s : gNorm 0.2080 : L.r. 2.4244e-04
[2025-05-27 06:58:42] Ep. 6 : Up. 50000 : Sen. 24,124,783 : Cost 0.21407111 : Time 836.77s : 84024.76 words/s : gNorm 0.2198 : L.r. 2.4000e-04
[2025-05-27 06:58:42] Saving model weights and runtime parameters to /scratch/project_2011987/OpusDistillery/rules/../data/models/MA-test/defps-mul/model4_student/model.npz
[2025-05-27 06:58:43] Saving Adam parameters
[2025-05-27 06:58:44] [training] Saving training checkpoint to /scratch/project_2011987/OpusDistillery/rules/../data/models/MA-test/defps-mul/model4_student/model.npz and /scratch/project_2011987/OpusDistillery/rules/../data/models/MA-test/defps-mul/model4_student/model.npz.optimizer.npz
[2025-05-27 06:59:19] [valid] Ep. 6 : Up. 50000 : perplexity : 2.57563 : stalled 2 times (last best: 2.51722)
[2025-05-27 07:02:52] Saving model weights and runtime parameters to /scratch/project_2011987/OpusDistillery/rules/../data/models/MA-test/defps-mul/model4_student/model.npz.best-chrf.npz
[2025-05-27 07:02:52] [valid] Ep. 6 : Up. 50000 : chrf : 74.2028 : new best
[2025-05-27 07:03:25] [valid] Ep. 6 : Up. 50000 : ce-mean-words : 0.946096 : stalled 2 times (last best: 0.923157)
[2025-05-27 07:17:17] Ep. 6 : Up. 51000 : Sen. 27,659,094 : Cost 0.21409525 : Time 1115.55s : 62586.90 words/s : gNorm 0.2210 : L.r. 2.3764e-04
[2025-05-27 07:29:20] Seen 30,760,287 samples
[2025-05-27 07:29:20] Starting data epoch 7 in logical epoch 7
[2025-05-27 07:29:20] [data] Shuffling data
[2025-05-27 07:29:22] [data] Done shuffling 30,760,374 sentences (cached in RAM)
[2025-05-27 07:31:20] Ep. 7 : Up. 52000 : Sen. 444,971 : Cost 0.21101303 : Time 842.42s : 82884.03 words/s : gNorm 0.1927 : L.r. 2.3534e-04
[2025-05-27 07:45:17] Ep. 7 : Up. 53000 : Sen. 4,028,345 : Cost 0.20061369 : Time 837.47s : 84029.17 words/s : gNorm 0.2250 : L.r. 2.3311e-04
[2025-05-27 07:59:07] Ep. 7 : Up. 54000 : Sen. 7,520,254 : Cost 0.20232034 : Time 829.98s : 83822.96 words/s : gNorm 0.1986 : L.r. 2.3094e-04
[2025-05-27 08:13:07] Ep. 7 : Up. 55000 : Sen. 11,156,872 : Cost 0.20265771 : Time 839.52s : 83995.02 words/s : gNorm 0.1850 : L.r. 2.2883e-04
[2025-05-27 08:13:07] Saving model weights and runtime parameters to /scratch/project_2011987/OpusDistillery/rules/../data/models/MA-test/defps-mul/model4_student/model.npz
[2025-05-27 08:13:08] Saving Adam parameters
[2025-05-27 08:13:09] [training] Saving training checkpoint to /scratch/project_2011987/OpusDistillery/rules/../data/models/MA-test/defps-mul/model4_student/model.npz and /scratch/project_2011987/OpusDistillery/rules/../data/models/MA-test/defps-mul/model4_student/model.npz.optimizer.npz
[2025-05-27 08:13:43] [valid] Ep. 7 : Up. 55000 : perplexity : 2.58816 : stalled 3 times (last best: 2.51722)
[2025-05-27 08:17:16] Saving model weights and runtime parameters to /scratch/project_2011987/OpusDistillery/rules/../data/models/MA-test/defps-mul/model4_student/model.npz.best-chrf.npz
[2025-05-27 08:17:16] [valid] Ep. 7 : Up. 55000 : chrf : 74.4401 : new best
[2025-05-27 08:17:49] [valid] Ep. 7 : Up. 55000 : ce-mean-words : 0.950949 : stalled 3 times (last best: 0.923157)
[2025-05-27 08:31:38] Ep. 7 : Up. 56000 : Sen. 14,673,264 : Cost 0.20430952 : Time 1110.82s : 62783.04 words/s : gNorm 0.2073 : L.r. 2.2678e-04
[2025-05-27 08:45:34] Ep. 7 : Up. 57000 : Sen. 18,272,288 : Cost 0.20365152 : Time 836.03s : 83894.43 words/s : gNorm 0.2108 : L.r. 2.2478e-04
[2025-05-27 08:59:28] Ep. 7 : Up. 58000 : Sen. 21,830,809 : Cost 0.20442452 : Time 834.29s : 84131.13 words/s : gNorm 0.2124 : L.r. 2.2283e-04
[2025-05-27 09:13:22] Ep. 7 : Up. 59000 : Sen. 25,377,853 : Cost 0.20399897 : Time 833.77s : 83669.35 words/s : gNorm 0.1914 : L.r. 2.2094e-04
[2025-05-27 09:27:16] Ep. 7 : Up. 60000 : Sen. 28,920,095 : Cost 0.20395899 : Time 834.11s : 84039.86 words/s : gNorm 0.2113 : L.r. 2.1909e-04
[2025-05-27 09:27:16] Saving model weights and runtime parameters to /scratch/project_2011987/OpusDistillery/rules/../data/models/MA-test/defps-mul/model4_student/model.npz
[2025-05-27 09:27:17] Saving Adam parameters
[2025-05-27 09:27:18] [training] Saving training checkpoint to /scratch/project_2011987/OpusDistillery/rules/../data/models/MA-test/defps-mul/model4_student/model.npz and /scratch/project_2011987/OpusDistillery/rules/../data/models/MA-test/defps-mul/model4_student/model.npz.optimizer.npz
[2025-05-27 09:27:52] [valid] Ep. 7 : Up. 60000 : perplexity : 2.57689 : stalled 4 times (last best: 2.51722)
[2025-05-27 09:31:25] [valid] Ep. 7 : Up. 60000 : chrf : 74.1718 : stalled 1 times (last best: 74.4401)
[2025-05-27 09:31:58] [valid] Ep. 7 : Up. 60000 : ce-mean-words : 0.946582 : stalled 4 times (last best: 0.923157)
[2025-05-27 09:39:07] Seen 30,760,287 samples
[2025-05-27 09:39:07] Starting data epoch 8 in logical epoch 8
[2025-05-27 09:39:07] [data] Shuffling data
[2025-05-27 09:39:08] [data] Done shuffling 30,760,374 sentences (cached in RAM)
[2025-05-27 09:45:58] Ep. 8 : Up. 61000 : Sen. 1,731,355 : Cost 0.19660106 : Time 1122.30s : 62134.45 words/s : gNorm 0.2077 : L.r. 2.1729e-04
[2025-05-27 09:59:57] Ep. 8 : Up. 62000 : Sen. 5,297,208 : Cost 0.19211774 : Time 838.88s : 84010.04 words/s : gNorm 0.2000 : L.r. 2.1553e-04
[2025-05-27 10:13:49] Ep. 8 : Up. 63000 : Sen. 8,852,222 : Cost 0.19348675 : Time 831.95s : 84055.64 words/s : gNorm 0.1849 : L.r. 2.1381e-04
[2025-05-27 10:28:14] Ep. 8 : Up. 64000 : Sen. 12,424,335 : Cost 0.19446792 : Time 865.36s : 80959.78 words/s : gNorm 0.2230 : L.r. 2.1213e-04
[2025-05-27 10:42:09] Ep. 8 : Up. 65000 : Sen. 15,970,986 : Cost 0.19497104 : Time 834.25s : 84122.60 words/s : gNorm 0.1965 : L.r. 2.1049e-04
[2025-05-27 10:42:09] Saving model weights and runtime parameters to /scratch/project_2011987/OpusDistillery/rules/../data/models/MA-test/defps-mul/model4_student/model.npz
[2025-05-27 10:42:10] Saving Adam parameters
[2025-05-27 10:42:11] [training] Saving training checkpoint to /scratch/project_2011987/OpusDistillery/rules/../data/models/MA-test/defps-mul/model4_student/model.npz and /scratch/project_2011987/OpusDistillery/rules/../data/models/MA-test/defps-mul/model4_student/model.npz.optimizer.npz
[2025-05-27 10:42:46] [valid] Ep. 8 : Up. 65000 : perplexity : 2.55565 : stalled 5 times (last best: 2.51722)
[2025-05-27 10:46:19] [valid] Ep. 8 : Up. 65000 : chrf : 74.3122 : stalled 2 times (last best: 74.4401)
[2025-05-27 10:46:52] [valid] Ep. 8 : Up. 65000 : ce-mean-words : 0.938305 : stalled 5 times (last best: 0.923157)
[2025-05-27 10:46:52] Training finished
[2025-05-27 10:46:52] Saving model weights and runtime parameters to /scratch/project_2011987/OpusDistillery/rules/../data/models/MA-test/defps-mul/model4_student/model.npz
[2025-05-27 10:46:53] Saving Adam parameters
[2025-05-27 10:46:54] [training] Saving training checkpoint to /scratch/project_2011987/OpusDistillery/rules/../data/models/MA-test/defps-mul/model4_student/model.npz and /scratch/project_2011987/OpusDistillery/rules/../data/models/MA-test/defps-mul/model4_student/model.npz.optimizer.npz
