[2025-06-11 13:40:53] [marian] Marian v1.12.31 a6ab8af8 2024-06-27 15:21:08 +0000
[2025-06-11 13:40:53] [marian] Running on r02g07.bullx as process 23 with command line:
[2025-06-11 13:40:53] [marian] /scratch/project_2011987/OpusDistillery/3rd_party/marian-dev/build//marian --model /scratch/project_2011987/OpusDistillery/rules/../data/models/MA-test/mul-mul/model4_tiny_student/model.npz -c configs/model/student.yml configs/training/student.train.yml --train-sets /scratch/project_2011987/OpusDistillery/rules/../data/data/MA-test/mul-mul/filtered/corpus.source.gz /scratch/project_2011987/OpusDistillery/rules/../data/data/MA-test/mul-mul/filtered/corpus.target.gz -T /scratch/project_2011987/OpusDistillery/rules/../data/models/MA-test/mul-mul/model4_tiny_student/tmp --shuffle-in-ram --vocabs /scratch/project_2011987/OpusDistillery/rules/../data/models/MA-test/mul-mul/vocab/vocab.spm /scratch/project_2011987/OpusDistillery/rules/../data/models/MA-test/mul-mul/vocab/vocab.spm -w 25000 --devices 0 1 --sharding local --sync-sgd --valid-metrics perplexity chrf ce-mean-words --valid-sets /scratch/project_2011987/OpusDistillery/rules/../data/data/MA-test/mul-mul/original/devset.student.source.gz /scratch/project_2011987/OpusDistillery/rules/../data/data/MA-test/mul-mul/original/devset.student.target.gz --valid-translation-output '/scratch/project_2011987/OpusDistillery/rules/../data/models/MA-test/mul-mul/model4_tiny_student/valid_outputs/validation-output-after-{U}-updates-{E}-epochs.txt' --quiet-translation --overwrite --keep-best --log /scratch/project_2011987/OpusDistillery/rules/../data/models/MA-test/mul-mul/model4_tiny_student/train.log --valid-log /scratch/project_2011987/OpusDistillery/rules/../data/models/MA-test/mul-mul/model4_tiny_student/valid.log
[2025-06-11 13:40:53] [config] after: 0e
[2025-06-11 13:40:53] [config] after-batches: 0
[2025-06-11 13:40:53] [config] after-epochs: 0
[2025-06-11 13:40:53] [config] all-caps-every: 0
[2025-06-11 13:40:53] [config] allow-unk: false
[2025-06-11 13:40:53] [config] authors: false
[2025-06-11 13:40:53] [config] beam-size: 1
[2025-06-11 13:40:53] [config] bert-class-symbol: "[CLS]"
[2025-06-11 13:40:53] [config] bert-mask-symbol: "[MASK]"
[2025-06-11 13:40:53] [config] bert-masking-fraction: 0.15
[2025-06-11 13:40:53] [config] bert-sep-symbol: "[SEP]"
[2025-06-11 13:40:53] [config] bert-train-type-embeddings: true
[2025-06-11 13:40:53] [config] bert-type-vocab-size: 2
[2025-06-11 13:40:53] [config] build-info: ""
[2025-06-11 13:40:53] [config] check-gradient-nan: false
[2025-06-11 13:40:53] [config] check-nan: false
[2025-06-11 13:40:53] [config] cite: false
[2025-06-11 13:40:53] [config] clip-norm: 0
[2025-06-11 13:40:53] [config] comet-augment-bad: 0
[2025-06-11 13:40:53] [config] comet-dropout: 0.1
[2025-06-11 13:40:53] [config] comet-final-sigmoid: false
[2025-06-11 13:40:53] [config] comet-mix: false
[2025-06-11 13:40:53] [config] comet-mix-norm: false
[2025-06-11 13:40:53] [config] comet-mix-transformation: softmax
[2025-06-11 13:40:53] [config] comet-mixup: 0
[2025-06-11 13:40:53] [config] comet-mixup-reg: false
[2025-06-11 13:40:53] [config] comet-pool: avg
[2025-06-11 13:40:53] [config] comet-pooler-ffn:
[2025-06-11 13:40:53] [config]   - 2048
[2025-06-11 13:40:53] [config]   - 1024
[2025-06-11 13:40:53] [config] comet-prepend-zero: false
[2025-06-11 13:40:53] [config] comet-stop-grad: false
[2025-06-11 13:40:53] [config] comet-use-separator: false
[2025-06-11 13:40:53] [config] cost-scaling:
[2025-06-11 13:40:53] [config]   []
[2025-06-11 13:40:53] [config] cost-type: ce-mean-words
[2025-06-11 13:40:53] [config] cpu-threads: 0
[2025-06-11 13:40:53] [config] custom-fallbacks:
[2025-06-11 13:40:53] [config]   []
[2025-06-11 13:40:53] [config] data-threads: 8
[2025-06-11 13:40:53] [config] data-weighting: ""
[2025-06-11 13:40:53] [config] data-weighting-type: sentence
[2025-06-11 13:40:53] [config] dec-cell: ssru
[2025-06-11 13:40:53] [config] dec-cell-base-depth: 2
[2025-06-11 13:40:53] [config] dec-cell-high-depth: 1
[2025-06-11 13:40:53] [config] dec-depth: 2
[2025-06-11 13:40:53] [config] devices:
[2025-06-11 13:40:53] [config]   - 0
[2025-06-11 13:40:53] [config]   - 1
[2025-06-11 13:40:53] [config] dim-emb: 256
[2025-06-11 13:40:53] [config] dim-rnn: 1024
[2025-06-11 13:40:53] [config] dim-vocabs:
[2025-06-11 13:40:53] [config]   - 0
[2025-06-11 13:40:53] [config]   - 0
[2025-06-11 13:40:53] [config] disp-first: 10
[2025-06-11 13:40:53] [config] disp-freq: 1000
[2025-06-11 13:40:53] [config] disp-label-counts: true
[2025-06-11 13:40:53] [config] dropout-rnn: 0.1
[2025-06-11 13:40:53] [config] dropout-src: 0
[2025-06-11 13:40:53] [config] dropout-trg: 0
[2025-06-11 13:40:53] [config] dump-config: ""
[2025-06-11 13:40:53] [config] dynamic-gradient-scaling:
[2025-06-11 13:40:53] [config]   []
[2025-06-11 13:40:53] [config] early-stopping: 5
[2025-06-11 13:40:53] [config] early-stopping-epsilon:
[2025-06-11 13:40:53] [config]   - 0
[2025-06-11 13:40:53] [config] early-stopping-on: first
[2025-06-11 13:40:53] [config] embedding-fix-src: false
[2025-06-11 13:40:53] [config] embedding-fix-trg: false
[2025-06-11 13:40:53] [config] embedding-normalization: false
[2025-06-11 13:40:53] [config] embedding-vectors:
[2025-06-11 13:40:53] [config]   []
[2025-06-11 13:40:53] [config] enc-cell: gru
[2025-06-11 13:40:53] [config] enc-cell-depth: 1
[2025-06-11 13:40:53] [config] enc-depth: 6
[2025-06-11 13:40:53] [config] enc-type: bidirectional
[2025-06-11 13:40:53] [config] english-title-case-every: 0
[2025-06-11 13:40:53] [config] exponential-smoothing: True
[2025-06-11 13:40:53] [config] exponential-smoothing-replace-freq: 0
[2025-06-11 13:40:53] [config] factor-weight: 1
[2025-06-11 13:40:53] [config] factors-combine: sum
[2025-06-11 13:40:53] [config] factors-dim-emb: 0
[2025-06-11 13:40:53] [config] gradient-checkpointing: false
[2025-06-11 13:40:53] [config] gradient-norm-average-window: 100
[2025-06-11 13:40:53] [config] guided-alignment: none
[2025-06-11 13:40:53] [config] guided-alignment-cost: ce
[2025-06-11 13:40:53] [config] guided-alignment-weight: 0.1
[2025-06-11 13:40:53] [config] ignore-model-config: false
[2025-06-11 13:40:53] [config] input-join-fields: false
[2025-06-11 13:40:53] [config] input-reorder:
[2025-06-11 13:40:53] [config]   []
[2025-06-11 13:40:53] [config] input-types:
[2025-06-11 13:40:53] [config]   []
[2025-06-11 13:40:53] [config] interpolate-env-vars: false
[2025-06-11 13:40:53] [config] keep-best: true
[2025-06-11 13:40:53] [config] label-smoothing: 0
[2025-06-11 13:40:53] [config] layer-normalization: false
[2025-06-11 13:40:53] [config] learn-rate: 0.0003
[2025-06-11 13:40:53] [config] lemma-dependency: ""
[2025-06-11 13:40:53] [config] lemma-dim-emb: 0
[2025-06-11 13:40:53] [config] log: /scratch/project_2011987/OpusDistillery/rules/../data/models/MA-test/mul-mul/model4_tiny_student/train.log
[2025-06-11 13:40:53] [config] log-level: info
[2025-06-11 13:40:53] [config] log-time-zone: ""
[2025-06-11 13:40:53] [config] logical-epoch:
[2025-06-11 13:40:53] [config]   - 1e
[2025-06-11 13:40:53] [config]   - 0
[2025-06-11 13:40:53] [config] lr-decay: 0
[2025-06-11 13:40:53] [config] lr-decay-freq: 50000
[2025-06-11 13:40:53] [config] lr-decay-inv-sqrt:
[2025-06-11 13:40:53] [config]   - 32000
[2025-06-11 13:40:53] [config] lr-decay-repeat-warmup: false
[2025-06-11 13:40:53] [config] lr-decay-reset-optimizer: false
[2025-06-11 13:40:53] [config] lr-decay-start:
[2025-06-11 13:40:53] [config]   - 10
[2025-06-11 13:40:53] [config]   - 1
[2025-06-11 13:40:53] [config] lr-decay-strategy: epoch+stalled
[2025-06-11 13:40:53] [config] lr-report: True
[2025-06-11 13:40:53] [config] lr-warmup: 16000
[2025-06-11 13:40:53] [config] lr-warmup-at-reload: false
[2025-06-11 13:40:53] [config] lr-warmup-cycle: false
[2025-06-11 13:40:53] [config] lr-warmup-start-rate: 0
[2025-06-11 13:40:53] [config] max-length: 200
[2025-06-11 13:40:53] [config] max-length-crop: false
[2025-06-11 13:40:53] [config] max-length-factor: 3
[2025-06-11 13:40:53] [config] maxi-batch: 1000
[2025-06-11 13:40:53] [config] maxi-batch-sort: trg
[2025-06-11 13:40:53] [config] mini-batch: 1000
[2025-06-11 13:40:53] [config] mini-batch-fit: True
[2025-06-11 13:40:53] [config] mini-batch-fit-step: 10
[2025-06-11 13:40:53] [config] mini-batch-round-up: true
[2025-06-11 13:40:53] [config] mini-batch-track-lr: false
[2025-06-11 13:40:53] [config] mini-batch-warmup: 0
[2025-06-11 13:40:53] [config] mini-batch-words: 0
[2025-06-11 13:40:53] [config] mini-batch-words-ref: 0
[2025-06-11 13:40:53] [config] model: /scratch/project_2011987/OpusDistillery/rules/../data/models/MA-test/mul-mul/model4_tiny_student/model.npz
[2025-06-11 13:40:53] [config] multi-loss-type: sum
[2025-06-11 13:40:53] [config] n-best: false
[2025-06-11 13:40:53] [config] no-nccl: false
[2025-06-11 13:40:53] [config] no-optimizer-reload: false
[2025-06-11 13:40:53] [config] no-reload: false
[2025-06-11 13:40:53] [config] no-restore-corpus: false
[2025-06-11 13:40:53] [config] no-spm-encode: false
[2025-06-11 13:40:53] [config] normalize: 1
[2025-06-11 13:40:53] [config] normalize-gradient: false
[2025-06-11 13:40:53] [config] normalize-gradient-by-ratio: false
[2025-06-11 13:40:53] [config] optimizer: adam
[2025-06-11 13:40:53] [config] optimizer-delay: 2
[2025-06-11 13:40:53] [config] optimizer-params:
[2025-06-11 13:40:53] [config]   - 0.9
[2025-06-11 13:40:53] [config]   - 0.98
[2025-06-11 13:40:53] [config]   - 1e-09
[2025-06-11 13:40:53] [config] output-omit-bias: false
[2025-06-11 13:40:53] [config] overwrite: true
[2025-06-11 13:40:53] [config] overwrite-checkpoint: true
[2025-06-11 13:40:53] [config] precision:
[2025-06-11 13:40:53] [config]   - float32
[2025-06-11 13:40:53] [config]   - float32
[2025-06-11 13:40:53] [config] pretrained-model: ""
[2025-06-11 13:40:53] [config] quantize-biases: false
[2025-06-11 13:40:53] [config] quantize-bits: 0
[2025-06-11 13:40:53] [config] quantize-log-based: false
[2025-06-11 13:40:53] [config] quantize-optimization-steps: 0
[2025-06-11 13:40:53] [config] quiet: false
[2025-06-11 13:40:53] [config] quiet-translation: true
[2025-06-11 13:40:53] [config] quiet-validation: false
[2025-06-11 13:40:53] [config] relative-paths: false
[2025-06-11 13:40:53] [config] right-left: false
[2025-06-11 13:40:53] [config] save-freq: 5000
[2025-06-11 13:40:53] [config] seed: 0
[2025-06-11 13:40:53] [config] sentencepiece-alphas:
[2025-06-11 13:40:53] [config]   []
[2025-06-11 13:40:53] [config] sentencepiece-max-lines: 2000000
[2025-06-11 13:40:53] [config] sentencepiece-options: ""
[2025-06-11 13:40:53] [config] separator-symbol: "[eos]"
[2025-06-11 13:40:53] [config] sharding: local
[2025-06-11 13:40:53] [config] shuffle: data
[2025-06-11 13:40:53] [config] shuffle-in-ram: true
[2025-06-11 13:40:53] [config] sigterm: save-and-exit
[2025-06-11 13:40:53] [config] skip: false
[2025-06-11 13:40:53] [config] sqlite: ""
[2025-06-11 13:40:53] [config] sqlite-drop: false
[2025-06-11 13:40:53] [config] sync-freq: 200u
[2025-06-11 13:40:53] [config] sync-sgd: true
[2025-06-11 13:40:53] [config] tempdir: /scratch/project_2011987/OpusDistillery/rules/../data/models/MA-test/mul-mul/model4_tiny_student/tmp
[2025-06-11 13:40:53] [config] throw-on-divergence:
[2025-06-11 13:40:53] [config]   []
[2025-06-11 13:40:53] [config] tied-embeddings: false
[2025-06-11 13:40:53] [config] tied-embeddings-all: true
[2025-06-11 13:40:53] [config] tied-embeddings-src: false
[2025-06-11 13:40:53] [config] train-embedder-rank:
[2025-06-11 13:40:53] [config]   []
[2025-06-11 13:40:53] [config] train-sets:
[2025-06-11 13:40:53] [config]   - /scratch/project_2011987/OpusDistillery/rules/../data/data/MA-test/mul-mul/filtered/corpus.source.gz
[2025-06-11 13:40:53] [config]   - /scratch/project_2011987/OpusDistillery/rules/../data/data/MA-test/mul-mul/filtered/corpus.target.gz
[2025-06-11 13:40:53] [config] transformer-aan-activation: swish
[2025-06-11 13:40:53] [config] transformer-aan-depth: 2
[2025-06-11 13:40:53] [config] transformer-aan-nogate: false
[2025-06-11 13:40:53] [config] transformer-alibi-shift: false
[2025-06-11 13:40:53] [config] transformer-alibi-trainable: false
[2025-06-11 13:40:53] [config] transformer-attention-mask: default
[2025-06-11 13:40:53] [config] transformer-decoder-autoreg: rnn
[2025-06-11 13:40:53] [config] transformer-decoder-dim-ffn: 0
[2025-06-11 13:40:53] [config] transformer-decoder-ffn-depth: 0
[2025-06-11 13:40:53] [config] transformer-depth-scaling: false
[2025-06-11 13:40:53] [config] transformer-dim-aan: 2048
[2025-06-11 13:40:53] [config] transformer-dim-ffn: 1536
[2025-06-11 13:40:53] [config] transformer-disable-position-embeddings: false
[2025-06-11 13:40:53] [config] transformer-dropout: 0
[2025-06-11 13:40:53] [config] transformer-dropout-attention: 0
[2025-06-11 13:40:53] [config] transformer-dropout-ffn: 0
[2025-06-11 13:40:53] [config] transformer-ffn-activation: relu
[2025-06-11 13:40:53] [config] transformer-ffn-depth: 2
[2025-06-11 13:40:53] [config] transformer-guided-alignment-layer: last
[2025-06-11 13:40:53] [config] transformer-heads: 8
[2025-06-11 13:40:53] [config] transformer-no-affine: false
[2025-06-11 13:40:53] [config] transformer-no-bias: false
[2025-06-11 13:40:53] [config] transformer-no-projection: false
[2025-06-11 13:40:53] [config] transformer-pool: false
[2025-06-11 13:40:53] [config] transformer-postprocess: dan
[2025-06-11 13:40:53] [config] transformer-postprocess-emb: d
[2025-06-11 13:40:53] [config] transformer-postprocess-top: ""
[2025-06-11 13:40:53] [config] transformer-preprocess: ""
[2025-06-11 13:40:53] [config] transformer-rnn-projection: false
[2025-06-11 13:40:53] [config] transformer-tied-layers:
[2025-06-11 13:40:53] [config]   []
[2025-06-11 13:40:53] [config] transformer-train-position-embeddings: false
[2025-06-11 13:40:53] [config] tsv: false
[2025-06-11 13:40:53] [config] tsv-fields: 0
[2025-06-11 13:40:53] [config] type: transformer
[2025-06-11 13:40:53] [config] ulr: false
[2025-06-11 13:40:53] [config] ulr-dim-emb: 0
[2025-06-11 13:40:53] [config] ulr-dropout: 0
[2025-06-11 13:40:53] [config] ulr-keys-vectors: ""
[2025-06-11 13:40:53] [config] ulr-query-vectors: ""
[2025-06-11 13:40:53] [config] ulr-softmax-temperature: 1
[2025-06-11 13:40:53] [config] ulr-trainable-transformation: false
[2025-06-11 13:40:53] [config] unlikelihood-loss: false
[2025-06-11 13:40:53] [config] valid-freq: 5000
[2025-06-11 13:40:53] [config] valid-log: /scratch/project_2011987/OpusDistillery/rules/../data/models/MA-test/mul-mul/model4_tiny_student/valid.log
[2025-06-11 13:40:53] [config] valid-max-length: 1000
[2025-06-11 13:40:53] [config] valid-metrics:
[2025-06-11 13:40:53] [config]   - perplexity
[2025-06-11 13:40:53] [config]   - chrf
[2025-06-11 13:40:53] [config]   - ce-mean-words
[2025-06-11 13:40:53] [config] valid-mini-batch: 64
[2025-06-11 13:40:53] [config] valid-reset-all: false
[2025-06-11 13:40:53] [config] valid-reset-stalled: false
[2025-06-11 13:40:53] [config] valid-script-args:
[2025-06-11 13:40:53] [config]   []
[2025-06-11 13:40:53] [config] valid-script-path: ""
[2025-06-11 13:40:53] [config] valid-sets:
[2025-06-11 13:40:53] [config]   - /scratch/project_2011987/OpusDistillery/rules/../data/data/MA-test/mul-mul/original/devset.student.source.gz
[2025-06-11 13:40:53] [config]   - /scratch/project_2011987/OpusDistillery/rules/../data/data/MA-test/mul-mul/original/devset.student.target.gz
[2025-06-11 13:40:53] [config] valid-translation-output: /scratch/project_2011987/OpusDistillery/rules/../data/models/MA-test/mul-mul/model4_tiny_student/valid_outputs/validation-output-after-{U}-updates-{E}-epochs.txt
[2025-06-11 13:40:53] [config] vocabs:
[2025-06-11 13:40:53] [config]   - /scratch/project_2011987/OpusDistillery/rules/../data/models/MA-test/mul-mul/vocab/vocab.spm
[2025-06-11 13:40:53] [config]   - /scratch/project_2011987/OpusDistillery/rules/../data/models/MA-test/mul-mul/vocab/vocab.spm
[2025-06-11 13:40:53] [config] word-penalty: 0
[2025-06-11 13:40:53] [config] word-scores: false
[2025-06-11 13:40:53] [config] workspace: 25000
[2025-06-11 13:40:53] [config] Model is being created with Marian v1.12.31 a6ab8af8 2024-06-27 15:21:08 +0000
[2025-06-11 13:40:53] Using synchronous SGD
[2025-06-11 13:40:53] [comm] Compiled without MPI support. Running as a single process on r02g07.bullx
[2025-06-11 13:40:53] Synced seed 1749638453
[2025-06-11 13:40:53] [data] Loading SentencePiece vocabulary from file /scratch/project_2011987/OpusDistillery/rules/../data/models/MA-test/mul-mul/vocab/vocab.spm
[2025-06-11 13:40:54] [data] Setting vocabulary size for input 0 to 32,000
[2025-06-11 13:40:54] [data] Loading SentencePiece vocabulary from file /scratch/project_2011987/OpusDistillery/rules/../data/models/MA-test/mul-mul/vocab/vocab.spm
[2025-06-11 13:40:54] [data] Setting vocabulary size for input 1 to 32,000
[2025-06-11 13:40:54] [batching] Collecting statistics for batch fitting with step size 10
[2025-06-11 13:40:56] [memory] Extending reserved space to 25088 MB (device gpu0)
[2025-06-11 13:41:01] [memory] Extending reserved space to 25088 MB (device gpu1)
[2025-06-11 13:41:01] [comm] Using NCCL 2.8.3 for GPU communication
[2025-06-11 13:41:01] [comm] Using global sharding
[2025-06-11 13:41:02] [comm] NCCLCommunicators constructed successfully
[2025-06-11 13:41:02] [training] Using 2 GPUs
[2025-06-11 13:41:03] [logits] Applying loss function for 1 factor(s)
[2025-06-11 13:41:03] [memory] Reserving 64 MB, device gpu0
[2025-06-11 13:41:12] [gpu] 16-bit TensorCores enabled for float32 matrix operations
[2025-06-11 13:41:12] [memory] Reserving 64 MB, device gpu0
[2025-06-11 13:42:02] [batching] Done. Typical MB size is 197,998 target words
[2025-06-11 13:42:02] [memory] Extending reserved space to 25088 MB (device gpu0)
[2025-06-11 13:42:02] [memory] Extending reserved space to 25088 MB (device gpu1)
[2025-06-11 13:42:03] [comm] Using NCCL 2.8.3 for GPU communication
[2025-06-11 13:42:03] [comm] Using global sharding
[2025-06-11 13:42:03] [comm] NCCLCommunicators constructed successfully
[2025-06-11 13:42:03] [training] Using 2 GPUs
[2025-06-11 13:42:03] Training started
[2025-06-11 13:42:03] [data] Shuffling data
[2025-06-11 13:42:35] [data] Done reading 30,682,309 sentences
[2025-06-11 13:42:36] [data] Done shuffling 30,682,309 sentences (cached in RAM)
[2025-06-11 13:42:46] [training] Batches are processed as 1 process(es) x 2 devices/process
[2025-06-11 13:42:46] [memory] Reserving 64 MB, device gpu1
[2025-06-11 13:42:46] [memory] Reserving 64 MB, device gpu0
[2025-06-11 13:42:46] [memory] Reserving 64 MB, device gpu0
[2025-06-11 13:42:46] [memory] Reserving 64 MB, device gpu1
[2025-06-11 13:42:48] Parameter type float32, optimization type float32, casting types false
[2025-06-11 13:42:48] Allocating memory for general optimizer shards
[2025-06-11 13:42:48] [memory] Reserving 32 MB, device gpu0
[2025-06-11 13:42:48] [memory] Reserving 32 MB, device gpu1
[2025-06-11 13:42:48] Allocating memory for Adam-specific shards
[2025-06-11 13:42:48] [memory] Reserving 64 MB, device gpu0
[2025-06-11 13:42:48] [memory] Reserving 64 MB, device gpu1
[2025-06-11 13:42:48] Ep. 1 : Up. 1 : Sen. 1,460 : Cost 10.87456894 : Time 46.17s : 2668.98 words/s : gNorm 6.2105 : L.r. 1.8750e-08
[2025-06-11 13:42:49] Ep. 1 : Up. 2 : Sen. 2,324 : Cost 10.82140446 : Time 1.02s : 79063.01 words/s : gNorm 5.9002 : L.r. 3.7500e-08
[2025-06-11 13:42:50] Ep. 1 : Up. 3 : Sen. 6,319 : Cost 10.87707710 : Time 1.01s : 153674.09 words/s : gNorm 5.8535 : L.r. 5.6250e-08
[2025-06-11 13:42:51] Ep. 1 : Up. 4 : Sen. 8,299 : Cost 10.85871315 : Time 1.05s : 118563.91 words/s : gNorm 5.9484 : L.r. 7.5000e-08
[2025-06-11 13:42:52] Ep. 1 : Up. 5 : Sen. 19,507 : Cost 10.92749691 : Time 1.17s : 105385.56 words/s : gNorm 6.2034 : L.r. 9.3750e-08
[2025-06-11 13:42:53] Ep. 1 : Up. 6 : Sen. 30,715 : Cost 10.93679905 : Time 0.75s : 135017.36 words/s : gNorm 6.5530 : L.r. 1.1250e-07
[2025-06-11 13:42:53] Ep. 1 : Up. 7 : Sen. 32,947 : Cost 10.84753227 : Time 0.36s : 226824.06 words/s : gNorm 6.3181 : L.r. 1.3125e-07
[2025-06-11 13:42:54] Ep. 1 : Up. 8 : Sen. 37,889 : Cost 10.82404804 : Time 0.48s : 300130.45 words/s : gNorm 6.1368 : L.r. 1.5000e-07
[2025-06-11 13:42:54] Ep. 1 : Up. 9 : Sen. 44,128 : Cost 10.89710426 : Time 0.35s : 287487.08 words/s : gNorm 6.1759 : L.r. 1.6875e-07
[2025-06-11 13:42:55] Ep. 1 : Up. 10 : Sen. 55,336 : Cost 10.93233871 : Time 0.45s : 249712.92 words/s : gNorm 6.3331 : L.r. 1.8750e-07
[2025-06-11 13:51:07] Ep. 1 : Up. 1000 : Sen. 6,314,165 : Cost 8.67057610 : Time 492.24s : 250191.14 words/s : gNorm 1.7349 : L.r. 1.8750e-05
[2025-06-11 13:59:20] Ep. 1 : Up. 2000 : Sen. 12,623,531 : Cost 6.36142683 : Time 493.53s : 250903.92 words/s : gNorm 2.2484 : L.r. 3.7500e-05
[2025-06-11 14:07:34] Ep. 1 : Up. 3000 : Sen. 18,867,647 : Cost 5.37455702 : Time 493.90s : 250896.54 words/s : gNorm 3.2271 : L.r. 5.6250e-05
[2025-06-11 14:15:52] Ep. 1 : Up. 4000 : Sen. 25,185,284 : Cost 4.35419083 : Time 497.84s : 249105.42 words/s : gNorm 4.5046 : L.r. 7.5000e-05
[2025-06-11 14:23:05] Seen 30,682,259 samples
[2025-06-11 14:23:05] Starting data epoch 2 in logical epoch 2
[2025-06-11 14:23:05] [data] Shuffling data
[2025-06-11 14:23:06] [data] Done shuffling 30,682,309 sentences (cached in RAM)
[2025-06-11 14:24:15] Ep. 2 : Up. 5000 : Sen. 742,836 : Cost 3.28252172 : Time 502.61s : 243905.83 words/s : gNorm 5.2134 : L.r. 9.3750e-05
[2025-06-11 14:24:15] Saving model weights and runtime parameters to /scratch/project_2011987/OpusDistillery/rules/../data/models/MA-test/mul-mul/model4_tiny_student/model.npz
[2025-06-11 14:24:16] Saving Adam parameters
[2025-06-11 14:24:17] [training] Saving training checkpoint to /scratch/project_2011987/OpusDistillery/rules/../data/models/MA-test/mul-mul/model4_tiny_student/model.npz and /scratch/project_2011987/OpusDistillery/rules/../data/models/MA-test/mul-mul/model4_tiny_student/model.npz.optimizer.npz
[2025-06-11 14:24:35] Saving model weights and runtime parameters to /scratch/project_2011987/OpusDistillery/rules/../data/models/MA-test/mul-mul/model4_tiny_student/model.npz.best-perplexity.npz
[2025-06-11 14:24:36] [valid] Ep. 2 : Up. 5000 : perplexity : 9.69982 : new best
[2025-06-11 14:24:36] [valid] First sentence's tokens as scored:
[2025-06-11 14:24:36] [valid] Decoding validation set with SentencePieceVocab for scoring
[2025-06-11 14:24:36] [valid]   Hyp: A s s o o n a s T o m o p e n e d t h e b a g , h e k n e w i t w a s n ' t h i s .
[2025-06-11 14:24:36] [valid]   Ref: A s s o o n a s T o m o p e n e d t h e b a g , h e k n e w i t w a s n ' t h i s .
[2025-06-11 14:24:39] [valid] References contain unknown word, metric scores may be inaccurate
[2025-06-11 14:27:42] Saving model weights and runtime parameters to /scratch/project_2011987/OpusDistillery/rules/../data/models/MA-test/mul-mul/model4_tiny_student/model.npz.best-chrf.npz
[2025-06-11 14:27:42] [valid] Ep. 2 : Up. 5000 : chrf : 50.7607 : new best
[2025-06-11 14:27:59] Saving model weights and runtime parameters to /scratch/project_2011987/OpusDistillery/rules/../data/models/MA-test/mul-mul/model4_tiny_student/model.npz.best-ce-mean-words.npz
[2025-06-11 14:27:59] [valid] Ep. 2 : Up. 5000 : ce-mean-words : 2.27211 : new best
[2025-06-11 14:36:17] Ep. 2 : Up. 6000 : Sen. 7,058,172 : Cost 2.56754971 : Time 722.63s : 172155.69 words/s : gNorm 4.4391 : L.r. 1.1250e-04
[2025-06-11 14:44:34] Ep. 2 : Up. 7000 : Sen. 13,334,794 : Cost 1.91846871 : Time 496.40s : 249261.55 words/s : gNorm 3.8313 : L.r. 1.3125e-04
[2025-06-11 14:52:50] Ep. 2 : Up. 8000 : Sen. 19,639,027 : Cost 1.48363924 : Time 496.35s : 249918.35 words/s : gNorm 2.6358 : L.r. 1.5000e-04
[2025-06-11 15:01:05] Ep. 2 : Up. 9000 : Sen. 25,920,414 : Cost 1.24161005 : Time 494.11s : 250553.78 words/s : gNorm 2.2124 : L.r. 1.6875e-04
[2025-06-11 15:07:16] Seen 30,682,259 samples
[2025-06-11 15:07:16] Starting data epoch 3 in logical epoch 3
[2025-06-11 15:07:16] [data] Shuffling data
[2025-06-11 15:07:18] [data] Done shuffling 30,682,309 sentences (cached in RAM)
[2025-06-11 15:09:28] Ep. 3 : Up. 10000 : Sen. 1,550,955 : Cost 1.06215405 : Time 502.98s : 245921.32 words/s : gNorm 1.9235 : L.r. 1.8750e-04
[2025-06-11 15:09:28] Saving model weights and runtime parameters to /scratch/project_2011987/OpusDistillery/rules/../data/models/MA-test/mul-mul/model4_tiny_student/model.npz
[2025-06-11 15:09:28] Saving Adam parameters
[2025-06-11 15:09:28] [training] Saving training checkpoint to /scratch/project_2011987/OpusDistillery/rules/../data/models/MA-test/mul-mul/model4_tiny_student/model.npz and /scratch/project_2011987/OpusDistillery/rules/../data/models/MA-test/mul-mul/model4_tiny_student/model.npz.optimizer.npz
[2025-06-11 15:09:46] Saving model weights and runtime parameters to /scratch/project_2011987/OpusDistillery/rules/../data/models/MA-test/mul-mul/model4_tiny_student/model.npz.best-perplexity.npz
[2025-06-11 15:09:46] [valid] Ep. 3 : Up. 10000 : perplexity : 4.47388 : new best
[2025-06-11 15:12:55] Saving model weights and runtime parameters to /scratch/project_2011987/OpusDistillery/rules/../data/models/MA-test/mul-mul/model4_tiny_student/model.npz.best-chrf.npz
[2025-06-11 15:12:55] [valid] Ep. 3 : Up. 10000 : chrf : 65.4544 : new best
[2025-06-11 15:13:13] Saving model weights and runtime parameters to /scratch/project_2011987/OpusDistillery/rules/../data/models/MA-test/mul-mul/model4_tiny_student/model.npz.best-ce-mean-words.npz
[2025-06-11 15:13:13] [valid] Ep. 3 : Up. 10000 : ce-mean-words : 1.49826 : new best
[2025-06-11 15:21:27] Ep. 3 : Up. 11000 : Sen. 7,822,174 : Cost 0.92950153 : Time 719.34s : 171924.29 words/s : gNorm 2.0181 : L.r. 2.0625e-04
[2025-06-11 15:29:47] Ep. 3 : Up. 12000 : Sen. 14,095,010 : Cost 0.83439016 : Time 500.05s : 248106.75 words/s : gNorm 1.2639 : L.r. 2.2500e-04
[2025-06-11 15:38:02] Ep. 3 : Up. 13000 : Sen. 20,398,432 : Cost 0.74329811 : Time 494.97s : 252065.15 words/s : gNorm 1.1128 : L.r. 2.4375e-04
[2025-06-11 15:46:16] Ep. 3 : Up. 14000 : Sen. 26,736,703 : Cost 0.67497885 : Time 494.28s : 250717.43 words/s : gNorm 1.1510 : L.r. 2.6250e-04
[2025-06-11 15:51:26] Seen 30,682,259 samples
[2025-06-11 15:51:26] Starting data epoch 4 in logical epoch 4
[2025-06-11 15:51:26] [data] Shuffling data
[2025-06-11 15:51:28] [data] Done shuffling 30,682,309 sentences (cached in RAM)
[2025-06-11 15:54:41] Ep. 4 : Up. 15000 : Sen. 2,318,963 : Cost 0.62831491 : Time 504.98s : 244844.91 words/s : gNorm 0.9938 : L.r. 2.8125e-04
[2025-06-11 15:54:41] Saving model weights and runtime parameters to /scratch/project_2011987/OpusDistillery/rules/../data/models/MA-test/mul-mul/model4_tiny_student/model.npz
[2025-06-11 15:54:42] Saving Adam parameters
[2025-06-11 15:54:43] [training] Saving training checkpoint to /scratch/project_2011987/OpusDistillery/rules/../data/models/MA-test/mul-mul/model4_tiny_student/model.npz and /scratch/project_2011987/OpusDistillery/rules/../data/models/MA-test/mul-mul/model4_tiny_student/model.npz.optimizer.npz
[2025-06-11 15:55:02] Saving model weights and runtime parameters to /scratch/project_2011987/OpusDistillery/rules/../data/models/MA-test/mul-mul/model4_tiny_student/model.npz.best-perplexity.npz
[2025-06-11 15:55:02] [valid] Ep. 4 : Up. 15000 : perplexity : 3.54682 : new best
[2025-06-11 15:58:12] Saving model weights and runtime parameters to /scratch/project_2011987/OpusDistillery/rules/../data/models/MA-test/mul-mul/model4_tiny_student/model.npz.best-chrf.npz
[2025-06-11 15:58:12] [valid] Ep. 4 : Up. 15000 : chrf : 68.9081 : new best
[2025-06-11 15:58:30] Saving model weights and runtime parameters to /scratch/project_2011987/OpusDistillery/rules/../data/models/MA-test/mul-mul/model4_tiny_student/model.npz.best-ce-mean-words.npz
[2025-06-11 15:58:30] [valid] Ep. 4 : Up. 15000 : ce-mean-words : 1.26605 : new best
[2025-06-11 16:06:40] Ep. 4 : Up. 16000 : Sen. 8,572,539 : Cost 0.58639944 : Time 718.39s : 171462.43 words/s : gNorm 0.7422 : L.r. 3.0000e-04
[2025-06-11 16:14:55] Ep. 4 : Up. 17000 : Sen. 14,865,448 : Cost 0.54557377 : Time 495.84s : 249813.25 words/s : gNorm 0.6490 : L.r. 3.0000e-04
[2025-06-11 16:23:13] Ep. 4 : Up. 18000 : Sen. 21,209,910 : Cost 0.51537192 : Time 497.68s : 249588.28 words/s : gNorm 0.5976 : L.r. 3.0000e-04
[2025-06-11 16:31:24] Ep. 4 : Up. 19000 : Sen. 27,380,355 : Cost 0.48880476 : Time 490.92s : 250676.88 words/s : gNorm 0.5399 : L.r. 3.0000e-04
[2025-06-11 16:35:36] Seen 30,682,259 samples
[2025-06-11 16:35:36] Starting data epoch 5 in logical epoch 5
[2025-06-11 16:35:36] [data] Shuffling data
[2025-06-11 16:35:37] [data] Done shuffling 30,682,309 sentences (cached in RAM)
[2025-06-11 16:39:42] Ep. 5 : Up. 20000 : Sen. 2,992,643 : Cost 0.46081895 : Time 498.03s : 247457.33 words/s : gNorm 0.4903 : L.r. 3.0000e-04
[2025-06-11 16:39:42] Saving model weights and runtime parameters to /scratch/project_2011987/OpusDistillery/rules/../data/models/MA-test/mul-mul/model4_tiny_student/model.npz
[2025-06-11 16:39:42] Saving Adam parameters
[2025-06-11 16:39:43] [training] Saving training checkpoint to /scratch/project_2011987/OpusDistillery/rules/../data/models/MA-test/mul-mul/model4_tiny_student/model.npz and /scratch/project_2011987/OpusDistillery/rules/../data/models/MA-test/mul-mul/model4_tiny_student/model.npz.optimizer.npz
[2025-06-11 16:40:00] Saving model weights and runtime parameters to /scratch/project_2011987/OpusDistillery/rules/../data/models/MA-test/mul-mul/model4_tiny_student/model.npz.best-perplexity.npz
[2025-06-11 16:40:01] [valid] Ep. 5 : Up. 20000 : perplexity : 3.12981 : new best
[2025-06-11 16:43:09] Saving model weights and runtime parameters to /scratch/project_2011987/OpusDistillery/rules/../data/models/MA-test/mul-mul/model4_tiny_student/model.npz.best-chrf.npz
[2025-06-11 16:43:09] [valid] Ep. 5 : Up. 20000 : chrf : 71.0756 : new best
[2025-06-11 16:43:27] Saving model weights and runtime parameters to /scratch/project_2011987/OpusDistillery/rules/../data/models/MA-test/mul-mul/model4_tiny_student/model.npz.best-ce-mean-words.npz
[2025-06-11 16:43:27] [valid] Ep. 5 : Up. 20000 : ce-mean-words : 1.14097 : new best
[2025-06-11 16:51:44] Ep. 5 : Up. 21000 : Sen. 9,315,175 : Cost 0.44300210 : Time 721.66s : 172331.14 words/s : gNorm 0.5209 : L.r. 3.0000e-04
[2025-06-11 16:59:59] Ep. 5 : Up. 22000 : Sen. 15,600,932 : Cost 0.43011066 : Time 495.37s : 250633.62 words/s : gNorm 0.4694 : L.r. 3.0000e-04
[2025-06-11 17:08:13] Ep. 5 : Up. 23000 : Sen. 21,889,999 : Cost 0.41509211 : Time 494.39s : 250202.47 words/s : gNorm 0.4260 : L.r. 3.0000e-04
[2025-06-11 17:16:30] Ep. 5 : Up. 24000 : Sen. 28,193,700 : Cost 0.40445808 : Time 496.30s : 249905.23 words/s : gNorm 0.4455 : L.r. 3.0000e-04
[2025-06-11 17:19:41] Seen 30,682,259 samples
[2025-06-11 17:19:41] Starting data epoch 6 in logical epoch 6
[2025-06-11 17:19:41] [data] Shuffling data
[2025-06-11 17:19:42] [data] Done shuffling 30,682,309 sentences (cached in RAM)
[2025-06-11 17:24:55] Ep. 6 : Up. 25000 : Sen. 3,738,386 : Cost 0.39184099 : Time 504.78s : 244197.23 words/s : gNorm 0.4234 : L.r. 3.0000e-04
[2025-06-11 17:24:55] Saving model weights and runtime parameters to /scratch/project_2011987/OpusDistillery/rules/../data/models/MA-test/mul-mul/model4_tiny_student/model.npz
[2025-06-11 17:24:56] Saving Adam parameters
[2025-06-11 17:24:56] [training] Saving training checkpoint to /scratch/project_2011987/OpusDistillery/rules/../data/models/MA-test/mul-mul/model4_tiny_student/model.npz and /scratch/project_2011987/OpusDistillery/rules/../data/models/MA-test/mul-mul/model4_tiny_student/model.npz.optimizer.npz
[2025-06-11 17:25:15] Saving model weights and runtime parameters to /scratch/project_2011987/OpusDistillery/rules/../data/models/MA-test/mul-mul/model4_tiny_student/model.npz.best-perplexity.npz
[2025-06-11 17:25:16] [valid] Ep. 6 : Up. 25000 : perplexity : 2.99146 : new best
[2025-06-11 17:28:24] Saving model weights and runtime parameters to /scratch/project_2011987/OpusDistillery/rules/../data/models/MA-test/mul-mul/model4_tiny_student/model.npz.best-chrf.npz
[2025-06-11 17:28:24] [valid] Ep. 6 : Up. 25000 : chrf : 71.7287 : new best
[2025-06-11 17:28:42] Saving model weights and runtime parameters to /scratch/project_2011987/OpusDistillery/rules/../data/models/MA-test/mul-mul/model4_tiny_student/model.npz.best-ce-mean-words.npz
[2025-06-11 17:28:42] [valid] Ep. 6 : Up. 25000 : ce-mean-words : 1.09576 : new best
[2025-06-11 17:36:59] Ep. 6 : Up. 26000 : Sen. 10,063,098 : Cost 0.38388941 : Time 723.90s : 171572.22 words/s : gNorm 0.4513 : L.r. 3.0000e-04
[2025-06-11 17:45:13] Ep. 6 : Up. 27000 : Sen. 16,409,879 : Cost 0.37503976 : Time 494.28s : 250910.62 words/s : gNorm 0.4048 : L.r. 3.0000e-04
[2025-06-11 17:53:27] Ep. 6 : Up. 28000 : Sen. 22,662,572 : Cost 0.36930764 : Time 494.08s : 251000.27 words/s : gNorm 0.3521 : L.r. 3.0000e-04
[2025-06-11 18:01:39] Ep. 6 : Up. 29000 : Sen. 28,950,266 : Cost 0.36392459 : Time 492.35s : 251367.59 words/s : gNorm 0.4418 : L.r. 3.0000e-04
[2025-06-11 18:03:53] Seen 30,682,259 samples
[2025-06-11 18:03:53] Starting data epoch 7 in logical epoch 7
[2025-06-11 18:03:53] [data] Shuffling data
[2025-06-11 18:03:55] [data] Done shuffling 30,682,309 sentences (cached in RAM)
[2025-06-11 18:10:03] Ep. 7 : Up. 30000 : Sen. 4,546,686 : Cost 0.35287905 : Time 504.09s : 245521.38 words/s : gNorm 0.3924 : L.r. 3.0000e-04
[2025-06-11 18:10:03] Saving model weights and runtime parameters to /scratch/project_2011987/OpusDistillery/rules/../data/models/MA-test/mul-mul/model4_tiny_student/model.npz
[2025-06-11 18:10:04] Saving Adam parameters
[2025-06-11 18:10:04] [training] Saving training checkpoint to /scratch/project_2011987/OpusDistillery/rules/../data/models/MA-test/mul-mul/model4_tiny_student/model.npz and /scratch/project_2011987/OpusDistillery/rules/../data/models/MA-test/mul-mul/model4_tiny_student/model.npz.optimizer.npz
[2025-06-11 18:10:22] Saving model weights and runtime parameters to /scratch/project_2011987/OpusDistillery/rules/../data/models/MA-test/mul-mul/model4_tiny_student/model.npz.best-perplexity.npz
[2025-06-11 18:10:22] [valid] Ep. 7 : Up. 30000 : perplexity : 2.93917 : new best
[2025-06-11 18:13:32] Saving model weights and runtime parameters to /scratch/project_2011987/OpusDistillery/rules/../data/models/MA-test/mul-mul/model4_tiny_student/model.npz.best-chrf.npz
[2025-06-11 18:13:32] [valid] Ep. 7 : Up. 30000 : chrf : 72.227 : new best
[2025-06-11 18:13:49] Saving model weights and runtime parameters to /scratch/project_2011987/OpusDistillery/rules/../data/models/MA-test/mul-mul/model4_tiny_student/model.npz.best-ce-mean-words.npz
[2025-06-11 18:13:49] [valid] Ep. 7 : Up. 30000 : ce-mean-words : 1.07813 : new best
[2025-06-11 18:22:03] Ep. 7 : Up. 31000 : Sen. 10,812,878 : Cost 0.35072255 : Time 719.42s : 171616.07 words/s : gNorm 0.3778 : L.r. 3.0000e-04
[2025-06-11 18:30:21] Ep. 7 : Up. 32000 : Sen. 17,112,492 : Cost 0.34581539 : Time 498.21s : 248874.22 words/s : gNorm 0.3311 : L.r. 3.0000e-04
[2025-06-11 18:38:35] Ep. 7 : Up. 33000 : Sen. 23,475,400 : Cost 0.34172001 : Time 493.93s : 251363.58 words/s : gNorm 0.3274 : L.r. 2.9542e-04
[2025-06-11 18:46:47] Ep. 7 : Up. 34000 : Sen. 29,751,258 : Cost 0.33712775 : Time 492.49s : 252113.51 words/s : gNorm 0.3569 : L.r. 2.9104e-04
[2025-06-11 18:48:05] Seen 30,682,259 samples
[2025-06-11 18:48:05] Starting data epoch 8 in logical epoch 8
[2025-06-11 18:48:05] [data] Shuffling data
[2025-06-11 18:48:06] [data] Done shuffling 30,682,309 sentences (cached in RAM)
[2025-06-11 18:55:15] Ep. 8 : Up. 35000 : Sen. 5,321,219 : Cost 0.32682171 : Time 507.39s : 243088.85 words/s : gNorm 0.3185 : L.r. 2.8685e-04
[2025-06-11 18:55:15] Saving model weights and runtime parameters to /scratch/project_2011987/OpusDistillery/rules/../data/models/MA-test/mul-mul/model4_tiny_student/model.npz
[2025-06-11 18:55:16] Saving Adam parameters
[2025-06-11 18:55:16] [training] Saving training checkpoint to /scratch/project_2011987/OpusDistillery/rules/../data/models/MA-test/mul-mul/model4_tiny_student/model.npz and /scratch/project_2011987/OpusDistillery/rules/../data/models/MA-test/mul-mul/model4_tiny_student/model.npz.optimizer.npz
[2025-06-11 18:55:34] Saving model weights and runtime parameters to /scratch/project_2011987/OpusDistillery/rules/../data/models/MA-test/mul-mul/model4_tiny_student/model.npz.best-perplexity.npz
[2025-06-11 18:55:34] [valid] Ep. 8 : Up. 35000 : perplexity : 2.84294 : new best
[2025-06-11 18:58:43] Saving model weights and runtime parameters to /scratch/project_2011987/OpusDistillery/rules/../data/models/MA-test/mul-mul/model4_tiny_student/model.npz.best-chrf.npz
[2025-06-11 18:58:43] [valid] Ep. 8 : Up. 35000 : chrf : 72.5325 : new best
[2025-06-11 18:59:01] Saving model weights and runtime parameters to /scratch/project_2011987/OpusDistillery/rules/../data/models/MA-test/mul-mul/model4_tiny_student/model.npz.best-ce-mean-words.npz
[2025-06-11 18:59:01] [valid] Ep. 8 : Up. 35000 : ce-mean-words : 1.04484 : new best
[2025-06-11 19:07:16] Ep. 8 : Up. 36000 : Sen. 11,644,377 : Cost 0.32601780 : Time 721.22s : 172687.68 words/s : gNorm 0.3351 : L.r. 2.8284e-04
[2025-06-11 19:15:28] Ep. 8 : Up. 37000 : Sen. 17,932,486 : Cost 0.32415727 : Time 491.58s : 252113.42 words/s : gNorm 0.3170 : L.r. 2.7899e-04
[2025-06-11 19:23:49] Ep. 8 : Up. 38000 : Sen. 24,239,341 : Cost 0.32235852 : Time 501.00s : 248872.04 words/s : gNorm 0.3274 : L.r. 2.7530e-04
[2025-06-11 19:31:56] Ep. 8 : Up. 39000 : Sen. 30,530,106 : Cost 0.31840035 : Time 487.38s : 253483.84 words/s : gNorm 0.3099 : L.r. 2.7175e-04
[2025-06-11 19:32:08] Seen 30,682,259 samples
[2025-06-11 19:32:08] Starting data epoch 9 in logical epoch 9
[2025-06-11 19:32:08] [data] Shuffling data
[2025-06-11 19:32:10] [data] Done shuffling 30,682,309 sentences (cached in RAM)
[2025-06-11 19:40:23] Ep. 9 : Up. 40000 : Sen. 6,139,135 : Cost 0.30986977 : Time 507.36s : 244543.47 words/s : gNorm 0.2797 : L.r. 2.6833e-04
[2025-06-11 19:40:23] Saving model weights and runtime parameters to /scratch/project_2011987/OpusDistillery/rules/../data/models/MA-test/mul-mul/model4_tiny_student/model.npz
[2025-06-11 19:40:24] Saving Adam parameters
[2025-06-11 19:40:25] [training] Saving training checkpoint to /scratch/project_2011987/OpusDistillery/rules/../data/models/MA-test/mul-mul/model4_tiny_student/model.npz and /scratch/project_2011987/OpusDistillery/rules/../data/models/MA-test/mul-mul/model4_tiny_student/model.npz.optimizer.npz
[2025-06-11 19:40:43] Saving model weights and runtime parameters to /scratch/project_2011987/OpusDistillery/rules/../data/models/MA-test/mul-mul/model4_tiny_student/model.npz.best-perplexity.npz
[2025-06-11 19:40:43] [valid] Ep. 9 : Up. 40000 : perplexity : 2.81669 : new best
[2025-06-11 19:43:51] [valid] Ep. 9 : Up. 40000 : chrf : 72.5036 : stalled 1 times (last best: 72.5325)
[2025-06-11 19:44:08] Saving model weights and runtime parameters to /scratch/project_2011987/OpusDistillery/rules/../data/models/MA-test/mul-mul/model4_tiny_student/model.npz.best-ce-mean-words.npz
[2025-06-11 19:44:09] [valid] Ep. 9 : Up. 40000 : ce-mean-words : 1.03556 : new best
[2025-06-11 19:52:21] Ep. 9 : Up. 41000 : Sen. 12,441,124 : Cost 0.30760041 : Time 717.27s : 172414.27 words/s : gNorm 0.3083 : L.r. 2.6504e-04
[2025-06-11 20:00:38] Ep. 9 : Up. 42000 : Sen. 18,700,952 : Cost 0.30853114 : Time 496.84s : 251164.27 words/s : gNorm 0.3131 : L.r. 2.6186e-04
[2025-06-11 20:08:54] Ep. 9 : Up. 43000 : Sen. 25,054,365 : Cost 0.30682582 : Time 496.05s : 249729.15 words/s : gNorm 0.2906 : L.r. 2.5880e-04
[2025-06-11 20:16:14] Seen 30,682,259 samples
[2025-06-11 20:16:15] Starting data epoch 10 in logical epoch 10
[2025-06-11 20:16:15] [data] Shuffling data
[2025-06-11 20:16:16] [data] Done shuffling 30,682,309 sentences (cached in RAM)
[2025-06-11 20:17:15] Ep. 10 : Up. 44000 : Sen. 612,397 : Cost 0.30597055 : Time 501.04s : 244703.93 words/s : gNorm 0.3048 : L.r. 2.5584e-04
[2025-06-11 20:25:31] Ep. 10 : Up. 45000 : Sen. 6,930,004 : Cost 0.29714993 : Time 495.88s : 250966.23 words/s : gNorm 0.2897 : L.r. 2.5298e-04
[2025-06-11 20:25:31] Saving model weights and runtime parameters to /scratch/project_2011987/OpusDistillery/rules/../data/models/MA-test/mul-mul/model4_tiny_student/model.npz
[2025-06-11 20:25:31] Saving Adam parameters
[2025-06-11 20:25:32] [training] Saving training checkpoint to /scratch/project_2011987/OpusDistillery/rules/../data/models/MA-test/mul-mul/model4_tiny_student/model.npz and /scratch/project_2011987/OpusDistillery/rules/../data/models/MA-test/mul-mul/model4_tiny_student/model.npz.optimizer.npz
[2025-06-11 20:25:50] Saving model weights and runtime parameters to /scratch/project_2011987/OpusDistillery/rules/../data/models/MA-test/mul-mul/model4_tiny_student/model.npz.best-perplexity.npz
[2025-06-11 20:25:50] [valid] Ep. 10 : Up. 45000 : perplexity : 2.781 : new best
[2025-06-11 20:28:59] Saving model weights and runtime parameters to /scratch/project_2011987/OpusDistillery/rules/../data/models/MA-test/mul-mul/model4_tiny_student/model.npz.best-chrf.npz
[2025-06-11 20:28:59] [valid] Ep. 10 : Up. 45000 : chrf : 72.6641 : new best
[2025-06-11 20:29:16] Saving model weights and runtime parameters to /scratch/project_2011987/OpusDistillery/rules/../data/models/MA-test/mul-mul/model4_tiny_student/model.npz.best-ce-mean-words.npz
[2025-06-11 20:29:17] [valid] Ep. 10 : Up. 45000 : ce-mean-words : 1.02281 : new best
[2025-06-11 20:37:33] Ep. 10 : Up. 46000 : Sen. 13,226,270 : Cost 0.29784775 : Time 722.42s : 172134.62 words/s : gNorm 0.2942 : L.r. 2.5022e-04
[2025-06-11 20:45:48] Ep. 10 : Up. 47000 : Sen. 19,465,499 : Cost 0.29704598 : Time 494.55s : 249727.62 words/s : gNorm 0.2780 : L.r. 2.4754e-04
[2025-06-11 20:54:01] Ep. 10 : Up. 48000 : Sen. 25,781,154 : Cost 0.29550421 : Time 493.06s : 251852.83 words/s : gNorm 0.3090 : L.r. 2.4495e-04
[2025-06-11 21:00:22] Seen 30,682,259 samples
[2025-06-11 21:00:22] Starting data epoch 11 in logical epoch 11
[2025-06-11 21:00:22] [data] Shuffling data
[2025-06-11 21:00:23] [data] Done shuffling 30,682,309 sentences (cached in RAM)
[2025-06-11 21:02:25] Ep. 11 : Up. 49000 : Sen. 1,434,249 : Cost 0.29263514 : Time 504.00s : 245064.71 words/s : gNorm 0.3089 : L.r. 2.4244e-04
[2025-06-11 21:10:37] Ep. 11 : Up. 50000 : Sen. 7,724,473 : Cost 0.28596303 : Time 492.84s : 251377.16 words/s : gNorm 0.2837 : L.r. 2.4000e-04
[2025-06-11 21:10:37] Saving model weights and runtime parameters to /scratch/project_2011987/OpusDistillery/rules/../data/models/MA-test/mul-mul/model4_tiny_student/model.npz
[2025-06-11 21:10:38] Saving Adam parameters
[2025-06-11 21:10:38] [training] Saving training checkpoint to /scratch/project_2011987/OpusDistillery/rules/../data/models/MA-test/mul-mul/model4_tiny_student/model.npz and /scratch/project_2011987/OpusDistillery/rules/../data/models/MA-test/mul-mul/model4_tiny_student/model.npz.optimizer.npz
[2025-06-11 21:10:56] Saving model weights and runtime parameters to /scratch/project_2011987/OpusDistillery/rules/../data/models/MA-test/mul-mul/model4_tiny_student/model.npz.best-perplexity.npz
[2025-06-11 21:10:56] [valid] Ep. 11 : Up. 50000 : perplexity : 2.7557 : new best
[2025-06-11 21:14:05] Saving model weights and runtime parameters to /scratch/project_2011987/OpusDistillery/rules/../data/models/MA-test/mul-mul/model4_tiny_student/model.npz.best-chrf.npz
[2025-06-11 21:14:05] [valid] Ep. 11 : Up. 50000 : chrf : 72.9337 : new best
[2025-06-11 21:14:23] Saving model weights and runtime parameters to /scratch/project_2011987/OpusDistillery/rules/../data/models/MA-test/mul-mul/model4_tiny_student/model.npz.best-ce-mean-words.npz
[2025-06-11 21:14:23] [valid] Ep. 11 : Up. 50000 : ce-mean-words : 1.01367 : new best
[2025-06-11 21:22:37] Ep. 11 : Up. 51000 : Sen. 14,005,407 : Cost 0.28863978 : Time 719.99s : 172837.51 words/s : gNorm 0.2855 : L.r. 2.3764e-04
[2025-06-11 21:30:55] Ep. 11 : Up. 52000 : Sen. 20,357,944 : Cost 0.28587139 : Time 497.81s : 250495.69 words/s : gNorm 0.2614 : L.r. 2.3534e-04
[2025-06-11 21:39:09] Ep. 11 : Up. 53000 : Sen. 26,563,703 : Cost 0.29044363 : Time 493.52s : 249252.74 words/s : gNorm 0.3094 : L.r. 2.3311e-04
[2025-06-11 21:44:26] Seen 30,682,259 samples
[2025-06-11 21:44:26] Starting data epoch 12 in logical epoch 12
[2025-06-11 21:44:26] [data] Shuffling data
[2025-06-11 21:44:28] [data] Done shuffling 30,682,309 sentences (cached in RAM)
[2025-06-11 21:47:32] Ep. 12 : Up. 54000 : Sen. 2,207,448 : Cost 0.28245574 : Time 503.19s : 245968.49 words/s : gNorm 0.2766 : L.r. 2.3094e-04
[2025-06-11 21:55:44] Ep. 12 : Up. 55000 : Sen. 8,412,467 : Cost 0.28001845 : Time 492.09s : 251351.71 words/s : gNorm 0.2642 : L.r. 2.2883e-04
[2025-06-11 21:55:44] Saving model weights and runtime parameters to /scratch/project_2011987/OpusDistillery/rules/../data/models/MA-test/mul-mul/model4_tiny_student/model.npz
[2025-06-11 21:55:44] Saving Adam parameters
[2025-06-11 21:55:45] [training] Saving training checkpoint to /scratch/project_2011987/OpusDistillery/rules/../data/models/MA-test/mul-mul/model4_tiny_student/model.npz and /scratch/project_2011987/OpusDistillery/rules/../data/models/MA-test/mul-mul/model4_tiny_student/model.npz.optimizer.npz
[2025-06-11 21:56:03] Saving model weights and runtime parameters to /scratch/project_2011987/OpusDistillery/rules/../data/models/MA-test/mul-mul/model4_tiny_student/model.npz.best-perplexity.npz
[2025-06-11 21:56:03] [valid] Ep. 12 : Up. 55000 : perplexity : 2.70894 : new best
[2025-06-11 21:59:11] Saving model weights and runtime parameters to /scratch/project_2011987/OpusDistillery/rules/../data/models/MA-test/mul-mul/model4_tiny_student/model.npz.best-chrf.npz
[2025-06-11 21:59:11] [valid] Ep. 12 : Up. 55000 : chrf : 73.0375 : new best
[2025-06-11 21:59:29] Saving model weights and runtime parameters to /scratch/project_2011987/OpusDistillery/rules/../data/models/MA-test/mul-mul/model4_tiny_student/model.npz.best-ce-mean-words.npz
[2025-06-11 21:59:29] [valid] Ep. 12 : Up. 55000 : ce-mean-words : 0.996558 : new best
[2025-06-11 22:07:43] Ep. 12 : Up. 56000 : Sen. 14,789,362 : Cost 0.28100562 : Time 719.18s : 172432.53 words/s : gNorm 0.2576 : L.r. 2.2678e-04
[2025-06-11 22:16:00] Ep. 12 : Up. 57000 : Sen. 21,040,647 : Cost 0.27987158 : Time 496.24s : 249269.84 words/s : gNorm 0.2489 : L.r. 2.2478e-04
[2025-06-11 22:24:18] Ep. 12 : Up. 58000 : Sen. 27,394,485 : Cost 0.28013492 : Time 498.65s : 249905.70 words/s : gNorm 0.2667 : L.r. 2.2283e-04
[2025-06-11 22:28:35] Seen 30,682,259 samples
[2025-06-11 22:28:35] Starting data epoch 13 in logical epoch 13
[2025-06-11 22:28:35] [data] Shuffling data
[2025-06-11 22:28:36] [data] Done shuffling 30,682,309 sentences (cached in RAM)
[2025-06-11 22:32:36] Ep. 13 : Up. 59000 : Sen. 2,952,167 : Cost 0.27675292 : Time 498.19s : 247150.39 words/s : gNorm 0.2452 : L.r. 2.2094e-04
[2025-06-11 22:40:52] Ep. 13 : Up. 60000 : Sen. 9,254,351 : Cost 0.27379382 : Time 495.94s : 250403.92 words/s : gNorm 0.3101 : L.r. 2.1909e-04
[2025-06-11 22:40:53] Saving model weights and runtime parameters to /scratch/project_2011987/OpusDistillery/rules/../data/models/MA-test/mul-mul/model4_tiny_student/model.npz
[2025-06-11 22:40:53] Saving Adam parameters
[2025-06-11 22:40:54] [training] Saving training checkpoint to /scratch/project_2011987/OpusDistillery/rules/../data/models/MA-test/mul-mul/model4_tiny_student/model.npz and /scratch/project_2011987/OpusDistillery/rules/../data/models/MA-test/mul-mul/model4_tiny_student/model.npz.optimizer.npz
[2025-06-11 22:41:12] Saving model weights and runtime parameters to /scratch/project_2011987/OpusDistillery/rules/../data/models/MA-test/mul-mul/model4_tiny_student/model.npz.best-perplexity.npz
[2025-06-11 22:41:12] [valid] Ep. 13 : Up. 60000 : perplexity : 2.6748 : new best
[2025-06-11 22:44:21] [valid] Ep. 13 : Up. 60000 : chrf : 72.8778 : stalled 1 times (last best: 73.0375)
[2025-06-11 22:44:38] Saving model weights and runtime parameters to /scratch/project_2011987/OpusDistillery/rules/../data/models/MA-test/mul-mul/model4_tiny_student/model.npz.best-ce-mean-words.npz
[2025-06-11 22:44:38] [valid] Ep. 13 : Up. 60000 : ce-mean-words : 0.983876 : new best
[2025-06-11 22:52:48] Ep. 13 : Up. 61000 : Sen. 15,527,701 : Cost 0.27401584 : Time 715.93s : 172846.07 words/s : gNorm 0.2448 : L.r. 2.1729e-04
[2025-06-11 23:01:02] Ep. 13 : Up. 62000 : Sen. 21,827,270 : Cost 0.27546480 : Time 494.01s : 250950.83 words/s : gNorm 0.2779 : L.r. 2.1553e-04
[2025-06-11 23:09:21] Ep. 13 : Up. 63000 : Sen. 28,183,715 : Cost 0.27418229 : Time 498.91s : 249786.59 words/s : gNorm 0.2736 : L.r. 2.1381e-04
[2025-06-11 23:12:35] Seen 30,682,259 samples
[2025-06-11 23:12:35] Starting data epoch 14 in logical epoch 14
[2025-06-11 23:12:35] [data] Shuffling data
[2025-06-11 23:12:37] [data] Done shuffling 30,682,309 sentences (cached in RAM)
[2025-06-11 23:17:40] Ep. 14 : Up. 64000 : Sen. 3,725,768 : Cost 0.27042899 : Time 498.87s : 246857.83 words/s : gNorm 0.3454 : L.r. 2.1213e-04
[2025-06-11 23:25:52] Ep. 14 : Up. 65000 : Sen. 10,002,942 : Cost 0.26845485 : Time 491.51s : 251573.75 words/s : gNorm 0.2661 : L.r. 2.1049e-04
[2025-06-11 23:25:52] Saving model weights and runtime parameters to /scratch/project_2011987/OpusDistillery/rules/../data/models/MA-test/mul-mul/model4_tiny_student/model.npz
[2025-06-11 23:25:52] Saving Adam parameters
[2025-06-11 23:25:53] [training] Saving training checkpoint to /scratch/project_2011987/OpusDistillery/rules/../data/models/MA-test/mul-mul/model4_tiny_student/model.npz and /scratch/project_2011987/OpusDistillery/rules/../data/models/MA-test/mul-mul/model4_tiny_student/model.npz.optimizer.npz
[2025-06-11 23:26:15] [valid] Ep. 14 : Up. 65000 : perplexity : 2.75419 : stalled 1 times (last best: 2.6748)
[2025-06-11 23:29:24] [valid] Ep. 14 : Up. 65000 : chrf : 73.0126 : stalled 2 times (last best: 73.0375)
[2025-06-11 23:29:42] [valid] Ep. 14 : Up. 65000 : ce-mean-words : 1.01312 : stalled 1 times (last best: 0.983876)
[2025-06-11 23:37:55] Ep. 14 : Up. 66000 : Sen. 16,292,345 : Cost 0.27043608 : Time 723.24s : 170923.06 words/s : gNorm 0.2660 : L.r. 2.0889e-04
[2025-06-11 23:46:09] Ep. 14 : Up. 67000 : Sen. 22,579,906 : Cost 0.27029741 : Time 494.09s : 251051.98 words/s : gNorm 0.3137 : L.r. 2.0733e-04
[2025-06-11 23:54:25] Ep. 14 : Up. 68000 : Sen. 28,873,982 : Cost 0.26807824 : Time 496.04s : 250419.34 words/s : gNorm 0.2549 : L.r. 2.0580e-04
[2025-06-11 23:56:44] Seen 30,682,259 samples
[2025-06-11 23:56:44] Starting data epoch 15 in logical epoch 15
[2025-06-11 23:56:44] [data] Shuffling data
[2025-06-11 23:56:46] [data] Done shuffling 30,682,309 sentences (cached in RAM)
[2025-06-12 00:02:47] Ep. 15 : Up. 69000 : Sen. 4,474,531 : Cost 0.26324233 : Time 502.19s : 245416.56 words/s : gNorm 0.2327 : L.r. 2.0430e-04
[2025-06-12 00:10:58] Ep. 15 : Up. 70000 : Sen. 10,700,688 : Cost 0.26649216 : Time 490.80s : 251507.48 words/s : gNorm 0.2748 : L.r. 2.0284e-04
[2025-06-12 00:10:58] Saving model weights and runtime parameters to /scratch/project_2011987/OpusDistillery/rules/../data/models/MA-test/mul-mul/model4_tiny_student/model.npz
[2025-06-12 00:10:59] Saving Adam parameters
[2025-06-12 00:10:59] [training] Saving training checkpoint to /scratch/project_2011987/OpusDistillery/rules/../data/models/MA-test/mul-mul/model4_tiny_student/model.npz and /scratch/project_2011987/OpusDistillery/rules/../data/models/MA-test/mul-mul/model4_tiny_student/model.npz.optimizer.npz
[2025-06-12 00:11:18] [valid] Ep. 15 : Up. 70000 : perplexity : 2.71537 : stalled 2 times (last best: 2.6748)
[2025-06-12 00:14:27] Saving model weights and runtime parameters to /scratch/project_2011987/OpusDistillery/rules/../data/models/MA-test/mul-mul/model4_tiny_student/model.npz.best-chrf.npz
[2025-06-12 00:14:28] [valid] Ep. 15 : Up. 70000 : chrf : 73.0895 : new best
[2025-06-12 00:14:45] [valid] Ep. 15 : Up. 70000 : ce-mean-words : 0.998929 : stalled 2 times (last best: 0.983876)
[2025-06-12 00:23:00] Ep. 15 : Up. 71000 : Sen. 17,035,325 : Cost 0.26406971 : Time 721.73s : 171941.77 words/s : gNorm 0.2636 : L.r. 2.0140e-04
[2025-06-12 00:31:14] Ep. 15 : Up. 72000 : Sen. 23,360,895 : Cost 0.26581958 : Time 494.44s : 250642.23 words/s : gNorm 0.2476 : L.r. 2.0000e-04
[2025-06-12 00:39:27] Ep. 15 : Up. 73000 : Sen. 29,655,650 : Cost 0.26617596 : Time 492.87s : 251776.41 words/s : gNorm 0.2670 : L.r. 1.9863e-04
[2025-06-12 00:40:48] Seen 30,682,259 samples
[2025-06-12 00:40:48] Starting data epoch 16 in logical epoch 16
[2025-06-12 00:40:48] [data] Shuffling data
[2025-06-12 00:40:49] [data] Done shuffling 30,682,309 sentences (cached in RAM)
[2025-06-12 00:47:47] Ep. 16 : Up. 74000 : Sen. 5,172,198 : Cost 0.25974464 : Time 499.67s : 245549.86 words/s : gNorm 0.2516 : L.r. 1.9728e-04
[2025-06-12 00:56:03] Ep. 16 : Up. 75000 : Sen. 11,436,008 : Cost 0.26046038 : Time 496.05s : 251017.69 words/s : gNorm 0.2438 : L.r. 1.9596e-04
[2025-06-12 00:56:03] Saving model weights and runtime parameters to /scratch/project_2011987/OpusDistillery/rules/../data/models/MA-test/mul-mul/model4_tiny_student/model.npz
[2025-06-12 00:56:03] Saving Adam parameters
[2025-06-12 00:56:03] [training] Saving training checkpoint to /scratch/project_2011987/OpusDistillery/rules/../data/models/MA-test/mul-mul/model4_tiny_student/model.npz and /scratch/project_2011987/OpusDistillery/rules/../data/models/MA-test/mul-mul/model4_tiny_student/model.npz.optimizer.npz
[2025-06-12 00:56:21] [valid] Ep. 16 : Up. 75000 : perplexity : 2.73878 : stalled 3 times (last best: 2.6748)
[2025-06-12 00:59:29] Saving model weights and runtime parameters to /scratch/project_2011987/OpusDistillery/rules/../data/models/MA-test/mul-mul/model4_tiny_student/model.npz.best-chrf.npz
[2025-06-12 00:59:29] [valid] Ep. 16 : Up. 75000 : chrf : 73.1094 : new best
[2025-06-12 00:59:46] [valid] Ep. 16 : Up. 75000 : ce-mean-words : 1.00751 : stalled 3 times (last best: 0.983876)
[2025-06-12 01:08:01] Ep. 16 : Up. 76000 : Sen. 17,826,475 : Cost 0.26067141 : Time 718.16s : 173721.49 words/s : gNorm 0.2484 : L.r. 1.9467e-04
[2025-06-12 01:16:19] Ep. 16 : Up. 77000 : Sen. 24,107,242 : Cost 0.26154068 : Time 498.34s : 249631.57 words/s : gNorm 0.2287 : L.r. 1.9340e-04
[2025-06-12 01:24:26] Ep. 16 : Up. 78000 : Sen. 30,401,039 : Cost 0.26216534 : Time 486.84s : 253037.37 words/s : gNorm 0.2393 : L.r. 1.9215e-04
[2025-06-12 01:24:48] Seen 30,682,259 samples
[2025-06-12 01:24:48] Starting data epoch 17 in logical epoch 17
[2025-06-12 01:24:48] [data] Shuffling data
[2025-06-12 01:24:50] [data] Done shuffling 30,682,309 sentences (cached in RAM)
[2025-06-12 01:32:49] Ep. 17 : Up. 79000 : Sen. 5,999,989 : Cost 0.25609693 : Time 502.25s : 246244.06 words/s : gNorm 0.2529 : L.r. 1.9093e-04
[2025-06-12 01:41:04] Ep. 17 : Up. 80000 : Sen. 12,254,160 : Cost 0.25653040 : Time 495.26s : 249843.24 words/s : gNorm 0.2855 : L.r. 1.8974e-04
[2025-06-12 01:41:04] Saving model weights and runtime parameters to /scratch/project_2011987/OpusDistillery/rules/../data/models/MA-test/mul-mul/model4_tiny_student/model.npz
[2025-06-12 01:41:04] Saving Adam parameters
[2025-06-12 01:41:05] [training] Saving training checkpoint to /scratch/project_2011987/OpusDistillery/rules/../data/models/MA-test/mul-mul/model4_tiny_student/model.npz and /scratch/project_2011987/OpusDistillery/rules/../data/models/MA-test/mul-mul/model4_tiny_student/model.npz.optimizer.npz
[2025-06-12 01:41:23] [valid] Ep. 17 : Up. 80000 : perplexity : 2.70374 : stalled 4 times (last best: 2.6748)
[2025-06-12 01:44:31] [valid] Ep. 17 : Up. 80000 : chrf : 73.0675 : stalled 1 times (last best: 73.1094)
[2025-06-12 01:44:49] [valid] Ep. 17 : Up. 80000 : ce-mean-words : 0.994635 : stalled 4 times (last best: 0.983876)
[2025-06-12 01:53:00] Ep. 17 : Up. 81000 : Sen. 18,531,252 : Cost 0.25791672 : Time 716.59s : 172871.19 words/s : gNorm 0.2483 : L.r. 1.8856e-04
[2025-06-12 02:01:17] Ep. 17 : Up. 82000 : Sen. 24,910,026 : Cost 0.25816354 : Time 496.40s : 251089.58 words/s : gNorm 0.2416 : L.r. 1.8741e-04
[2025-06-12 02:08:51] Seen 30,682,259 samples
[2025-06-12 02:08:51] Starting data epoch 18 in logical epoch 18
[2025-06-12 02:08:51] [data] Shuffling data
[2025-06-12 02:08:53] [data] Done shuffling 30,682,309 sentences (cached in RAM)
[2025-06-12 02:09:41] Ep. 18 : Up. 83000 : Sen. 409,893 : Cost 0.25891936 : Time 504.09s : 243772.99 words/s : gNorm 0.2405 : L.r. 1.8628e-04
[2025-06-12 02:17:52] Ep. 18 : Up. 84000 : Sen. 6,741,486 : Cost 0.25196600 : Time 491.37s : 251332.00 words/s : gNorm 0.2755 : L.r. 1.8516e-04
[2025-06-12 02:26:13] Ep. 18 : Up. 85000 : Sen. 13,118,054 : Cost 0.25338927 : Time 500.64s : 249866.82 words/s : gNorm 0.2273 : L.r. 1.8407e-04
[2025-06-12 02:26:13] Saving model weights and runtime parameters to /scratch/project_2011987/OpusDistillery/rules/../data/models/MA-test/mul-mul/model4_tiny_student/model.npz
[2025-06-12 02:26:13] Saving Adam parameters
[2025-06-12 02:26:14] [training] Saving training checkpoint to /scratch/project_2011987/OpusDistillery/rules/../data/models/MA-test/mul-mul/model4_tiny_student/model.npz and /scratch/project_2011987/OpusDistillery/rules/../data/models/MA-test/mul-mul/model4_tiny_student/model.npz.optimizer.npz
[2025-06-12 02:26:32] [valid] Ep. 18 : Up. 85000 : perplexity : 2.73733 : stalled 5 times (last best: 2.6748)
[2025-06-12 02:29:40] [valid] Ep. 18 : Up. 85000 : chrf : 72.991 : stalled 2 times (last best: 73.1094)
[2025-06-12 02:29:58] [valid] Ep. 18 : Up. 85000 : ce-mean-words : 1.00698 : stalled 5 times (last best: 0.983876)
[2025-06-12 02:29:58] Training finished
[2025-06-12 02:29:58] Saving model weights and runtime parameters to /scratch/project_2011987/OpusDistillery/rules/../data/models/MA-test/mul-mul/model4_tiny_student/model.npz
[2025-06-12 02:29:58] Saving Adam parameters
[2025-06-12 02:29:58] [training] Saving training checkpoint to /scratch/project_2011987/OpusDistillery/rules/../data/models/MA-test/mul-mul/model4_tiny_student/model.npz and /scratch/project_2011987/OpusDistillery/rules/../data/models/MA-test/mul-mul/model4_tiny_student/model.npz.optimizer.npz
