[2025-06-09 12:06:29] [marian] Marian v1.12.31 a6ab8af8 2024-06-27 15:21:08 +0000
[2025-06-09 12:06:29] [marian] Running on r02g06.bullx as process 23 with command line:
[2025-06-09 12:06:29] [marian] /scratch/project_2011987/OpusDistillery/3rd_party/marian-dev/build//marian --model /scratch/project_2011987/OpusDistillery/rules/../data/models/MA-test/mul-mul/model3_tiny_student/model.npz -c configs/model/student.yml configs/training/student.train.yml --train-sets /scratch/project_2011987/OpusDistillery/rules/../data/data/MA-test/mul-mul/filtered/corpus.source.gz /scratch/project_2011987/OpusDistillery/rules/../data/data/MA-test/mul-mul/filtered/corpus.target.gz -T /scratch/project_2011987/OpusDistillery/rules/../data/models/MA-test/mul-mul/model3_tiny_student/tmp --shuffle-in-ram --vocabs /scratch/project_2011987/OpusDistillery/rules/../data/models/MA-test/mul-mul/vocab/vocab.spm /scratch/project_2011987/OpusDistillery/rules/../data/models/MA-test/mul-mul/vocab/vocab.spm -w 25000 --devices 0 1 --sharding local --sync-sgd --valid-metrics perplexity chrf ce-mean-words --valid-sets /scratch/project_2011987/OpusDistillery/rules/../data/data/MA-test/mul-mul/original/devset.student.source.gz /scratch/project_2011987/OpusDistillery/rules/../data/data/MA-test/mul-mul/original/devset.student.target.gz --valid-translation-output '/scratch/project_2011987/OpusDistillery/rules/../data/models/MA-test/mul-mul/model3_tiny_student/valid_outputs/validation-output-after-{U}-updates-{E}-epochs.txt' --quiet-translation --overwrite --keep-best --log /scratch/project_2011987/OpusDistillery/rules/../data/models/MA-test/mul-mul/model3_tiny_student/train.log --valid-log /scratch/project_2011987/OpusDistillery/rules/../data/models/MA-test/mul-mul/model3_tiny_student/valid.log
[2025-06-09 12:06:29] [config] after: 0e
[2025-06-09 12:06:29] [config] after-batches: 0
[2025-06-09 12:06:29] [config] after-epochs: 0
[2025-06-09 12:06:29] [config] all-caps-every: 0
[2025-06-09 12:06:29] [config] allow-unk: false
[2025-06-09 12:06:29] [config] authors: false
[2025-06-09 12:06:29] [config] beam-size: 1
[2025-06-09 12:06:29] [config] bert-class-symbol: "[CLS]"
[2025-06-09 12:06:29] [config] bert-mask-symbol: "[MASK]"
[2025-06-09 12:06:29] [config] bert-masking-fraction: 0.15
[2025-06-09 12:06:29] [config] bert-sep-symbol: "[SEP]"
[2025-06-09 12:06:29] [config] bert-train-type-embeddings: true
[2025-06-09 12:06:29] [config] bert-type-vocab-size: 2
[2025-06-09 12:06:29] [config] build-info: ""
[2025-06-09 12:06:29] [config] check-gradient-nan: false
[2025-06-09 12:06:29] [config] check-nan: false
[2025-06-09 12:06:29] [config] cite: false
[2025-06-09 12:06:29] [config] clip-norm: 0
[2025-06-09 12:06:29] [config] comet-augment-bad: 0
[2025-06-09 12:06:29] [config] comet-dropout: 0.1
[2025-06-09 12:06:29] [config] comet-final-sigmoid: false
[2025-06-09 12:06:29] [config] comet-mix: false
[2025-06-09 12:06:29] [config] comet-mix-norm: false
[2025-06-09 12:06:29] [config] comet-mix-transformation: softmax
[2025-06-09 12:06:29] [config] comet-mixup: 0
[2025-06-09 12:06:29] [config] comet-mixup-reg: false
[2025-06-09 12:06:29] [config] comet-pool: avg
[2025-06-09 12:06:29] [config] comet-pooler-ffn:
[2025-06-09 12:06:29] [config]   - 2048
[2025-06-09 12:06:29] [config]   - 1024
[2025-06-09 12:06:29] [config] comet-prepend-zero: false
[2025-06-09 12:06:29] [config] comet-stop-grad: false
[2025-06-09 12:06:29] [config] comet-use-separator: false
[2025-06-09 12:06:29] [config] cost-scaling:
[2025-06-09 12:06:29] [config]   []
[2025-06-09 12:06:29] [config] cost-type: ce-mean-words
[2025-06-09 12:06:29] [config] cpu-threads: 0
[2025-06-09 12:06:29] [config] custom-fallbacks:
[2025-06-09 12:06:29] [config]   []
[2025-06-09 12:06:29] [config] data-threads: 8
[2025-06-09 12:06:29] [config] data-weighting: ""
[2025-06-09 12:06:29] [config] data-weighting-type: sentence
[2025-06-09 12:06:29] [config] dec-cell: ssru
[2025-06-09 12:06:29] [config] dec-cell-base-depth: 2
[2025-06-09 12:06:29] [config] dec-cell-high-depth: 1
[2025-06-09 12:06:29] [config] dec-depth: 2
[2025-06-09 12:06:29] [config] devices:
[2025-06-09 12:06:29] [config]   - 0
[2025-06-09 12:06:29] [config]   - 1
[2025-06-09 12:06:29] [config] dim-emb: 256
[2025-06-09 12:06:29] [config] dim-rnn: 1024
[2025-06-09 12:06:29] [config] dim-vocabs:
[2025-06-09 12:06:29] [config]   - 0
[2025-06-09 12:06:29] [config]   - 0
[2025-06-09 12:06:29] [config] disp-first: 10
[2025-06-09 12:06:29] [config] disp-freq: 1000
[2025-06-09 12:06:29] [config] disp-label-counts: true
[2025-06-09 12:06:29] [config] dropout-rnn: 0.1
[2025-06-09 12:06:29] [config] dropout-src: 0
[2025-06-09 12:06:29] [config] dropout-trg: 0
[2025-06-09 12:06:29] [config] dump-config: ""
[2025-06-09 12:06:29] [config] dynamic-gradient-scaling:
[2025-06-09 12:06:29] [config]   []
[2025-06-09 12:06:29] [config] early-stopping: 5
[2025-06-09 12:06:29] [config] early-stopping-epsilon:
[2025-06-09 12:06:29] [config]   - 0
[2025-06-09 12:06:29] [config] early-stopping-on: first
[2025-06-09 12:06:29] [config] embedding-fix-src: false
[2025-06-09 12:06:29] [config] embedding-fix-trg: false
[2025-06-09 12:06:29] [config] embedding-normalization: false
[2025-06-09 12:06:29] [config] embedding-vectors:
[2025-06-09 12:06:29] [config]   []
[2025-06-09 12:06:29] [config] enc-cell: gru
[2025-06-09 12:06:29] [config] enc-cell-depth: 1
[2025-06-09 12:06:29] [config] enc-depth: 6
[2025-06-09 12:06:29] [config] enc-type: bidirectional
[2025-06-09 12:06:29] [config] english-title-case-every: 0
[2025-06-09 12:06:29] [config] exponential-smoothing: True
[2025-06-09 12:06:29] [config] exponential-smoothing-replace-freq: 0
[2025-06-09 12:06:29] [config] factor-weight: 1
[2025-06-09 12:06:29] [config] factors-combine: sum
[2025-06-09 12:06:29] [config] factors-dim-emb: 0
[2025-06-09 12:06:29] [config] gradient-checkpointing: false
[2025-06-09 12:06:29] [config] gradient-norm-average-window: 100
[2025-06-09 12:06:29] [config] guided-alignment: none
[2025-06-09 12:06:29] [config] guided-alignment-cost: ce
[2025-06-09 12:06:29] [config] guided-alignment-weight: 0.1
[2025-06-09 12:06:29] [config] ignore-model-config: false
[2025-06-09 12:06:29] [config] input-join-fields: false
[2025-06-09 12:06:29] [config] input-reorder:
[2025-06-09 12:06:29] [config]   []
[2025-06-09 12:06:29] [config] input-types:
[2025-06-09 12:06:29] [config]   []
[2025-06-09 12:06:29] [config] interpolate-env-vars: false
[2025-06-09 12:06:29] [config] keep-best: true
[2025-06-09 12:06:29] [config] label-smoothing: 0
[2025-06-09 12:06:29] [config] layer-normalization: false
[2025-06-09 12:06:29] [config] learn-rate: 0.0003
[2025-06-09 12:06:29] [config] lemma-dependency: ""
[2025-06-09 12:06:29] [config] lemma-dim-emb: 0
[2025-06-09 12:06:29] [config] log: /scratch/project_2011987/OpusDistillery/rules/../data/models/MA-test/mul-mul/model3_tiny_student/train.log
[2025-06-09 12:06:29] [config] log-level: info
[2025-06-09 12:06:29] [config] log-time-zone: ""
[2025-06-09 12:06:29] [config] logical-epoch:
[2025-06-09 12:06:29] [config]   - 1e
[2025-06-09 12:06:29] [config]   - 0
[2025-06-09 12:06:29] [config] lr-decay: 0
[2025-06-09 12:06:29] [config] lr-decay-freq: 50000
[2025-06-09 12:06:29] [config] lr-decay-inv-sqrt:
[2025-06-09 12:06:29] [config]   - 32000
[2025-06-09 12:06:29] [config] lr-decay-repeat-warmup: false
[2025-06-09 12:06:29] [config] lr-decay-reset-optimizer: false
[2025-06-09 12:06:29] [config] lr-decay-start:
[2025-06-09 12:06:29] [config]   - 10
[2025-06-09 12:06:29] [config]   - 1
[2025-06-09 12:06:29] [config] lr-decay-strategy: epoch+stalled
[2025-06-09 12:06:29] [config] lr-report: True
[2025-06-09 12:06:29] [config] lr-warmup: 16000
[2025-06-09 12:06:29] [config] lr-warmup-at-reload: false
[2025-06-09 12:06:29] [config] lr-warmup-cycle: false
[2025-06-09 12:06:29] [config] lr-warmup-start-rate: 0
[2025-06-09 12:06:29] [config] max-length: 200
[2025-06-09 12:06:29] [config] max-length-crop: false
[2025-06-09 12:06:29] [config] max-length-factor: 3
[2025-06-09 12:06:29] [config] maxi-batch: 1000
[2025-06-09 12:06:29] [config] maxi-batch-sort: trg
[2025-06-09 12:06:29] [config] mini-batch: 1000
[2025-06-09 12:06:29] [config] mini-batch-fit: True
[2025-06-09 12:06:29] [config] mini-batch-fit-step: 10
[2025-06-09 12:06:29] [config] mini-batch-round-up: true
[2025-06-09 12:06:29] [config] mini-batch-track-lr: false
[2025-06-09 12:06:29] [config] mini-batch-warmup: 0
[2025-06-09 12:06:29] [config] mini-batch-words: 0
[2025-06-09 12:06:29] [config] mini-batch-words-ref: 0
[2025-06-09 12:06:29] [config] model: /scratch/project_2011987/OpusDistillery/rules/../data/models/MA-test/mul-mul/model3_tiny_student/model.npz
[2025-06-09 12:06:29] [config] multi-loss-type: sum
[2025-06-09 12:06:29] [config] n-best: false
[2025-06-09 12:06:29] [config] no-nccl: false
[2025-06-09 12:06:29] [config] no-optimizer-reload: false
[2025-06-09 12:06:29] [config] no-reload: false
[2025-06-09 12:06:29] [config] no-restore-corpus: false
[2025-06-09 12:06:29] [config] no-spm-encode: false
[2025-06-09 12:06:29] [config] normalize: 1
[2025-06-09 12:06:29] [config] normalize-gradient: false
[2025-06-09 12:06:29] [config] normalize-gradient-by-ratio: false
[2025-06-09 12:06:29] [config] optimizer: adam
[2025-06-09 12:06:29] [config] optimizer-delay: 2
[2025-06-09 12:06:29] [config] optimizer-params:
[2025-06-09 12:06:29] [config]   - 0.9
[2025-06-09 12:06:29] [config]   - 0.98
[2025-06-09 12:06:29] [config]   - 1e-09
[2025-06-09 12:06:29] [config] output-omit-bias: false
[2025-06-09 12:06:29] [config] overwrite: true
[2025-06-09 12:06:29] [config] overwrite-checkpoint: true
[2025-06-09 12:06:29] [config] precision:
[2025-06-09 12:06:29] [config]   - float32
[2025-06-09 12:06:29] [config]   - float32
[2025-06-09 12:06:29] [config] pretrained-model: ""
[2025-06-09 12:06:29] [config] quantize-biases: false
[2025-06-09 12:06:29] [config] quantize-bits: 0
[2025-06-09 12:06:29] [config] quantize-log-based: false
[2025-06-09 12:06:29] [config] quantize-optimization-steps: 0
[2025-06-09 12:06:29] [config] quiet: false
[2025-06-09 12:06:29] [config] quiet-translation: true
[2025-06-09 12:06:29] [config] quiet-validation: false
[2025-06-09 12:06:29] [config] relative-paths: false
[2025-06-09 12:06:29] [config] right-left: false
[2025-06-09 12:06:29] [config] save-freq: 5000
[2025-06-09 12:06:29] [config] seed: 0
[2025-06-09 12:06:29] [config] sentencepiece-alphas:
[2025-06-09 12:06:29] [config]   []
[2025-06-09 12:06:29] [config] sentencepiece-max-lines: 2000000
[2025-06-09 12:06:29] [config] sentencepiece-options: ""
[2025-06-09 12:06:29] [config] separator-symbol: "[eos]"
[2025-06-09 12:06:29] [config] sharding: local
[2025-06-09 12:06:29] [config] shuffle: data
[2025-06-09 12:06:29] [config] shuffle-in-ram: true
[2025-06-09 12:06:29] [config] sigterm: save-and-exit
[2025-06-09 12:06:29] [config] skip: false
[2025-06-09 12:06:29] [config] sqlite: ""
[2025-06-09 12:06:29] [config] sqlite-drop: false
[2025-06-09 12:06:29] [config] sync-freq: 200u
[2025-06-09 12:06:29] [config] sync-sgd: true
[2025-06-09 12:06:29] [config] tempdir: /scratch/project_2011987/OpusDistillery/rules/../data/models/MA-test/mul-mul/model3_tiny_student/tmp
[2025-06-09 12:06:29] [config] throw-on-divergence:
[2025-06-09 12:06:29] [config]   []
[2025-06-09 12:06:29] [config] tied-embeddings: false
[2025-06-09 12:06:29] [config] tied-embeddings-all: true
[2025-06-09 12:06:29] [config] tied-embeddings-src: false
[2025-06-09 12:06:29] [config] train-embedder-rank:
[2025-06-09 12:06:29] [config]   []
[2025-06-09 12:06:29] [config] train-sets:
[2025-06-09 12:06:29] [config]   - /scratch/project_2011987/OpusDistillery/rules/../data/data/MA-test/mul-mul/filtered/corpus.source.gz
[2025-06-09 12:06:29] [config]   - /scratch/project_2011987/OpusDistillery/rules/../data/data/MA-test/mul-mul/filtered/corpus.target.gz
[2025-06-09 12:06:29] [config] transformer-aan-activation: swish
[2025-06-09 12:06:29] [config] transformer-aan-depth: 2
[2025-06-09 12:06:29] [config] transformer-aan-nogate: false
[2025-06-09 12:06:29] [config] transformer-alibi-shift: false
[2025-06-09 12:06:29] [config] transformer-alibi-trainable: false
[2025-06-09 12:06:29] [config] transformer-attention-mask: default
[2025-06-09 12:06:29] [config] transformer-decoder-autoreg: rnn
[2025-06-09 12:06:29] [config] transformer-decoder-dim-ffn: 0
[2025-06-09 12:06:29] [config] transformer-decoder-ffn-depth: 0
[2025-06-09 12:06:29] [config] transformer-depth-scaling: false
[2025-06-09 12:06:29] [config] transformer-dim-aan: 2048
[2025-06-09 12:06:29] [config] transformer-dim-ffn: 1536
[2025-06-09 12:06:29] [config] transformer-disable-position-embeddings: false
[2025-06-09 12:06:29] [config] transformer-dropout: 0
[2025-06-09 12:06:29] [config] transformer-dropout-attention: 0
[2025-06-09 12:06:29] [config] transformer-dropout-ffn: 0
[2025-06-09 12:06:29] [config] transformer-ffn-activation: relu
[2025-06-09 12:06:29] [config] transformer-ffn-depth: 2
[2025-06-09 12:06:29] [config] transformer-guided-alignment-layer: last
[2025-06-09 12:06:29] [config] transformer-heads: 8
[2025-06-09 12:06:29] [config] transformer-no-affine: false
[2025-06-09 12:06:29] [config] transformer-no-bias: false
[2025-06-09 12:06:29] [config] transformer-no-projection: false
[2025-06-09 12:06:29] [config] transformer-pool: false
[2025-06-09 12:06:29] [config] transformer-postprocess: dan
[2025-06-09 12:06:29] [config] transformer-postprocess-emb: d
[2025-06-09 12:06:29] [config] transformer-postprocess-top: ""
[2025-06-09 12:06:29] [config] transformer-preprocess: ""
[2025-06-09 12:06:29] [config] transformer-rnn-projection: false
[2025-06-09 12:06:29] [config] transformer-tied-layers:
[2025-06-09 12:06:29] [config]   []
[2025-06-09 12:06:29] [config] transformer-train-position-embeddings: false
[2025-06-09 12:06:29] [config] tsv: false
[2025-06-09 12:06:29] [config] tsv-fields: 0
[2025-06-09 12:06:29] [config] type: transformer
[2025-06-09 12:06:29] [config] ulr: false
[2025-06-09 12:06:29] [config] ulr-dim-emb: 0
[2025-06-09 12:06:29] [config] ulr-dropout: 0
[2025-06-09 12:06:29] [config] ulr-keys-vectors: ""
[2025-06-09 12:06:29] [config] ulr-query-vectors: ""
[2025-06-09 12:06:29] [config] ulr-softmax-temperature: 1
[2025-06-09 12:06:29] [config] ulr-trainable-transformation: false
[2025-06-09 12:06:29] [config] unlikelihood-loss: false
[2025-06-09 12:06:29] [config] valid-freq: 5000
[2025-06-09 12:06:29] [config] valid-log: /scratch/project_2011987/OpusDistillery/rules/../data/models/MA-test/mul-mul/model3_tiny_student/valid.log
[2025-06-09 12:06:29] [config] valid-max-length: 1000
[2025-06-09 12:06:29] [config] valid-metrics:
[2025-06-09 12:06:29] [config]   - perplexity
[2025-06-09 12:06:29] [config]   - chrf
[2025-06-09 12:06:29] [config]   - ce-mean-words
[2025-06-09 12:06:29] [config] valid-mini-batch: 64
[2025-06-09 12:06:29] [config] valid-reset-all: false
[2025-06-09 12:06:29] [config] valid-reset-stalled: false
[2025-06-09 12:06:29] [config] valid-script-args:
[2025-06-09 12:06:29] [config]   []
[2025-06-09 12:06:29] [config] valid-script-path: ""
[2025-06-09 12:06:29] [config] valid-sets:
[2025-06-09 12:06:29] [config]   - /scratch/project_2011987/OpusDistillery/rules/../data/data/MA-test/mul-mul/original/devset.student.source.gz
[2025-06-09 12:06:29] [config]   - /scratch/project_2011987/OpusDistillery/rules/../data/data/MA-test/mul-mul/original/devset.student.target.gz
[2025-06-09 12:06:29] [config] valid-translation-output: /scratch/project_2011987/OpusDistillery/rules/../data/models/MA-test/mul-mul/model3_tiny_student/valid_outputs/validation-output-after-{U}-updates-{E}-epochs.txt
[2025-06-09 12:06:29] [config] vocabs:
[2025-06-09 12:06:29] [config]   - /scratch/project_2011987/OpusDistillery/rules/../data/models/MA-test/mul-mul/vocab/vocab.spm
[2025-06-09 12:06:29] [config]   - /scratch/project_2011987/OpusDistillery/rules/../data/models/MA-test/mul-mul/vocab/vocab.spm
[2025-06-09 12:06:29] [config] word-penalty: 0
[2025-06-09 12:06:29] [config] word-scores: false
[2025-06-09 12:06:29] [config] workspace: 25000
[2025-06-09 12:06:29] [config] Model is being created with Marian v1.12.31 a6ab8af8 2024-06-27 15:21:08 +0000
[2025-06-09 12:06:30] Using synchronous SGD
[2025-06-09 12:06:30] [comm] Compiled without MPI support. Running as a single process on r02g06.bullx
[2025-06-09 12:06:30] Synced seed 1749459989
[2025-06-09 12:06:30] [data] Loading SentencePiece vocabulary from file /scratch/project_2011987/OpusDistillery/rules/../data/models/MA-test/mul-mul/vocab/vocab.spm
[2025-06-09 12:06:30] [data] Setting vocabulary size for input 0 to 32,000
[2025-06-09 12:06:30] [data] Loading SentencePiece vocabulary from file /scratch/project_2011987/OpusDistillery/rules/../data/models/MA-test/mul-mul/vocab/vocab.spm
[2025-06-09 12:06:30] [data] Setting vocabulary size for input 1 to 32,000
[2025-06-09 12:06:30] [batching] Collecting statistics for batch fitting with step size 10
[2025-06-09 12:06:32] [memory] Extending reserved space to 25088 MB (device gpu0)
[2025-06-09 12:06:36] [memory] Extending reserved space to 25088 MB (device gpu1)
[2025-06-09 12:06:36] [comm] Using NCCL 2.8.3 for GPU communication
[2025-06-09 12:06:36] [comm] Using global sharding
[2025-06-09 12:06:36] [comm] NCCLCommunicators constructed successfully
[2025-06-09 12:06:36] [training] Using 2 GPUs
[2025-06-09 12:06:37] [logits] Applying loss function for 1 factor(s)
[2025-06-09 12:06:37] [memory] Reserving 64 MB, device gpu0
[2025-06-09 12:06:44] [gpu] 16-bit TensorCores enabled for float32 matrix operations
[2025-06-09 12:06:44] [memory] Reserving 64 MB, device gpu0
[2025-06-09 12:07:33] [batching] Done. Typical MB size is 197,998 target words
[2025-06-09 12:07:33] [memory] Extending reserved space to 25088 MB (device gpu0)
[2025-06-09 12:07:34] [memory] Extending reserved space to 25088 MB (device gpu1)
[2025-06-09 12:07:34] [comm] Using NCCL 2.8.3 for GPU communication
[2025-06-09 12:07:34] [comm] Using global sharding
[2025-06-09 12:07:34] [comm] NCCLCommunicators constructed successfully
[2025-06-09 12:07:34] [training] Using 2 GPUs
[2025-06-09 12:07:34] Training started
[2025-06-09 12:07:34] [data] Shuffling data
[2025-06-09 12:08:10] [data] Done reading 30,682,309 sentences
[2025-06-09 12:08:12] [data] Done shuffling 30,682,309 sentences (cached in RAM)
[2025-06-09 12:08:23] [training] Batches are processed as 1 process(es) x 2 devices/process
[2025-06-09 12:08:23] [memory] Reserving 64 MB, device gpu0
[2025-06-09 12:08:23] [memory] Reserving 64 MB, device gpu1
[2025-06-09 12:08:23] [memory] Reserving 64 MB, device gpu0
[2025-06-09 12:08:23] [memory] Reserving 64 MB, device gpu1
[2025-06-09 12:08:24] Parameter type float32, optimization type float32, casting types false
[2025-06-09 12:08:24] Allocating memory for general optimizer shards
[2025-06-09 12:08:24] [memory] Reserving 32 MB, device gpu0
[2025-06-09 12:08:24] [memory] Reserving 32 MB, device gpu1
[2025-06-09 12:08:24] Allocating memory for Adam-specific shards
[2025-06-09 12:08:24] [memory] Reserving 64 MB, device gpu1
[2025-06-09 12:08:24] [memory] Reserving 64 MB, device gpu0
[2025-06-09 12:08:24] Ep. 1 : Up. 1 : Sen. 3,504 : Cost 10.80631256 : Time 50.50s : 1518.12 words/s : gNorm 5.3019 : L.r. 1.8750e-08
[2025-06-09 12:08:25] Ep. 1 : Up. 2 : Sen. 10,856 : Cost 10.78675652 : Time 0.72s : 183867.80 words/s : gNorm 5.2819 : L.r. 3.7500e-08
[2025-06-09 12:08:25] Ep. 1 : Up. 3 : Sen. 13,816 : Cost 10.84178829 : Time 0.76s : 151278.17 words/s : gNorm 5.6384 : L.r. 5.6250e-08
[2025-06-09 12:08:26] Ep. 1 : Up. 4 : Sen. 16,368 : Cost 10.83802128 : Time 0.68s : 157247.87 words/s : gNorm 5.7455 : L.r. 7.5000e-08
[2025-06-09 12:08:26] Ep. 1 : Up. 5 : Sen. 20,034 : Cost 10.85275555 : Time 0.50s : 261861.47 words/s : gNorm 5.7234 : L.r. 9.3750e-08
[2025-06-09 12:08:27] Ep. 1 : Up. 6 : Sen. 31,242 : Cost 10.75867081 : Time 0.65s : 188518.74 words/s : gNorm 5.7504 : L.r. 1.1250e-07
[2025-06-09 12:08:28] Ep. 1 : Up. 7 : Sen. 38,594 : Cost 10.78923416 : Time 0.73s : 191606.88 words/s : gNorm 5.5822 : L.r. 1.3125e-07
[2025-06-09 12:08:29] Ep. 1 : Up. 8 : Sen. 40,574 : Cost 10.84526634 : Time 0.72s : 147676.08 words/s : gNorm 5.7131 : L.r. 1.5000e-07
[2025-06-09 12:08:29] Ep. 1 : Up. 9 : Sen. 47,926 : Cost 10.80637741 : Time 0.91s : 177866.28 words/s : gNorm 5.6695 : L.r. 1.6875e-07
[2025-06-09 12:08:30] Ep. 1 : Up. 10 : Sen. 59,134 : Cost 10.74705124 : Time 0.68s : 197485.02 words/s : gNorm 5.6533 : L.r. 1.8750e-07
[2025-06-09 12:16:41] Ep. 1 : Up. 1000 : Sen. 6,277,804 : Cost 8.71168232 : Time 491.29s : 250051.57 words/s : gNorm 1.4764 : L.r. 1.8750e-05
[2025-06-09 12:24:58] Ep. 1 : Up. 2000 : Sen. 12,661,063 : Cost 6.34435797 : Time 496.37s : 250893.52 words/s : gNorm 2.4578 : L.r. 3.7500e-05
[2025-06-09 12:33:14] Ep. 1 : Up. 3000 : Sen. 18,928,204 : Cost 5.37552881 : Time 496.49s : 250125.50 words/s : gNorm 2.7289 : L.r. 5.6250e-05
[2025-06-09 12:41:32] Ep. 1 : Up. 4000 : Sen. 25,237,291 : Cost 4.36510992 : Time 497.25s : 249322.59 words/s : gNorm 4.6131 : L.r. 7.5000e-05
[2025-06-09 12:48:38] Seen 30,682,259 samples
[2025-06-09 12:48:38] Starting data epoch 2 in logical epoch 2
[2025-06-09 12:48:38] [data] Shuffling data
[2025-06-09 12:48:40] [data] Done shuffling 30,682,309 sentences (cached in RAM)
[2025-06-09 12:49:54] Ep. 2 : Up. 5000 : Sen. 767,636 : Cost 3.32536054 : Time 502.10s : 244171.84 words/s : gNorm 4.6351 : L.r. 9.3750e-05
[2025-06-09 12:49:54] Saving model weights and runtime parameters to /scratch/project_2011987/OpusDistillery/rules/../data/models/MA-test/mul-mul/model3_tiny_student/model.npz
[2025-06-09 12:49:55] Saving Adam parameters
[2025-06-09 12:49:55] [training] Saving training checkpoint to /scratch/project_2011987/OpusDistillery/rules/../data/models/MA-test/mul-mul/model3_tiny_student/model.npz and /scratch/project_2011987/OpusDistillery/rules/../data/models/MA-test/mul-mul/model3_tiny_student/model.npz.optimizer.npz
[2025-06-09 12:50:16] Saving model weights and runtime parameters to /scratch/project_2011987/OpusDistillery/rules/../data/models/MA-test/mul-mul/model3_tiny_student/model.npz.best-perplexity.npz
[2025-06-09 12:50:16] [valid] Ep. 2 : Up. 5000 : perplexity : 10.469 : new best
[2025-06-09 12:50:17] [valid] First sentence's tokens as scored:
[2025-06-09 12:50:17] [valid] Decoding validation set with SentencePieceVocab for scoring
[2025-06-09 12:50:17] [valid]   Hyp: A s s o o n a s T o m o p e n e d t h e b a g , h e k n e w t h a t h e w a s n ' t h i s h i s h i s h i s h i s h i s h i s h i s h i s h i s h i s h i s h i s h i s h i s h i s h i s h i s h i s h i s h i s h i s h i s .
[2025-06-09 12:50:17] [valid]   Ref: A s s o o n a s T o m o p e n e d t h e b a g , h e k n e w i t w a s n ' t h i s .
[2025-06-09 12:50:20] [valid] References contain unknown word, metric scores may be inaccurate
[2025-06-09 12:53:41] Saving model weights and runtime parameters to /scratch/project_2011987/OpusDistillery/rules/../data/models/MA-test/mul-mul/model3_tiny_student/model.npz.best-chrf.npz
[2025-06-09 12:53:42] [valid] Ep. 2 : Up. 5000 : chrf : 48.8054 : new best
[2025-06-09 12:54:01] Saving model weights and runtime parameters to /scratch/project_2011987/OpusDistillery/rules/../data/models/MA-test/mul-mul/model3_tiny_student/model.npz.best-ce-mean-words.npz
[2025-06-09 12:54:02] [valid] Ep. 2 : Up. 5000 : ce-mean-words : 2.34842 : new best
[2025-06-09 13:02:20] Ep. 2 : Up. 6000 : Sen. 7,118,932 : Cost 2.55113840 : Time 745.74s : 166760.56 words/s : gNorm 4.2740 : L.r. 1.1250e-04
[2025-06-09 13:10:34] Ep. 2 : Up. 7000 : Sen. 13,430,674 : Cost 1.89315188 : Time 494.48s : 251303.73 words/s : gNorm 3.4448 : L.r. 1.3125e-04
[2025-06-09 13:18:49] Ep. 2 : Up. 8000 : Sen. 19,713,371 : Cost 1.46943998 : Time 494.84s : 250750.13 words/s : gNorm 2.5439 : L.r. 1.5000e-04
[2025-06-09 13:27:04] Ep. 2 : Up. 9000 : Sen. 25,989,493 : Cost 1.23000801 : Time 495.50s : 249735.52 words/s : gNorm 2.5832 : L.r. 1.6875e-04
[2025-06-09 13:33:10] Seen 30,682,259 samples
[2025-06-09 13:33:10] Starting data epoch 3 in logical epoch 3
[2025-06-09 13:33:10] [data] Shuffling data
[2025-06-09 13:33:11] [data] Done shuffling 30,682,309 sentences (cached in RAM)
[2025-06-09 13:35:28] Ep. 3 : Up. 10000 : Sen. 1,604,766 : Cost 1.05338800 : Time 503.57s : 246451.13 words/s : gNorm 2.1075 : L.r. 1.8750e-04
[2025-06-09 13:35:28] Saving model weights and runtime parameters to /scratch/project_2011987/OpusDistillery/rules/../data/models/MA-test/mul-mul/model3_tiny_student/model.npz
[2025-06-09 13:35:28] Saving Adam parameters
[2025-06-09 13:35:29] [training] Saving training checkpoint to /scratch/project_2011987/OpusDistillery/rules/../data/models/MA-test/mul-mul/model3_tiny_student/model.npz and /scratch/project_2011987/OpusDistillery/rules/../data/models/MA-test/mul-mul/model3_tiny_student/model.npz.optimizer.npz
[2025-06-09 13:35:48] Saving model weights and runtime parameters to /scratch/project_2011987/OpusDistillery/rules/../data/models/MA-test/mul-mul/model3_tiny_student/model.npz.best-perplexity.npz
[2025-06-09 13:35:48] [valid] Ep. 3 : Up. 10000 : perplexity : 4.70679 : new best
[2025-06-09 13:39:11] Saving model weights and runtime parameters to /scratch/project_2011987/OpusDistillery/rules/../data/models/MA-test/mul-mul/model3_tiny_student/model.npz.best-chrf.npz
[2025-06-09 13:39:12] [valid] Ep. 3 : Up. 10000 : chrf : 65.9722 : new best
[2025-06-09 13:39:31] Saving model weights and runtime parameters to /scratch/project_2011987/OpusDistillery/rules/../data/models/MA-test/mul-mul/model3_tiny_student/model.npz.best-ce-mean-words.npz
[2025-06-09 13:39:31] [valid] Ep. 3 : Up. 10000 : ce-mean-words : 1.54901 : new best
[2025-06-09 13:47:42] Ep. 3 : Up. 11000 : Sen. 7,880,694 : Cost 0.92155319 : Time 733.82s : 168995.93 words/s : gNorm 1.8321 : L.r. 2.0625e-04
[2025-06-09 13:55:55] Ep. 3 : Up. 12000 : Sen. 14,188,839 : Cost 0.82656652 : Time 493.47s : 250855.03 words/s : gNorm 1.3277 : L.r. 2.2500e-04
[2025-06-09 14:04:05] Ep. 3 : Up. 13000 : Sen. 20,498,603 : Cost 0.74587172 : Time 489.33s : 253610.82 words/s : gNorm 1.1387 : L.r. 2.4375e-04
[2025-06-09 14:12:16] Ep. 3 : Up. 14000 : Sen. 26,780,059 : Cost 0.68090230 : Time 491.78s : 251899.41 words/s : gNorm 1.0540 : L.r. 2.6250e-04
[2025-06-09 14:17:20] Seen 30,682,259 samples
[2025-06-09 14:17:20] Starting data epoch 4 in logical epoch 4
[2025-06-09 14:17:20] [data] Shuffling data
[2025-06-09 14:17:21] [data] Done shuffling 30,682,309 sentences (cached in RAM)
[2025-06-09 14:20:38] Ep. 4 : Up. 15000 : Sen. 2,362,500 : Cost 0.62957507 : Time 502.21s : 245837.10 words/s : gNorm 0.8199 : L.r. 2.8125e-04
[2025-06-09 14:20:38] Saving model weights and runtime parameters to /scratch/project_2011987/OpusDistillery/rules/../data/models/MA-test/mul-mul/model3_tiny_student/model.npz
[2025-06-09 14:20:39] Saving Adam parameters
[2025-06-09 14:20:39] [training] Saving training checkpoint to /scratch/project_2011987/OpusDistillery/rules/../data/models/MA-test/mul-mul/model3_tiny_student/model.npz and /scratch/project_2011987/OpusDistillery/rules/../data/models/MA-test/mul-mul/model3_tiny_student/model.npz.optimizer.npz
[2025-06-09 14:20:58] Saving model weights and runtime parameters to /scratch/project_2011987/OpusDistillery/rules/../data/models/MA-test/mul-mul/model3_tiny_student/model.npz.best-perplexity.npz
[2025-06-09 14:20:58] [valid] Ep. 4 : Up. 15000 : perplexity : 3.49762 : new best
[2025-06-09 14:24:15] Saving model weights and runtime parameters to /scratch/project_2011987/OpusDistillery/rules/../data/models/MA-test/mul-mul/model3_tiny_student/model.npz.best-chrf.npz
[2025-06-09 14:24:15] [valid] Ep. 4 : Up. 15000 : chrf : 69.5688 : new best
[2025-06-09 14:24:34] Saving model weights and runtime parameters to /scratch/project_2011987/OpusDistillery/rules/../data/models/MA-test/mul-mul/model3_tiny_student/model.npz.best-ce-mean-words.npz
[2025-06-09 14:24:34] [valid] Ep. 4 : Up. 15000 : ce-mean-words : 1.25208 : new best
[2025-06-09 14:32:48] Ep. 4 : Up. 16000 : Sen. 8,576,029 : Cost 0.57846290 : Time 728.95s : 169962.41 words/s : gNorm 0.6892 : L.r. 3.0000e-04
[2025-06-09 14:41:00] Ep. 4 : Up. 17000 : Sen. 14,966,262 : Cost 0.54533684 : Time 491.96s : 252255.48 words/s : gNorm 0.8472 : L.r. 3.0000e-04
[2025-06-09 14:49:12] Ep. 4 : Up. 18000 : Sen. 21,212,930 : Cost 0.51715404 : Time 492.98s : 251227.30 words/s : gNorm 0.6021 : L.r. 3.0000e-04
[2025-06-09 14:57:24] Ep. 4 : Up. 19000 : Sen. 27,582,869 : Cost 0.48555860 : Time 491.91s : 253803.00 words/s : gNorm 0.5479 : L.r. 3.0000e-04
[2025-06-09 15:01:24] Seen 30,682,259 samples
[2025-06-09 15:01:24] Starting data epoch 5 in logical epoch 5
[2025-06-09 15:01:24] [data] Shuffling data
[2025-06-09 15:01:27] [data] Done shuffling 30,682,309 sentences (cached in RAM)
[2025-06-09 15:05:45] Ep. 5 : Up. 20000 : Sen. 3,148,844 : Cost 0.46431777 : Time 500.77s : 245692.38 words/s : gNorm 0.5405 : L.r. 3.0000e-04
[2025-06-09 15:05:45] Saving model weights and runtime parameters to /scratch/project_2011987/OpusDistillery/rules/../data/models/MA-test/mul-mul/model3_tiny_student/model.npz
[2025-06-09 15:05:46] Saving Adam parameters
[2025-06-09 15:05:46] [training] Saving training checkpoint to /scratch/project_2011987/OpusDistillery/rules/../data/models/MA-test/mul-mul/model3_tiny_student/model.npz and /scratch/project_2011987/OpusDistillery/rules/../data/models/MA-test/mul-mul/model3_tiny_student/model.npz.optimizer.npz
[2025-06-09 15:06:07] Saving model weights and runtime parameters to /scratch/project_2011987/OpusDistillery/rules/../data/models/MA-test/mul-mul/model3_tiny_student/model.npz.best-perplexity.npz
[2025-06-09 15:06:07] [valid] Ep. 5 : Up. 20000 : perplexity : 3.08954 : new best
[2025-06-09 15:09:31] Saving model weights and runtime parameters to /scratch/project_2011987/OpusDistillery/rules/../data/models/MA-test/mul-mul/model3_tiny_student/model.npz.best-chrf.npz
[2025-06-09 15:09:31] [valid] Ep. 5 : Up. 20000 : chrf : 71.2804 : new best
[2025-06-09 15:09:51] Saving model weights and runtime parameters to /scratch/project_2011987/OpusDistillery/rules/../data/models/MA-test/mul-mul/model3_tiny_student/model.npz.best-ce-mean-words.npz
[2025-06-09 15:09:51] [valid] Ep. 5 : Up. 20000 : ce-mean-words : 1.12802 : new best
[2025-06-09 15:18:01] Ep. 5 : Up. 21000 : Sen. 9,434,473 : Cost 0.44507056 : Time 736.29s : 168503.92 words/s : gNorm 0.4478 : L.r. 3.0000e-04
[2025-06-09 15:26:11] Ep. 5 : Up. 22000 : Sen. 15,710,829 : Cost 0.43187037 : Time 489.95s : 253397.38 words/s : gNorm 0.4779 : L.r. 3.0000e-04
[2025-06-09 15:34:24] Ep. 5 : Up. 23000 : Sen. 22,061,704 : Cost 0.41733855 : Time 492.91s : 251923.13 words/s : gNorm 0.4679 : L.r. 3.0000e-04
[2025-06-09 15:42:41] Ep. 5 : Up. 24000 : Sen. 28,380,200 : Cost 0.40713260 : Time 496.25s : 251072.94 words/s : gNorm 0.4761 : L.r. 3.0000e-04
[2025-06-09 15:45:37] Seen 30,682,259 samples
[2025-06-09 15:45:37] Starting data epoch 6 in logical epoch 6
[2025-06-09 15:45:37] [data] Shuffling data
[2025-06-09 15:45:39] [data] Done shuffling 30,682,309 sentences (cached in RAM)
[2025-06-09 15:50:57] Ep. 6 : Up. 25000 : Sen. 3,943,815 : Cost 0.39209902 : Time 496.26s : 247114.53 words/s : gNorm 0.4140 : L.r. 3.0000e-04
[2025-06-09 15:50:57] Saving model weights and runtime parameters to /scratch/project_2011987/OpusDistillery/rules/../data/models/MA-test/mul-mul/model3_tiny_student/model.npz
[2025-06-09 15:50:57] Saving Adam parameters
[2025-06-09 15:50:57] [training] Saving training checkpoint to /scratch/project_2011987/OpusDistillery/rules/../data/models/MA-test/mul-mul/model3_tiny_student/model.npz and /scratch/project_2011987/OpusDistillery/rules/../data/models/MA-test/mul-mul/model3_tiny_student/model.npz.optimizer.npz
[2025-06-09 15:51:17] Saving model weights and runtime parameters to /scratch/project_2011987/OpusDistillery/rules/../data/models/MA-test/mul-mul/model3_tiny_student/model.npz.best-perplexity.npz
[2025-06-09 15:51:18] [valid] Ep. 6 : Up. 25000 : perplexity : 2.96385 : new best
[2025-06-09 15:54:38] Saving model weights and runtime parameters to /scratch/project_2011987/OpusDistillery/rules/../data/models/MA-test/mul-mul/model3_tiny_student/model.npz.best-chrf.npz
[2025-06-09 15:54:38] [valid] Ep. 6 : Up. 25000 : chrf : 71.982 : new best
[2025-06-09 15:54:57] Saving model weights and runtime parameters to /scratch/project_2011987/OpusDistillery/rules/../data/models/MA-test/mul-mul/model3_tiny_student/model.npz.best-ce-mean-words.npz
[2025-06-09 15:54:58] [valid] Ep. 6 : Up. 25000 : ce-mean-words : 1.08649 : new best
[2025-06-09 16:03:15] Ep. 6 : Up. 26000 : Sen. 10,235,098 : Cost 0.38426900 : Time 738.51s : 168543.80 words/s : gNorm 0.3860 : L.r. 3.0000e-04
[2025-06-09 16:11:29] Ep. 6 : Up. 27000 : Sen. 16,532,240 : Cost 0.37544042 : Time 493.08s : 252567.13 words/s : gNorm 0.3684 : L.r. 3.0000e-04
[2025-06-09 16:19:38] Ep. 6 : Up. 28000 : Sen. 22,852,658 : Cost 0.37206063 : Time 489.54s : 252609.75 words/s : gNorm 0.3999 : L.r. 3.0000e-04
[2025-06-09 16:27:53] Ep. 6 : Up. 29000 : Sen. 29,145,293 : Cost 0.36577979 : Time 494.46s : 251859.73 words/s : gNorm 0.3651 : L.r. 3.0000e-04
[2025-06-09 16:29:48] Seen 30,682,259 samples
[2025-06-09 16:29:48] Starting data epoch 7 in logical epoch 7
[2025-06-09 16:29:48] [data] Shuffling data
[2025-06-09 16:29:51] [data] Done shuffling 30,682,309 sentences (cached in RAM)
[2025-06-09 16:36:14] Ep. 7 : Up. 30000 : Sen. 4,726,616 : Cost 0.35402638 : Time 501.06s : 246292.96 words/s : gNorm 0.3326 : L.r. 3.0000e-04
[2025-06-09 16:36:14] Saving model weights and runtime parameters to /scratch/project_2011987/OpusDistillery/rules/../data/models/MA-test/mul-mul/model3_tiny_student/model.npz
[2025-06-09 16:36:16] Saving Adam parameters
[2025-06-09 16:36:16] [training] Saving training checkpoint to /scratch/project_2011987/OpusDistillery/rules/../data/models/MA-test/mul-mul/model3_tiny_student/model.npz and /scratch/project_2011987/OpusDistillery/rules/../data/models/MA-test/mul-mul/model3_tiny_student/model.npz.optimizer.npz
[2025-06-09 16:36:40] Saving model weights and runtime parameters to /scratch/project_2011987/OpusDistillery/rules/../data/models/MA-test/mul-mul/model3_tiny_student/model.npz.best-perplexity.npz
[2025-06-09 16:36:40] [valid] Ep. 7 : Up. 30000 : perplexity : 2.833 : new best
[2025-06-09 16:40:06] Saving model weights and runtime parameters to /scratch/project_2011987/OpusDistillery/rules/../data/models/MA-test/mul-mul/model3_tiny_student/model.npz.best-chrf.npz
[2025-06-09 16:40:06] [valid] Ep. 7 : Up. 30000 : chrf : 72.5637 : new best
[2025-06-09 16:40:25] Saving model weights and runtime parameters to /scratch/project_2011987/OpusDistillery/rules/../data/models/MA-test/mul-mul/model3_tiny_student/model.npz.best-ce-mean-words.npz
[2025-06-09 16:40:25] [valid] Ep. 7 : Up. 30000 : ce-mean-words : 1.04134 : new best
[2025-06-09 16:48:39] Ep. 7 : Up. 31000 : Sen. 11,055,563 : Cost 0.34967700 : Time 745.68s : 166214.26 words/s : gNorm 0.3233 : L.r. 3.0000e-04
[2025-06-09 16:56:52] Ep. 7 : Up. 32000 : Sen. 17,305,445 : Cost 0.34669179 : Time 493.05s : 252010.66 words/s : gNorm 0.3124 : L.r. 3.0000e-04
[2025-06-09 17:05:03] Ep. 7 : Up. 33000 : Sen. 23,639,765 : Cost 0.34165403 : Time 490.26s : 252849.81 words/s : gNorm 0.3459 : L.r. 2.9542e-04
[2025-06-09 17:13:13] Ep. 7 : Up. 34000 : Sen. 29,960,544 : Cost 0.33951911 : Time 490.16s : 252685.82 words/s : gNorm 0.3394 : L.r. 2.9104e-04
[2025-06-09 17:14:10] Seen 30,682,259 samples
[2025-06-09 17:14:10] Starting data epoch 8 in logical epoch 8
[2025-06-09 17:14:10] [data] Shuffling data
[2025-06-09 17:14:13] [data] Done shuffling 30,682,309 sentences (cached in RAM)
[2025-06-09 17:21:36] Ep. 8 : Up. 35000 : Sen. 5,555,900 : Cost 0.32841712 : Time 503.71s : 244623.56 words/s : gNorm 0.3340 : L.r. 2.8685e-04
[2025-06-09 17:21:36] Saving model weights and runtime parameters to /scratch/project_2011987/OpusDistillery/rules/../data/models/MA-test/mul-mul/model3_tiny_student/model.npz
[2025-06-09 17:21:37] Saving Adam parameters
[2025-06-09 17:21:37] [training] Saving training checkpoint to /scratch/project_2011987/OpusDistillery/rules/../data/models/MA-test/mul-mul/model3_tiny_student/model.npz and /scratch/project_2011987/OpusDistillery/rules/../data/models/MA-test/mul-mul/model3_tiny_student/model.npz.optimizer.npz
[2025-06-09 17:21:58] Saving model weights and runtime parameters to /scratch/project_2011987/OpusDistillery/rules/../data/models/MA-test/mul-mul/model3_tiny_student/model.npz.best-perplexity.npz
[2025-06-09 17:21:58] [valid] Ep. 8 : Up. 35000 : perplexity : 2.82887 : new best
[2025-06-09 17:25:21] [valid] Ep. 8 : Up. 35000 : chrf : 72.4352 : stalled 1 times (last best: 72.5637)
[2025-06-09 17:25:40] Saving model weights and runtime parameters to /scratch/project_2011987/OpusDistillery/rules/../data/models/MA-test/mul-mul/model3_tiny_student/model.npz.best-ce-mean-words.npz
[2025-06-09 17:25:41] [valid] Ep. 8 : Up. 35000 : ce-mean-words : 1.03988 : new best
[2025-06-09 17:33:54] Ep. 8 : Up. 36000 : Sen. 11,846,888 : Cost 0.32581913 : Time 737.37s : 168328.58 words/s : gNorm 0.3021 : L.r. 2.8284e-04
[2025-06-09 17:42:09] Ep. 8 : Up. 37000 : Sen. 18,108,917 : Cost 0.32397768 : Time 494.75s : 251370.15 words/s : gNorm 0.3263 : L.r. 2.7899e-04
[2025-06-09 17:50:20] Ep. 8 : Up. 38000 : Sen. 24,454,225 : Cost 0.32284543 : Time 491.92s : 252568.66 words/s : gNorm 0.3106 : L.r. 2.7530e-04
[2025-06-09 17:58:31] Seen 30,682,259 samples
[2025-06-09 17:58:31] Starting data epoch 9 in logical epoch 9
[2025-06-09 17:58:31] [data] Shuffling data
[2025-06-09 17:58:34] [data] Done shuffling 30,682,309 sentences (cached in RAM)
[2025-06-09 17:58:47] Ep. 9 : Up. 39000 : Sen. 28,095 : Cost 0.31838599 : Time 506.89s : 243671.76 words/s : gNorm 0.3514 : L.r. 2.7175e-04
[2025-06-09 18:07:01] Ep. 9 : Up. 40000 : Sen. 6,348,486 : Cost 0.30922332 : Time 493.85s : 251328.11 words/s : gNorm 0.2985 : L.r. 2.6833e-04
[2025-06-09 18:07:01] Saving model weights and runtime parameters to /scratch/project_2011987/OpusDistillery/rules/../data/models/MA-test/mul-mul/model3_tiny_student/model.npz
[2025-06-09 18:07:02] Saving Adam parameters
[2025-06-09 18:07:02] [training] Saving training checkpoint to /scratch/project_2011987/OpusDistillery/rules/../data/models/MA-test/mul-mul/model3_tiny_student/model.npz and /scratch/project_2011987/OpusDistillery/rules/../data/models/MA-test/mul-mul/model3_tiny_student/model.npz.optimizer.npz
[2025-06-09 18:07:24] Saving model weights and runtime parameters to /scratch/project_2011987/OpusDistillery/rules/../data/models/MA-test/mul-mul/model3_tiny_student/model.npz.best-perplexity.npz
[2025-06-09 18:07:24] [valid] Ep. 9 : Up. 40000 : perplexity : 2.77338 : new best
[2025-06-09 18:10:45] Saving model weights and runtime parameters to /scratch/project_2011987/OpusDistillery/rules/../data/models/MA-test/mul-mul/model3_tiny_student/model.npz.best-chrf.npz
[2025-06-09 18:10:45] [valid] Ep. 9 : Up. 40000 : chrf : 72.713 : new best
[2025-06-09 18:11:04] Saving model weights and runtime parameters to /scratch/project_2011987/OpusDistillery/rules/../data/models/MA-test/mul-mul/model3_tiny_student/model.npz.best-ce-mean-words.npz
[2025-06-09 18:11:04] [valid] Ep. 9 : Up. 40000 : ce-mean-words : 1.02007 : new best
[2025-06-09 18:19:17] Ep. 9 : Up. 41000 : Sen. 12,608,606 : Cost 0.30905423 : Time 735.74s : 169443.55 words/s : gNorm 0.3217 : L.r. 2.6504e-04
[2025-06-09 18:27:27] Ep. 9 : Up. 42000 : Sen. 18,930,751 : Cost 0.30934051 : Time 490.10s : 252260.55 words/s : gNorm 0.3054 : L.r. 2.6186e-04
[2025-06-09 18:35:41] Ep. 9 : Up. 43000 : Sen. 25,257,912 : Cost 0.30669090 : Time 493.91s : 251173.13 words/s : gNorm 0.2915 : L.r. 2.5880e-04
[2025-06-09 18:42:41] Seen 30,682,259 samples
[2025-06-09 18:42:41] Starting data epoch 10 in logical epoch 10
[2025-06-09 18:42:41] [data] Shuffling data
[2025-06-09 18:42:44] [data] Done shuffling 30,682,309 sentences (cached in RAM)
[2025-06-09 18:44:00] Ep. 10 : Up. 44000 : Sen. 824,967 : Cost 0.30418742 : Time 498.80s : 247187.10 words/s : gNorm 0.3189 : L.r. 2.5584e-04
[2025-06-09 18:52:15] Ep. 10 : Up. 45000 : Sen. 7,113,719 : Cost 0.29785544 : Time 495.62s : 250985.83 words/s : gNorm 0.3028 : L.r. 2.5298e-04
[2025-06-09 18:52:15] Saving model weights and runtime parameters to /scratch/project_2011987/OpusDistillery/rules/../data/models/MA-test/mul-mul/model3_tiny_student/model.npz
[2025-06-09 18:52:16] Saving Adam parameters
[2025-06-09 18:52:16] [training] Saving training checkpoint to /scratch/project_2011987/OpusDistillery/rules/../data/models/MA-test/mul-mul/model3_tiny_student/model.npz and /scratch/project_2011987/OpusDistillery/rules/../data/models/MA-test/mul-mul/model3_tiny_student/model.npz.optimizer.npz
[2025-06-09 18:52:35] Saving model weights and runtime parameters to /scratch/project_2011987/OpusDistillery/rules/../data/models/MA-test/mul-mul/model3_tiny_student/model.npz.best-perplexity.npz
[2025-06-09 18:52:36] [valid] Ep. 10 : Up. 45000 : perplexity : 2.75333 : new best
[2025-06-09 18:55:53] [valid] Ep. 10 : Up. 45000 : chrf : 72.7065 : stalled 1 times (last best: 72.713)
[2025-06-09 18:56:12] Saving model weights and runtime parameters to /scratch/project_2011987/OpusDistillery/rules/../data/models/MA-test/mul-mul/model3_tiny_student/model.npz.best-ce-mean-words.npz
[2025-06-09 18:56:12] [valid] Ep. 10 : Up. 45000 : ce-mean-words : 1.01281 : new best
[2025-06-09 19:04:23] Ep. 10 : Up. 46000 : Sen. 13,452,038 : Cost 0.29795781 : Time 727.71s : 170682.98 words/s : gNorm 0.2969 : L.r. 2.5022e-04
[2025-06-09 19:12:34] Ep. 10 : Up. 47000 : Sen. 19,702,954 : Cost 0.29666269 : Time 490.91s : 252522.36 words/s : gNorm 0.3204 : L.r. 2.4754e-04
[2025-06-09 19:20:44] Ep. 10 : Up. 48000 : Sen. 25,999,960 : Cost 0.29575163 : Time 489.48s : 252201.74 words/s : gNorm 0.2813 : L.r. 2.4495e-04
[2025-06-09 19:26:47] Seen 30,682,259 samples
[2025-06-09 19:26:47] Starting data epoch 11 in logical epoch 11
[2025-06-09 19:26:47] [data] Shuffling data
[2025-06-09 19:26:50] [data] Done shuffling 30,682,309 sentences (cached in RAM)
[2025-06-09 19:29:04] Ep. 11 : Up. 49000 : Sen. 1,611,570 : Cost 0.29272366 : Time 500.71s : 245885.60 words/s : gNorm 0.2971 : L.r. 2.4244e-04
[2025-06-09 19:37:15] Ep. 11 : Up. 50000 : Sen. 7,868,420 : Cost 0.28897777 : Time 491.14s : 252774.84 words/s : gNorm 0.2747 : L.r. 2.4000e-04
[2025-06-09 19:37:15] Saving model weights and runtime parameters to /scratch/project_2011987/OpusDistillery/rules/../data/models/MA-test/mul-mul/model3_tiny_student/model.npz
[2025-06-09 19:37:16] Saving Adam parameters
[2025-06-09 19:37:16] [training] Saving training checkpoint to /scratch/project_2011987/OpusDistillery/rules/../data/models/MA-test/mul-mul/model3_tiny_student/model.npz and /scratch/project_2011987/OpusDistillery/rules/../data/models/MA-test/mul-mul/model3_tiny_student/model.npz.optimizer.npz
[2025-06-09 19:37:37] [valid] Ep. 11 : Up. 50000 : perplexity : 2.78372 : stalled 1 times (last best: 2.75333)
[2025-06-09 19:41:00] Saving model weights and runtime parameters to /scratch/project_2011987/OpusDistillery/rules/../data/models/MA-test/mul-mul/model3_tiny_student/model.npz.best-chrf.npz
[2025-06-09 19:41:00] [valid] Ep. 11 : Up. 50000 : chrf : 73.0205 : new best
[2025-06-09 19:41:19] [valid] Ep. 11 : Up. 50000 : ce-mean-words : 1.02379 : stalled 1 times (last best: 1.01281)
[2025-06-09 19:49:35] Ep. 11 : Up. 51000 : Sen. 14,231,107 : Cost 0.28784916 : Time 739.69s : 168289.62 words/s : gNorm 0.2975 : L.r. 2.3764e-04
[2025-06-09 19:57:49] Ep. 11 : Up. 52000 : Sen. 20,507,624 : Cost 0.28809565 : Time 493.37s : 251980.01 words/s : gNorm 0.2871 : L.r. 2.3534e-04
[2025-06-09 20:06:01] Ep. 11 : Up. 53000 : Sen. 26,792,265 : Cost 0.28576931 : Time 492.19s : 252033.16 words/s : gNorm 0.2796 : L.r. 2.3311e-04
[2025-06-09 20:11:02] Seen 30,682,259 samples
[2025-06-09 20:11:02] Starting data epoch 12 in logical epoch 12
[2025-06-09 20:11:02] [data] Shuffling data
[2025-06-09 20:11:04] [data] Done shuffling 30,682,309 sentences (cached in RAM)
[2025-06-09 20:14:22] Ep. 12 : Up. 54000 : Sen. 2,344,693 : Cost 0.28398964 : Time 501.02s : 244785.86 words/s : gNorm 0.2816 : L.r. 2.3094e-04
[2025-06-09 20:22:40] Ep. 12 : Up. 55000 : Sen. 8,654,226 : Cost 0.28080183 : Time 497.60s : 249691.34 words/s : gNorm 0.2638 : L.r. 2.2883e-04
[2025-06-09 20:22:40] Saving model weights and runtime parameters to /scratch/project_2011987/OpusDistillery/rules/../data/models/MA-test/mul-mul/model3_tiny_student/model.npz
[2025-06-09 20:22:40] Saving Adam parameters
[2025-06-09 20:22:40] [training] Saving training checkpoint to /scratch/project_2011987/OpusDistillery/rules/../data/models/MA-test/mul-mul/model3_tiny_student/model.npz and /scratch/project_2011987/OpusDistillery/rules/../data/models/MA-test/mul-mul/model3_tiny_student/model.npz.optimizer.npz
[2025-06-09 20:23:01] Saving model weights and runtime parameters to /scratch/project_2011987/OpusDistillery/rules/../data/models/MA-test/mul-mul/model3_tiny_student/model.npz.best-perplexity.npz
[2025-06-09 20:23:01] [valid] Ep. 12 : Up. 55000 : perplexity : 2.73668 : new best
[2025-06-09 20:26:21] [valid] Ep. 12 : Up. 55000 : chrf : 72.868 : stalled 1 times (last best: 73.0205)
[2025-06-09 20:26:40] Saving model weights and runtime parameters to /scratch/project_2011987/OpusDistillery/rules/../data/models/MA-test/mul-mul/model3_tiny_student/model.npz.best-ce-mean-words.npz
[2025-06-09 20:26:40] [valid] Ep. 12 : Up. 55000 : ce-mean-words : 1.00675 : new best
[2025-06-09 20:34:52] Ep. 12 : Up. 56000 : Sen. 14,983,311 : Cost 0.27989107 : Time 732.57s : 169677.96 words/s : gNorm 0.2548 : L.r. 2.2678e-04
[2025-06-09 20:43:06] Ep. 12 : Up. 57000 : Sen. 21,269,107 : Cost 0.28127718 : Time 493.61s : 250986.66 words/s : gNorm 0.2837 : L.r. 2.2478e-04
[2025-06-09 20:51:17] Ep. 12 : Up. 58000 : Sen. 27,600,275 : Cost 0.27842861 : Time 491.54s : 253371.39 words/s : gNorm 0.2573 : L.r. 2.2283e-04
[2025-06-09 20:55:17] Seen 30,682,259 samples
[2025-06-09 20:55:18] Starting data epoch 13 in logical epoch 13
[2025-06-09 20:55:18] [data] Shuffling data
[2025-06-09 20:55:19] [data] Done shuffling 30,682,309 sentences (cached in RAM)
[2025-06-09 20:59:32] Ep. 13 : Up. 59000 : Sen. 3,075,070 : Cost 0.27759090 : Time 495.08s : 245651.29 words/s : gNorm 0.2532 : L.r. 2.2094e-04
[2025-06-09 21:07:44] Ep. 13 : Up. 60000 : Sen. 9,382,707 : Cost 0.27403659 : Time 491.50s : 252620.74 words/s : gNorm 0.2874 : L.r. 2.1909e-04
[2025-06-09 21:07:44] Saving model weights and runtime parameters to /scratch/project_2011987/OpusDistillery/rules/../data/models/MA-test/mul-mul/model3_tiny_student/model.npz
[2025-06-09 21:07:44] Saving Adam parameters
[2025-06-09 21:07:44] [training] Saving training checkpoint to /scratch/project_2011987/OpusDistillery/rules/../data/models/MA-test/mul-mul/model3_tiny_student/model.npz and /scratch/project_2011987/OpusDistillery/rules/../data/models/MA-test/mul-mul/model3_tiny_student/model.npz.optimizer.npz
[2025-06-09 21:08:05] [valid] Ep. 13 : Up. 60000 : perplexity : 2.79644 : stalled 1 times (last best: 2.73668)
[2025-06-09 21:11:28] [valid] Ep. 13 : Up. 60000 : chrf : 72.733 : stalled 2 times (last best: 73.0205)
[2025-06-09 21:11:47] [valid] Ep. 13 : Up. 60000 : ce-mean-words : 1.02835 : stalled 1 times (last best: 1.00675)
[2025-06-09 21:19:56] Ep. 13 : Up. 61000 : Sen. 15,662,358 : Cost 0.27539787 : Time 731.64s : 168787.95 words/s : gNorm 0.2933 : L.r. 2.1729e-04
[2025-06-09 21:28:10] Ep. 13 : Up. 62000 : Sen. 21,982,253 : Cost 0.27535117 : Time 494.08s : 252143.11 words/s : gNorm 0.2888 : L.r. 2.1553e-04
[2025-06-09 21:36:23] Ep. 13 : Up. 63000 : Sen. 28,274,872 : Cost 0.27385649 : Time 493.48s : 250770.78 words/s : gNorm 0.2618 : L.r. 2.1381e-04
[2025-06-09 21:39:29] Seen 30,682,259 samples
[2025-06-09 21:39:29] Starting data epoch 14 in logical epoch 14
[2025-06-09 21:39:29] [data] Shuffling data
[2025-06-09 21:39:31] [data] Done shuffling 30,682,309 sentences (cached in RAM)
[2025-06-09 21:44:47] Ep. 14 : Up. 64000 : Sen. 3,821,217 : Cost 0.27065203 : Time 504.28s : 243547.48 words/s : gNorm 0.2852 : L.r. 2.1213e-04
[2025-06-09 21:53:00] Ep. 14 : Up. 65000 : Sen. 10,067,175 : Cost 0.26863986 : Time 492.64s : 251486.65 words/s : gNorm 0.2387 : L.r. 2.1049e-04
[2025-06-09 21:53:00] Saving model weights and runtime parameters to /scratch/project_2011987/OpusDistillery/rules/../data/models/MA-test/mul-mul/model3_tiny_student/model.npz
[2025-06-09 21:53:01] Saving Adam parameters
[2025-06-09 21:53:01] [training] Saving training checkpoint to /scratch/project_2011987/OpusDistillery/rules/../data/models/MA-test/mul-mul/model3_tiny_student/model.npz and /scratch/project_2011987/OpusDistillery/rules/../data/models/MA-test/mul-mul/model3_tiny_student/model.npz.optimizer.npz
[2025-06-09 21:53:21] Saving model weights and runtime parameters to /scratch/project_2011987/OpusDistillery/rules/../data/models/MA-test/mul-mul/model3_tiny_student/model.npz.best-perplexity.npz
[2025-06-09 21:53:22] [valid] Ep. 14 : Up. 65000 : perplexity : 2.7092 : new best
[2025-06-09 21:56:42] Saving model weights and runtime parameters to /scratch/project_2011987/OpusDistillery/rules/../data/models/MA-test/mul-mul/model3_tiny_student/model.npz.best-chrf.npz
[2025-06-09 21:56:42] [valid] Ep. 14 : Up. 65000 : chrf : 73.0909 : new best
[2025-06-09 21:57:01] Saving model weights and runtime parameters to /scratch/project_2011987/OpusDistillery/rules/../data/models/MA-test/mul-mul/model3_tiny_student/model.npz.best-ce-mean-words.npz
[2025-06-09 21:57:01] [valid] Ep. 14 : Up. 65000 : ce-mean-words : 0.996653 : new best
[2025-06-09 22:05:12] Ep. 14 : Up. 66000 : Sen. 16,405,616 : Cost 0.27038211 : Time 732.02s : 169409.43 words/s : gNorm 0.2844 : L.r. 2.0889e-04
[2025-06-09 22:13:24] Ep. 14 : Up. 67000 : Sen. 22,721,629 : Cost 0.26893136 : Time 491.87s : 252251.94 words/s : gNorm 0.2512 : L.r. 2.0733e-04
[2025-06-09 22:21:34] Ep. 14 : Up. 68000 : Sen. 29,019,328 : Cost 0.26946425 : Time 489.87s : 253308.97 words/s : gNorm 0.2721 : L.r. 2.0580e-04
[2025-06-09 22:23:43] Seen 30,682,259 samples
[2025-06-09 22:23:43] Starting data epoch 15 in logical epoch 15
[2025-06-09 22:23:43] [data] Shuffling data
[2025-06-09 22:23:45] [data] Done shuffling 30,682,309 sentences (cached in RAM)
[2025-06-09 22:29:55] Ep. 15 : Up. 69000 : Sen. 4,551,292 : Cost 0.26484153 : Time 501.52s : 245961.91 words/s : gNorm 0.2606 : L.r. 2.0430e-04
[2025-06-09 22:38:06] Ep. 15 : Up. 70000 : Sen. 10,880,813 : Cost 0.26391619 : Time 490.63s : 252733.45 words/s : gNorm 0.2635 : L.r. 2.0284e-04
[2025-06-09 22:38:06] Saving model weights and runtime parameters to /scratch/project_2011987/OpusDistillery/rules/../data/models/MA-test/mul-mul/model3_tiny_student/model.npz
[2025-06-09 22:38:06] Saving Adam parameters
[2025-06-09 22:38:06] [training] Saving training checkpoint to /scratch/project_2011987/OpusDistillery/rules/../data/models/MA-test/mul-mul/model3_tiny_student/model.npz and /scratch/project_2011987/OpusDistillery/rules/../data/models/MA-test/mul-mul/model3_tiny_student/model.npz.optimizer.npz
[2025-06-09 22:38:27] [valid] Ep. 15 : Up. 70000 : perplexity : 2.7152 : stalled 1 times (last best: 2.7092)
[2025-06-09 22:41:44] [valid] Ep. 15 : Up. 70000 : chrf : 72.8848 : stalled 1 times (last best: 73.0909)
[2025-06-09 22:42:03] [valid] Ep. 15 : Up. 70000 : ce-mean-words : 0.998864 : stalled 1 times (last best: 0.996653)
[2025-06-09 22:50:17] Ep. 15 : Up. 71000 : Sen. 17,180,747 : Cost 0.26639974 : Time 730.85s : 169613.34 words/s : gNorm 0.2725 : L.r. 2.0140e-04
[2025-06-09 22:58:29] Ep. 15 : Up. 72000 : Sen. 23,461,294 : Cost 0.26558426 : Time 491.89s : 253016.88 words/s : gNorm 0.2506 : L.r. 2.0000e-04
[2025-06-09 23:06:38] Ep. 15 : Up. 73000 : Sen. 29,766,390 : Cost 0.26543823 : Time 489.70s : 252704.59 words/s : gNorm 0.2444 : L.r. 1.9863e-04
[2025-06-09 23:07:48] Seen 30,682,259 samples
[2025-06-09 23:07:48] Starting data epoch 16 in logical epoch 16
[2025-06-09 23:07:48] [data] Shuffling data
[2025-06-09 23:07:49] [data] Done shuffling 30,682,309 sentences (cached in RAM)
[2025-06-09 23:14:55] Ep. 16 : Up. 74000 : Sen. 5,301,087 : Cost 0.25983989 : Time 496.98s : 245635.98 words/s : gNorm 0.2743 : L.r. 1.9728e-04
[2025-06-09 23:23:08] Ep. 16 : Up. 75000 : Sen. 11,589,192 : Cost 0.26001203 : Time 492.42s : 252436.50 words/s : gNorm 0.2549 : L.r. 1.9596e-04
[2025-06-09 23:23:08] Saving model weights and runtime parameters to /scratch/project_2011987/OpusDistillery/rules/../data/models/MA-test/mul-mul/model3_tiny_student/model.npz
[2025-06-09 23:23:08] Saving Adam parameters
[2025-06-09 23:23:08] [training] Saving training checkpoint to /scratch/project_2011987/OpusDistillery/rules/../data/models/MA-test/mul-mul/model3_tiny_student/model.npz and /scratch/project_2011987/OpusDistillery/rules/../data/models/MA-test/mul-mul/model3_tiny_student/model.npz.optimizer.npz
[2025-06-09 23:23:28] Saving model weights and runtime parameters to /scratch/project_2011987/OpusDistillery/rules/../data/models/MA-test/mul-mul/model3_tiny_student/model.npz.best-perplexity.npz
[2025-06-09 23:23:28] [valid] Ep. 16 : Up. 75000 : perplexity : 2.65773 : new best
[2025-06-09 23:26:46] [valid] Ep. 16 : Up. 75000 : chrf : 72.9169 : stalled 2 times (last best: 73.0909)
[2025-06-09 23:27:06] Saving model weights and runtime parameters to /scratch/project_2011987/OpusDistillery/rules/../data/models/MA-test/mul-mul/model3_tiny_student/model.npz.best-ce-mean-words.npz
[2025-06-09 23:27:06] [valid] Ep. 16 : Up. 75000 : ce-mean-words : 0.977471 : new best
[2025-06-09 23:35:18] Ep. 16 : Up. 76000 : Sen. 17,930,206 : Cost 0.26078516 : Time 730.42s : 170421.74 words/s : gNorm 0.2468 : L.r. 1.9467e-04
[2025-06-09 23:43:30] Ep. 16 : Up. 77000 : Sen. 24,227,850 : Cost 0.26167771 : Time 491.59s : 251907.47 words/s : gNorm 0.2705 : L.r. 1.9340e-04
[2025-06-09 23:51:35] Ep. 16 : Up. 78000 : Sen. 30,496,858 : Cost 0.26148310 : Time 485.57s : 253986.40 words/s : gNorm 0.2765 : L.r. 1.9215e-04
[2025-06-09 23:51:51] Seen 30,682,259 samples
[2025-06-09 23:51:51] Starting data epoch 17 in logical epoch 17
[2025-06-09 23:51:51] [data] Shuffling data
[2025-06-09 23:51:54] [data] Done shuffling 30,682,309 sentences (cached in RAM)
[2025-06-10 00:00:07] Ep. 17 : Up. 79000 : Sen. 6,088,402 : Cost 0.25569403 : Time 511.46s : 242639.25 words/s : gNorm 0.2481 : L.r. 1.9093e-04
[2025-06-10 00:08:16] Ep. 17 : Up. 80000 : Sen. 12,372,798 : Cost 0.25664875 : Time 489.13s : 252523.87 words/s : gNorm 0.2499 : L.r. 1.8974e-04
[2025-06-10 00:08:16] Saving model weights and runtime parameters to /scratch/project_2011987/OpusDistillery/rules/../data/models/MA-test/mul-mul/model3_tiny_student/model.npz
[2025-06-10 00:08:17] Saving Adam parameters
[2025-06-10 00:08:17] [training] Saving training checkpoint to /scratch/project_2011987/OpusDistillery/rules/../data/models/MA-test/mul-mul/model3_tiny_student/model.npz and /scratch/project_2011987/OpusDistillery/rules/../data/models/MA-test/mul-mul/model3_tiny_student/model.npz.optimizer.npz
[2025-06-10 00:08:37] [valid] Ep. 17 : Up. 80000 : perplexity : 2.69105 : stalled 1 times (last best: 2.65773)
[2025-06-10 00:11:56] [valid] Ep. 17 : Up. 80000 : chrf : 72.8923 : stalled 3 times (last best: 73.0909)
[2025-06-10 00:12:15] [valid] Ep. 17 : Up. 80000 : ce-mean-words : 0.98993 : stalled 1 times (last best: 0.977471)
[2025-06-10 00:20:26] Ep. 17 : Up. 81000 : Sen. 18,668,627 : Cost 0.25784051 : Time 730.29s : 170426.01 words/s : gNorm 0.2346 : L.r. 1.8856e-04
[2025-06-10 00:28:37] Ep. 17 : Up. 82000 : Sen. 24,958,341 : Cost 0.25930318 : Time 490.28s : 252410.85 words/s : gNorm 0.2582 : L.r. 1.8741e-04
[2025-06-10 00:36:01] Seen 30,682,259 samples
[2025-06-10 00:36:01] Starting data epoch 18 in logical epoch 18
[2025-06-10 00:36:01] [data] Shuffling data
[2025-06-10 00:36:04] [data] Done shuffling 30,682,309 sentences (cached in RAM)
[2025-06-10 00:36:57] Ep. 18 : Up. 83000 : Sen. 523,034 : Cost 0.25812912 : Time 500.02s : 244872.77 words/s : gNorm 0.2617 : L.r. 1.8628e-04
[2025-06-10 00:45:08] Ep. 18 : Up. 84000 : Sen. 6,806,260 : Cost 0.25289461 : Time 490.88s : 253381.27 words/s : gNorm 0.2688 : L.r. 1.8516e-04
[2025-06-10 00:53:20] Ep. 18 : Up. 85000 : Sen. 13,073,220 : Cost 0.25378132 : Time 492.11s : 251332.01 words/s : gNorm 0.2360 : L.r. 1.8407e-04
[2025-06-10 00:53:20] Saving model weights and runtime parameters to /scratch/project_2011987/OpusDistillery/rules/../data/models/MA-test/mul-mul/model3_tiny_student/model.npz
[2025-06-10 00:53:20] Saving Adam parameters
[2025-06-10 00:53:20] [training] Saving training checkpoint to /scratch/project_2011987/OpusDistillery/rules/../data/models/MA-test/mul-mul/model3_tiny_student/model.npz and /scratch/project_2011987/OpusDistillery/rules/../data/models/MA-test/mul-mul/model3_tiny_student/model.npz.optimizer.npz
[2025-06-10 00:53:40] [valid] Ep. 18 : Up. 85000 : perplexity : 2.68044 : stalled 2 times (last best: 2.65773)
[2025-06-10 00:56:59] Saving model weights and runtime parameters to /scratch/project_2011987/OpusDistillery/rules/../data/models/MA-test/mul-mul/model3_tiny_student/model.npz.best-chrf.npz
[2025-06-10 00:56:59] [valid] Ep. 18 : Up. 85000 : chrf : 73.2442 : new best
[2025-06-10 00:57:18] [valid] Ep. 18 : Up. 85000 : ce-mean-words : 0.985979 : stalled 2 times (last best: 0.977471)
[2025-06-10 01:05:28] Ep. 18 : Up. 86000 : Sen. 19,389,539 : Cost 0.25517142 : Time 728.41s : 169810.48 words/s : gNorm 0.2516 : L.r. 1.8300e-04
[2025-06-10 01:13:40] Ep. 18 : Up. 87000 : Sen. 25,731,045 : Cost 0.25570112 : Time 491.66s : 252598.80 words/s : gNorm 0.2592 : L.r. 1.8194e-04
[2025-06-10 01:20:07] Seen 30,682,259 samples
[2025-06-10 01:20:07] Starting data epoch 19 in logical epoch 19
[2025-06-10 01:20:07] [data] Shuffling data
[2025-06-10 01:20:10] [data] Done shuffling 30,682,309 sentences (cached in RAM)
[2025-06-10 01:22:03] Ep. 19 : Up. 88000 : Sen. 1,283,532 : Cost 0.25417799 : Time 503.19s : 245114.32 words/s : gNorm 0.2481 : L.r. 1.8091e-04
[2025-06-10 01:30:12] Ep. 19 : Up. 89000 : Sen. 7,517,117 : Cost 0.24986118 : Time 489.04s : 253184.95 words/s : gNorm 0.2393 : L.r. 1.7989e-04
[2025-06-10 01:38:24] Ep. 19 : Up. 90000 : Sen. 13,844,985 : Cost 0.25184831 : Time 491.68s : 252895.93 words/s : gNorm 0.2835 : L.r. 1.7889e-04
[2025-06-10 01:38:24] Saving model weights and runtime parameters to /scratch/project_2011987/OpusDistillery/rules/../data/models/MA-test/mul-mul/model3_tiny_student/model.npz
[2025-06-10 01:38:24] Saving Adam parameters
[2025-06-10 01:38:24] [training] Saving training checkpoint to /scratch/project_2011987/OpusDistillery/rules/../data/models/MA-test/mul-mul/model3_tiny_student/model.npz and /scratch/project_2011987/OpusDistillery/rules/../data/models/MA-test/mul-mul/model3_tiny_student/model.npz.optimizer.npz
[2025-06-10 01:38:44] [valid] Ep. 19 : Up. 90000 : perplexity : 2.69352 : stalled 3 times (last best: 2.65773)
[2025-06-10 01:42:02] [valid] Ep. 19 : Up. 90000 : chrf : 72.8982 : stalled 1 times (last best: 73.2442)
[2025-06-10 01:42:22] [valid] Ep. 19 : Up. 90000 : ce-mean-words : 0.990848 : stalled 3 times (last best: 0.977471)
[2025-06-10 01:50:36] Ep. 19 : Up. 91000 : Sen. 20,184,937 : Cost 0.25257090 : Time 732.54s : 169620.27 words/s : gNorm 0.3315 : L.r. 1.7790e-04
[2025-06-10 01:58:47] Ep. 19 : Up. 92000 : Sen. 26,479,875 : Cost 0.25297856 : Time 490.64s : 252006.69 words/s : gNorm 0.2808 : L.r. 1.7693e-04
[2025-06-10 02:04:19] Seen 30,682,259 samples
[2025-06-10 02:04:19] Starting data epoch 20 in logical epoch 20
[2025-06-10 02:04:19] [data] Shuffling data
[2025-06-10 02:04:21] [data] Done shuffling 30,682,309 sentences (cached in RAM)
[2025-06-10 02:07:12] Ep. 20 : Up. 93000 : Sen. 2,050,574 : Cost 0.25078043 : Time 505.24s : 244668.39 words/s : gNorm 0.2869 : L.r. 1.7598e-04
[2025-06-10 02:15:25] Ep. 20 : Up. 94000 : Sen. 8,374,510 : Cost 0.24804750 : Time 492.43s : 251554.26 words/s : gNorm 0.2556 : L.r. 1.7504e-04
[2025-06-10 02:23:35] Ep. 20 : Up. 95000 : Sen. 14,662,849 : Cost 0.24993211 : Time 490.02s : 252060.12 words/s : gNorm 0.2653 : L.r. 1.7411e-04
[2025-06-10 02:23:35] Saving model weights and runtime parameters to /scratch/project_2011987/OpusDistillery/rules/../data/models/MA-test/mul-mul/model3_tiny_student/model.npz
[2025-06-10 02:23:36] Saving Adam parameters
[2025-06-10 02:23:36] [training] Saving training checkpoint to /scratch/project_2011987/OpusDistillery/rules/../data/models/MA-test/mul-mul/model3_tiny_student/model.npz and /scratch/project_2011987/OpusDistillery/rules/../data/models/MA-test/mul-mul/model3_tiny_student/model.npz.optimizer.npz
[2025-06-10 02:23:57] [valid] Ep. 20 : Up. 95000 : perplexity : 2.73039 : stalled 4 times (last best: 2.65773)
[2025-06-10 02:27:17] [valid] Ep. 20 : Up. 95000 : chrf : 73.1296 : stalled 2 times (last best: 73.2442)
[2025-06-10 02:27:36] [valid] Ep. 20 : Up. 95000 : ce-mean-words : 1.00444 : stalled 4 times (last best: 0.977471)
[2025-06-10 02:35:45] Ep. 20 : Up. 96000 : Sen. 20,913,697 : Cost 0.25025100 : Time 730.74s : 169510.37 words/s : gNorm 0.2621 : L.r. 1.7321e-04
[2025-06-10 02:44:01] Ep. 20 : Up. 97000 : Sen. 27,228,447 : Cost 0.25035277 : Time 495.34s : 250360.82 words/s : gNorm 0.2370 : L.r. 1.7231e-04
[2025-06-10 02:48:28] Seen 30,682,259 samples
[2025-06-10 02:48:28] Starting data epoch 21 in logical epoch 21
[2025-06-10 02:48:28] [data] Shuffling data
[2025-06-10 02:48:30] [data] Done shuffling 30,682,309 sentences (cached in RAM)
[2025-06-10 02:52:19] Ep. 21 : Up. 98000 : Sen. 2,746,678 : Cost 0.24780856 : Time 497.83s : 246887.97 words/s : gNorm 0.2607 : L.r. 1.7143e-04
[2025-06-10 03:00:34] Ep. 21 : Up. 99000 : Sen. 9,098,417 : Cost 0.24544434 : Time 495.06s : 251012.14 words/s : gNorm 0.2421 : L.r. 1.7056e-04
[2025-06-10 03:08:45] Ep. 21 : Up. 100000 : Sen. 15,381,930 : Cost 0.24741320 : Time 491.04s : 252427.02 words/s : gNorm 0.2490 : L.r. 1.6971e-04
[2025-06-10 03:08:45] Saving model weights and runtime parameters to /scratch/project_2011987/OpusDistillery/rules/../data/models/MA-test/mul-mul/model3_tiny_student/model.npz
[2025-06-10 03:08:45] Saving Adam parameters
[2025-06-10 03:08:45] [training] Saving training checkpoint to /scratch/project_2011987/OpusDistillery/rules/../data/models/MA-test/mul-mul/model3_tiny_student/model.npz and /scratch/project_2011987/OpusDistillery/rules/../data/models/MA-test/mul-mul/model3_tiny_student/model.npz.optimizer.npz
[2025-06-10 03:09:06] [valid] Ep. 21 : Up. 100000 : perplexity : 2.75339 : stalled 5 times (last best: 2.65773)
[2025-06-10 03:12:31] [valid] Ep. 21 : Up. 100000 : chrf : 73.1711 : stalled 3 times (last best: 73.2442)
[2025-06-10 03:12:50] [valid] Ep. 21 : Up. 100000 : ce-mean-words : 1.01283 : stalled 5 times (last best: 0.977471)
[2025-06-10 03:12:50] Training finished
[2025-06-10 03:12:50] Saving model weights and runtime parameters to /scratch/project_2011987/OpusDistillery/rules/../data/models/MA-test/mul-mul/model3_tiny_student/model.npz
[2025-06-10 03:12:50] Saving Adam parameters
[2025-06-10 03:12:51] [training] Saving training checkpoint to /scratch/project_2011987/OpusDistillery/rules/../data/models/MA-test/mul-mul/model3_tiny_student/model.npz and /scratch/project_2011987/OpusDistillery/rules/../data/models/MA-test/mul-mul/model3_tiny_student/model.npz.optimizer.npz
