[2025-05-19 16:47:13] [marian] Marian v1.12.31 a6ab8af8 2024-06-27 15:21:08 +0000
[2025-05-19 16:47:13] [marian] Running on r04g01.bullx as process 23 with command line:
[2025-05-19 16:47:13] [marian] /scratch/project_2011987/OpusDistillery/3rd_party/marian-dev/build//marian --model /scratch/project_2011987/OpusDistillery/rules/../data/models/MA-test/mul-mul/model2_student/model.npz -c configs/model/student.yml configs/training/student.train.yml --train-sets /scratch/project_2011987/OpusDistillery/rules/../data/data/MA-test/mul-mul/filtered/corpus.source.gz /scratch/project_2011987/OpusDistillery/rules/../data/data/MA-test/mul-mul/filtered/corpus.target.gz -T /scratch/project_2011987/OpusDistillery/rules/../data/models/MA-test/mul-mul/model2_student/tmp --shuffle-in-ram --vocabs /scratch/project_2011987/OpusDistillery/rules/../data/models/MA-test/mul-mul/vocab/vocab.spm /scratch/project_2011987/OpusDistillery/rules/../data/models/MA-test/mul-mul/vocab/vocab.spm -w 25000 --devices 0 1 --sharding local --sync-sgd --valid-metrics perplexity chrf ce-mean-words --valid-sets /scratch/project_2011987/OpusDistillery/rules/../data/data/MA-test/mul-mul/original/devset.student.source.gz /scratch/project_2011987/OpusDistillery/rules/../data/data/MA-test/mul-mul/original/devset.student.target.gz --valid-translation-output '/scratch/project_2011987/OpusDistillery/rules/../data/models/MA-test/mul-mul/model2_student/valid_outputs/validation-output-after-{U}-updates-{E}-epochs.txt' --quiet-translation --overwrite --keep-best --log /scratch/project_2011987/OpusDistillery/rules/../data/models/MA-test/mul-mul/model2_student/train.log --valid-log /scratch/project_2011987/OpusDistillery/rules/../data/models/MA-test/mul-mul/model2_student/valid.log
[2025-05-19 16:47:14] [config] after: 0e
[2025-05-19 16:47:14] [config] after-batches: 0
[2025-05-19 16:47:14] [config] after-epochs: 0
[2025-05-19 16:47:14] [config] all-caps-every: 0
[2025-05-19 16:47:14] [config] allow-unk: false
[2025-05-19 16:47:14] [config] authors: false
[2025-05-19 16:47:14] [config] beam-size: 1
[2025-05-19 16:47:14] [config] bert-class-symbol: "[CLS]"
[2025-05-19 16:47:14] [config] bert-mask-symbol: "[MASK]"
[2025-05-19 16:47:14] [config] bert-masking-fraction: 0.15
[2025-05-19 16:47:14] [config] bert-sep-symbol: "[SEP]"
[2025-05-19 16:47:14] [config] bert-train-type-embeddings: true
[2025-05-19 16:47:14] [config] bert-type-vocab-size: 2
[2025-05-19 16:47:14] [config] build-info: ""
[2025-05-19 16:47:14] [config] check-gradient-nan: false
[2025-05-19 16:47:14] [config] check-nan: false
[2025-05-19 16:47:14] [config] cite: false
[2025-05-19 16:47:14] [config] clip-norm: 0
[2025-05-19 16:47:14] [config] comet-augment-bad: 0
[2025-05-19 16:47:14] [config] comet-dropout: 0.1
[2025-05-19 16:47:14] [config] comet-final-sigmoid: false
[2025-05-19 16:47:14] [config] comet-mix: false
[2025-05-19 16:47:14] [config] comet-mix-norm: false
[2025-05-19 16:47:14] [config] comet-mix-transformation: softmax
[2025-05-19 16:47:14] [config] comet-mixup: 0
[2025-05-19 16:47:14] [config] comet-mixup-reg: false
[2025-05-19 16:47:14] [config] comet-pool: avg
[2025-05-19 16:47:14] [config] comet-pooler-ffn:
[2025-05-19 16:47:14] [config]   - 2048
[2025-05-19 16:47:14] [config]   - 1024
[2025-05-19 16:47:14] [config] comet-prepend-zero: false
[2025-05-19 16:47:14] [config] comet-stop-grad: false
[2025-05-19 16:47:14] [config] comet-use-separator: false
[2025-05-19 16:47:14] [config] cost-scaling:
[2025-05-19 16:47:14] [config]   []
[2025-05-19 16:47:14] [config] cost-type: ce-mean-words
[2025-05-19 16:47:14] [config] cpu-threads: 0
[2025-05-19 16:47:14] [config] custom-fallbacks:
[2025-05-19 16:47:14] [config]   []
[2025-05-19 16:47:14] [config] data-threads: 8
[2025-05-19 16:47:14] [config] data-weighting: ""
[2025-05-19 16:47:14] [config] data-weighting-type: sentence
[2025-05-19 16:47:14] [config] dec-cell: gru
[2025-05-19 16:47:14] [config] dec-cell-base-depth: 2
[2025-05-19 16:47:14] [config] dec-cell-high-depth: 1
[2025-05-19 16:47:14] [config] dec-depth: 6
[2025-05-19 16:47:14] [config] devices:
[2025-05-19 16:47:14] [config]   - 0
[2025-05-19 16:47:14] [config]   - 1
[2025-05-19 16:47:14] [config] dim-emb: 512
[2025-05-19 16:47:14] [config] dim-rnn: 1024
[2025-05-19 16:47:14] [config] dim-vocabs:
[2025-05-19 16:47:14] [config]   - 0
[2025-05-19 16:47:14] [config]   - 0
[2025-05-19 16:47:14] [config] disp-first: 10
[2025-05-19 16:47:14] [config] disp-freq: 1000
[2025-05-19 16:47:14] [config] disp-label-counts: true
[2025-05-19 16:47:14] [config] dropout-rnn: 0.1
[2025-05-19 16:47:14] [config] dropout-src: 0
[2025-05-19 16:47:14] [config] dropout-trg: 0
[2025-05-19 16:47:14] [config] dump-config: ""
[2025-05-19 16:47:14] [config] dynamic-gradient-scaling:
[2025-05-19 16:47:14] [config]   []
[2025-05-19 16:47:14] [config] early-stopping: 5
[2025-05-19 16:47:14] [config] early-stopping-epsilon:
[2025-05-19 16:47:14] [config]   - 0
[2025-05-19 16:47:14] [config] early-stopping-on: first
[2025-05-19 16:47:14] [config] embedding-fix-src: false
[2025-05-19 16:47:14] [config] embedding-fix-trg: false
[2025-05-19 16:47:14] [config] embedding-normalization: false
[2025-05-19 16:47:14] [config] embedding-vectors:
[2025-05-19 16:47:14] [config]   []
[2025-05-19 16:47:14] [config] enc-cell: gru
[2025-05-19 16:47:14] [config] enc-cell-depth: 1
[2025-05-19 16:47:14] [config] enc-depth: 6
[2025-05-19 16:47:14] [config] enc-type: bidirectional
[2025-05-19 16:47:14] [config] english-title-case-every: 0
[2025-05-19 16:47:14] [config] exponential-smoothing: True
[2025-05-19 16:47:14] [config] exponential-smoothing-replace-freq: 0
[2025-05-19 16:47:14] [config] factor-weight: 1
[2025-05-19 16:47:14] [config] factors-combine: sum
[2025-05-19 16:47:14] [config] factors-dim-emb: 0
[2025-05-19 16:47:14] [config] gradient-checkpointing: false
[2025-05-19 16:47:14] [config] gradient-norm-average-window: 100
[2025-05-19 16:47:14] [config] guided-alignment: none
[2025-05-19 16:47:14] [config] guided-alignment-cost: ce
[2025-05-19 16:47:14] [config] guided-alignment-weight: 0.1
[2025-05-19 16:47:14] [config] ignore-model-config: false
[2025-05-19 16:47:14] [config] input-join-fields: false
[2025-05-19 16:47:14] [config] input-reorder:
[2025-05-19 16:47:14] [config]   []
[2025-05-19 16:47:14] [config] input-types:
[2025-05-19 16:47:14] [config]   []
[2025-05-19 16:47:14] [config] interpolate-env-vars: false
[2025-05-19 16:47:14] [config] keep-best: true
[2025-05-19 16:47:14] [config] label-smoothing: 0
[2025-05-19 16:47:14] [config] layer-normalization: false
[2025-05-19 16:47:14] [config] learn-rate: 0.0003
[2025-05-19 16:47:14] [config] lemma-dependency: ""
[2025-05-19 16:47:14] [config] lemma-dim-emb: 0
[2025-05-19 16:47:14] [config] log: /scratch/project_2011987/OpusDistillery/rules/../data/models/MA-test/mul-mul/model2_student/train.log
[2025-05-19 16:47:14] [config] log-level: info
[2025-05-19 16:47:14] [config] log-time-zone: ""
[2025-05-19 16:47:14] [config] logical-epoch:
[2025-05-19 16:47:14] [config]   - 1e
[2025-05-19 16:47:14] [config]   - 0
[2025-05-19 16:47:14] [config] lr-decay: 0
[2025-05-19 16:47:14] [config] lr-decay-freq: 50000
[2025-05-19 16:47:14] [config] lr-decay-inv-sqrt:
[2025-05-19 16:47:14] [config]   - 32000
[2025-05-19 16:47:14] [config] lr-decay-repeat-warmup: false
[2025-05-19 16:47:14] [config] lr-decay-reset-optimizer: false
[2025-05-19 16:47:14] [config] lr-decay-start:
[2025-05-19 16:47:14] [config]   - 10
[2025-05-19 16:47:14] [config]   - 1
[2025-05-19 16:47:14] [config] lr-decay-strategy: epoch+stalled
[2025-05-19 16:47:14] [config] lr-report: True
[2025-05-19 16:47:14] [config] lr-warmup: 16000
[2025-05-19 16:47:14] [config] lr-warmup-at-reload: false
[2025-05-19 16:47:14] [config] lr-warmup-cycle: false
[2025-05-19 16:47:14] [config] lr-warmup-start-rate: 0
[2025-05-19 16:47:14] [config] max-length: 200
[2025-05-19 16:47:14] [config] max-length-crop: false
[2025-05-19 16:47:14] [config] max-length-factor: 3
[2025-05-19 16:47:14] [config] maxi-batch: 1000
[2025-05-19 16:47:14] [config] maxi-batch-sort: trg
[2025-05-19 16:47:14] [config] mini-batch: 1000
[2025-05-19 16:47:14] [config] mini-batch-fit: True
[2025-05-19 16:47:14] [config] mini-batch-fit-step: 10
[2025-05-19 16:47:14] [config] mini-batch-round-up: true
[2025-05-19 16:47:14] [config] mini-batch-track-lr: false
[2025-05-19 16:47:14] [config] mini-batch-warmup: 0
[2025-05-19 16:47:14] [config] mini-batch-words: 0
[2025-05-19 16:47:14] [config] mini-batch-words-ref: 0
[2025-05-19 16:47:14] [config] model: /scratch/project_2011987/OpusDistillery/rules/../data/models/MA-test/mul-mul/model2_student/model.npz
[2025-05-19 16:47:14] [config] multi-loss-type: sum
[2025-05-19 16:47:14] [config] n-best: false
[2025-05-19 16:47:14] [config] no-nccl: false
[2025-05-19 16:47:14] [config] no-optimizer-reload: false
[2025-05-19 16:47:14] [config] no-reload: false
[2025-05-19 16:47:14] [config] no-restore-corpus: false
[2025-05-19 16:47:14] [config] no-spm-encode: false
[2025-05-19 16:47:14] [config] normalize: 1
[2025-05-19 16:47:14] [config] normalize-gradient: false
[2025-05-19 16:47:14] [config] normalize-gradient-by-ratio: false
[2025-05-19 16:47:14] [config] optimizer: adam
[2025-05-19 16:47:14] [config] optimizer-delay: 2
[2025-05-19 16:47:14] [config] optimizer-params:
[2025-05-19 16:47:14] [config]   - 0.9
[2025-05-19 16:47:14] [config]   - 0.98
[2025-05-19 16:47:14] [config]   - 1e-09
[2025-05-19 16:47:14] [config] output-omit-bias: false
[2025-05-19 16:47:14] [config] overwrite: true
[2025-05-19 16:47:14] [config] overwrite-checkpoint: true
[2025-05-19 16:47:14] [config] precision:
[2025-05-19 16:47:14] [config]   - float32
[2025-05-19 16:47:14] [config]   - float32
[2025-05-19 16:47:14] [config] pretrained-model: ""
[2025-05-19 16:47:14] [config] quantize-biases: false
[2025-05-19 16:47:14] [config] quantize-bits: 0
[2025-05-19 16:47:14] [config] quantize-log-based: false
[2025-05-19 16:47:14] [config] quantize-optimization-steps: 0
[2025-05-19 16:47:14] [config] quiet: false
[2025-05-19 16:47:14] [config] quiet-translation: true
[2025-05-19 16:47:14] [config] quiet-validation: false
[2025-05-19 16:47:14] [config] relative-paths: false
[2025-05-19 16:47:14] [config] right-left: false
[2025-05-19 16:47:14] [config] save-freq: 5000
[2025-05-19 16:47:14] [config] seed: 0
[2025-05-19 16:47:14] [config] sentencepiece-alphas:
[2025-05-19 16:47:14] [config]   []
[2025-05-19 16:47:14] [config] sentencepiece-max-lines: 2000000
[2025-05-19 16:47:14] [config] sentencepiece-options: ""
[2025-05-19 16:47:14] [config] separator-symbol: "[eos]"
[2025-05-19 16:47:14] [config] sharding: local
[2025-05-19 16:47:14] [config] shuffle: data
[2025-05-19 16:47:14] [config] shuffle-in-ram: true
[2025-05-19 16:47:14] [config] sigterm: save-and-exit
[2025-05-19 16:47:14] [config] skip: false
[2025-05-19 16:47:14] [config] sqlite: ""
[2025-05-19 16:47:14] [config] sqlite-drop: false
[2025-05-19 16:47:14] [config] sync-freq: 200u
[2025-05-19 16:47:14] [config] sync-sgd: true
[2025-05-19 16:47:14] [config] tempdir: /scratch/project_2011987/OpusDistillery/rules/../data/models/MA-test/mul-mul/model2_student/tmp
[2025-05-19 16:47:14] [config] throw-on-divergence:
[2025-05-19 16:47:14] [config]   []
[2025-05-19 16:47:14] [config] tied-embeddings: false
[2025-05-19 16:47:14] [config] tied-embeddings-all: true
[2025-05-19 16:47:14] [config] tied-embeddings-src: false
[2025-05-19 16:47:14] [config] train-embedder-rank:
[2025-05-19 16:47:14] [config]   []
[2025-05-19 16:47:14] [config] train-sets:
[2025-05-19 16:47:14] [config]   - /scratch/project_2011987/OpusDistillery/rules/../data/data/MA-test/mul-mul/filtered/corpus.source.gz
[2025-05-19 16:47:14] [config]   - /scratch/project_2011987/OpusDistillery/rules/../data/data/MA-test/mul-mul/filtered/corpus.target.gz
[2025-05-19 16:47:14] [config] transformer-aan-activation: swish
[2025-05-19 16:47:14] [config] transformer-aan-depth: 2
[2025-05-19 16:47:14] [config] transformer-aan-nogate: false
[2025-05-19 16:47:14] [config] transformer-alibi-shift: false
[2025-05-19 16:47:14] [config] transformer-alibi-trainable: false
[2025-05-19 16:47:14] [config] transformer-attention-mask: default
[2025-05-19 16:47:14] [config] transformer-decoder-autoreg: rnn
[2025-05-19 16:47:14] [config] transformer-decoder-dim-ffn: 0
[2025-05-19 16:47:14] [config] transformer-decoder-ffn-depth: 0
[2025-05-19 16:47:14] [config] transformer-depth-scaling: false
[2025-05-19 16:47:14] [config] transformer-dim-aan: 2048
[2025-05-19 16:47:14] [config] transformer-dim-ffn: 2048
[2025-05-19 16:47:14] [config] transformer-disable-position-embeddings: false
[2025-05-19 16:47:14] [config] transformer-dropout: 0
[2025-05-19 16:47:14] [config] transformer-dropout-attention: 0
[2025-05-19 16:47:14] [config] transformer-dropout-ffn: 0
[2025-05-19 16:47:14] [config] transformer-ffn-activation: relu
[2025-05-19 16:47:14] [config] transformer-ffn-depth: 2
[2025-05-19 16:47:14] [config] transformer-guided-alignment-layer: last
[2025-05-19 16:47:14] [config] transformer-heads: 8
[2025-05-19 16:47:14] [config] transformer-no-affine: false
[2025-05-19 16:47:14] [config] transformer-no-bias: false
[2025-05-19 16:47:14] [config] transformer-no-projection: false
[2025-05-19 16:47:14] [config] transformer-pool: false
[2025-05-19 16:47:14] [config] transformer-postprocess: dan
[2025-05-19 16:47:14] [config] transformer-postprocess-emb: d
[2025-05-19 16:47:14] [config] transformer-postprocess-top: ""
[2025-05-19 16:47:14] [config] transformer-preprocess: ""
[2025-05-19 16:47:14] [config] transformer-rnn-projection: false
[2025-05-19 16:47:14] [config] transformer-tied-layers:
[2025-05-19 16:47:14] [config]   []
[2025-05-19 16:47:14] [config] transformer-train-position-embeddings: false
[2025-05-19 16:47:14] [config] tsv: false
[2025-05-19 16:47:14] [config] tsv-fields: 0
[2025-05-19 16:47:14] [config] type: transformer
[2025-05-19 16:47:14] [config] ulr: false
[2025-05-19 16:47:14] [config] ulr-dim-emb: 0
[2025-05-19 16:47:14] [config] ulr-dropout: 0
[2025-05-19 16:47:14] [config] ulr-keys-vectors: ""
[2025-05-19 16:47:14] [config] ulr-query-vectors: ""
[2025-05-19 16:47:14] [config] ulr-softmax-temperature: 1
[2025-05-19 16:47:14] [config] ulr-trainable-transformation: false
[2025-05-19 16:47:14] [config] unlikelihood-loss: false
[2025-05-19 16:47:14] [config] valid-freq: 5000
[2025-05-19 16:47:14] [config] valid-log: /scratch/project_2011987/OpusDistillery/rules/../data/models/MA-test/mul-mul/model2_student/valid.log
[2025-05-19 16:47:14] [config] valid-max-length: 1000
[2025-05-19 16:47:14] [config] valid-metrics:
[2025-05-19 16:47:14] [config]   - perplexity
[2025-05-19 16:47:14] [config]   - chrf
[2025-05-19 16:47:14] [config]   - ce-mean-words
[2025-05-19 16:47:14] [config] valid-mini-batch: 64
[2025-05-19 16:47:14] [config] valid-reset-all: false
[2025-05-19 16:47:14] [config] valid-reset-stalled: false
[2025-05-19 16:47:14] [config] valid-script-args:
[2025-05-19 16:47:14] [config]   []
[2025-05-19 16:47:14] [config] valid-script-path: ""
[2025-05-19 16:47:14] [config] valid-sets:
[2025-05-19 16:47:14] [config]   - /scratch/project_2011987/OpusDistillery/rules/../data/data/MA-test/mul-mul/original/devset.student.source.gz
[2025-05-19 16:47:14] [config]   - /scratch/project_2011987/OpusDistillery/rules/../data/data/MA-test/mul-mul/original/devset.student.target.gz
[2025-05-19 16:47:14] [config] valid-translation-output: /scratch/project_2011987/OpusDistillery/rules/../data/models/MA-test/mul-mul/model2_student/valid_outputs/validation-output-after-{U}-updates-{E}-epochs.txt
[2025-05-19 16:47:14] [config] vocabs:
[2025-05-19 16:47:14] [config]   - /scratch/project_2011987/OpusDistillery/rules/../data/models/MA-test/mul-mul/vocab/vocab.spm
[2025-05-19 16:47:14] [config]   - /scratch/project_2011987/OpusDistillery/rules/../data/models/MA-test/mul-mul/vocab/vocab.spm
[2025-05-19 16:47:14] [config] word-penalty: 0
[2025-05-19 16:47:14] [config] word-scores: false
[2025-05-19 16:47:14] [config] workspace: 25000
[2025-05-19 16:47:14] [config] Model is being created with Marian v1.12.31 a6ab8af8 2024-06-27 15:21:08 +0000
[2025-05-19 16:47:14] Using synchronous SGD
[2025-05-19 16:47:14] [comm] Compiled without MPI support. Running as a single process on r04g01.bullx
[2025-05-19 16:47:14] Synced seed 1747662433
[2025-05-19 16:47:14] [data] Loading SentencePiece vocabulary from file /scratch/project_2011987/OpusDistillery/rules/../data/models/MA-test/mul-mul/vocab/vocab.spm
[2025-05-19 16:47:14] [data] Setting vocabulary size for input 0 to 32,000
[2025-05-19 16:47:14] [data] Loading SentencePiece vocabulary from file /scratch/project_2011987/OpusDistillery/rules/../data/models/MA-test/mul-mul/vocab/vocab.spm
[2025-05-19 16:47:14] [data] Setting vocabulary size for input 1 to 32,000
[2025-05-19 16:47:16] [batching] Collecting statistics for batch fitting with step size 10
[2025-05-19 16:47:27] [memory] Extending reserved space to 25088 MB (device gpu0)
[2025-05-19 16:47:34] [memory] Extending reserved space to 25088 MB (device gpu1)
[2025-05-19 16:47:34] [comm] Using NCCL 2.8.3 for GPU communication
[2025-05-19 16:47:34] [comm] Using global sharding
[2025-05-19 16:47:35] [comm] NCCLCommunicators constructed successfully
[2025-05-19 16:47:35] [training] Using 2 GPUs
[2025-05-19 16:47:38] [logits] Applying loss function for 1 factor(s)
[2025-05-19 16:47:38] [memory] Reserving 242 MB, device gpu0
[2025-05-19 16:48:03] [gpu] 16-bit TensorCores enabled for float32 matrix operations
[2025-05-19 16:48:10] [memory] Reserving 242 MB, device gpu0
[2025-05-19 16:49:26] [batching] Done. Typical MB size is 103,404 target words
[2025-05-19 16:49:26] [memory] Extending reserved space to 25088 MB (device gpu0)
[2025-05-19 16:49:27] [memory] Extending reserved space to 25088 MB (device gpu1)
[2025-05-19 16:49:27] [comm] Using NCCL 2.8.3 for GPU communication
[2025-05-19 16:49:27] [comm] Using global sharding
[2025-05-19 16:49:27] [comm] NCCLCommunicators constructed successfully
[2025-05-19 16:49:27] [training] Using 2 GPUs
[2025-05-19 16:49:27] Training started
[2025-05-19 16:49:27] [data] Shuffling data
[2025-05-19 16:50:02] [data] Done reading 30,682,309 sentences
[2025-05-19 16:50:04] [data] Done shuffling 30,682,309 sentences (cached in RAM)
[2025-05-19 16:50:14] [training] Batches are processed as 1 process(es) x 2 devices/process
[2025-05-19 16:50:14] [memory] Reserving 242 MB, device gpu1
[2025-05-19 16:50:14] [memory] Reserving 242 MB, device gpu0
[2025-05-19 16:50:15] [memory] Reserving 242 MB, device gpu0
[2025-05-19 16:50:15] [memory] Reserving 242 MB, device gpu1
[2025-05-19 16:50:16] Parameter type float32, optimization type float32, casting types false
[2025-05-19 16:50:16] [memory] Reserving 121 MB, device gpu0
[2025-05-19 16:50:16] Allocating memory for general optimizer shards
[2025-05-19 16:50:16] [memory] Reserving 121 MB, device gpu1
[2025-05-19 16:50:16] Allocating memory for Adam-specific shards
[2025-05-19 16:50:16] [memory] Reserving 242 MB, device gpu0
[2025-05-19 16:50:16] [memory] Reserving 242 MB, device gpu1
[2025-05-19 16:50:16] Ep. 1 : Up. 1 : Sen. 1,221 : Cost 11.04916096 : Time 50.60s : 1423.83 words/s : gNorm 8.9596 : L.r. 1.8750e-08
[2025-05-19 16:50:17] Ep. 1 : Up. 2 : Sen. 2,753 : Cost 10.99748898 : Time 0.76s : 70747.88 words/s : gNorm 8.7967 : L.r. 3.7500e-08
[2025-05-19 16:50:18] Ep. 1 : Up. 3 : Sen. 8,457 : Cost 10.95480728 : Time 0.73s : 93322.84 words/s : gNorm 9.2318 : L.r. 5.6250e-08
[2025-05-19 16:50:19] Ep. 1 : Up. 4 : Sen. 14,161 : Cost 10.96662045 : Time 1.41s : 60682.72 words/s : gNorm 8.9959 : L.r. 7.5000e-08
[2025-05-19 16:50:21] Ep. 1 : Up. 5 : Sen. 15,969 : Cost 11.00568008 : Time 1.45s : 53535.68 words/s : gNorm 9.0311 : L.r. 9.3750e-08
[2025-05-19 16:50:22] Ep. 1 : Up. 6 : Sen. 21,673 : Cost 10.98835659 : Time 1.24s : 82629.03 words/s : gNorm 8.8634 : L.r. 1.1250e-07
[2025-05-19 16:50:23] Ep. 1 : Up. 7 : Sen. 24,457 : Cost 10.95968628 : Time 0.95s : 79474.92 words/s : gNorm 8.7236 : L.r. 1.3125e-07
[2025-05-19 16:50:24] Ep. 1 : Up. 8 : Sen. 25,989 : Cost 10.95632935 : Time 0.67s : 61423.82 words/s : gNorm 8.5807 : L.r. 1.5000e-07
[2025-05-19 16:50:24] Ep. 1 : Up. 9 : Sen. 29,745 : Cost 10.91754150 : Time 0.49s : 68783.28 words/s : gNorm 9.5133 : L.r. 1.6875e-07
[2025-05-19 16:50:25] Ep. 1 : Up. 10 : Sen. 32,529 : Cost 10.96222973 : Time 0.90s : 89789.27 words/s : gNorm 9.2847 : L.r. 1.8750e-07
[2025-05-19 17:04:35] Ep. 1 : Up. 1000 : Sen. 3,617,221 : Cost 7.78305149 : Time 849.96s : 82546.59 words/s : gNorm 3.9326 : L.r. 1.8750e-05
[2025-05-19 17:19:12] Ep. 1 : Up. 2000 : Sen. 7,208,524 : Cost 5.69306183 : Time 876.81s : 81306.18 words/s : gNorm 4.2503 : L.r. 3.7500e-05
[2025-05-19 17:33:47] Ep. 1 : Up. 3000 : Sen. 10,785,619 : Cost 4.63861609 : Time 874.36s : 80994.50 words/s : gNorm 4.1253 : L.r. 5.6250e-05
[2025-05-19 17:49:04] Ep. 1 : Up. 4000 : Sen. 14,436,578 : Cost 3.31787038 : Time 917.29s : 77878.12 words/s : gNorm 4.8167 : L.r. 7.5000e-05
[2025-05-19 18:03:43] Ep. 1 : Up. 5000 : Sen. 18,044,292 : Cost 2.12185884 : Time 879.09s : 80627.21 words/s : gNorm 4.1800 : L.r. 9.3750e-05
[2025-05-19 18:03:44] Saving model weights and runtime parameters to /scratch/project_2011987/OpusDistillery/rules/../data/models/MA-test/mul-mul/model2_student/model.npz
[2025-05-19 18:03:47] Saving Adam parameters
[2025-05-19 18:03:49] [training] Saving training checkpoint to /scratch/project_2011987/OpusDistillery/rules/../data/models/MA-test/mul-mul/model2_student/model.npz and /scratch/project_2011987/OpusDistillery/rules/../data/models/MA-test/mul-mul/model2_student/model.npz.optimizer.npz
[2025-05-19 18:04:26] Saving model weights and runtime parameters to /scratch/project_2011987/OpusDistillery/rules/../data/models/MA-test/mul-mul/model2_student/model.npz.best-perplexity.npz
[2025-05-19 18:04:27] [valid] Ep. 1 : Up. 5000 : perplexity : 6.11552 : new best
[2025-05-19 18:04:28] [valid] First sentence's tokens as scored:
[2025-05-19 18:04:28] [valid] Decoding validation set with SentencePieceVocab for scoring
[2025-05-19 18:04:28] [valid]   Hyp: A s s o o n a s T o m o p e n e d t h e b a g , h e k n e w t h a t i t w a s n ' t h i s .
[2025-05-19 18:04:28] [valid]   Ref: A s s o o n a s T o m o p e n e d t h e b a g , h e k n e w i t w a s n ' t h i s .
[2025-05-19 18:04:32] [valid] References contain unknown word, metric scores may be inaccurate
[2025-05-19 18:08:26] Saving model weights and runtime parameters to /scratch/project_2011987/OpusDistillery/rules/../data/models/MA-test/mul-mul/model2_student/model.npz.best-chrf.npz
[2025-05-19 18:08:28] [valid] Ep. 1 : Up. 5000 : chrf : 60.9792 : new best
[2025-05-19 18:09:02] Saving model weights and runtime parameters to /scratch/project_2011987/OpusDistillery/rules/../data/models/MA-test/mul-mul/model2_student/model.npz.best-ce-mean-words.npz
[2025-05-19 18:09:02] [valid] Ep. 1 : Up. 5000 : ce-mean-words : 1.81083 : new best
[2025-05-19 18:23:33] Ep. 1 : Up. 6000 : Sen. 21,641,526 : Cost 1.41316962 : Time 1188.42s : 60056.64 words/s : gNorm 2.3405 : L.r. 1.1250e-04
[2025-05-19 18:37:47] Ep. 1 : Up. 7000 : Sen. 25,267,596 : Cost 1.06763911 : Time 854.15s : 82752.13 words/s : gNorm 1.7632 : L.r. 1.3125e-04
[2025-05-19 18:52:06] Ep. 1 : Up. 8000 : Sen. 28,853,165 : Cost 0.82865667 : Time 859.02s : 82645.98 words/s : gNorm 1.2690 : L.r. 1.5000e-04
[2025-05-19 18:59:16] Seen 30,682,259 samples
[2025-05-19 18:59:16] Starting data epoch 2 in logical epoch 2
[2025-05-19 18:59:16] [data] Shuffling data
[2025-05-19 18:59:19] [data] Done shuffling 30,682,309 sentences (cached in RAM)
[2025-05-19 19:06:31] Ep. 2 : Up. 9000 : Sen. 1,753,358 : Cost 0.69044334 : Time 864.93s : 81567.42 words/s : gNorm 0.9401 : L.r. 1.6875e-04
[2025-05-19 19:21:12] Ep. 2 : Up. 10000 : Sen. 5,384,297 : Cost 0.59780884 : Time 880.64s : 81097.93 words/s : gNorm 0.7575 : L.r. 1.8750e-04
[2025-05-19 19:21:13] Saving model weights and runtime parameters to /scratch/project_2011987/OpusDistillery/rules/../data/models/MA-test/mul-mul/model2_student/model.npz
[2025-05-19 19:21:15] Saving Adam parameters
[2025-05-19 19:21:15] [training] Saving training checkpoint to /scratch/project_2011987/OpusDistillery/rules/../data/models/MA-test/mul-mul/model2_student/model.npz and /scratch/project_2011987/OpusDistillery/rules/../data/models/MA-test/mul-mul/model2_student/model.npz.optimizer.npz
[2025-05-19 19:21:55] Saving model weights and runtime parameters to /scratch/project_2011987/OpusDistillery/rules/../data/models/MA-test/mul-mul/model2_student/model.npz.best-perplexity.npz
[2025-05-19 19:21:56] [valid] Ep. 2 : Up. 10000 : perplexity : 3.26483 : new best
[2025-05-19 19:25:38] Saving model weights and runtime parameters to /scratch/project_2011987/OpusDistillery/rules/../data/models/MA-test/mul-mul/model2_student/model.npz.best-chrf.npz
[2025-05-19 19:25:41] [valid] Ep. 2 : Up. 10000 : chrf : 69.902 : new best
[2025-05-19 19:26:14] Saving model weights and runtime parameters to /scratch/project_2011987/OpusDistillery/rules/../data/models/MA-test/mul-mul/model2_student/model.npz.best-ce-mean-words.npz
[2025-05-19 19:26:15] [valid] Ep. 2 : Up. 10000 : ce-mean-words : 1.18321 : new best
[2025-05-19 19:40:28] Ep. 2 : Up. 11000 : Sen. 8,976,123 : Cost 0.54196668 : Time 1155.58s : 61319.23 words/s : gNorm 0.6223 : L.r. 2.0625e-04
[2025-05-19 19:59:09] Ep. 2 : Up. 12000 : Sen. 12,599,130 : Cost 0.49955305 : Time 1120.72s : 63483.73 words/s : gNorm 0.6328 : L.r. 2.2500e-04
[2025-05-19 20:13:31] Ep. 2 : Up. 13000 : Sen. 16,193,456 : Cost 0.46235108 : Time 861.05s : 82561.96 words/s : gNorm 0.5677 : L.r. 2.4375e-04
[2025-05-19 20:27:57] Ep. 2 : Up. 14000 : Sen. 19,773,430 : Cost 0.43278220 : Time 864.88s : 81743.14 words/s : gNorm 0.4559 : L.r. 2.6250e-04
[2025-05-19 20:42:42] Ep. 2 : Up. 15000 : Sen. 23,412,075 : Cost 0.41463047 : Time 885.13s : 80750.78 words/s : gNorm 0.4337 : L.r. 2.8125e-04
[2025-05-19 20:42:42] Saving model weights and runtime parameters to /scratch/project_2011987/OpusDistillery/rules/../data/models/MA-test/mul-mul/model2_student/model.npz
[2025-05-19 20:42:46] Saving Adam parameters
[2025-05-19 20:42:47] [training] Saving training checkpoint to /scratch/project_2011987/OpusDistillery/rules/../data/models/MA-test/mul-mul/model2_student/model.npz and /scratch/project_2011987/OpusDistillery/rules/../data/models/MA-test/mul-mul/model2_student/model.npz.optimizer.npz
[2025-05-19 20:43:27] Saving model weights and runtime parameters to /scratch/project_2011987/OpusDistillery/rules/../data/models/MA-test/mul-mul/model2_student/model.npz.best-perplexity.npz
[2025-05-19 20:43:27] [valid] Ep. 2 : Up. 15000 : perplexity : 2.94868 : new best
[2025-05-19 20:47:08] Saving model weights and runtime parameters to /scratch/project_2011987/OpusDistillery/rules/../data/models/MA-test/mul-mul/model2_student/model.npz.best-chrf.npz
[2025-05-19 20:47:08] [valid] Ep. 2 : Up. 15000 : chrf : 71.7443 : new best
[2025-05-19 20:47:43] Saving model weights and runtime parameters to /scratch/project_2011987/OpusDistillery/rules/../data/models/MA-test/mul-mul/model2_student/model.npz.best-ce-mean-words.npz
[2025-05-19 20:47:45] [valid] Ep. 2 : Up. 15000 : ce-mean-words : 1.08136 : new best
[2025-05-19 21:02:01] Ep. 2 : Up. 16000 : Sen. 27,040,790 : Cost 0.39869365 : Time 1158.40s : 61435.95 words/s : gNorm 0.3933 : L.r. 3.0000e-04
[2025-05-19 21:16:17] Ep. 2 : Up. 17000 : Sen. 30,619,441 : Cost 0.38094196 : Time 856.56s : 82210.92 words/s : gNorm 0.3812 : L.r. 3.0000e-04
[2025-05-19 21:16:34] Seen 30,682,259 samples
[2025-05-19 21:16:35] Starting data epoch 3 in logical epoch 3
[2025-05-19 21:16:35] [data] Shuffling data
[2025-05-19 21:16:36] [data] Done shuffling 30,682,309 sentences (cached in RAM)
[2025-05-19 21:30:53] Ep. 3 : Up. 18000 : Sen. 3,557,682 : Cost 0.35436177 : Time 875.05s : 81426.61 words/s : gNorm 0.3532 : L.r. 3.0000e-04
[2025-05-19 21:45:16] Ep. 3 : Up. 19000 : Sen. 7,159,803 : Cost 0.34607267 : Time 862.98s : 82072.58 words/s : gNorm 0.3332 : L.r. 3.0000e-04
[2025-05-19 21:59:43] Ep. 3 : Up. 20000 : Sen. 10,763,424 : Cost 0.33632752 : Time 866.60s : 82078.55 words/s : gNorm 0.3088 : L.r. 3.0000e-04
[2025-05-19 21:59:43] Saving model weights and runtime parameters to /scratch/project_2011987/OpusDistillery/rules/../data/models/MA-test/mul-mul/model2_student/model.npz
[2025-05-19 21:59:45] Saving Adam parameters
[2025-05-19 21:59:46] [training] Saving training checkpoint to /scratch/project_2011987/OpusDistillery/rules/../data/models/MA-test/mul-mul/model2_student/model.npz and /scratch/project_2011987/OpusDistillery/rules/../data/models/MA-test/mul-mul/model2_student/model.npz.optimizer.npz
[2025-05-19 22:00:23] Saving model weights and runtime parameters to /scratch/project_2011987/OpusDistillery/rules/../data/models/MA-test/mul-mul/model2_student/model.npz.best-perplexity.npz
[2025-05-19 22:00:24] [valid] Ep. 3 : Up. 20000 : perplexity : 2.69836 : new best
[2025-05-19 22:04:11] Saving model weights and runtime parameters to /scratch/project_2011987/OpusDistillery/rules/../data/models/MA-test/mul-mul/model2_student/model.npz.best-chrf.npz
[2025-05-19 22:04:11] [valid] Ep. 3 : Up. 20000 : chrf : 72.2265 : new best
[2025-05-19 22:04:46] Saving model weights and runtime parameters to /scratch/project_2011987/OpusDistillery/rules/../data/models/MA-test/mul-mul/model2_student/model.npz.best-ce-mean-words.npz
[2025-05-19 22:04:46] [valid] Ep. 3 : Up. 20000 : ce-mean-words : 0.992643 : new best
[2025-05-19 22:19:10] Ep. 3 : Up. 21000 : Sen. 14,362,943 : Cost 0.32817766 : Time 1167.26s : 60809.31 words/s : gNorm 0.3099 : L.r. 3.0000e-04
[2025-05-19 22:33:27] Ep. 3 : Up. 22000 : Sen. 17,984,735 : Cost 0.31872520 : Time 856.16s : 83471.13 words/s : gNorm 0.3171 : L.r. 3.0000e-04
[2025-05-19 22:47:53] Ep. 3 : Up. 23000 : Sen. 21,606,238 : Cost 0.31274736 : Time 865.37s : 82065.13 words/s : gNorm 0.3257 : L.r. 3.0000e-04
[2025-05-19 23:02:26] Ep. 3 : Up. 24000 : Sen. 25,212,260 : Cost 0.30834788 : Time 872.69s : 81207.23 words/s : gNorm 0.2992 : L.r. 3.0000e-04
[2025-05-19 23:16:38] Ep. 3 : Up. 25000 : Sen. 28,786,515 : Cost 0.30320016 : Time 852.35s : 83395.74 words/s : gNorm 0.2693 : L.r. 3.0000e-04
[2025-05-19 23:16:38] Saving model weights and runtime parameters to /scratch/project_2011987/OpusDistillery/rules/../data/models/MA-test/mul-mul/model2_student/model.npz
[2025-05-19 23:16:40] Saving Adam parameters
[2025-05-19 23:16:41] [training] Saving training checkpoint to /scratch/project_2011987/OpusDistillery/rules/../data/models/MA-test/mul-mul/model2_student/model.npz and /scratch/project_2011987/OpusDistillery/rules/../data/models/MA-test/mul-mul/model2_student/model.npz.optimizer.npz
[2025-05-19 23:17:19] Saving model weights and runtime parameters to /scratch/project_2011987/OpusDistillery/rules/../data/models/MA-test/mul-mul/model2_student/model.npz.best-perplexity.npz
[2025-05-19 23:17:19] [valid] Ep. 3 : Up. 25000 : perplexity : 2.62126 : new best
[2025-05-19 23:21:19] Saving model weights and runtime parameters to /scratch/project_2011987/OpusDistillery/rules/../data/models/MA-test/mul-mul/model2_student/model.npz.best-chrf.npz
[2025-05-19 23:21:21] [valid] Ep. 3 : Up. 25000 : chrf : 72.7173 : new best
[2025-05-19 23:21:58] Saving model weights and runtime parameters to /scratch/project_2011987/OpusDistillery/rules/../data/models/MA-test/mul-mul/model2_student/model.npz.best-ce-mean-words.npz
[2025-05-19 23:21:59] [valid] Ep. 3 : Up. 25000 : ce-mean-words : 0.963654 : new best
[2025-05-19 23:29:31] Seen 30,682,259 samples
[2025-05-19 23:29:31] Starting data epoch 4 in logical epoch 4
[2025-05-19 23:29:31] [data] Shuffling data
[2025-05-19 23:29:33] [data] Done shuffling 30,682,309 sentences (cached in RAM)
[2025-05-19 23:36:23] Ep. 4 : Up. 26000 : Sen. 1,692,239 : Cost 0.29216477 : Time 1184.71s : 59234.98 words/s : gNorm 0.2661 : L.r. 3.0000e-04
[2025-05-19 23:51:08] Ep. 4 : Up. 27000 : Sen. 5,296,141 : Cost 0.28421044 : Time 884.49s : 80600.72 words/s : gNorm 0.2559 : L.r. 3.0000e-04
[2025-05-20 00:05:23] Ep. 4 : Up. 28000 : Sen. 8,926,472 : Cost 0.28606966 : Time 854.48s : 83177.91 words/s : gNorm 0.2612 : L.r. 3.0000e-04
[2025-05-20 00:19:57] Ep. 4 : Up. 29000 : Sen. 12,539,126 : Cost 0.28181064 : Time 874.03s : 80861.58 words/s : gNorm 0.2552 : L.r. 3.0000e-04
[2025-05-20 00:34:26] Ep. 4 : Up. 30000 : Sen. 16,099,582 : Cost 0.27837786 : Time 868.79s : 81852.42 words/s : gNorm 0.2394 : L.r. 3.0000e-04
[2025-05-20 00:34:26] Saving model weights and runtime parameters to /scratch/project_2011987/OpusDistillery/rules/../data/models/MA-test/mul-mul/model2_student/model.npz
[2025-05-20 00:34:28] Saving Adam parameters
[2025-05-20 00:34:29] [training] Saving training checkpoint to /scratch/project_2011987/OpusDistillery/rules/../data/models/MA-test/mul-mul/model2_student/model.npz and /scratch/project_2011987/OpusDistillery/rules/../data/models/MA-test/mul-mul/model2_student/model.npz.optimizer.npz
[2025-05-20 00:35:06] Saving model weights and runtime parameters to /scratch/project_2011987/OpusDistillery/rules/../data/models/MA-test/mul-mul/model2_student/model.npz.best-perplexity.npz
[2025-05-20 00:35:07] [valid] Ep. 4 : Up. 30000 : perplexity : 2.54246 : new best
[2025-05-20 00:38:49] Saving model weights and runtime parameters to /scratch/project_2011987/OpusDistillery/rules/../data/models/MA-test/mul-mul/model2_student/model.npz.best-chrf.npz
[2025-05-20 00:38:50] [valid] Ep. 4 : Up. 30000 : chrf : 72.8338 : new best
[2025-05-20 00:39:25] Saving model weights and runtime parameters to /scratch/project_2011987/OpusDistillery/rules/../data/models/MA-test/mul-mul/model2_student/model.npz.best-ce-mean-words.npz
[2025-05-20 00:39:26] [valid] Ep. 4 : Up. 30000 : ce-mean-words : 0.933131 : new best
[2025-05-20 00:53:39] Ep. 4 : Up. 31000 : Sen. 19,717,939 : Cost 0.27648392 : Time 1153.41s : 61628.06 words/s : gNorm 0.2342 : L.r. 3.0000e-04
[2025-05-20 01:08:22] Ep. 4 : Up. 32000 : Sen. 23,317,106 : Cost 0.27351907 : Time 882.02s : 80282.93 words/s : gNorm 0.2363 : L.r. 3.0000e-04
[2025-05-20 01:22:28] Ep. 4 : Up. 33000 : Sen. 26,916,980 : Cost 0.27106485 : Time 845.89s : 83786.26 words/s : gNorm 0.2337 : L.r. 2.9542e-04
[2025-05-20 01:36:45] Ep. 4 : Up. 34000 : Sen. 30,493,074 : Cost 0.26936641 : Time 857.47s : 82608.87 words/s : gNorm 0.2158 : L.r. 2.9104e-04
[2025-05-20 01:37:24] Seen 30,682,259 samples
[2025-05-20 01:37:24] Starting data epoch 5 in logical epoch 5
[2025-05-20 01:37:24] [data] Shuffling data
[2025-05-20 01:37:27] [data] Done shuffling 30,682,309 sentences (cached in RAM)
[2025-05-20 01:51:07] Ep. 5 : Up. 35000 : Sen. 3,463,540 : Cost 0.25580132 : Time 861.05s : 82568.03 words/s : gNorm 0.2366 : L.r. 2.8685e-04
[2025-05-20 01:51:07] Saving model weights and runtime parameters to /scratch/project_2011987/OpusDistillery/rules/../data/models/MA-test/mul-mul/model2_student/model.npz
[2025-05-20 01:51:08] Saving Adam parameters
[2025-05-20 01:51:09] [training] Saving training checkpoint to /scratch/project_2011987/OpusDistillery/rules/../data/models/MA-test/mul-mul/model2_student/model.npz and /scratch/project_2011987/OpusDistillery/rules/../data/models/MA-test/mul-mul/model2_student/model.npz.optimizer.npz
[2025-05-20 01:51:46] [valid] Ep. 5 : Up. 35000 : perplexity : 2.55211 : stalled 1 times (last best: 2.54246)
[2025-05-20 01:55:30] Saving model weights and runtime parameters to /scratch/project_2011987/OpusDistillery/rules/../data/models/MA-test/mul-mul/model2_student/model.npz.best-chrf.npz
[2025-05-20 01:55:31] [valid] Ep. 5 : Up. 35000 : chrf : 72.8721 : new best
[2025-05-20 01:56:05] [valid] Ep. 5 : Up. 35000 : ce-mean-words : 0.936919 : stalled 1 times (last best: 0.933131)
[2025-05-20 02:10:33] Ep. 5 : Up. 36000 : Sen. 7,060,177 : Cost 0.25458348 : Time 1166.12s : 60887.56 words/s : gNorm 0.2210 : L.r. 2.8284e-04
[2025-05-20 02:25:04] Ep. 5 : Up. 37000 : Sen. 10,598,023 : Cost 0.25611374 : Time 870.80s : 81607.57 words/s : gNorm 0.2192 : L.r. 2.7899e-04
[2025-05-20 02:39:31] Ep. 5 : Up. 38000 : Sen. 14,246,612 : Cost 0.25282562 : Time 866.12s : 82153.92 words/s : gNorm 0.2028 : L.r. 2.7530e-04
[2025-05-20 02:53:42] Ep. 5 : Up. 39000 : Sen. 17,875,054 : Cost 0.25222337 : Time 851.32s : 83517.61 words/s : gNorm 0.2169 : L.r. 2.7175e-04
[2025-05-20 03:08:09] Ep. 5 : Up. 40000 : Sen. 21,501,514 : Cost 0.25190362 : Time 866.35s : 82259.41 words/s : gNorm 0.2224 : L.r. 2.6833e-04
[2025-05-20 03:08:09] Saving model weights and runtime parameters to /scratch/project_2011987/OpusDistillery/rules/../data/models/MA-test/mul-mul/model2_student/model.npz
[2025-05-20 03:08:11] Saving Adam parameters
[2025-05-20 03:08:12] [training] Saving training checkpoint to /scratch/project_2011987/OpusDistillery/rules/../data/models/MA-test/mul-mul/model2_student/model.npz and /scratch/project_2011987/OpusDistillery/rules/../data/models/MA-test/mul-mul/model2_student/model.npz.optimizer.npz
[2025-05-20 03:08:48] [valid] Ep. 5 : Up. 40000 : perplexity : 2.58514 : stalled 2 times (last best: 2.54246)
[2025-05-20 03:12:37] Saving model weights and runtime parameters to /scratch/project_2011987/OpusDistillery/rules/../data/models/MA-test/mul-mul/model2_student/model.npz.best-chrf.npz
[2025-05-20 03:12:38] [valid] Ep. 5 : Up. 40000 : chrf : 72.9543 : new best
[2025-05-20 03:13:13] [valid] Ep. 5 : Up. 40000 : ce-mean-words : 0.949778 : stalled 2 times (last best: 0.933131)
[2025-05-20 03:27:22] Ep. 5 : Up. 41000 : Sen. 25,089,051 : Cost 0.24973591 : Time 1153.12s : 61654.29 words/s : gNorm 0.1995 : L.r. 2.6504e-04
[2025-05-20 03:41:46] Ep. 5 : Up. 42000 : Sen. 28,727,961 : Cost 0.24898276 : Time 862.61s : 82630.98 words/s : gNorm 0.2115 : L.r. 2.6186e-04
[2025-05-20 03:49:34] Seen 30,682,259 samples
[2025-05-20 03:49:34] Starting data epoch 6 in logical epoch 6
[2025-05-20 03:49:34] [data] Shuffling data
[2025-05-20 03:49:36] [data] Done shuffling 30,682,309 sentences (cached in RAM)
[2025-05-20 03:55:55] Ep. 6 : Up. 43000 : Sen. 1,614,644 : Cost 0.24154419 : Time 849.73s : 81947.95 words/s : gNorm 0.2067 : L.r. 2.5880e-04
[2025-05-20 04:10:26] Ep. 6 : Up. 44000 : Sen. 5,175,336 : Cost 0.23611420 : Time 870.15s : 81774.81 words/s : gNorm 0.1931 : L.r. 2.5584e-04
[2025-05-20 04:24:35] Ep. 6 : Up. 45000 : Sen. 8,783,295 : Cost 0.23703577 : Time 848.57s : 83781.45 words/s : gNorm 0.2382 : L.r. 2.5298e-04
[2025-05-20 04:24:35] Saving model weights and runtime parameters to /scratch/project_2011987/OpusDistillery/rules/../data/models/MA-test/mul-mul/model2_student/model.npz
[2025-05-20 04:24:36] Saving Adam parameters
[2025-05-20 04:24:37] [training] Saving training checkpoint to /scratch/project_2011987/OpusDistillery/rules/../data/models/MA-test/mul-mul/model2_student/model.npz and /scratch/project_2011987/OpusDistillery/rules/../data/models/MA-test/mul-mul/model2_student/model.npz.optimizer.npz
[2025-05-20 04:25:16] [valid] Ep. 6 : Up. 45000 : perplexity : 2.57837 : stalled 3 times (last best: 2.54246)
[2025-05-20 04:29:03] Saving model weights and runtime parameters to /scratch/project_2011987/OpusDistillery/rules/../data/models/MA-test/mul-mul/model2_student/model.npz.best-chrf.npz
[2025-05-20 04:29:05] [valid] Ep. 6 : Up. 45000 : chrf : 73.301 : new best
[2025-05-20 04:29:40] [valid] Ep. 6 : Up. 45000 : ce-mean-words : 0.947157 : stalled 3 times (last best: 0.933131)
[2025-05-20 04:44:01] Ep. 6 : Up. 46000 : Sen. 12,407,047 : Cost 0.23481983 : Time 1166.31s : 60769.22 words/s : gNorm 0.1974 : L.r. 2.5022e-04
[2025-05-20 04:58:17] Ep. 6 : Up. 47000 : Sen. 16,014,416 : Cost 0.23695399 : Time 855.12s : 83254.46 words/s : gNorm 0.2075 : L.r. 2.4754e-04
[2025-05-20 05:12:35] Ep. 6 : Up. 48000 : Sen. 19,607,548 : Cost 0.23568504 : Time 857.96s : 82987.18 words/s : gNorm 0.1991 : L.r. 2.4495e-04
[2025-05-20 05:26:44] Ep. 6 : Up. 49000 : Sen. 23,258,591 : Cost 0.23527676 : Time 849.29s : 83510.80 words/s : gNorm 0.2154 : L.r. 2.4244e-04
[2025-05-20 05:41:10] Ep. 6 : Up. 50000 : Sen. 26,849,359 : Cost 0.23478138 : Time 865.65s : 82356.03 words/s : gNorm 0.1983 : L.r. 2.4000e-04
[2025-05-20 05:41:10] Saving model weights and runtime parameters to /scratch/project_2011987/OpusDistillery/rules/../data/models/MA-test/mul-mul/model2_student/model.npz
[2025-05-20 05:41:11] Saving Adam parameters
[2025-05-20 05:41:12] [training] Saving training checkpoint to /scratch/project_2011987/OpusDistillery/rules/../data/models/MA-test/mul-mul/model2_student/model.npz and /scratch/project_2011987/OpusDistillery/rules/../data/models/MA-test/mul-mul/model2_student/model.npz.optimizer.npz
[2025-05-20 05:41:51] [valid] Ep. 6 : Up. 50000 : perplexity : 2.57613 : stalled 4 times (last best: 2.54246)
[2025-05-20 05:45:34] [valid] Ep. 6 : Up. 50000 : chrf : 73.1429 : stalled 1 times (last best: 73.301)
[2025-05-20 05:46:09] [valid] Ep. 6 : Up. 50000 : ce-mean-words : 0.946288 : stalled 4 times (last best: 0.933131)
[2025-05-20 06:00:29] Ep. 6 : Up. 51000 : Sen. 30,437,523 : Cost 0.23527427 : Time 1158.98s : 60780.50 words/s : gNorm 0.2089 : L.r. 2.3764e-04
[2025-05-20 06:01:29] Seen 30,682,259 samples
[2025-05-20 06:01:29] Starting data epoch 7 in logical epoch 7
[2025-05-20 06:01:29] [data] Shuffling data
[2025-05-20 06:01:32] [data] Done shuffling 30,682,309 sentences (cached in RAM)
[2025-05-20 06:15:01] Ep. 7 : Up. 52000 : Sen. 3,362,393 : Cost 0.22109187 : Time 872.01s : 81390.14 words/s : gNorm 0.1931 : L.r. 2.3534e-04
[2025-05-20 06:29:19] Ep. 7 : Up. 53000 : Sen. 6,957,026 : Cost 0.22240238 : Time 857.28s : 82488.29 words/s : gNorm 0.1971 : L.r. 2.3311e-04
[2025-05-20 06:43:31] Ep. 7 : Up. 54000 : Sen. 10,564,205 : Cost 0.22457200 : Time 851.96s : 83026.89 words/s : gNorm 0.2069 : L.r. 2.3094e-04
[2025-05-20 06:57:58] Ep. 7 : Up. 55000 : Sen. 14,152,256 : Cost 0.22327410 : Time 867.07s : 82569.51 words/s : gNorm 0.2048 : L.r. 2.2883e-04
[2025-05-20 06:57:59] Saving model weights and runtime parameters to /scratch/project_2011987/OpusDistillery/rules/../data/models/MA-test/mul-mul/model2_student/model.npz
[2025-05-20 06:58:01] Saving Adam parameters
[2025-05-20 06:58:01] [training] Saving training checkpoint to /scratch/project_2011987/OpusDistillery/rules/../data/models/MA-test/mul-mul/model2_student/model.npz and /scratch/project_2011987/OpusDistillery/rules/../data/models/MA-test/mul-mul/model2_student/model.npz.optimizer.npz
[2025-05-20 06:58:39] [valid] Ep. 7 : Up. 55000 : perplexity : 2.58382 : stalled 5 times (last best: 2.54246)
[2025-05-20 07:02:25] [valid] Ep. 7 : Up. 55000 : chrf : 73.1577 : stalled 2 times (last best: 73.301)
[2025-05-20 07:03:00] [valid] Ep. 7 : Up. 55000 : ce-mean-words : 0.949268 : stalled 5 times (last best: 0.933131)
[2025-05-20 07:03:01] Training finished
[2025-05-20 07:03:01] Saving model weights and runtime parameters to /scratch/project_2011987/OpusDistillery/rules/../data/models/MA-test/mul-mul/model2_student/model.npz
[2025-05-20 07:03:02] Saving Adam parameters
[2025-05-20 07:03:03] [training] Saving training checkpoint to /scratch/project_2011987/OpusDistillery/rules/../data/models/MA-test/mul-mul/model2_student/model.npz and /scratch/project_2011987/OpusDistillery/rules/../data/models/MA-test/mul-mul/model2_student/model.npz.optimizer.npz
